[ 2018-10-11T11:01:23+08:00 ] 127.0.0.1 /Public/home/bocai/echarts.js.map
INFO: [ app_init ] --START--
INFO: Run Behavior\BuildLiteBehavior [ RunTime:0.000000s ]
INFO: [ app_init ] --END-- [ RunTime:0.001000s ]
ERR: 無法載入模組:Public

[ 2018-10-11T11:11:02+08:00 ] 127.0.0.1 /Public/home/bocai/echarts.js.map
INFO: [ app_init ] --START--
INFO: Run Behavior\BuildLiteBehavior [ RunTime:0.000000s ]
INFO: [ app_init ] --END-- [ RunTime:0.000500s ]
ERR: 無法載入模組:Public

[ 2018-10-11T11:11:19+08:00 ] 127.0.0.1 /Public/home/bocai/echarts.js.map
INFO: [ app_init ] --START--
INFO: Run Behavior\BuildLiteBehavior [ RunTime:0.000000s ]
INFO: [ app_init ] --END-- [ RunTime:0.000500s ]
ERR: 無法載入模組:Public

[ 2018-10-11T11:18:18+08:00 ] 127.0.0.1 /Public/home/bocai/echarts.js.map
INFO: [ app_init ] --START--
INFO: Run Behavior\BuildLiteBehavior [ RunTime:0.000000s ]
INFO: [ app_init ] --END-- [ RunTime:0.000500s ]
ERR: 無法載入模組:Public

[ 2018-10-11T11:18:45+08:00 ] 127.0.0.1 /Public/home/bocai/echarts.js.map
INFO: [ app_init ] --START--
INFO: Run Behavior\BuildLiteBehavior [ RunTime:0.000000s ]
INFO: [ app_init ] --END-- [ RunTime:0.000000s ]
ERR: 無法載入模組:Public

[ 2018-10-11T11:21:11+08:00 ] 127.0.0.1 /Public/home/bocai/echarts.js.map
INFO: [ app_init ] --START--
INFO: Run Behavior\BuildLiteBehavior [ RunTime:0.000500s ]
INFO: [ app_init ] --END-- [ RunTime:0.000500s ]
ERR: 無法載入模組:Public

[ 2018-10-11T11:23:10+08:00 ] 127.0.0.1 /Public/home/bocai/echarts.js.map
INFO: [ app_init ] --START--
INFO: Run Behavior\BuildLiteBehavior [ RunTime:0.000000s ]
INFO: [ app_init ] --END-- [ RunTime:0.000500s ]
ERR: 無法載入模組:Public

[ 2018-10-11T11:23:16+08:00 ] 127.0.0.1 /Public/home/bocai/echarts.js.map
INFO: [ app_init ] --START--
INFO: Run Behavior\BuildLiteBehavior [ RunTime:0.000000s ]
INFO: [ app_init ] --END-- [ RunTime:0.000500s ]
ERR: 無法載入模組:Public

[ 2018-10-11T11:23:28+08:00 ] 127.0.0.1 /Public/home/bocai/echarts.js.map
INFO: [ app_init ] --START--
INFO: Run Behavior\BuildLiteBehavior [ RunTime:0.000000s ]
INFO: [ app_init ] --END-- [ RunTime:0.000500s ]
ERR: 無法載入模組:Public

[ 2018-10-11T11:24:02+08:00 ] 127.0.0.1 /Public/home/bocai/echarts.js.map
INFO: [ app_init ] --START--
INFO: Run Behavior\BuildLiteBehavior [ RunTime:0.000000s ]
INFO: [ app_init ] --END-- [ RunTime:0.000500s ]
ERR: 無法載入模組:Public

[ 2018-10-11T11:25:01+08:00 ] 127.0.0.1 /Public/home/bocai/echarts.js.map
INFO: [ app_init ] --START--
INFO: Run Behavior\BuildLiteBehavior [ RunTime:0.000000s ]
INFO: [ app_init ] --END-- [ RunTime:0.000000s ]
ERR: 無法載入模組:Public

[ 2018-10-11T11:25:16+08:00 ] 127.0.0.1 /Public/home/bocai/echarts.js.map
INFO: [ app_init ] --START--
INFO: Run Behavior\BuildLiteBehavior [ RunTime:0.000000s ]
INFO: [ app_init ] --END-- [ RunTime:0.000500s ]
ERR: 無法載入模組:Public

[ 2018-10-11T11:30:33+08:00 ] 127.0.0.1 /Public/home/bocai/echarts.js.map
INFO: [ app_init ] --START--
INFO: Run Behavior\BuildLiteBehavior [ RunTime:0.000000s ]
INFO: [ app_init ] --END-- [ RunTime:0.000500s ]
ERR: 無法載入模組:Public

[ 2018-10-11T11:32:47+08:00 ] 127.0.0.1 /Public/home/bocai/echarts.js.map
INFO: [ app_init ] --START--
INFO: Run Behavior\BuildLiteBehavior [ RunTime:0.000000s ]
INFO: [ app_init ] --END-- [ RunTime:0.000500s ]
ERR: 無法載入模組:Public

[ 2018-10-11T11:33:38+08:00 ] 127.0.0.1 /Public/home/bocai/echarts.js.map
INFO: [ app_init ] --START--
INFO: Run Behavior\BuildLiteBehavior [ RunTime:0.000000s ]
INFO: [ app_init ] --END-- [ RunTime:0.000500s ]
ERR: 無法載入模組:Public

[ 2018-10-11T11:34:53+08:00 ] 127.0.0.1 /Public/home/bocai/echarts.js.map
INFO: [ app_init ] --START--
INFO: Run Behavior\BuildLiteBehavior [ RunTime:0.000000s ]
INFO: [ app_init ] --END-- [ RunTime:0.000500s ]
ERR: 無法載入模組:Public

[ 2018-10-11T11:37:46+08:00 ] 127.0.0.1 /Public/home/bocai/echarts.js.map
INFO: [ app_init ] --START--
INFO: Run Behavior\BuildLiteBehavior [ RunTime:0.000000s ]
INFO: [ app_init ] --END-- [ RunTime:0.000000s ]
ERR: 無法載入模組:Public

[ 2018-10-11T11:38:53+08:00 ] 127.0.0.1 /Public/home/bocai/echarts.js.map
INFO: [ app_init ] --START--
INFO: Run Behavior\BuildLiteBehavior [ RunTime:0.000000s ]
INFO: [ app_init ] --END-- [ RunTime:0.000500s ]
ERR: 無法載入模組:Public

[ 2018-10-11T11:53:58+08:00 ] 127.0.0.1 /Public/home/bocai/echarts.js.map
INFO: [ app_init ] --START--
INFO: Run Behavior\BuildLiteBehavior [ RunTime:0.000000s ]
INFO: [ app_init ] --END-- [ RunTime:0.000500s ]
ERR: 無法載入模組:Public

[ 2018-10-11T11:56:16+08:00 ] 127.0.0.1 /Public/home/bocai/echarts.js.map
INFO: [ app_init ] --START--
INFO: Run Behavior\BuildLiteBehavior [ RunTime:0.000000s ]
INFO: [ app_init ] --END-- [ RunTime:0.000501s ]
ERR: 無法載入模組:Public

[ 2018-10-11T11:56:30+08:00 ] 127.0.0.1 /Public/home/bocai/echarts.js.map
INFO: [ app_init ] --START--
INFO: Run Behavior\BuildLiteBehavior [ RunTime:0.000000s ]
INFO: [ app_init ] --END-- [ RunTime:0.000000s ]
ERR: 無法載入模組:Public

[ 2018-10-11T11:57:22+08:00 ] 127.0.0.1 /Public/home/bocai/echarts.js.map
INFO: [ app_init ] --START--
INFO: Run Behavior\BuildLiteBehavior [ RunTime:0.000000s ]
INFO: [ app_init ] --END-- [ RunTime:0.000500s ]
ERR: 無法載入模組:Public

[ 2018-10-11T11:57:48+08:00 ] 127.0.0.1 /Public/home/bocai/echarts.js.map
INFO: [ app_init ] --START--
INFO: Run Behavior\BuildLiteBehavior [ RunTime:0.000000s ]
INFO: [ app_init ] --END-- [ RunTime:0.000500s ]
ERR: 無法載入模組:Public

[ 2018-10-11T12:00:43+08:00 ] 127.0.0.1 /Public/home/bocai/echarts.js.map
INFO: [ app_init ] --START--
INFO: Run Behavior\BuildLiteBehavior [ RunTime:0.000000s ]
INFO: [ app_init ] --END-- [ RunTime:0.000500s ]
ERR: 無法載入模組:Public

[ 2018-10-11T12:01:03+08:00 ] 127.0.0.1 /Public/home/bocai/echarts.js.map
INFO: [ app_init ] --START--
INFO: Run Behavior\BuildLiteBehavior [ RunTime:0.000000s ]
INFO: [ app_init ] --END-- [ RunTime:0.000500s ]
ERR: 無法載入模組:Public

