[ 2018-10-06T11:20:48+08:00 ] 127.0.0.1 /favicon.ico
INFO: [ app_init ] --START--
INFO: Run Behavior\BuildLiteBehavior [ RunTime:0.000000s ]
INFO: [ app_init ] --END-- [ RunTime:0.001000s ]
ERR: 無法載入模組:Favicon

[ 2018-10-06T12:15:53+08:00 ] 127.0.0.1 /Public/home/bocai/echarts.js.map
INFO: [ app_init ] --START--
INFO: Run Behavior\BuildLiteBehavior [ RunTime:0.000000s ]
INFO: [ app_init ] --END-- [ RunTime:0.000000s ]
ERR: 無法載入模組:Public

[ 2018-10-06T12:16:09+08:00 ] 127.0.0.1 /Public/home/bocai/echarts.js.map
INFO: [ app_init ] --START--
INFO: Run Behavior\BuildLiteBehavior [ RunTime:0.000000s ]
INFO: [ app_init ] --END-- [ RunTime:0.001000s ]
ERR: 無法載入模組:Public

[ 2018-10-06T12:17:23+08:00 ] 127.0.0.1 /Public/home/bocai/echarts.js.map
INFO: [ app_init ] --START--
INFO: Run Behavior\BuildLiteBehavior [ RunTime:0.000000s ]
INFO: [ app_init ] --END-- [ RunTime:0.001000s ]
ERR: 無法載入模組:Public

[ 2018-10-06T12:17:34+08:00 ] 127.0.0.1 /Public/home/bocai/echarts.js.map
INFO: [ app_init ] --START--
INFO: Run Behavior\BuildLiteBehavior [ RunTime:0.000000s ]
INFO: [ app_init ] --END-- [ RunTime:0.001000s ]
ERR: 無法載入模組:Public

[ 2018-10-06T12:19:36+08:00 ] 127.0.0.1 /Public/home/bocai/echarts.js.map
INFO: [ app_init ] --START--
INFO: Run Behavior\BuildLiteBehavior [ RunTime:0.000000s ]
INFO: [ app_init ] --END-- [ RunTime:0.003000s ]
ERR: 無法載入模組:Public

[ 2018-10-06T12:20:21+08:00 ] 127.0.0.1 /Public/home/bocai/echarts.js.map
INFO: [ app_init ] --START--
INFO: Run Behavior\BuildLiteBehavior [ RunTime:0.000000s ]
INFO: [ app_init ] --END-- [ RunTime:0.000000s ]
ERR: 無法載入模組:Public

[ 2018-10-06T12:22:04+08:00 ] 127.0.0.1 /Public/home/bocai/echarts.js.map
INFO: [ app_init ] --START--
INFO: Run Behavior\BuildLiteBehavior [ RunTime:0.000000s ]
INFO: [ app_init ] --END-- [ RunTime:0.000000s ]
ERR: 無法載入模組:Public

[ 2018-10-06T12:22:14+08:00 ] 127.0.0.1 /Public/home/bocai/echarts.js.map
INFO: [ app_init ] --START--
INFO: Run Behavior\BuildLiteBehavior [ RunTime:0.000000s ]
INFO: [ app_init ] --END-- [ RunTime:0.001000s ]
ERR: 無法載入模組:Public

[ 2018-10-06T12:22:28+08:00 ] 127.0.0.1 /Public/home/bocai/echarts.js.map
INFO: [ app_init ] --START--
INFO: Run Behavior\BuildLiteBehavior [ RunTime:0.000000s ]
INFO: [ app_init ] --END-- [ RunTime:0.000000s ]
ERR: 無法載入模組:Public

[ 2018-10-06T12:23:18+08:00 ] 127.0.0.1 /Public/home/bocai/echarts.js.map
INFO: [ app_init ] --START--
INFO: Run Behavior\BuildLiteBehavior [ RunTime:0.000000s ]
INFO: [ app_init ] --END-- [ RunTime:0.001000s ]
ERR: 無法載入模組:Public

[ 2018-10-06T12:23:47+08:00 ] 127.0.0.1 /Public/home/bocai/echarts.js.map
INFO: [ app_init ] --START--
INFO: Run Behavior\BuildLiteBehavior [ RunTime:0.000000s ]
INFO: [ app_init ] --END-- [ RunTime:0.001000s ]
ERR: 無法載入模組:Public

[ 2018-10-06T12:24:12+08:00 ] 127.0.0.1 /Public/home/bocai/echarts.js.map
INFO: [ app_init ] --START--
INFO: Run Behavior\BuildLiteBehavior [ RunTime:0.000000s ]
INFO: [ app_init ] --END-- [ RunTime:0.000000s ]
ERR: 無法載入模組:Public

[ 2018-10-06T12:24:36+08:00 ] 127.0.0.1 /Public/home/bocai/echarts.js.map
INFO: [ app_init ] --START--
INFO: Run Behavior\BuildLiteBehavior [ RunTime:0.000000s ]
INFO: [ app_init ] --END-- [ RunTime:0.001000s ]
ERR: 無法載入模組:Public

[ 2018-10-06T12:25:43+08:00 ] 127.0.0.1 /Public/home/bocai/echarts.js.map
INFO: [ app_init ] --START--
INFO: Run Behavior\BuildLiteBehavior [ RunTime:0.000000s ]
INFO: [ app_init ] --END-- [ RunTime:0.000000s ]
ERR: 無法載入模組:Public

[ 2018-10-06T12:25:53+08:00 ] 127.0.0.1 /Public/home/bocai/echarts.js.map
INFO: [ app_init ] --START--
INFO: Run Behavior\BuildLiteBehavior [ RunTime:0.000000s ]
INFO: [ app_init ] --END-- [ RunTime:0.003000s ]
ERR: 無法載入模組:Public

[ 2018-10-06T12:28:27+08:00 ] 127.0.0.1 /Public/home/bocai/echarts.js.map
INFO: [ app_init ] --START--
INFO: Run Behavior\BuildLiteBehavior [ RunTime:0.000000s ]
INFO: [ app_init ] --END-- [ RunTime:0.000000s ]
ERR: 無法載入模組:Public

[ 2018-10-06T12:28:40+08:00 ] 127.0.0.1 /Public/home/bocai/echarts.js.map
INFO: [ app_init ] --START--
INFO: Run Behavior\BuildLiteBehavior [ RunTime:0.000000s ]
INFO: [ app_init ] --END-- [ RunTime:0.001000s ]
ERR: 無法載入模組:Public

[ 2018-10-06T12:30:12+08:00 ] 127.0.0.1 /Public/home/bocai/echarts.js.map
INFO: [ app_init ] --START--
INFO: Run Behavior\BuildLiteBehavior [ RunTime:0.000000s ]
INFO: [ app_init ] --END-- [ RunTime:0.001000s ]
ERR: 無法載入模組:Public

[ 2018-10-06T12:30:20+08:00 ] 127.0.0.1 /Public/home/bocai/echarts.js.map
INFO: [ app_init ] --START--
INFO: Run Behavior\BuildLiteBehavior [ RunTime:0.000000s ]
INFO: [ app_init ] --END-- [ RunTime:0.001000s ]
ERR: 無法載入模組:Public

[ 2018-10-06T12:30:28+08:00 ] 127.0.0.1 /Public/home/bocai/echarts.js.map
INFO: [ app_init ] --START--
INFO: Run Behavior\BuildLiteBehavior [ RunTime:0.000000s ]
INFO: [ app_init ] --END-- [ RunTime:0.000000s ]
ERR: 無法載入模組:Public

[ 2018-10-06T12:30:44+08:00 ] 127.0.0.1 /Public/home/bocai/echarts.js.map
INFO: [ app_init ] --START--
INFO: Run Behavior\BuildLiteBehavior [ RunTime:0.000000s ]
INFO: [ app_init ] --END-- [ RunTime:0.000000s ]
ERR: 無法載入模組:Public

[ 2018-10-06T12:31:48+08:00 ] 127.0.0.1 /Public/home/bocai/echarts.js.map
INFO: [ app_init ] --START--
INFO: Run Behavior\BuildLiteBehavior [ RunTime:0.000000s ]
INFO: [ app_init ] --END-- [ RunTime:0.001000s ]
ERR: 無法載入模組:Public

[ 2018-10-06T12:31:56+08:00 ] 127.0.0.1 /Public/home/bocai/echarts.js.map
INFO: [ app_init ] --START--
INFO: Run Behavior\BuildLiteBehavior [ RunTime:0.000000s ]
INFO: [ app_init ] --END-- [ RunTime:0.001000s ]
ERR: 無法載入模組:Public

[ 2018-10-06T12:32:20+08:00 ] 127.0.0.1 /Public/home/bocai/echarts.js.map
INFO: [ app_init ] --START--
INFO: Run Behavior\BuildLiteBehavior [ RunTime:0.000000s ]
INFO: [ app_init ] --END-- [ RunTime:0.001000s ]
ERR: 無法載入模組:Public

[ 2018-10-06T12:32:40+08:00 ] 127.0.0.1 /Public/home/bocai/echarts.js.map
INFO: [ app_init ] --START--
INFO: Run Behavior\BuildLiteBehavior [ RunTime:0.000000s ]
INFO: [ app_init ] --END-- [ RunTime:0.001001s ]
ERR: 無法載入模組:Public

[ 2018-10-06T12:32:58+08:00 ] 127.0.0.1 /Public/home/bocai/echarts.js.map
INFO: [ app_init ] --START--
INFO: Run Behavior\BuildLiteBehavior [ RunTime:0.000000s ]
INFO: [ app_init ] --END-- [ RunTime:0.000000s ]
ERR: 無法載入模組:Public

[ 2018-10-06T12:34:10+08:00 ] 127.0.0.1 /Public/home/bocai/echarts.js.map
INFO: [ app_init ] --START--
INFO: Run Behavior\BuildLiteBehavior [ RunTime:0.000000s ]
INFO: [ app_init ] --END-- [ RunTime:0.001000s ]
ERR: 無法載入模組:Public

[ 2018-10-06T12:34:51+08:00 ] 127.0.0.1 /Public/home/bocai/echarts.js.map
INFO: [ app_init ] --START--
INFO: Run Behavior\BuildLiteBehavior [ RunTime:0.000000s ]
INFO: [ app_init ] --END-- [ RunTime:0.001000s ]
ERR: 無法載入模組:Public

[ 2018-10-06T12:35:11+08:00 ] 127.0.0.1 /Public/home/bocai/echarts.js.map
INFO: [ app_init ] --START--
INFO: Run Behavior\BuildLiteBehavior [ RunTime:0.000000s ]
INFO: [ app_init ] --END-- [ RunTime:0.001000s ]
ERR: 無法載入模組:Public

[ 2018-10-06T12:39:24+08:00 ] 127.0.0.1 /Public/home/bocai/echarts.js.map
INFO: [ app_init ] --START--
INFO: Run Behavior\BuildLiteBehavior [ RunTime:0.000000s ]
INFO: [ app_init ] --END-- [ RunTime:0.000000s ]
ERR: 無法載入模組:Public

[ 2018-10-06T12:39:30+08:00 ] 127.0.0.1 /Public/home/bocai/echarts.js.map
INFO: [ app_init ] --START--
INFO: Run Behavior\BuildLiteBehavior [ RunTime:0.000000s ]
INFO: [ app_init ] --END-- [ RunTime:0.000000s ]
ERR: 無法載入模組:Public

[ 2018-10-06T12:39:37+08:00 ] 127.0.0.1 /Public/home/bocai/echarts.js.map
INFO: [ app_init ] --START--
INFO: Run Behavior\BuildLiteBehavior [ RunTime:0.000000s ]
INFO: [ app_init ] --END-- [ RunTime:0.001000s ]
ERR: 無法載入模組:Public

[ 2018-10-06T12:42:02+08:00 ] 127.0.0.1 /Public/home/bocai/echarts.js.map
INFO: [ app_init ] --START--
INFO: Run Behavior\BuildLiteBehavior [ RunTime:0.000000s ]
INFO: [ app_init ] --END-- [ RunTime:0.001000s ]
ERR: 無法載入模組:Public

[ 2018-10-06T12:42:21+08:00 ] 127.0.0.1 /Public/home/bocai/echarts.js.map
INFO: [ app_init ] --START--
INFO: Run Behavior\BuildLiteBehavior [ RunTime:0.000000s ]
INFO: [ app_init ] --END-- [ RunTime:0.064004s ]
ERR: 無法載入模組:Public

[ 2018-10-06T12:42:25+08:00 ] 127.0.0.1 /Public/home/bocai/echarts.js.map
INFO: [ app_init ] --START--
INFO: Run Behavior\BuildLiteBehavior [ RunTime:0.000000s ]
INFO: [ app_init ] --END-- [ RunTime:0.001000s ]
ERR: 無法載入模組:Public

[ 2018-10-06T12:43:23+08:00 ] 127.0.0.1 /Public/home/bocai/echarts.js.map
INFO: [ app_init ] --START--
INFO: Run Behavior\BuildLiteBehavior [ RunTime:0.000000s ]
INFO: [ app_init ] --END-- [ RunTime:0.000000s ]
ERR: 無法載入模組:Public

[ 2018-10-06T12:45:51+08:00 ] 127.0.0.1 /Public/home/bocai/echarts.js.map
INFO: [ app_init ] --START--
INFO: Run Behavior\BuildLiteBehavior [ RunTime:0.000000s ]
INFO: [ app_init ] --END-- [ RunTime:0.000000s ]
ERR: 無法載入模組:Public

[ 2018-10-06T12:46:31+08:00 ] 127.0.0.1 /Public/home/bocai/echarts.js.map
INFO: [ app_init ] --START--
INFO: Run Behavior\BuildLiteBehavior [ RunTime:0.000000s ]
INFO: [ app_init ] --END-- [ RunTime:0.000000s ]
ERR: 無法載入模組:Public

[ 2018-10-06T12:52:33+08:00 ] 127.0.0.1 /Public/home/bocai/echarts.js.map
INFO: [ app_init ] --START--
INFO: Run Behavior\BuildLiteBehavior [ RunTime:0.000000s ]
INFO: [ app_init ] --END-- [ RunTime:0.019001s ]
ERR: 無法載入模組:Public

[ 2018-10-06T12:54:21+08:00 ] 127.0.0.1 /Public/home/bocai/echarts.js.map
INFO: [ app_init ] --START--
INFO: Run Behavior\BuildLiteBehavior [ RunTime:0.000000s ]
INFO: [ app_init ] --END-- [ RunTime:0.000000s ]
ERR: 無法載入模組:Public

[ 2018-10-06T12:54:34+08:00 ] 127.0.0.1 /Public/home/bocai/echarts.js.map
INFO: [ app_init ] --START--
INFO: Run Behavior\BuildLiteBehavior [ RunTime:0.000000s ]
INFO: [ app_init ] --END-- [ RunTime:0.001000s ]
ERR: 無法載入模組:Public

[ 2018-10-06T13:02:36+08:00 ] 127.0.0.1 /Public/home/bocai/echarts.js.map
INFO: [ app_init ] --START--
INFO: Run Behavior\BuildLiteBehavior [ RunTime:0.000000s ]
INFO: [ app_init ] --END-- [ RunTime:0.001000s ]
ERR: 無法載入模組:Public

[ 2018-10-06T13:03:08+08:00 ] 127.0.0.1 /Public/home/bocai/echarts.js.map
INFO: [ app_init ] --START--
INFO: Run Behavior\BuildLiteBehavior [ RunTime:0.000000s ]
INFO: [ app_init ] --END-- [ RunTime:0.000000s ]
ERR: 無法載入模組:Public

[ 2018-10-06T13:03:17+08:00 ] 127.0.0.1 /Public/home/bocai/echarts.js.map
INFO: [ app_init ] --START--
INFO: Run Behavior\BuildLiteBehavior [ RunTime:0.000000s ]
INFO: [ app_init ] --END-- [ RunTime:0.001000s ]
ERR: 無法載入模組:Public

[ 2018-10-06T13:03:31+08:00 ] 127.0.0.1 /Public/home/bocai/echarts.js.map
INFO: [ app_init ] --START--
INFO: Run Behavior\BuildLiteBehavior [ RunTime:0.000000s ]
INFO: [ app_init ] --END-- [ RunTime:0.000000s ]
ERR: 無法載入模組:Public

[ 2018-10-06T13:06:35+08:00 ] 127.0.0.1 /Public/home/bocai/echarts.js.map
INFO: [ app_init ] --START--
INFO: Run Behavior\BuildLiteBehavior [ RunTime:0.000000s ]
INFO: [ app_init ] --END-- [ RunTime:0.004001s ]
ERR: 無法載入模組:Public

[ 2018-10-06T13:06:48+08:00 ] 127.0.0.1 /Public/home/bocai/echarts.js.map
INFO: [ app_init ] --START--
INFO: Run Behavior\BuildLiteBehavior [ RunTime:0.000000s ]
INFO: [ app_init ] --END-- [ RunTime:0.000000s ]
ERR: 無法載入模組:Public

[ 2018-10-06T13:08:52+08:00 ] 127.0.0.1 /Public/home/bocai/echarts.js.map
INFO: [ app_init ] --START--
INFO: Run Behavior\BuildLiteBehavior [ RunTime:0.000000s ]
INFO: [ app_init ] --END-- [ RunTime:0.001000s ]
ERR: 無法載入模組:Public

[ 2018-10-06T13:10:14+08:00 ] 127.0.0.1 /Public/home/bocai/echarts.js.map
INFO: [ app_init ] --START--
INFO: Run Behavior\BuildLiteBehavior [ RunTime:0.000000s ]
INFO: [ app_init ] --END-- [ RunTime:0.000000s ]
ERR: 無法載入模組:Public

[ 2018-10-06T13:10:48+08:00 ] 127.0.0.1 /Public/home/bocai/echarts.js.map
INFO: [ app_init ] --START--
INFO: Run Behavior\BuildLiteBehavior [ RunTime:0.000000s ]
INFO: [ app_init ] --END-- [ RunTime:0.001000s ]
ERR: 無法載入模組:Public

[ 2018-10-06T13:11:46+08:00 ] 127.0.0.1 /Public/home/bocai/echarts.js.map
INFO: [ app_init ] --START--
INFO: Run Behavior\BuildLiteBehavior [ RunTime:0.000000s ]
INFO: [ app_init ] --END-- [ RunTime:0.001000s ]
ERR: 無法載入模組:Public

[ 2018-10-06T13:12:35+08:00 ] 127.0.0.1 /Public/home/bocai/echarts.js.map
INFO: [ app_init ] --START--
INFO: Run Behavior\BuildLiteBehavior [ RunTime:0.000000s ]
INFO: [ app_init ] --END-- [ RunTime:0.001000s ]
ERR: 無法載入模組:Public

[ 2018-10-06T13:15:10+08:00 ] 127.0.0.1 /Public/home/bocai/echarts.js.map
INFO: [ app_init ] --START--
INFO: Run Behavior\BuildLiteBehavior [ RunTime:0.000000s ]
INFO: [ app_init ] --END-- [ RunTime:0.000000s ]
ERR: 無法載入模組:Public

[ 2018-10-06T13:16:03+08:00 ] 127.0.0.1 /Public/home/bocai/echarts.js.map
INFO: [ app_init ] --START--
INFO: Run Behavior\BuildLiteBehavior [ RunTime:0.000000s ]
INFO: [ app_init ] --END-- [ RunTime:0.002001s ]
ERR: 無法載入模組:Public

[ 2018-10-06T13:20:00+08:00 ] 127.0.0.1 /Public/home/bocai/echarts.js.map
INFO: [ app_init ] --START--
INFO: Run Behavior\BuildLiteBehavior [ RunTime:0.000000s ]
INFO: [ app_init ] --END-- [ RunTime:0.001000s ]
ERR: 無法載入模組:Public

[ 2018-10-06T13:20:37+08:00 ] 127.0.0.1 /Public/home/bocai/echarts.js.map
INFO: [ app_init ] --START--
INFO: Run Behavior\BuildLiteBehavior [ RunTime:0.000000s ]
INFO: [ app_init ] --END-- [ RunTime:0.001000s ]
ERR: 無法載入模組:Public

[ 2018-10-06T13:22:37+08:00 ] 127.0.0.1 /Public/home/bocai/echarts.js.map
INFO: [ app_init ] --START--
INFO: Run Behavior\BuildLiteBehavior [ RunTime:0.000000s ]
INFO: [ app_init ] --END-- [ RunTime:0.001000s ]
ERR: 無法載入模組:Public

[ 2018-10-06T13:22:44+08:00 ] 127.0.0.1 /Public/home/bocai/echarts.js.map
INFO: [ app_init ] --START--
INFO: Run Behavior\BuildLiteBehavior [ RunTime:0.000000s ]
INFO: [ app_init ] --END-- [ RunTime:0.001000s ]
ERR: 無法載入模組:Public

[ 2018-10-06T13:22:56+08:00 ] 127.0.0.1 /Public/home/bocai/echarts.js.map
INFO: [ app_init ] --START--
INFO: Run Behavior\BuildLiteBehavior [ RunTime:0.000000s ]
INFO: [ app_init ] --END-- [ RunTime:0.001000s ]
ERR: 無法載入模組:Public

[ 2018-10-06T13:23:04+08:00 ] 127.0.0.1 /Public/home/bocai/echarts.js.map
INFO: [ app_init ] --START--
INFO: Run Behavior\BuildLiteBehavior [ RunTime:0.000000s ]
INFO: [ app_init ] --END-- [ RunTime:0.001000s ]
ERR: 無法載入模組:Public

[ 2018-10-06T13:23:21+08:00 ] 127.0.0.1 /Public/home/bocai/echarts.js.map
INFO: [ app_init ] --START--
INFO: Run Behavior\BuildLiteBehavior [ RunTime:0.000000s ]
INFO: [ app_init ] --END-- [ RunTime:0.000000s ]
ERR: 無法載入模組:Public

[ 2018-10-06T13:23:50+08:00 ] 127.0.0.1 /Public/home/bocai/echarts.js.map
INFO: [ app_init ] --START--
INFO: Run Behavior\BuildLiteBehavior [ RunTime:0.000000s ]
INFO: [ app_init ] --END-- [ RunTime:0.001000s ]
ERR: 無法載入模組:Public

[ 2018-10-06T13:26:27+08:00 ] 127.0.0.1 /Public/home/bocai/echarts.js.map
INFO: [ app_init ] --START--
INFO: Run Behavior\BuildLiteBehavior [ RunTime:0.000000s ]
INFO: [ app_init ] --END-- [ RunTime:0.000000s ]
ERR: 無法載入模組:Public

[ 2018-10-06T13:26:35+08:00 ] 127.0.0.1 /Public/home/bocai/echarts.js.map
INFO: [ app_init ] --START--
INFO: Run Behavior\BuildLiteBehavior [ RunTime:0.000000s ]
INFO: [ app_init ] --END-- [ RunTime:0.002000s ]
ERR: 無法載入模組:Public

[ 2018-10-06T13:27:41+08:00 ] 127.0.0.1 /Public/home/bocai/echarts.js.map
INFO: [ app_init ] --START--
INFO: Run Behavior\BuildLiteBehavior [ RunTime:0.000000s ]
INFO: [ app_init ] --END-- [ RunTime:0.002000s ]
ERR: 無法載入模組:Public

[ 2018-10-06T13:29:18+08:00 ] 127.0.0.1 /Public/home/bocai/echarts.js.map
INFO: [ app_init ] --START--
INFO: Run Behavior\BuildLiteBehavior [ RunTime:0.000000s ]
INFO: [ app_init ] --END-- [ RunTime:0.000000s ]
ERR: 無法載入模組:Public

[ 2018-10-06T13:29:30+08:00 ] 127.0.0.1 /Public/home/bocai/echarts.js.map
INFO: [ app_init ] --START--
INFO: Run Behavior\BuildLiteBehavior [ RunTime:0.000000s ]
INFO: [ app_init ] --END-- [ RunTime:0.001000s ]
ERR: 無法載入模組:Public

[ 2018-10-06T13:31:08+08:00 ] 127.0.0.1 /Public/home/bocai/echarts.js.map
INFO: [ app_init ] --START--
INFO: Run Behavior\BuildLiteBehavior [ RunTime:0.000000s ]
INFO: [ app_init ] --END-- [ RunTime:0.003000s ]
ERR: 無法載入模組:Public

[ 2018-10-06T13:33:15+08:00 ] 127.0.0.1 /Public/home/bocai/echarts.js.map
INFO: [ app_init ] --START--
INFO: Run Behavior\BuildLiteBehavior [ RunTime:0.000000s ]
INFO: [ app_init ] --END-- [ RunTime:0.000000s ]
ERR: 無法載入模組:Public

[ 2018-10-06T13:35:57+08:00 ] 127.0.0.1 /Public/home/bocai/echarts.js.map
INFO: [ app_init ] --START--
INFO: Run Behavior\BuildLiteBehavior [ RunTime:0.000000s ]
INFO: [ app_init ] --END-- [ RunTime:0.001000s ]
ERR: 無法載入模組:Public

[ 2018-10-06T13:36:58+08:00 ] 127.0.0.1 /Public/home/bocai/echarts.js.map
INFO: [ app_init ] --START--
INFO: Run Behavior\BuildLiteBehavior [ RunTime:0.000000s ]
INFO: [ app_init ] --END-- [ RunTime:0.000000s ]
ERR: 無法載入模組:Public

[ 2018-10-06T13:37:41+08:00 ] 127.0.0.1 /Public/home/bocai/echarts.js.map
INFO: [ app_init ] --START--
INFO: Run Behavior\BuildLiteBehavior [ RunTime:0.000000s ]
INFO: [ app_init ] --END-- [ RunTime:0.000000s ]
ERR: 無法載入模組:Public

[ 2018-10-06T13:37:56+08:00 ] 127.0.0.1 /Public/home/bocai/echarts.js.map
INFO: [ app_init ] --START--
INFO: Run Behavior\BuildLiteBehavior [ RunTime:0.000000s ]
INFO: [ app_init ] --END-- [ RunTime:0.000000s ]
ERR: 無法載入模組:Public

[ 2018-10-06T13:38:06+08:00 ] 127.0.0.1 /Public/home/bocai/echarts.js.map
INFO: [ app_init ] --START--
INFO: Run Behavior\BuildLiteBehavior [ RunTime:0.000000s ]
INFO: [ app_init ] --END-- [ RunTime:0.000000s ]
ERR: 無法載入模組:Public

[ 2018-10-06T13:38:21+08:00 ] 127.0.0.1 /Public/home/bocai/echarts.js.map
INFO: [ app_init ] --START--
INFO: Run Behavior\BuildLiteBehavior [ RunTime:0.000000s ]
INFO: [ app_init ] --END-- [ RunTime:0.001000s ]
ERR: 無法載入模組:Public

[ 2018-10-06T14:09:54+08:00 ] 127.0.0.1 /Public/home/bocai/echarts.js.map
INFO: [ app_init ] --START--
INFO: Run Behavior\BuildLiteBehavior [ RunTime:0.000000s ]
INFO: [ app_init ] --END-- [ RunTime:0.001000s ]
ERR: 無法載入模組:Public

[ 2018-10-06T14:10:07+08:00 ] 127.0.0.1 /Public/home/bocai/echarts.js.map
INFO: [ app_init ] --START--
INFO: Run Behavior\BuildLiteBehavior [ RunTime:0.000000s ]
INFO: [ app_init ] --END-- [ RunTime:0.001000s ]
ERR: 無法載入模組:Public

[ 2018-10-06T14:10:54+08:00 ] 127.0.0.1 /Public/home/bocai/echarts.js.map
INFO: [ app_init ] --START--
INFO: Run Behavior\BuildLiteBehavior [ RunTime:0.000000s ]
INFO: [ app_init ] --END-- [ RunTime:0.000000s ]
ERR: 無法載入模組:Public

[ 2018-10-06T14:11:39+08:00 ] 127.0.0.1 /Public/home/bocai/echarts.js.map
INFO: [ app_init ] --START--
INFO: Run Behavior\BuildLiteBehavior [ RunTime:0.000000s ]
INFO: [ app_init ] --END-- [ RunTime:0.000000s ]
ERR: 無法載入模組:Public

[ 2018-10-06T14:13:06+08:00 ] 127.0.0.1 /Public/home/bocai/echarts.js.map
INFO: [ app_init ] --START--
INFO: Run Behavior\BuildLiteBehavior [ RunTime:0.000000s ]
INFO: [ app_init ] --END-- [ RunTime:0.000000s ]
ERR: 無法載入模組:Public

