[ 2019-03-08T14:03:30+08:00 ] 192.168.0.137 /Public/css/bootstrap.min.css.map
INFO: [ app_init ] --START--
INFO: Run Behavior\BuildLiteBehavior [ RunTime:0.000010s ]
INFO: [ app_init ] --END-- [ RunTime:0.000444s ]
ERR: 無法載入模組:Public

[ 2019-03-08T14:03:51+08:00 ] 192.168.0.137 /Public/css/bootstrap.min.css.map
INFO: [ app_init ] --START--
INFO: Run Behavior\BuildLiteBehavior [ RunTime:0.000006s ]
INFO: [ app_init ] --END-- [ RunTime:0.000263s ]
ERR: 無法載入模組:Public

[ 2019-03-08T16:56:00+08:00 ] 192.168.0.137 /Public/css/bootstrap.min.css.map
INFO: [ app_init ] --START--
INFO: Run Behavior\BuildLiteBehavior [ RunTime:0.000010s ]
INFO: [ app_init ] --END-- [ RunTime:0.000481s ]
ERR: 無法載入模組:Public

[ 2019-03-08T18:33:28+08:00 ] 192.168.0.137 /Public/css/bootstrap.min.css.map
INFO: [ app_init ] --START--
INFO: Run Behavior\BuildLiteBehavior [ RunTime:0.000013s ]
INFO: [ app_init ] --END-- [ RunTime:0.000496s ]
ERR: 無法載入模組:Public

[ 2019-03-08T19:31:45+08:00 ] 192.168.0.137 /Public/plug-in/minirefresh/images/minirefresh-totop.png
INFO: [ app_init ] --START--
INFO: Run Behavior\BuildLiteBehavior [ RunTime:0.000015s ]
INFO: [ app_init ] --END-- [ RunTime:0.000718s ]
ERR: 無法載入模組:Public

[ 2019-03-08T19:33:36+08:00 ] 192.168.0.137 /Public/plug-in/minirefresh/images/minirefresh-totop.png
INFO: [ app_init ] --START--
INFO: Run Behavior\BuildLiteBehavior [ RunTime:0.000008s ]
INFO: [ app_init ] --END-- [ RunTime:0.000286s ]
ERR: 無法載入模組:Public

[ 2019-03-08T19:40:55+08:00 ] 192.168.0.137 /Public/plug-in/minirefresh/images/minirefresh-totop.png
INFO: [ app_init ] --START--
INFO: Run Behavior\BuildLiteBehavior [ RunTime:0.000007s ]
INFO: [ app_init ] --END-- [ RunTime:0.000289s ]
ERR: 無法載入模組:Public

[ 2019-03-08T19:41:22+08:00 ] 192.168.0.137 /Public/plug-in/minirefresh/images/minirefresh-totop.png
INFO: [ app_init ] --START--
INFO: Run Behavior\BuildLiteBehavior [ RunTime:0.000007s ]
INFO: [ app_init ] --END-- [ RunTime:0.000315s ]
ERR: 無法載入模組:Public

