[ 2018-09-14T12:11:55+08:00 ] ::1 /admin
INFO: [ app_init ] --START--
INFO: Run Behavior\BuildLiteBehavior [ RunTime:0.000000s ]
INFO: [ app_init ] --END-- [ RunTime:0.000000s ]
INFO: [ app_begin ] --START--
INFO: Run Behavior\ReadHtmlCacheBehavior [ RunTime:0.001000s ]
INFO: Run Behavior\CheckLangBehavior [ RunTime:0.002000s ]
INFO: [ app_begin ] --END-- [ RunTime:0.003000s ]
INFO: [ view_parse ] --START--
INFO: [ template_filter ] --START--
INFO: Run Behavior\ContentReplaceBehavior [ RunTime:0.000000s ]
INFO: [ template_filter ] --END-- [ RunTime:0.000000s ]
INFO: Run Behavior\ParseTemplateBehavior [ RunTime:0.016001s ]
INFO: [ view_parse ] --END-- [ RunTime:0.017001s ]
INFO: [ view_filter ] --START--
INFO: Run Behavior\WriteHtmlCacheBehavior [ RunTime:0.000000s ]
INFO: [ view_filter ] --END-- [ RunTime:0.000000s ]
INFO: [ app_end ] --START--
INFO: Run Behavior\ShowPageTraceBehavior [ RunTime:0.001000s ]
INFO: [ app_end ] --END-- [ RunTime:0.001000s ]

[ 2018-09-14T12:11:55+08:00 ] ::1 /Admin/Login
INFO: [ app_init ] --START--
INFO: Run Behavior\BuildLiteBehavior [ RunTime:0.000000s ]
INFO: [ app_init ] --END-- [ RunTime:0.001000s ]
INFO: [ app_begin ] --START--
INFO: Run Behavior\ReadHtmlCacheBehavior [ RunTime:0.000000s ]
INFO: Run Behavior\CheckLangBehavior [ RunTime:0.003000s ]
INFO: [ app_begin ] --END-- [ RunTime:0.004000s ]
INFO: [ view_parse ] --START--
INFO: [ template_filter ] --START--
INFO: Run Behavior\ContentReplaceBehavior [ RunTime:0.000000s ]
INFO: [ template_filter ] --END-- [ RunTime:0.000000s ]
NOTIC: [8] Use of undefined constant getAccount - assumed 'getAccount' D:\phpStudy\WWW\btc\pc\Application\Runtime\Cache\Admin\32ec6c906c117a7c2bf504769276d87a.php 第 108 行.
INFO: Run Behavior\ParseTemplateBehavior [ RunTime:0.010001s ]
INFO: [ view_parse ] --END-- [ RunTime:0.010001s ]
INFO: [ view_filter ] --START--
INFO: Run Behavior\WriteHtmlCacheBehavior [ RunTime:0.000000s ]
INFO: [ view_filter ] --END-- [ RunTime:0.000000s ]
INFO: [ app_end ] --START--
INFO: Run Behavior\ShowPageTraceBehavior [ RunTime:0.001000s ]
INFO: [ app_end ] --END-- [ RunTime:0.001000s ]

[ 2018-09-14T12:11:55+08:00 ] ::1 /Admin/Login/verify
INFO: [ app_init ] --START--
INFO: Run Behavior\BuildLiteBehavior [ RunTime:0.000000s ]
INFO: [ app_init ] --END-- [ RunTime:0.001000s ]
INFO: [ app_begin ] --START--
INFO: Run Behavior\ReadHtmlCacheBehavior [ RunTime:0.001000s ]
INFO: Run Behavior\CheckLangBehavior [ RunTime:0.003000s ]
INFO: [ app_begin ] --END-- [ RunTime:0.004000s ]
INFO: [ app_end ] --START--
INFO: Run Behavior\ShowPageTraceBehavior [ RunTime:0.002000s ]
INFO: [ app_end ] --END-- [ RunTime:0.002000s ]

[ 2018-09-14T12:12:01+08:00 ] ::1 /Admin/favicon.ico
INFO: [ app_init ] --START--
INFO: Run Behavior\BuildLiteBehavior [ RunTime:0.000000s ]
INFO: [ app_init ] --END-- [ RunTime:0.000000s ]

[ 2018-09-14T12:12:04+08:00 ] ::1 /Admin/Login/getAccount.html
INFO: [ app_init ] --START--
INFO: Run Behavior\BuildLiteBehavior [ RunTime:0.000000s ]
INFO: [ app_init ] --END-- [ RunTime:0.001000s ]
INFO: [ app_begin ] --START--
INFO: Run Behavior\ReadHtmlCacheBehavior [ RunTime:0.001000s ]
INFO: Run Behavior\CheckLangBehavior [ RunTime:0.003000s ]
INFO: [ app_begin ] --END-- [ RunTime:0.004000s ]
SQL: SHOW COLUMNS FROM `btc_admin` [ RunTime:0.0060s ]
SQL: SELECT COUNT(*) AS tp_count FROM `btc_admin` WHERE `user_name` = 'zyan001' LIMIT 1   [ RunTime:0.0010s ]
SQL: SELECT COUNT(*) AS tp_count FROM `btc_admin` WHERE `user_name` = 'zyan001' AND `pass_word` = '62fa7bbe115476d6b10ecb376839e996' LIMIT 1   [ RunTime:0.0010s ]
NOTIC: [8192] Non-static method StatusCode::code() should not be called statically D:\phpStudy\WWW\btc\pc\Application\Admin\Controller\LoginController.class.php 第 49 行.

[ 2018-09-14T12:12:04+08:00 ] ::1 /Admin/Login/verify?0.6402616105870478
INFO: [ app_init ] --START--
INFO: Run Behavior\BuildLiteBehavior [ RunTime:0.000000s ]
INFO: [ app_init ] --END-- [ RunTime:0.000000s ]
INFO: [ app_begin ] --START--
INFO: Run Behavior\ReadHtmlCacheBehavior [ RunTime:0.001000s ]
INFO: Run Behavior\CheckLangBehavior [ RunTime:0.003001s ]
INFO: [ app_begin ] --END-- [ RunTime:0.004001s ]
INFO: [ app_end ] --START--
INFO: Run Behavior\ShowPageTraceBehavior [ RunTime:0.001000s ]
INFO: [ app_end ] --END-- [ RunTime:0.001000s ]

[ 2018-09-14T12:12:09+08:00 ] ::1 /Admin/Index
INFO: [ app_init ] --START--
INFO: Run Behavior\BuildLiteBehavior [ RunTime:0.000000s ]
INFO: [ app_init ] --END-- [ RunTime:0.001000s ]
INFO: [ app_begin ] --START--
INFO: Run Behavior\ReadHtmlCacheBehavior [ RunTime:0.001001s ]
INFO: Run Behavior\CheckLangBehavior [ RunTime:0.003000s ]
INFO: [ app_begin ] --END-- [ RunTime:0.005001s ]
SQL: SHOW COLUMNS FROM `btc_admin` [ RunTime:0.0020s ]
SQL: SELECT COUNT(*) AS tp_count FROM `btc_admin` WHERE `user_name` = 'zyan001' AND `pass_word` = '62fa7bbe115476d6b10ecb376839e996' LIMIT 1   [ RunTime:0.0010s ]
SQL: SELECT `admin_id` FROM `btc_admin` WHERE `user_name` = 'zyan001' LIMIT 1   [ RunTime:0.0000s ]
INFO: [ view_parse ] --START--
INFO: [ template_filter ] --START--
INFO: Run Behavior\ContentReplaceBehavior [ RunTime:0.000000s ]
INFO: [ template_filter ] --END-- [ RunTime:0.000000s ]
INFO: Run Behavior\ParseTemplateBehavior [ RunTime:0.015001s ]
INFO: [ view_parse ] --END-- [ RunTime:0.015001s ]
INFO: [ view_filter ] --START--
INFO: Run Behavior\WriteHtmlCacheBehavior [ RunTime:0.000000s ]
INFO: [ view_filter ] --END-- [ RunTime:0.000000s ]
INFO: [ app_end ] --START--
INFO: Run Behavior\ShowPageTraceBehavior [ RunTime:0.001000s ]
INFO: [ app_end ] --END-- [ RunTime:0.001000s ]

[ 2018-09-14T12:12:10+08:00 ] ::1 /Admin/Index/identity
INFO: [ app_init ] --START--
INFO: Run Behavior\BuildLiteBehavior [ RunTime:0.000000s ]
INFO: [ app_init ] --END-- [ RunTime:0.000000s ]
INFO: [ app_begin ] --START--
INFO: Run Behavior\ReadHtmlCacheBehavior [ RunTime:0.000000s ]
INFO: Run Behavior\CheckLangBehavior [ RunTime:0.003000s ]
INFO: [ app_begin ] --END-- [ RunTime:0.004000s ]
SQL: SHOW COLUMNS FROM `btc_admin` [ RunTime:0.0030s ]
SQL: SELECT COUNT(*) AS tp_count FROM `btc_admin` WHERE `user_name` = 'zyan001' AND `pass_word` = '62fa7bbe115476d6b10ecb376839e996' LIMIT 1   [ RunTime:0.0010s ]
SQL: SELECT `admin_id` FROM `btc_admin` WHERE `user_name` = 'zyan001' LIMIT 1   [ RunTime:0.0000s ]
SQL: SELECT `identity` FROM `btc_admin` WHERE `admin_id` = '10000000000000000000000000000000'  [ RunTime:0.0000s ]
NOTIC: [8192] Non-static method StatusCode::code() should not be called statically D:\phpStudy\WWW\btc\pc\Application\Admin\Controller\IndexController.class.php 第 111 行.

[ 2018-09-14T12:12:12+08:00 ] ::1 /Admin/Index/init
INFO: [ app_init ] --START--
INFO: Run Behavior\BuildLiteBehavior [ RunTime:0.000000s ]
INFO: [ app_init ] --END-- [ RunTime:0.000000s ]
INFO: [ app_begin ] --START--
INFO: Run Behavior\ReadHtmlCacheBehavior [ RunTime:0.001000s ]
INFO: Run Behavior\CheckLangBehavior [ RunTime:0.002000s ]
INFO: [ app_begin ] --END-- [ RunTime:0.003000s ]
SQL: SHOW COLUMNS FROM `btc_admin` [ RunTime:0.0030s ]
SQL: SELECT COUNT(*) AS tp_count FROM `btc_admin` WHERE `user_name` = 'zyan001' AND `pass_word` = '62fa7bbe115476d6b10ecb376839e996' LIMIT 1   [ RunTime:0.0010s ]
SQL: SELECT `admin_id` FROM `btc_admin` WHERE `user_name` = 'zyan001' LIMIT 1   [ RunTime:0.0000s ]
SQL: SHOW COLUMNS FROM `btc_up_order` [ RunTime:0.0040s ]
SQL: SELECT COUNT(*) AS tp_count FROM `btc_up_order` WHERE `is_deleted` = 0 AND `status` = 0 LIMIT 1   [ RunTime:0.0010s ]
NOTIC: [8192] Non-static method StatusCode::code() should not be called statically D:\phpStudy\WWW\btc\pc\Application\Admin\Controller\IndexController.class.php 第 95 行.

[ 2018-09-14T12:12:21+08:00 ] ::1 /Admin/Trade/TradeList.html
INFO: [ app_init ] --START--
INFO: Run Behavior\BuildLiteBehavior [ RunTime:0.000000s ]
INFO: [ app_init ] --END-- [ RunTime:0.000000s ]
INFO: [ app_begin ] --START--
INFO: Run Behavior\ReadHtmlCacheBehavior [ RunTime:0.001000s ]
INFO: Run Behavior\CheckLangBehavior [ RunTime:0.012000s ]
INFO: [ app_begin ] --END-- [ RunTime:0.013000s ]
SQL: SHOW COLUMNS FROM `btc_admin` [ RunTime:0.0040s ]
SQL: SELECT COUNT(*) AS tp_count FROM `btc_admin` WHERE `user_name` = 'zyan001' AND `pass_word` = '62fa7bbe115476d6b10ecb376839e996' LIMIT 1   [ RunTime:0.0010s ]
SQL: SELECT `admin_id` FROM `btc_admin` WHERE `user_name` = 'zyan001' LIMIT 1   [ RunTime:0.0000s ]
INFO: [ view_parse ] --START--
INFO: [ template_filter ] --START--
INFO: Run Behavior\ContentReplaceBehavior [ RunTime:0.000000s ]
INFO: [ template_filter ] --END-- [ RunTime:0.000000s ]
NOTIC: [8] Use of undefined constant Trade - assumed 'Trade' D:\phpStudy\WWW\btc\pc\Application\Runtime\Cache\Admin\e05faeea1411cb6288395d96ebea5c46.php 第 65 行.
NOTIC: [8] Use of undefined constant SellUpdate - assumed 'SellUpdate' D:\phpStudy\WWW\btc\pc\Application\Runtime\Cache\Admin\e05faeea1411cb6288395d96ebea5c46.php 第 91 行.
NOTIC: [8] Use of undefined constant BuyUpdate - assumed 'BuyUpdate' D:\phpStudy\WWW\btc\pc\Application\Runtime\Cache\Admin\e05faeea1411cb6288395d96ebea5c46.php 第 106 行.
INFO: Run Behavior\ParseTemplateBehavior [ RunTime:0.009001s ]
INFO: [ view_parse ] --END-- [ RunTime:0.009001s ]
INFO: [ view_filter ] --START--
INFO: Run Behavior\WriteHtmlCacheBehavior [ RunTime:0.000000s ]
INFO: [ view_filter ] --END-- [ RunTime:0.000000s ]
INFO: [ app_end ] --START--
INFO: Run Behavior\ShowPageTraceBehavior [ RunTime:0.001000s ]
INFO: [ app_end ] --END-- [ RunTime:0.001000s ]

[ 2018-09-14T12:12:22+08:00 ] ::1 /Admin/Trade/Trade.html
INFO: [ app_init ] --START--
INFO: Run Behavior\BuildLiteBehavior [ RunTime:0.001000s ]
INFO: [ app_init ] --END-- [ RunTime:0.001000s ]
INFO: [ app_begin ] --START--
INFO: Run Behavior\ReadHtmlCacheBehavior [ RunTime:0.001000s ]
INFO: Run Behavior\CheckLangBehavior [ RunTime:0.003000s ]
INFO: [ app_begin ] --END-- [ RunTime:0.004000s ]
SQL: SHOW COLUMNS FROM `btc_admin` [ RunTime:0.0030s ]
SQL: SELECT COUNT(*) AS tp_count FROM `btc_admin` WHERE `user_name` = 'zyan001' AND `pass_word` = '62fa7bbe115476d6b10ecb376839e996' LIMIT 1   [ RunTime:0.0000s ]
SQL: SELECT `admin_id` FROM `btc_admin` WHERE `user_name` = 'zyan001' LIMIT 1   [ RunTime:0.0000s ]
SQL: SHOW COLUMNS FROM `btc_home_info` [ RunTime:0.0030s ]
SQL: SELECT * FROM `btc_home_info` WHERE `id` = '10000000000000000000000000000000'  [ RunTime:0.0010s ]
NOTIC: [8] Undefined index: create_time D:\phpStudy\WWW\btc\pc\Application\Admin\Controller\TradeController.class.php 第 89 行.
NOTIC: [8] Undefined index: type D:\phpStudy\WWW\btc\pc\Application\Admin\Controller\TradeController.class.php 第 91 行.
NOTIC: [8192] Non-static method StatusCode::code() should not be called statically D:\phpStudy\WWW\btc\pc\Application\Admin\Controller\TradeController.class.php 第 30 行.

[ 2018-09-14T12:12:30+08:00 ] ::1 /Admin/Order/OrderListAll.html
INFO: [ app_init ] --START--
INFO: Run Behavior\BuildLiteBehavior [ RunTime:0.000000s ]
INFO: [ app_init ] --END-- [ RunTime:0.001000s ]
INFO: [ app_begin ] --START--
INFO: Run Behavior\ReadHtmlCacheBehavior [ RunTime:0.001000s ]
INFO: Run Behavior\CheckLangBehavior [ RunTime:0.003001s ]
INFO: [ app_begin ] --END-- [ RunTime:0.004001s ]
SQL: SHOW COLUMNS FROM `btc_admin` [ RunTime:0.0030s ]
SQL: SELECT COUNT(*) AS tp_count FROM `btc_admin` WHERE `user_name` = 'zyan001' AND `pass_word` = '62fa7bbe115476d6b10ecb376839e996' LIMIT 1   [ RunTime:0.0010s ]
SQL: SELECT `admin_id` FROM `btc_admin` WHERE `user_name` = 'zyan001' LIMIT 1   [ RunTime:0.0000s ]
INFO: [ view_parse ] --START--
INFO: [ template_filter ] --START--
INFO: Run Behavior\ContentReplaceBehavior [ RunTime:0.000000s ]
INFO: [ template_filter ] --END-- [ RunTime:0.000000s ]
NOTIC: [8] Use of undefined constant getOrderListAll - assumed 'getOrderListAll' D:\phpStudy\WWW\btc\pc\Application\Runtime\Cache\Admin\3bed188a6b80e8225450c63e0563e8d7.php 第 67 行.
NOTIC: [8] Use of undefined constant getOrderListAll - assumed 'getOrderListAll' D:\phpStudy\WWW\btc\pc\Application\Runtime\Cache\Admin\3bed188a6b80e8225450c63e0563e8d7.php 第 125 行.
INFO: Run Behavior\ParseTemplateBehavior [ RunTime:0.009000s ]
INFO: [ view_parse ] --END-- [ RunTime:0.009000s ]
INFO: [ view_filter ] --START--
INFO: Run Behavior\WriteHtmlCacheBehavior [ RunTime:0.000000s ]
INFO: [ view_filter ] --END-- [ RunTime:0.000000s ]
INFO: [ app_end ] --START--
INFO: Run Behavior\ShowPageTraceBehavior [ RunTime:0.000000s ]
INFO: [ app_end ] --END-- [ RunTime:0.001000s ]

[ 2018-09-14T12:12:31+08:00 ] ::1 /Admin/Order/getOrderListAll.html?page=1&limit=30
INFO: [ app_init ] --START--
INFO: Run Behavior\BuildLiteBehavior [ RunTime:0.000000s ]
INFO: [ app_init ] --END-- [ RunTime:0.000000s ]
INFO: [ app_begin ] --START--
INFO: Run Behavior\ReadHtmlCacheBehavior [ RunTime:0.000000s ]
INFO: Run Behavior\CheckLangBehavior [ RunTime:0.003000s ]
INFO: [ app_begin ] --END-- [ RunTime:0.003000s ]
SQL: SHOW COLUMNS FROM `btc_admin` [ RunTime:0.0030s ]
SQL: SELECT COUNT(*) AS tp_count FROM `btc_admin` WHERE `user_name` = 'zyan001' AND `pass_word` = '62fa7bbe115476d6b10ecb376839e996' LIMIT 1   [ RunTime:0.0000s ]
SQL: SELECT `admin_id` FROM `btc_admin` WHERE `user_name` = 'zyan001' LIMIT 1   [ RunTime:0.0000s ]
SQL: SHOW COLUMNS FROM `btc_order_info` [ RunTime:0.0020s ]
SQL: SELECT COUNT(*) AS tp_count FROM btc_order_info as oi INNER JOIN btc_user as bu on bu.user_id = oi.user_id and bu.is_deleted =0  WHERE oi.is_deleted = 0 LIMIT 1   [ RunTime:0.0010s ]
SQL: SELECT oi.*,bu.user_name FROM btc_order_info as oi INNER JOIN btc_user as bu on bu.user_id = oi.user_id and bu.is_deleted =0  WHERE oi.is_deleted = 0 ORDER BY oi.create_time desc LIMIT 0,30   [ RunTime:0.0010s ]
NOTIC: [8192] Non-static method StatusCode::code() should not be called statically D:\phpStudy\WWW\btc\pc\Application\Admin\Controller\OrderController.class.php 第 45 行.

[ 2018-09-14T12:12:33+08:00 ] ::1 /Admin/Order/OrderList.html
INFO: [ app_init ] --START--
INFO: Run Behavior\BuildLiteBehavior [ RunTime:0.000000s ]
INFO: [ app_init ] --END-- [ RunTime:0.001000s ]
INFO: [ app_begin ] --START--
INFO: Run Behavior\ReadHtmlCacheBehavior [ RunTime:0.001000s ]
INFO: Run Behavior\CheckLangBehavior [ RunTime:0.003001s ]
INFO: [ app_begin ] --END-- [ RunTime:0.004001s ]
SQL: SHOW COLUMNS FROM `btc_admin` [ RunTime:0.0020s ]
SQL: SELECT COUNT(*) AS tp_count FROM `btc_admin` WHERE `user_name` = 'zyan001' AND `pass_word` = '62fa7bbe115476d6b10ecb376839e996' LIMIT 1   [ RunTime:0.0000s ]
SQL: SELECT `admin_id` FROM `btc_admin` WHERE `user_name` = 'zyan001' LIMIT 1   [ RunTime:0.0000s ]
INFO: [ view_parse ] --START--
INFO: [ template_filter ] --START--
INFO: Run Behavior\ContentReplaceBehavior [ RunTime:0.000000s ]
INFO: [ template_filter ] --END-- [ RunTime:0.000000s ]
NOTIC: [8] Use of undefined constant getOrderList - assumed 'getOrderList' D:\phpStudy\WWW\btc\pc\Application\Runtime\Cache\Admin\4a8b8d4a46404b86ec4f8b13a7129a6c.php 第 79 行.
NOTIC: [8] Use of undefined constant orderAuditInfo - assumed 'orderAuditInfo' D:\phpStudy\WWW\btc\pc\Application\Runtime\Cache\Admin\4a8b8d4a46404b86ec4f8b13a7129a6c.php 第 141 行.
NOTIC: [8] Use of undefined constant orderSuccess - assumed 'orderSuccess' D:\phpStudy\WWW\btc\pc\Application\Runtime\Cache\Admin\4a8b8d4a46404b86ec4f8b13a7129a6c.php 第 149 行.
NOTIC: [8] Use of undefined constant orderLose - assumed 'orderLose' D:\phpStudy\WWW\btc\pc\Application\Runtime\Cache\Admin\4a8b8d4a46404b86ec4f8b13a7129a6c.php 第 209 行.
NOTIC: [8] Use of undefined constant getOrderList - assumed 'getOrderList' D:\phpStudy\WWW\btc\pc\Application\Runtime\Cache\Admin\4a8b8d4a46404b86ec4f8b13a7129a6c.php 第 251 行.
INFO: Run Behavior\ParseTemplateBehavior [ RunTime:0.035002s ]
INFO: [ view_parse ] --END-- [ RunTime:0.035002s ]
INFO: [ view_filter ] --START--
INFO: Run Behavior\WriteHtmlCacheBehavior [ RunTime:0.001000s ]
INFO: [ view_filter ] --END-- [ RunTime:0.001000s ]
INFO: [ app_end ] --START--
INFO: Run Behavior\ShowPageTraceBehavior [ RunTime:0.000000s ]
INFO: [ app_end ] --END-- [ RunTime:0.000000s ]

[ 2018-09-14T12:12:34+08:00 ] ::1 /Admin/Order/getOrderList.html?page=1&limit=30
INFO: [ app_init ] --START--
INFO: Run Behavior\BuildLiteBehavior [ RunTime:0.000000s ]
INFO: [ app_init ] --END-- [ RunTime:0.001000s ]
INFO: [ app_begin ] --START--
INFO: Run Behavior\ReadHtmlCacheBehavior [ RunTime:0.001000s ]
INFO: Run Behavior\CheckLangBehavior [ RunTime:0.003000s ]
INFO: [ app_begin ] --END-- [ RunTime:0.004000s ]
SQL: SHOW COLUMNS FROM `btc_admin` [ RunTime:0.0030s ]
SQL: SELECT COUNT(*) AS tp_count FROM `btc_admin` WHERE `user_name` = 'zyan001' AND `pass_word` = '62fa7bbe115476d6b10ecb376839e996' LIMIT 1   [ RunTime:0.0010s ]
SQL: SELECT `admin_id` FROM `btc_admin` WHERE `user_name` = 'zyan001' LIMIT 1   [ RunTime:0.0000s ]
SQL: SHOW COLUMNS FROM `btc_order_info` [ RunTime:0.0030s ]
SQL: SELECT COUNT(*) AS tp_count FROM btc_order_info as oi INNER JOIN btc_user as bu on bu.user_id = oi.user_id and bu.is_deleted =0  WHERE oi.is_deleted = 0 AND oi.status = 0 LIMIT 1   [ RunTime:0.0010s ]
SQL: SELECT oi.*,bu.user_name FROM btc_order_info as oi INNER JOIN btc_user as bu on bu.user_id = oi.user_id and bu.is_deleted =0  WHERE oi.is_deleted = 0 AND oi.status = 0 ORDER BY oi.create_time desc LIMIT 0,30   [ RunTime:0.0010s ]
NOTIC: [8192] Non-static method StatusCode::code() should not be called statically D:\phpStudy\WWW\btc\pc\Application\Admin\Controller\OrderController.class.php 第 79 行.

[ 2018-09-14T12:13:39+08:00 ] ::1 /Admin/Order/OrderList.html
INFO: [ app_init ] --START--
INFO: Run Behavior\BuildLiteBehavior [ RunTime:0.000000s ]
INFO: [ app_init ] --END-- [ RunTime:0.001000s ]
INFO: [ app_begin ] --START--
INFO: Run Behavior\ReadHtmlCacheBehavior [ RunTime:0.002001s ]
INFO: Run Behavior\CheckLangBehavior [ RunTime:0.002000s ]
INFO: [ app_begin ] --END-- [ RunTime:0.004001s ]
SQL: SHOW COLUMNS FROM `btc_admin` [ RunTime:0.0030s ]
SQL: SELECT COUNT(*) AS tp_count FROM `btc_admin` WHERE `user_name` = 'zyan001' AND `pass_word` = '62fa7bbe115476d6b10ecb376839e996' LIMIT 1   [ RunTime:0.0000s ]
SQL: SELECT `admin_id` FROM `btc_admin` WHERE `user_name` = 'zyan001' LIMIT 1   [ RunTime:0.0000s ]
INFO: [ view_parse ] --START--
INFO: [ template_filter ] --START--
INFO: Run Behavior\ContentReplaceBehavior [ RunTime:0.000000s ]
INFO: [ template_filter ] --END-- [ RunTime:0.000000s ]
NOTIC: [8] Use of undefined constant getOrderList - assumed 'getOrderList' D:\phpStudy\WWW\btc\pc\Application\Runtime\Cache\Admin\4a8b8d4a46404b86ec4f8b13a7129a6c.php 第 79 行.
NOTIC: [8] Use of undefined constant orderAuditInfo - assumed 'orderAuditInfo' D:\phpStudy\WWW\btc\pc\Application\Runtime\Cache\Admin\4a8b8d4a46404b86ec4f8b13a7129a6c.php 第 141 行.
NOTIC: [8] Use of undefined constant orderSuccess - assumed 'orderSuccess' D:\phpStudy\WWW\btc\pc\Application\Runtime\Cache\Admin\4a8b8d4a46404b86ec4f8b13a7129a6c.php 第 149 行.
NOTIC: [8] Use of undefined constant orderLose - assumed 'orderLose' D:\phpStudy\WWW\btc\pc\Application\Runtime\Cache\Admin\4a8b8d4a46404b86ec4f8b13a7129a6c.php 第 209 行.
NOTIC: [8] Use of undefined constant getOrderList - assumed 'getOrderList' D:\phpStudy\WWW\btc\pc\Application\Runtime\Cache\Admin\4a8b8d4a46404b86ec4f8b13a7129a6c.php 第 251 行.
INFO: Run Behavior\ParseTemplateBehavior [ RunTime:0.009000s ]
INFO: [ view_parse ] --END-- [ RunTime:0.009000s ]
INFO: [ view_filter ] --START--
INFO: Run Behavior\WriteHtmlCacheBehavior [ RunTime:0.001000s ]
INFO: [ view_filter ] --END-- [ RunTime:0.001000s ]
INFO: [ app_end ] --START--
INFO: Run Behavior\ShowPageTraceBehavior [ RunTime:0.000000s ]
INFO: [ app_end ] --END-- [ RunTime:0.000000s ]

[ 2018-09-14T12:13:40+08:00 ] ::1 /Admin/Order/getOrderList.html?page=1&limit=30
INFO: [ app_init ] --START--
INFO: Run Behavior\BuildLiteBehavior [ RunTime:0.001000s ]
INFO: [ app_init ] --END-- [ RunTime:0.001000s ]
INFO: [ app_begin ] --START--
INFO: Run Behavior\ReadHtmlCacheBehavior [ RunTime:0.001000s ]
INFO: Run Behavior\CheckLangBehavior [ RunTime:0.003000s ]
INFO: [ app_begin ] --END-- [ RunTime:0.004000s ]
SQL: SHOW COLUMNS FROM `btc_admin` [ RunTime:0.0030s ]
SQL: SELECT COUNT(*) AS tp_count FROM `btc_admin` WHERE `user_name` = 'zyan001' AND `pass_word` = '62fa7bbe115476d6b10ecb376839e996' LIMIT 1   [ RunTime:0.0000s ]
SQL: SELECT `admin_id` FROM `btc_admin` WHERE `user_name` = 'zyan001' LIMIT 1   [ RunTime:0.0010s ]
SQL: SHOW COLUMNS FROM `btc_order_info` [ RunTime:0.0030s ]
SQL: SELECT COUNT(*) AS tp_count FROM btc_order_info as oi INNER JOIN btc_user as bu on bu.user_id = oi.user_id and bu.is_deleted =0  WHERE oi.is_deleted = 0 AND oi.status = 0 LIMIT 1   [ RunTime:0.0010s ]
SQL: SELECT oi.*,bu.user_name FROM btc_order_info as oi INNER JOIN btc_user as bu on bu.user_id = oi.user_id and bu.is_deleted =0  WHERE oi.is_deleted = 0 AND oi.status = 0 ORDER BY oi.create_time desc LIMIT 0,30   [ RunTime:0.0010s ]
NOTIC: [8192] Non-static method StatusCode::code() should not be called statically D:\phpStudy\WWW\btc\pc\Application\Admin\Controller\OrderController.class.php 第 79 行.

[ 2018-09-14T12:13:49+08:00 ] ::1 /Admin/Order/orderAuditInfo.html
INFO: [ app_init ] --START--
INFO: Run Behavior\BuildLiteBehavior [ RunTime:0.000000s ]
INFO: [ app_init ] --END-- [ RunTime:0.000000s ]
INFO: [ app_begin ] --START--
INFO: Run Behavior\ReadHtmlCacheBehavior [ RunTime:0.000000s ]
INFO: Run Behavior\CheckLangBehavior [ RunTime:0.003000s ]
INFO: [ app_begin ] --END-- [ RunTime:0.003000s ]
SQL: SHOW COLUMNS FROM `btc_admin` [ RunTime:0.0040s ]
SQL: SELECT COUNT(*) AS tp_count FROM `btc_admin` WHERE `user_name` = 'zyan001' AND `pass_word` = '62fa7bbe115476d6b10ecb376839e996' LIMIT 1   [ RunTime:0.0010s ]
SQL: SELECT `admin_id` FROM `btc_admin` WHERE `user_name` = 'zyan001' LIMIT 1   [ RunTime:0.0000s ]
SQL: SHOW COLUMNS FROM `btc_order_info` [ RunTime:0.0030s ]
NOTIC: [8192] Non-static method Common::verifyMd5() should not be called statically D:\phpStudy\WWW\btc\pc\Application\Admin\Controller\OrderController.class.php 第 138 行.
SQL: UPDATE `btc_order_info` SET `order_id`='D2018091412101415368982148395427',`status`='1',`remark`='',`update_time`='1536898429' WHERE `order_id` = 'D2018091412101415368982148395427' AND `is_deleted` = 0 [ RunTime:0.0010s ]
NOTIC: [8192] Non-static method StatusCode::code() should not be called statically D:\phpStudy\WWW\btc\pc\Application\Admin\Controller\OrderController.class.php 第 158 行.

[ 2018-09-14T12:13:50+08:00 ] ::1 /Admin/Order/orderSuccess.html
INFO: [ app_init ] --START--
INFO: Run Behavior\BuildLiteBehavior [ RunTime:0.000000s ]
INFO: [ app_init ] --END-- [ RunTime:0.001000s ]
INFO: [ app_begin ] --START--
INFO: Run Behavior\ReadHtmlCacheBehavior [ RunTime:0.000000s ]
INFO: Run Behavior\CheckLangBehavior [ RunTime:0.003000s ]
INFO: [ app_begin ] --END-- [ RunTime:0.004000s ]
SQL: SHOW COLUMNS FROM `btc_admin` [ RunTime:0.0030s ]
SQL: SELECT COUNT(*) AS tp_count FROM `btc_admin` WHERE `user_name` = 'zyan001' AND `pass_word` = '62fa7bbe115476d6b10ecb376839e996' LIMIT 1   [ RunTime:0.0010s ]
SQL: SELECT `admin_id` FROM `btc_admin` WHERE `user_name` = 'zyan001' LIMIT 1   [ RunTime:0.0000s ]
SQL: SHOW COLUMNS FROM `btc_order_info` [ RunTime:0.0030s ]
NOTIC: [8192] Non-static method Common::verifyMd5() should not be called statically D:\phpStudy\WWW\btc\pc\Application\Admin\Controller\OrderController.class.php 第 291 行.
SQL: UPDATE btc_order_info as oi SET `order_id`='D2018091412101415368982148395427',`status`='2',`update_time`='1536898430' WHERE oi.order_id = 'D2018091412101415368982148395427' AND oi.is_deleted = 0 [ RunTime:0.0000s ]
SQL: SHOW COLUMNS FROM `btc_user_account` [ RunTime:0.0030s ]
SQL: SELECT bua.btc_balance,bua.eth_balance,bua.extract_balance,oi.currency_type,oi.number,oi.order_type,oi.price,oi.user_id FROM btc_order_info as oi INNER JOIN btc_user_account as bua on bua.user_id = oi.user_id  WHERE oi.order_id = 'D2018091412101415368982148395427' AND oi.is_deleted = 0  [ RunTime:0.0010s ]
SQL: UPDATE `btc_user_account` SET `extract_balance`='1245',`update_time`='1536898430' WHERE `user_id` = 'q2018090611234315362042232669474' [ RunTime:0.0000s ]
NOTIC: [8192] Non-static method StatusCode::code() should not be called statically D:\phpStudy\WWW\btc\pc\Application\Admin\Controller\OrderController.class.php 第 344 行.

[ 2018-09-14T12:13:52+08:00 ] ::1 /Admin/Order/OrderList.html
INFO: [ app_init ] --START--
INFO: Run Behavior\BuildLiteBehavior [ RunTime:0.000000s ]
INFO: [ app_init ] --END-- [ RunTime:0.001000s ]
INFO: [ app_begin ] --START--
INFO: Run Behavior\ReadHtmlCacheBehavior [ RunTime:0.001000s ]
INFO: Run Behavior\CheckLangBehavior [ RunTime:0.002000s ]
INFO: [ app_begin ] --END-- [ RunTime:0.003000s ]
SQL: SHOW COLUMNS FROM `btc_admin` [ RunTime:0.0020s ]
SQL: SELECT COUNT(*) AS tp_count FROM `btc_admin` WHERE `user_name` = 'zyan001' AND `pass_word` = '62fa7bbe115476d6b10ecb376839e996' LIMIT 1   [ RunTime:0.0000s ]
SQL: SELECT `admin_id` FROM `btc_admin` WHERE `user_name` = 'zyan001' LIMIT 1   [ RunTime:0.0000s ]
INFO: [ view_parse ] --START--
INFO: [ template_filter ] --START--
INFO: Run Behavior\ContentReplaceBehavior [ RunTime:0.000000s ]
INFO: [ template_filter ] --END-- [ RunTime:0.000000s ]
NOTIC: [8] Use of undefined constant getOrderList - assumed 'getOrderList' D:\phpStudy\WWW\btc\pc\Application\Runtime\Cache\Admin\4a8b8d4a46404b86ec4f8b13a7129a6c.php 第 79 行.
NOTIC: [8] Use of undefined constant orderAuditInfo - assumed 'orderAuditInfo' D:\phpStudy\WWW\btc\pc\Application\Runtime\Cache\Admin\4a8b8d4a46404b86ec4f8b13a7129a6c.php 第 141 行.
NOTIC: [8] Use of undefined constant orderSuccess - assumed 'orderSuccess' D:\phpStudy\WWW\btc\pc\Application\Runtime\Cache\Admin\4a8b8d4a46404b86ec4f8b13a7129a6c.php 第 149 行.
NOTIC: [8] Use of undefined constant orderLose - assumed 'orderLose' D:\phpStudy\WWW\btc\pc\Application\Runtime\Cache\Admin\4a8b8d4a46404b86ec4f8b13a7129a6c.php 第 209 行.
NOTIC: [8] Use of undefined constant getOrderList - assumed 'getOrderList' D:\phpStudy\WWW\btc\pc\Application\Runtime\Cache\Admin\4a8b8d4a46404b86ec4f8b13a7129a6c.php 第 251 行.
INFO: Run Behavior\ParseTemplateBehavior [ RunTime:0.009001s ]
INFO: [ view_parse ] --END-- [ RunTime:0.009001s ]
INFO: [ view_filter ] --START--
INFO: Run Behavior\WriteHtmlCacheBehavior [ RunTime:0.001000s ]
INFO: [ view_filter ] --END-- [ RunTime:0.001000s ]
INFO: [ app_end ] --START--
INFO: Run Behavior\ShowPageTraceBehavior [ RunTime:0.000000s ]
INFO: [ app_end ] --END-- [ RunTime:0.000000s ]

[ 2018-09-14T12:13:53+08:00 ] ::1 /Admin/Order/getOrderList.html?page=1&limit=30
INFO: [ app_init ] --START--
INFO: Run Behavior\BuildLiteBehavior [ RunTime:0.000000s ]
INFO: [ app_init ] --END-- [ RunTime:0.000000s ]
INFO: [ app_begin ] --START--
INFO: Run Behavior\ReadHtmlCacheBehavior [ RunTime:0.001000s ]
INFO: Run Behavior\CheckLangBehavior [ RunTime:0.006001s ]
INFO: [ app_begin ] --END-- [ RunTime:0.008001s ]
SQL: SHOW COLUMNS FROM `btc_admin` [ RunTime:0.0020s ]
SQL: SELECT COUNT(*) AS tp_count FROM `btc_admin` WHERE `user_name` = 'zyan001' AND `pass_word` = '62fa7bbe115476d6b10ecb376839e996' LIMIT 1   [ RunTime:0.0000s ]
SQL: SELECT `admin_id` FROM `btc_admin` WHERE `user_name` = 'zyan001' LIMIT 1   [ RunTime:0.0000s ]
SQL: SHOW COLUMNS FROM `btc_order_info` [ RunTime:0.0060s ]
SQL: SELECT COUNT(*) AS tp_count FROM btc_order_info as oi INNER JOIN btc_user as bu on bu.user_id = oi.user_id and bu.is_deleted =0  WHERE oi.is_deleted = 0 AND oi.status = 0 LIMIT 1   [ RunTime:0.0010s ]
SQL: SELECT oi.*,bu.user_name FROM btc_order_info as oi INNER JOIN btc_user as bu on bu.user_id = oi.user_id and bu.is_deleted =0  WHERE oi.is_deleted = 0 AND oi.status = 0 ORDER BY oi.create_time desc LIMIT 0,30   [ RunTime:0.0010s ]
NOTIC: [8192] Non-static method StatusCode::code() should not be called statically D:\phpStudy\WWW\btc\pc\Application\Admin\Controller\OrderController.class.php 第 79 行.

[ 2018-09-14T12:14:24+08:00 ] ::1 /Admin/Order/orderAuditInfo.html
INFO: [ app_init ] --START--
INFO: Run Behavior\BuildLiteBehavior [ RunTime:0.000000s ]
INFO: [ app_init ] --END-- [ RunTime:0.000000s ]
INFO: [ app_begin ] --START--
INFO: Run Behavior\ReadHtmlCacheBehavior [ RunTime:0.001000s ]
INFO: Run Behavior\CheckLangBehavior [ RunTime:0.003001s ]
INFO: [ app_begin ] --END-- [ RunTime:0.004001s ]
SQL: SHOW COLUMNS FROM `btc_admin` [ RunTime:0.0040s ]
SQL: SELECT COUNT(*) AS tp_count FROM `btc_admin` WHERE `user_name` = 'zyan001' AND `pass_word` = '62fa7bbe115476d6b10ecb376839e996' LIMIT 1   [ RunTime:0.0000s ]
SQL: SELECT `admin_id` FROM `btc_admin` WHERE `user_name` = 'zyan001' LIMIT 1   [ RunTime:0.0000s ]
SQL: SHOW COLUMNS FROM `btc_order_info` [ RunTime:0.0030s ]
NOTIC: [8192] Non-static method Common::verifyMd5() should not be called statically D:\phpStudy\WWW\btc\pc\Application\Admin\Controller\OrderController.class.php 第 138 行.
SQL: UPDATE `btc_order_info` SET `order_id`='H2018091412113415368982949821218',`status`='1',`remark`='',`update_time`='1536898464' WHERE `order_id` = 'H2018091412113415368982949821218' AND `is_deleted` = 0 [ RunTime:0.0010s ]
NOTIC: [8192] Non-static method StatusCode::code() should not be called statically D:\phpStudy\WWW\btc\pc\Application\Admin\Controller\OrderController.class.php 第 158 行.

[ 2018-09-14T12:14:25+08:00 ] ::1 /Admin/Order/orderSuccess.html
INFO: [ app_init ] --START--
INFO: Run Behavior\BuildLiteBehavior [ RunTime:0.000000s ]
INFO: [ app_init ] --END-- [ RunTime:0.001000s ]
INFO: [ app_begin ] --START--
INFO: Run Behavior\ReadHtmlCacheBehavior [ RunTime:0.001000s ]
INFO: Run Behavior\CheckLangBehavior [ RunTime:0.003000s ]
INFO: [ app_begin ] --END-- [ RunTime:0.004000s ]
SQL: SHOW COLUMNS FROM `btc_admin` [ RunTime:0.0020s ]
SQL: SELECT COUNT(*) AS tp_count FROM `btc_admin` WHERE `user_name` = 'zyan001' AND `pass_word` = '62fa7bbe115476d6b10ecb376839e996' LIMIT 1   [ RunTime:0.0000s ]
SQL: SELECT `admin_id` FROM `btc_admin` WHERE `user_name` = 'zyan001' LIMIT 1   [ RunTime:0.0000s ]
SQL: SHOW COLUMNS FROM `btc_order_info` [ RunTime:0.0020s ]
NOTIC: [8192] Non-static method Common::verifyMd5() should not be called statically D:\phpStudy\WWW\btc\pc\Application\Admin\Controller\OrderController.class.php 第 291 行.
SQL: UPDATE btc_order_info as oi SET `order_id`='H2018091412113415368982949821218',`status`='2',`update_time`='1536898465' WHERE oi.order_id = 'H2018091412113415368982949821218' AND oi.is_deleted = 0 [ RunTime:0.0000s ]
SQL: SHOW COLUMNS FROM `btc_user_account` [ RunTime:0.0030s ]
SQL: SELECT bua.btc_balance,bua.eth_balance,bua.extract_balance,oi.currency_type,oi.number,oi.order_type,oi.price,oi.user_id FROM btc_order_info as oi INNER JOIN btc_user_account as bua on bua.user_id = oi.user_id  WHERE oi.order_id = 'H2018091412113415368982949821218' AND oi.is_deleted = 0  [ RunTime:0.0010s ]
SQL: UPDATE `btc_user_account` SET `extract_balance`='13684',`update_time`='1536898465' WHERE `user_id` = 'q2018090611234315362042232669474' [ RunTime:0.0010s ]
NOTIC: [8192] Non-static method StatusCode::code() should not be called statically D:\phpStudy\WWW\btc\pc\Application\Admin\Controller\OrderController.class.php 第 344 行.

[ 2018-09-14T12:14:27+08:00 ] ::1 /Admin/Order/OrderList.html
INFO: [ app_init ] --START--
INFO: Run Behavior\BuildLiteBehavior [ RunTime:0.000000s ]
INFO: [ app_init ] --END-- [ RunTime:0.001000s ]
INFO: [ app_begin ] --START--
INFO: Run Behavior\ReadHtmlCacheBehavior [ RunTime:0.001000s ]
INFO: Run Behavior\CheckLangBehavior [ RunTime:0.003000s ]
INFO: [ app_begin ] --END-- [ RunTime:0.004000s ]
SQL: SHOW COLUMNS FROM `btc_admin` [ RunTime:0.0030s ]
SQL: SELECT COUNT(*) AS tp_count FROM `btc_admin` WHERE `user_name` = 'zyan001' AND `pass_word` = '62fa7bbe115476d6b10ecb376839e996' LIMIT 1   [ RunTime:0.0010s ]
SQL: SELECT `admin_id` FROM `btc_admin` WHERE `user_name` = 'zyan001' LIMIT 1   [ RunTime:0.0000s ]
INFO: [ view_parse ] --START--
INFO: [ template_filter ] --START--
INFO: Run Behavior\ContentReplaceBehavior [ RunTime:0.000000s ]
INFO: [ template_filter ] --END-- [ RunTime:0.000000s ]
NOTIC: [8] Use of undefined constant getOrderList - assumed 'getOrderList' D:\phpStudy\WWW\btc\pc\Application\Runtime\Cache\Admin\4a8b8d4a46404b86ec4f8b13a7129a6c.php 第 79 行.
NOTIC: [8] Use of undefined constant orderAuditInfo - assumed 'orderAuditInfo' D:\phpStudy\WWW\btc\pc\Application\Runtime\Cache\Admin\4a8b8d4a46404b86ec4f8b13a7129a6c.php 第 141 行.
NOTIC: [8] Use of undefined constant orderSuccess - assumed 'orderSuccess' D:\phpStudy\WWW\btc\pc\Application\Runtime\Cache\Admin\4a8b8d4a46404b86ec4f8b13a7129a6c.php 第 149 行.
NOTIC: [8] Use of undefined constant orderLose - assumed 'orderLose' D:\phpStudy\WWW\btc\pc\Application\Runtime\Cache\Admin\4a8b8d4a46404b86ec4f8b13a7129a6c.php 第 209 行.
NOTIC: [8] Use of undefined constant getOrderList - assumed 'getOrderList' D:\phpStudy\WWW\btc\pc\Application\Runtime\Cache\Admin\4a8b8d4a46404b86ec4f8b13a7129a6c.php 第 251 行.
INFO: Run Behavior\ParseTemplateBehavior [ RunTime:0.009001s ]
INFO: [ view_parse ] --END-- [ RunTime:0.009001s ]
INFO: [ view_filter ] --START--
INFO: Run Behavior\WriteHtmlCacheBehavior [ RunTime:0.001000s ]
INFO: [ view_filter ] --END-- [ RunTime:0.001000s ]
INFO: [ app_end ] --START--
INFO: Run Behavior\ShowPageTraceBehavior [ RunTime:0.000000s ]
INFO: [ app_end ] --END-- [ RunTime:0.000000s ]

[ 2018-09-14T12:14:29+08:00 ] ::1 /Admin/Order/getOrderList.html?page=1&limit=30
INFO: [ app_init ] --START--
INFO: Run Behavior\BuildLiteBehavior [ RunTime:0.000000s ]
INFO: [ app_init ] --END-- [ RunTime:0.000000s ]
INFO: [ app_begin ] --START--
INFO: Run Behavior\ReadHtmlCacheBehavior [ RunTime:0.001000s ]
INFO: Run Behavior\CheckLangBehavior [ RunTime:0.004000s ]
INFO: [ app_begin ] --END-- [ RunTime:0.005000s ]
SQL: SHOW COLUMNS FROM `btc_admin` [ RunTime:0.0030s ]
SQL: SELECT COUNT(*) AS tp_count FROM `btc_admin` WHERE `user_name` = 'zyan001' AND `pass_word` = '62fa7bbe115476d6b10ecb376839e996' LIMIT 1   [ RunTime:0.0010s ]
SQL: SELECT `admin_id` FROM `btc_admin` WHERE `user_name` = 'zyan001' LIMIT 1   [ RunTime:0.0000s ]
SQL: SHOW COLUMNS FROM `btc_order_info` [ RunTime:0.0030s ]
SQL: SELECT COUNT(*) AS tp_count FROM btc_order_info as oi INNER JOIN btc_user as bu on bu.user_id = oi.user_id and bu.is_deleted =0  WHERE oi.is_deleted = 0 AND oi.status = 0 LIMIT 1   [ RunTime:0.0010s ]
SQL: SELECT oi.*,bu.user_name FROM btc_order_info as oi INNER JOIN btc_user as bu on bu.user_id = oi.user_id and bu.is_deleted =0  WHERE oi.is_deleted = 0 AND oi.status = 0 ORDER BY oi.create_time desc LIMIT 0,30   [ RunTime:0.0010s ]
NOTIC: [8192] Non-static method StatusCode::code() should not be called statically D:\phpStudy\WWW\btc\pc\Application\Admin\Controller\OrderController.class.php 第 79 行.

[ 2018-09-14T12:21:54+08:00 ] ::1 /Admin/Order/OrderList.html
INFO: [ app_init ] --START--
INFO: Run Behavior\BuildLiteBehavior [ RunTime:0.000000s ]
INFO: [ app_init ] --END-- [ RunTime:0.000000s ]
INFO: [ app_begin ] --START--
INFO: Run Behavior\ReadHtmlCacheBehavior [ RunTime:0.000000s ]
INFO: Run Behavior\CheckLangBehavior [ RunTime:0.004000s ]
INFO: [ app_begin ] --END-- [ RunTime:0.004000s ]
SQL: SHOW COLUMNS FROM `btc_admin` [ RunTime:0.0030s ]
SQL: SELECT COUNT(*) AS tp_count FROM `btc_admin` WHERE `user_name` = 'zyan001' AND `pass_word` = '62fa7bbe115476d6b10ecb376839e996' LIMIT 1   [ RunTime:0.0010s ]
SQL: SELECT `admin_id` FROM `btc_admin` WHERE `user_name` = 'zyan001' LIMIT 1   [ RunTime:0.0000s ]
INFO: [ view_parse ] --START--
INFO: [ template_filter ] --START--
INFO: Run Behavior\ContentReplaceBehavior [ RunTime:0.001000s ]
INFO: [ template_filter ] --END-- [ RunTime:0.001000s ]
NOTIC: [8] Use of undefined constant getOrderList - assumed 'getOrderList' D:\phpStudy\WWW\btc\pc\Application\Runtime\Cache\Admin\4a8b8d4a46404b86ec4f8b13a7129a6c.php 第 79 行.
NOTIC: [8] Use of undefined constant orderAuditInfo - assumed 'orderAuditInfo' D:\phpStudy\WWW\btc\pc\Application\Runtime\Cache\Admin\4a8b8d4a46404b86ec4f8b13a7129a6c.php 第 141 行.
NOTIC: [8] Use of undefined constant orderSuccess - assumed 'orderSuccess' D:\phpStudy\WWW\btc\pc\Application\Runtime\Cache\Admin\4a8b8d4a46404b86ec4f8b13a7129a6c.php 第 149 行.
NOTIC: [8] Use of undefined constant orderLose - assumed 'orderLose' D:\phpStudy\WWW\btc\pc\Application\Runtime\Cache\Admin\4a8b8d4a46404b86ec4f8b13a7129a6c.php 第 209 行.
NOTIC: [8] Use of undefined constant getOrderList - assumed 'getOrderList' D:\phpStudy\WWW\btc\pc\Application\Runtime\Cache\Admin\4a8b8d4a46404b86ec4f8b13a7129a6c.php 第 251 行.
INFO: Run Behavior\ParseTemplateBehavior [ RunTime:0.011001s ]
INFO: [ view_parse ] --END-- [ RunTime:0.011001s ]
INFO: [ view_filter ] --START--
INFO: Run Behavior\WriteHtmlCacheBehavior [ RunTime:0.001000s ]
INFO: [ view_filter ] --END-- [ RunTime:0.001000s ]
INFO: [ app_end ] --START--
INFO: Run Behavior\ShowPageTraceBehavior [ RunTime:0.001000s ]
INFO: [ app_end ] --END-- [ RunTime:0.001000s ]

[ 2018-09-14T12:21:55+08:00 ] ::1 /Admin/Order/getOrderList.html?page=1&limit=30
INFO: [ app_init ] --START--
INFO: Run Behavior\BuildLiteBehavior [ RunTime:0.000000s ]
INFO: [ app_init ] --END-- [ RunTime:0.000000s ]
INFO: [ app_begin ] --START--
INFO: Run Behavior\ReadHtmlCacheBehavior [ RunTime:0.000000s ]
INFO: Run Behavior\CheckLangBehavior [ RunTime:0.004001s ]
INFO: [ app_begin ] --END-- [ RunTime:0.004001s ]
SQL: SHOW COLUMNS FROM `btc_admin` [ RunTime:0.0040s ]
SQL: SELECT COUNT(*) AS tp_count FROM `btc_admin` WHERE `user_name` = 'zyan001' AND `pass_word` = '62fa7bbe115476d6b10ecb376839e996' LIMIT 1   [ RunTime:0.0000s ]
SQL: SELECT `admin_id` FROM `btc_admin` WHERE `user_name` = 'zyan001' LIMIT 1   [ RunTime:0.0000s ]
SQL: SHOW COLUMNS FROM `btc_order_info` [ RunTime:0.0030s ]
SQL: SELECT COUNT(*) AS tp_count FROM btc_order_info as oi INNER JOIN btc_user as bu on bu.user_id = oi.user_id and bu.is_deleted =0  WHERE oi.is_deleted = 0 AND oi.status = 0 LIMIT 1   [ RunTime:0.0010s ]
SQL: SELECT oi.*,bu.user_name FROM btc_order_info as oi INNER JOIN btc_user as bu on bu.user_id = oi.user_id and bu.is_deleted =0  WHERE oi.is_deleted = 0 AND oi.status = 0 ORDER BY oi.create_time desc LIMIT 0,30   [ RunTime:0.0010s ]
NOTIC: [8192] Non-static method StatusCode::code() should not be called statically D:\phpStudy\WWW\btc\pc\Application\Admin\Controller\OrderController.class.php 第 79 行.

[ 2018-09-14T12:22:15+08:00 ] ::1 /Admin/Order/OrderList.html
INFO: [ app_init ] --START--
INFO: Run Behavior\BuildLiteBehavior [ RunTime:0.000000s ]
INFO: [ app_init ] --END-- [ RunTime:0.000000s ]
INFO: [ app_begin ] --START--
INFO: Run Behavior\ReadHtmlCacheBehavior [ RunTime:0.000000s ]
INFO: Run Behavior\CheckLangBehavior [ RunTime:0.002000s ]
INFO: [ app_begin ] --END-- [ RunTime:0.003000s ]
SQL: SHOW COLUMNS FROM `btc_admin` [ RunTime:0.0030s ]
SQL: SELECT COUNT(*) AS tp_count FROM `btc_admin` WHERE `user_name` = 'zyan001' AND `pass_word` = '62fa7bbe115476d6b10ecb376839e996' LIMIT 1   [ RunTime:0.0000s ]
SQL: SELECT `admin_id` FROM `btc_admin` WHERE `user_name` = 'zyan001' LIMIT 1   [ RunTime:0.0000s ]
INFO: [ view_parse ] --START--
INFO: [ template_filter ] --START--
INFO: Run Behavior\ContentReplaceBehavior [ RunTime:0.000000s ]
INFO: [ template_filter ] --END-- [ RunTime:0.000000s ]
NOTIC: [8] Use of undefined constant getOrderList - assumed 'getOrderList' D:\phpStudy\WWW\btc\pc\Application\Runtime\Cache\Admin\4a8b8d4a46404b86ec4f8b13a7129a6c.php 第 79 行.
NOTIC: [8] Use of undefined constant orderAuditInfo - assumed 'orderAuditInfo' D:\phpStudy\WWW\btc\pc\Application\Runtime\Cache\Admin\4a8b8d4a46404b86ec4f8b13a7129a6c.php 第 142 行.
NOTIC: [8] Use of undefined constant orderSuccess - assumed 'orderSuccess' D:\phpStudy\WWW\btc\pc\Application\Runtime\Cache\Admin\4a8b8d4a46404b86ec4f8b13a7129a6c.php 第 150 行.
NOTIC: [8] Use of undefined constant orderLose - assumed 'orderLose' D:\phpStudy\WWW\btc\pc\Application\Runtime\Cache\Admin\4a8b8d4a46404b86ec4f8b13a7129a6c.php 第 210 行.
NOTIC: [8] Use of undefined constant getOrderList - assumed 'getOrderList' D:\phpStudy\WWW\btc\pc\Application\Runtime\Cache\Admin\4a8b8d4a46404b86ec4f8b13a7129a6c.php 第 252 行.
INFO: Run Behavior\ParseTemplateBehavior [ RunTime:0.010001s ]
INFO: [ view_parse ] --END-- [ RunTime:0.010001s ]
INFO: [ view_filter ] --START--
INFO: Run Behavior\WriteHtmlCacheBehavior [ RunTime:0.001000s ]
INFO: [ view_filter ] --END-- [ RunTime:0.001000s ]
INFO: [ app_end ] --START--
INFO: Run Behavior\ShowPageTraceBehavior [ RunTime:0.000000s ]
INFO: [ app_end ] --END-- [ RunTime:0.000000s ]

[ 2018-09-14T12:22:16+08:00 ] ::1 /Admin/Order/getOrderList.html?page=1&limit=30
INFO: [ app_init ] --START--
INFO: Run Behavior\BuildLiteBehavior [ RunTime:0.000000s ]
INFO: [ app_init ] --END-- [ RunTime:0.000000s ]
INFO: [ app_begin ] --START--
INFO: Run Behavior\ReadHtmlCacheBehavior [ RunTime:0.000000s ]
INFO: Run Behavior\CheckLangBehavior [ RunTime:0.021001s ]
INFO: [ app_begin ] --END-- [ RunTime:0.021001s ]
SQL: SHOW COLUMNS FROM `btc_admin` [ RunTime:0.0030s ]
SQL: SELECT COUNT(*) AS tp_count FROM `btc_admin` WHERE `user_name` = 'zyan001' AND `pass_word` = '62fa7bbe115476d6b10ecb376839e996' LIMIT 1   [ RunTime:0.0010s ]
SQL: SELECT `admin_id` FROM `btc_admin` WHERE `user_name` = 'zyan001' LIMIT 1   [ RunTime:0.0000s ]
SQL: SHOW COLUMNS FROM `btc_order_info` [ RunTime:0.0030s ]
SQL: SELECT COUNT(*) AS tp_count FROM btc_order_info as oi INNER JOIN btc_user as bu on bu.user_id = oi.user_id and bu.is_deleted =0  WHERE oi.is_deleted = 0 AND oi.status = 0 LIMIT 1   [ RunTime:0.0010s ]
SQL: SELECT oi.*,bu.user_name FROM btc_order_info as oi INNER JOIN btc_user as bu on bu.user_id = oi.user_id and bu.is_deleted =0  WHERE oi.is_deleted = 0 AND oi.status = 0 ORDER BY oi.create_time desc LIMIT 0,30   [ RunTime:0.0010s ]
NOTIC: [8192] Non-static method StatusCode::code() should not be called statically D:\phpStudy\WWW\btc\pc\Application\Admin\Controller\OrderController.class.php 第 79 行.

[ 2018-09-14T12:24:56+08:00 ] ::1 /Admin/Order/OrderList.html
INFO: [ app_init ] --START--
INFO: Run Behavior\BuildLiteBehavior [ RunTime:0.000000s ]
INFO: [ app_init ] --END-- [ RunTime:0.000000s ]
INFO: [ app_begin ] --START--
INFO: Run Behavior\ReadHtmlCacheBehavior [ RunTime:0.001000s ]
INFO: Run Behavior\CheckLangBehavior [ RunTime:0.003000s ]
INFO: [ app_begin ] --END-- [ RunTime:0.004000s ]
SQL: SHOW COLUMNS FROM `btc_admin` [ RunTime:0.0060s ]
SQL: SELECT COUNT(*) AS tp_count FROM `btc_admin` WHERE `user_name` = 'zyan001' AND `pass_word` = '62fa7bbe115476d6b10ecb376839e996' LIMIT 1   [ RunTime:0.0000s ]
SQL: SELECT `admin_id` FROM `btc_admin` WHERE `user_name` = 'zyan001' LIMIT 1   [ RunTime:0.0000s ]
INFO: [ view_parse ] --START--
INFO: [ template_filter ] --START--
INFO: Run Behavior\ContentReplaceBehavior [ RunTime:0.000000s ]
INFO: [ template_filter ] --END-- [ RunTime:0.000000s ]
NOTIC: [8] Use of undefined constant getOrderList - assumed 'getOrderList' D:\phpStudy\WWW\btc\pc\Application\Runtime\Cache\Admin\4a8b8d4a46404b86ec4f8b13a7129a6c.php 第 79 行.
NOTIC: [8] Use of undefined constant orderAuditInfo - assumed 'orderAuditInfo' D:\phpStudy\WWW\btc\pc\Application\Runtime\Cache\Admin\4a8b8d4a46404b86ec4f8b13a7129a6c.php 第 143 行.
NOTIC: [8] Use of undefined constant orderSuccess - assumed 'orderSuccess' D:\phpStudy\WWW\btc\pc\Application\Runtime\Cache\Admin\4a8b8d4a46404b86ec4f8b13a7129a6c.php 第 151 行.
NOTIC: [8] Use of undefined constant orderLose - assumed 'orderLose' D:\phpStudy\WWW\btc\pc\Application\Runtime\Cache\Admin\4a8b8d4a46404b86ec4f8b13a7129a6c.php 第 211 行.
NOTIC: [8] Use of undefined constant getOrderList - assumed 'getOrderList' D:\phpStudy\WWW\btc\pc\Application\Runtime\Cache\Admin\4a8b8d4a46404b86ec4f8b13a7129a6c.php 第 253 行.
INFO: Run Behavior\ParseTemplateBehavior [ RunTime:0.014001s ]
INFO: [ view_parse ] --END-- [ RunTime:0.014001s ]
INFO: [ view_filter ] --START--
INFO: Run Behavior\WriteHtmlCacheBehavior [ RunTime:0.000000s ]
INFO: [ view_filter ] --END-- [ RunTime:0.000000s ]
INFO: [ app_end ] --START--
INFO: Run Behavior\ShowPageTraceBehavior [ RunTime:0.001000s ]
INFO: [ app_end ] --END-- [ RunTime:0.001000s ]

[ 2018-09-14T12:24:58+08:00 ] ::1 /Admin/Order/getOrderList.html?page=1&limit=30
INFO: [ app_init ] --START--
INFO: Run Behavior\BuildLiteBehavior [ RunTime:0.000000s ]
INFO: [ app_init ] --END-- [ RunTime:0.001000s ]
INFO: [ app_begin ] --START--
INFO: Run Behavior\ReadHtmlCacheBehavior [ RunTime:0.001000s ]
INFO: Run Behavior\CheckLangBehavior [ RunTime:0.003000s ]
INFO: [ app_begin ] --END-- [ RunTime:0.004000s ]
SQL: SHOW COLUMNS FROM `btc_admin` [ RunTime:0.0020s ]
SQL: SELECT COUNT(*) AS tp_count FROM `btc_admin` WHERE `user_name` = 'zyan001' AND `pass_word` = '62fa7bbe115476d6b10ecb376839e996' LIMIT 1   [ RunTime:0.0000s ]
SQL: SELECT `admin_id` FROM `btc_admin` WHERE `user_name` = 'zyan001' LIMIT 1   [ RunTime:0.0000s ]
SQL: SHOW COLUMNS FROM `btc_order_info` [ RunTime:0.0030s ]
SQL: SELECT COUNT(*) AS tp_count FROM btc_order_info as oi INNER JOIN btc_user as bu on bu.user_id = oi.user_id and bu.is_deleted =0  WHERE oi.is_deleted = 0 AND oi.status = 0 LIMIT 1   [ RunTime:0.0010s ]
SQL: SELECT oi.*,bu.user_name FROM btc_order_info as oi INNER JOIN btc_user as bu on bu.user_id = oi.user_id and bu.is_deleted =0  WHERE oi.is_deleted = 0 AND oi.status = 0 ORDER BY oi.create_time desc LIMIT 0,30   [ RunTime:0.0010s ]
NOTIC: [8192] Non-static method StatusCode::code() should not be called statically D:\phpStudy\WWW\btc\pc\Application\Admin\Controller\OrderController.class.php 第 79 行.

[ 2018-09-14T12:25:36+08:00 ] ::1 /Admin/Order/OrderList.html
INFO: [ app_init ] --START--
INFO: Run Behavior\BuildLiteBehavior [ RunTime:0.000000s ]
INFO: [ app_init ] --END-- [ RunTime:0.000000s ]
INFO: [ app_begin ] --START--
INFO: Run Behavior\ReadHtmlCacheBehavior [ RunTime:0.001000s ]
INFO: Run Behavior\CheckLangBehavior [ RunTime:0.003000s ]
INFO: [ app_begin ] --END-- [ RunTime:0.004000s ]
SQL: SHOW COLUMNS FROM `btc_admin` [ RunTime:0.0030s ]
SQL: SELECT COUNT(*) AS tp_count FROM `btc_admin` WHERE `user_name` = 'zyan001' AND `pass_word` = '62fa7bbe115476d6b10ecb376839e996' LIMIT 1   [ RunTime:0.0000s ]
SQL: SELECT `admin_id` FROM `btc_admin` WHERE `user_name` = 'zyan001' LIMIT 1   [ RunTime:0.0010s ]
INFO: [ view_parse ] --START--
INFO: [ template_filter ] --START--
INFO: Run Behavior\ContentReplaceBehavior [ RunTime:0.000000s ]
INFO: [ template_filter ] --END-- [ RunTime:0.000000s ]
NOTIC: [8] Use of undefined constant getOrderList - assumed 'getOrderList' D:\phpStudy\WWW\btc\pc\Application\Runtime\Cache\Admin\4a8b8d4a46404b86ec4f8b13a7129a6c.php 第 79 行.
NOTIC: [8] Use of undefined constant orderAuditInfo - assumed 'orderAuditInfo' D:\phpStudy\WWW\btc\pc\Application\Runtime\Cache\Admin\4a8b8d4a46404b86ec4f8b13a7129a6c.php 第 142 行.
NOTIC: [8] Use of undefined constant orderSuccess - assumed 'orderSuccess' D:\phpStudy\WWW\btc\pc\Application\Runtime\Cache\Admin\4a8b8d4a46404b86ec4f8b13a7129a6c.php 第 150 行.
NOTIC: [8] Use of undefined constant orderLose - assumed 'orderLose' D:\phpStudy\WWW\btc\pc\Application\Runtime\Cache\Admin\4a8b8d4a46404b86ec4f8b13a7129a6c.php 第 210 行.
NOTIC: [8] Use of undefined constant getOrderList - assumed 'getOrderList' D:\phpStudy\WWW\btc\pc\Application\Runtime\Cache\Admin\4a8b8d4a46404b86ec4f8b13a7129a6c.php 第 252 行.
INFO: Run Behavior\ParseTemplateBehavior [ RunTime:0.013000s ]
INFO: [ view_parse ] --END-- [ RunTime:0.013000s ]
INFO: [ view_filter ] --START--
INFO: Run Behavior\WriteHtmlCacheBehavior [ RunTime:0.000000s ]
INFO: [ view_filter ] --END-- [ RunTime:0.000000s ]
INFO: [ app_end ] --START--
INFO: Run Behavior\ShowPageTraceBehavior [ RunTime:0.001000s ]
INFO: [ app_end ] --END-- [ RunTime:0.001000s ]

[ 2018-09-14T12:25:37+08:00 ] ::1 /Admin/Order/getOrderList.html?page=1&limit=30
INFO: [ app_init ] --START--
INFO: Run Behavior\BuildLiteBehavior [ RunTime:0.000000s ]
INFO: [ app_init ] --END-- [ RunTime:0.000000s ]
INFO: [ app_begin ] --START--
INFO: Run Behavior\ReadHtmlCacheBehavior [ RunTime:0.001000s ]
INFO: Run Behavior\CheckLangBehavior [ RunTime:0.003000s ]
INFO: [ app_begin ] --END-- [ RunTime:0.004000s ]
SQL: SHOW COLUMNS FROM `btc_admin` [ RunTime:0.0030s ]
SQL: SELECT COUNT(*) AS tp_count FROM `btc_admin` WHERE `user_name` = 'zyan001' AND `pass_word` = '62fa7bbe115476d6b10ecb376839e996' LIMIT 1   [ RunTime:0.0000s ]
SQL: SELECT `admin_id` FROM `btc_admin` WHERE `user_name` = 'zyan001' LIMIT 1   [ RunTime:0.0010s ]
SQL: SHOW COLUMNS FROM `btc_order_info` [ RunTime:0.0030s ]
SQL: SELECT COUNT(*) AS tp_count FROM btc_order_info as oi INNER JOIN btc_user as bu on bu.user_id = oi.user_id and bu.is_deleted =0  WHERE oi.is_deleted = 0 AND oi.status = 0 LIMIT 1   [ RunTime:0.0010s ]
SQL: SELECT oi.*,bu.user_name FROM btc_order_info as oi INNER JOIN btc_user as bu on bu.user_id = oi.user_id and bu.is_deleted =0  WHERE oi.is_deleted = 0 AND oi.status = 0 ORDER BY oi.create_time desc LIMIT 0,30   [ RunTime:0.0010s ]
NOTIC: [8192] Non-static method StatusCode::code() should not be called statically D:\phpStudy\WWW\btc\pc\Application\Admin\Controller\OrderController.class.php 第 79 行.

[ 2018-09-14T12:25:54+08:00 ] ::1 /Admin/Order/OrderListAll.html
INFO: [ app_init ] --START--
INFO: Run Behavior\BuildLiteBehavior [ RunTime:0.000000s ]
INFO: [ app_init ] --END-- [ RunTime:0.000000s ]
INFO: [ app_begin ] --START--
INFO: Run Behavior\ReadHtmlCacheBehavior [ RunTime:0.001000s ]
INFO: Run Behavior\CheckLangBehavior [ RunTime:0.003000s ]
INFO: [ app_begin ] --END-- [ RunTime:0.004000s ]
SQL: SHOW COLUMNS FROM `btc_admin` [ RunTime:0.0030s ]
SQL: SELECT COUNT(*) AS tp_count FROM `btc_admin` WHERE `user_name` = 'zyan001' AND `pass_word` = '62fa7bbe115476d6b10ecb376839e996' LIMIT 1   [ RunTime:0.0010s ]
SQL: SELECT `admin_id` FROM `btc_admin` WHERE `user_name` = 'zyan001' LIMIT 1   [ RunTime:0.0000s ]
INFO: [ view_parse ] --START--
INFO: [ template_filter ] --START--
INFO: Run Behavior\ContentReplaceBehavior [ RunTime:0.000000s ]
INFO: [ template_filter ] --END-- [ RunTime:0.000000s ]
NOTIC: [8] Use of undefined constant getOrderListAll - assumed 'getOrderListAll' D:\phpStudy\WWW\btc\pc\Application\Runtime\Cache\Admin\3bed188a6b80e8225450c63e0563e8d7.php 第 67 行.
NOTIC: [8] Use of undefined constant getOrderListAll - assumed 'getOrderListAll' D:\phpStudy\WWW\btc\pc\Application\Runtime\Cache\Admin\3bed188a6b80e8225450c63e0563e8d7.php 第 125 行.
INFO: Run Behavior\ParseTemplateBehavior [ RunTime:0.007000s ]
INFO: [ view_parse ] --END-- [ RunTime:0.007000s ]
INFO: [ view_filter ] --START--
INFO: Run Behavior\WriteHtmlCacheBehavior [ RunTime:0.000000s ]
INFO: [ view_filter ] --END-- [ RunTime:0.000000s ]
INFO: [ app_end ] --START--
INFO: Run Behavior\ShowPageTraceBehavior [ RunTime:0.001001s ]
INFO: [ app_end ] --END-- [ RunTime:0.001001s ]

[ 2018-09-14T12:25:55+08:00 ] ::1 /Admin/Order/getOrderListAll.html?page=1&limit=30
INFO: [ app_init ] --START--
INFO: Run Behavior\BuildLiteBehavior [ RunTime:0.000000s ]
INFO: [ app_init ] --END-- [ RunTime:0.001000s ]
INFO: [ app_begin ] --START--
INFO: Run Behavior\ReadHtmlCacheBehavior [ RunTime:0.001000s ]
INFO: Run Behavior\CheckLangBehavior [ RunTime:0.003000s ]
INFO: [ app_begin ] --END-- [ RunTime:0.004000s ]
SQL: SHOW COLUMNS FROM `btc_admin` [ RunTime:0.0040s ]
SQL: SELECT COUNT(*) AS tp_count FROM `btc_admin` WHERE `user_name` = 'zyan001' AND `pass_word` = '62fa7bbe115476d6b10ecb376839e996' LIMIT 1   [ RunTime:0.0000s ]
SQL: SELECT `admin_id` FROM `btc_admin` WHERE `user_name` = 'zyan001' LIMIT 1   [ RunTime:0.0000s ]
SQL: SHOW COLUMNS FROM `btc_order_info` [ RunTime:0.0020s ]
SQL: SELECT COUNT(*) AS tp_count FROM btc_order_info as oi INNER JOIN btc_user as bu on bu.user_id = oi.user_id and bu.is_deleted =0  WHERE oi.is_deleted = 0 LIMIT 1   [ RunTime:0.0010s ]
SQL: SELECT oi.*,bu.user_name FROM btc_order_info as oi INNER JOIN btc_user as bu on bu.user_id = oi.user_id and bu.is_deleted =0  WHERE oi.is_deleted = 0 ORDER BY oi.create_time desc LIMIT 0,30   [ RunTime:0.0010s ]
NOTIC: [8192] Non-static method StatusCode::code() should not be called statically D:\phpStudy\WWW\btc\pc\Application\Admin\Controller\OrderController.class.php 第 45 行.

[ 2018-09-14T12:27:48+08:00 ] ::1 /Admin/Order/OrderListAll.html
INFO: [ app_init ] --START--
INFO: Run Behavior\BuildLiteBehavior [ RunTime:0.000000s ]
INFO: [ app_init ] --END-- [ RunTime:0.001000s ]
INFO: [ app_begin ] --START--
INFO: Run Behavior\ReadHtmlCacheBehavior [ RunTime:0.001000s ]
INFO: Run Behavior\CheckLangBehavior [ RunTime:0.003000s ]
INFO: [ app_begin ] --END-- [ RunTime:0.004000s ]
SQL: SHOW COLUMNS FROM `btc_admin` [ RunTime:0.0030s ]
SQL: SELECT COUNT(*) AS tp_count FROM `btc_admin` WHERE `user_name` = 'zyan001' AND `pass_word` = '62fa7bbe115476d6b10ecb376839e996' LIMIT 1   [ RunTime:0.0010s ]
SQL: SELECT `admin_id` FROM `btc_admin` WHERE `user_name` = 'zyan001' LIMIT 1   [ RunTime:0.0000s ]
INFO: [ view_parse ] --START--
INFO: [ template_filter ] --START--
INFO: Run Behavior\ContentReplaceBehavior [ RunTime:0.000000s ]
INFO: [ template_filter ] --END-- [ RunTime:0.000000s ]
NOTIC: [8] Use of undefined constant getOrderListAll - assumed 'getOrderListAll' D:\phpStudy\WWW\btc\pc\Application\Runtime\Cache\Admin\3bed188a6b80e8225450c63e0563e8d7.php 第 67 行.
NOTIC: [8] Use of undefined constant getOrderListAll - assumed 'getOrderListAll' D:\phpStudy\WWW\btc\pc\Application\Runtime\Cache\Admin\3bed188a6b80e8225450c63e0563e8d7.php 第 126 行.
INFO: Run Behavior\ParseTemplateBehavior [ RunTime:0.010001s ]
INFO: [ view_parse ] --END-- [ RunTime:0.010001s ]
INFO: [ view_filter ] --START--
INFO: Run Behavior\WriteHtmlCacheBehavior [ RunTime:0.001000s ]
INFO: [ view_filter ] --END-- [ RunTime:0.001000s ]
INFO: [ app_end ] --START--
INFO: Run Behavior\ShowPageTraceBehavior [ RunTime:0.001000s ]
INFO: [ app_end ] --END-- [ RunTime:0.001000s ]

[ 2018-09-14T12:27:50+08:00 ] ::1 /Admin/Order/getOrderListAll.html?page=1&limit=30
INFO: [ app_init ] --START--
INFO: Run Behavior\BuildLiteBehavior [ RunTime:0.000000s ]
INFO: [ app_init ] --END-- [ RunTime:0.000000s ]
INFO: [ app_begin ] --START--
INFO: Run Behavior\ReadHtmlCacheBehavior [ RunTime:0.001000s ]
INFO: Run Behavior\CheckLangBehavior [ RunTime:0.003000s ]
INFO: [ app_begin ] --END-- [ RunTime:0.004000s ]
SQL: SHOW COLUMNS FROM `btc_admin` [ RunTime:0.0030s ]
SQL: SELECT COUNT(*) AS tp_count FROM `btc_admin` WHERE `user_name` = 'zyan001' AND `pass_word` = '62fa7bbe115476d6b10ecb376839e996' LIMIT 1   [ RunTime:0.0010s ]
SQL: SELECT `admin_id` FROM `btc_admin` WHERE `user_name` = 'zyan001' LIMIT 1   [ RunTime:0.0000s ]
SQL: SHOW COLUMNS FROM `btc_order_info` [ RunTime:0.0030s ]
SQL: SELECT COUNT(*) AS tp_count FROM btc_order_info as oi INNER JOIN btc_user as bu on bu.user_id = oi.user_id and bu.is_deleted =0  WHERE oi.is_deleted = 0 LIMIT 1   [ RunTime:0.0020s ]
SQL: SELECT oi.*,bu.user_name FROM btc_order_info as oi INNER JOIN btc_user as bu on bu.user_id = oi.user_id and bu.is_deleted =0  WHERE oi.is_deleted = 0 ORDER BY oi.create_time desc LIMIT 0,30   [ RunTime:0.0020s ]
NOTIC: [8192] Non-static method StatusCode::code() should not be called statically D:\phpStudy\WWW\btc\pc\Application\Admin\Controller\OrderController.class.php 第 45 行.

[ 2018-09-14T12:28:03+08:00 ] ::1 /Admin/Order/OrderList.html
INFO: [ app_init ] --START--
INFO: Run Behavior\BuildLiteBehavior [ RunTime:0.000000s ]
INFO: [ app_init ] --END-- [ RunTime:0.001000s ]
INFO: [ app_begin ] --START--
INFO: Run Behavior\ReadHtmlCacheBehavior [ RunTime:0.001000s ]
INFO: Run Behavior\CheckLangBehavior [ RunTime:0.003000s ]
INFO: [ app_begin ] --END-- [ RunTime:0.004000s ]
SQL: SHOW COLUMNS FROM `btc_admin` [ RunTime:0.0030s ]
SQL: SELECT COUNT(*) AS tp_count FROM `btc_admin` WHERE `user_name` = 'zyan001' AND `pass_word` = '62fa7bbe115476d6b10ecb376839e996' LIMIT 1   [ RunTime:0.0000s ]
SQL: SELECT `admin_id` FROM `btc_admin` WHERE `user_name` = 'zyan001' LIMIT 1   [ RunTime:0.0000s ]
INFO: [ view_parse ] --START--
INFO: [ template_filter ] --START--
INFO: Run Behavior\ContentReplaceBehavior [ RunTime:0.001000s ]
INFO: [ template_filter ] --END-- [ RunTime:0.001000s ]
NOTIC: [8] Use of undefined constant getOrderList - assumed 'getOrderList' D:\phpStudy\WWW\btc\pc\Application\Runtime\Cache\Admin\4a8b8d4a46404b86ec4f8b13a7129a6c.php 第 79 行.
NOTIC: [8] Use of undefined constant orderAuditInfo - assumed 'orderAuditInfo' D:\phpStudy\WWW\btc\pc\Application\Runtime\Cache\Admin\4a8b8d4a46404b86ec4f8b13a7129a6c.php 第 142 行.
NOTIC: [8] Use of undefined constant orderSuccess - assumed 'orderSuccess' D:\phpStudy\WWW\btc\pc\Application\Runtime\Cache\Admin\4a8b8d4a46404b86ec4f8b13a7129a6c.php 第 150 行.
NOTIC: [8] Use of undefined constant orderLose - assumed 'orderLose' D:\phpStudy\WWW\btc\pc\Application\Runtime\Cache\Admin\4a8b8d4a46404b86ec4f8b13a7129a6c.php 第 210 行.
NOTIC: [8] Use of undefined constant getOrderList - assumed 'getOrderList' D:\phpStudy\WWW\btc\pc\Application\Runtime\Cache\Admin\4a8b8d4a46404b86ec4f8b13a7129a6c.php 第 252 行.
INFO: Run Behavior\ParseTemplateBehavior [ RunTime:0.008001s ]
INFO: [ view_parse ] --END-- [ RunTime:0.008001s ]
INFO: [ view_filter ] --START--
INFO: Run Behavior\WriteHtmlCacheBehavior [ RunTime:0.001000s ]
INFO: [ view_filter ] --END-- [ RunTime:0.001000s ]
INFO: [ app_end ] --START--
INFO: Run Behavior\ShowPageTraceBehavior [ RunTime:0.000000s ]
INFO: [ app_end ] --END-- [ RunTime:0.000000s ]

[ 2018-09-14T12:28:04+08:00 ] ::1 /Admin/Order/getOrderList.html?page=1&limit=30
INFO: [ app_init ] --START--
INFO: Run Behavior\BuildLiteBehavior [ RunTime:0.000000s ]
INFO: [ app_init ] --END-- [ RunTime:0.000000s ]
INFO: [ app_begin ] --START--
INFO: Run Behavior\ReadHtmlCacheBehavior [ RunTime:0.001000s ]
INFO: Run Behavior\CheckLangBehavior [ RunTime:0.003001s ]
INFO: [ app_begin ] --END-- [ RunTime:0.004001s ]
SQL: SHOW COLUMNS FROM `btc_admin` [ RunTime:0.0030s ]
SQL: SELECT COUNT(*) AS tp_count FROM `btc_admin` WHERE `user_name` = 'zyan001' AND `pass_word` = '62fa7bbe115476d6b10ecb376839e996' LIMIT 1   [ RunTime:0.0000s ]
SQL: SELECT `admin_id` FROM `btc_admin` WHERE `user_name` = 'zyan001' LIMIT 1   [ RunTime:0.0000s ]
SQL: SHOW COLUMNS FROM `btc_order_info` [ RunTime:0.0030s ]
SQL: SELECT COUNT(*) AS tp_count FROM btc_order_info as oi INNER JOIN btc_user as bu on bu.user_id = oi.user_id and bu.is_deleted =0  WHERE oi.is_deleted = 0 AND oi.status = 0 LIMIT 1   [ RunTime:0.0000s ]
SQL: SELECT oi.*,bu.user_name FROM btc_order_info as oi INNER JOIN btc_user as bu on bu.user_id = oi.user_id and bu.is_deleted =0  WHERE oi.is_deleted = 0 AND oi.status = 0 ORDER BY oi.create_time desc LIMIT 0,30   [ RunTime:0.0000s ]
NOTIC: [8192] Non-static method StatusCode::code() should not be called statically D:\phpStudy\WWW\btc\pc\Application\Admin\Controller\OrderController.class.php 第 79 行.

