[ 2018-11-02T20:09:14+08:00 ] 127.0.0.1 /admin
INFO: [ app_init ] --START--
INFO: Run Behavior\BuildLiteBehavior [ RunTime:0.000035s ]
INFO: [ app_init ] --END-- [ RunTime:0.003850s ]
INFO: [ app_begin ] --START--
INFO: Run Behavior\ReadHtmlCacheBehavior [ RunTime:0.002744s ]
INFO: Run Behavior\CheckLangBehavior [ RunTime:0.013478s ]
INFO: [ app_begin ] --END-- [ RunTime:0.016476s ]
INFO: [ view_parse ] --START--
INFO: [ template_filter ] --START--
INFO: Run Behavior\ContentReplaceBehavior [ RunTime:0.002882s ]
INFO: [ template_filter ] --END-- [ RunTime:0.003044s ]
INFO: Run Behavior\ParseTemplateBehavior [ RunTime:0.084695s ]
INFO: [ view_parse ] --END-- [ RunTime:0.084889s ]
INFO: [ view_filter ] --START--
INFO: Run Behavior\WriteHtmlCacheBehavior [ RunTime:0.002118s ]
INFO: [ view_filter ] --END-- [ RunTime:0.002437s ]
INFO: [ app_end ] --START--
INFO: Run Behavior\ShowPageTraceBehavior [ RunTime:0.003584s ]
INFO: [ app_end ] --END-- [ RunTime:0.003741s ]

[ 2018-11-02T20:09:14+08:00 ] 192.168.0.128 /Admin/Login
INFO: [ app_init ] --START--
INFO: Run Behavior\BuildLiteBehavior [ RunTime:0.000025s ]
INFO: [ app_init ] --END-- [ RunTime:0.001289s ]
INFO: [ app_begin ] --START--
INFO: Run Behavior\ReadHtmlCacheBehavior [ RunTime:0.003667s ]
INFO: Run Behavior\CheckLangBehavior [ RunTime:0.021835s ]
INFO: [ app_begin ] --END-- [ RunTime:0.025750s ]
INFO: [ app_end ] --START--
INFO: Run Behavior\ShowPageTraceBehavior [ RunTime:0.002439s ]
INFO: [ app_end ] --END-- [ RunTime:0.002607s ]

[ 2018-11-02T20:09:23+08:00 ] 192.168.0.128 /admin/login?key=ajKTowXwmOoapxtD
INFO: [ app_init ] --START--
INFO: Run Behavior\BuildLiteBehavior [ RunTime:0.000011s ]
INFO: [ app_init ] --END-- [ RunTime:0.000491s ]
INFO: [ app_begin ] --START--
INFO: Run Behavior\ReadHtmlCacheBehavior [ RunTime:0.001550s ]
INFO: Run Behavior\CheckLangBehavior [ RunTime:0.004348s ]
INFO: [ app_begin ] --END-- [ RunTime:0.006079s ]
INFO: [ view_parse ] --START--
INFO: [ template_filter ] --START--
INFO: Run Behavior\ContentReplaceBehavior [ RunTime:0.000093s ]
INFO: [ template_filter ] --END-- [ RunTime:0.000155s ]
NOTIC: [8] Use of undefined constant getAccount - assumed 'getAccount' D:\phpStudy\WWW\btc\pc\Application\Runtime\Cache\Admin\32ec6c906c117a7c2bf504769276d87a.php 第 108 行.
INFO: Run Behavior\ParseTemplateBehavior [ RunTime:0.013667s ]
INFO: [ view_parse ] --END-- [ RunTime:0.013726s ]
INFO: [ view_filter ] --START--
INFO: Run Behavior\WriteHtmlCacheBehavior [ RunTime:0.000673s ]
INFO: [ view_filter ] --END-- [ RunTime:0.000717s ]
INFO: [ app_end ] --START--
INFO: Run Behavior\ShowPageTraceBehavior [ RunTime:0.000908s ]
INFO: [ app_end ] --END-- [ RunTime:0.000955s ]

[ 2018-11-02T20:09:23+08:00 ] 192.168.0.128 /Admin/Login/verify
INFO: [ app_init ] --START--
INFO: Run Behavior\BuildLiteBehavior [ RunTime:0.000014s ]
INFO: [ app_init ] --END-- [ RunTime:0.000603s ]
INFO: [ app_begin ] --START--
INFO: Run Behavior\ReadHtmlCacheBehavior [ RunTime:0.001392s ]
INFO: Run Behavior\CheckLangBehavior [ RunTime:0.017903s ]
INFO: [ app_begin ] --END-- [ RunTime:0.019439s ]
INFO: [ app_end ] --START--
INFO: Run Behavior\ShowPageTraceBehavior [ RunTime:0.001246s ]
INFO: [ app_end ] --END-- [ RunTime:0.001332s ]

[ 2018-11-02T20:09:23+08:00 ] 192.168.0.128 /admin/favicon.ico
INFO: [ app_init ] --START--
INFO: Run Behavior\BuildLiteBehavior [ RunTime:0.000030s ]
INFO: [ app_init ] --END-- [ RunTime:0.000707s ]

[ 2018-11-02T20:09:33+08:00 ] 192.168.0.128 /Admin/Login/getAccount.html
INFO: [ app_init ] --START--
INFO: Run Behavior\BuildLiteBehavior [ RunTime:0.000014s ]
INFO: [ app_init ] --END-- [ RunTime:0.000570s ]
INFO: [ app_begin ] --START--
INFO: Run Behavior\ReadHtmlCacheBehavior [ RunTime:0.000885s ]
INFO: Run Behavior\CheckLangBehavior [ RunTime:0.003534s ]
INFO: [ app_begin ] --END-- [ RunTime:0.004506s ]
SQL: SHOW COLUMNS FROM `btc_admin` [ RunTime:0.0236s ]
SQL: SELECT COUNT(*) AS tp_count FROM `btc_admin` WHERE `user_name` = 'admin001' LIMIT 1   [ RunTime:0.0006s ]
SQL: SELECT COUNT(*) AS tp_count FROM `btc_admin` WHERE `user_name` = 'admin001' AND `pass_word` = '62fa7bbe115476d6b10ecb376839e996' LIMIT 1   [ RunTime:0.0003s ]
NOTIC: [8192] Non-static method StatusCode::code() should not be called statically D:\phpStudy\WWW\btc\pc\Application\Admin\Controller\LoginController.class.php 第 55 行.

[ 2018-11-02T20:09:33+08:00 ] 192.168.0.128 /Admin/Login/verify?0.480711331652085
INFO: [ app_init ] --START--
INFO: Run Behavior\BuildLiteBehavior [ RunTime:0.000013s ]
INFO: [ app_init ] --END-- [ RunTime:0.000703s ]
INFO: [ app_begin ] --START--
INFO: Run Behavior\ReadHtmlCacheBehavior [ RunTime:0.001283s ]
INFO: Run Behavior\CheckLangBehavior [ RunTime:0.006931s ]
INFO: [ app_begin ] --END-- [ RunTime:0.008483s ]
INFO: [ app_end ] --START--
INFO: Run Behavior\ShowPageTraceBehavior [ RunTime:0.001360s ]
INFO: [ app_end ] --END-- [ RunTime:0.001685s ]

[ 2018-11-02T20:09:38+08:00 ] 192.168.0.128 /Admin/Index
INFO: [ app_init ] --START--
INFO: Run Behavior\BuildLiteBehavior [ RunTime:0.000015s ]
INFO: [ app_init ] --END-- [ RunTime:0.000593s ]
INFO: [ app_begin ] --START--
INFO: Run Behavior\ReadHtmlCacheBehavior [ RunTime:0.000989s ]
INFO: Run Behavior\CheckLangBehavior [ RunTime:0.006879s ]
INFO: [ app_begin ] --END-- [ RunTime:0.008002s ]
SQL: SHOW COLUMNS FROM `btc_admin` [ RunTime:0.0089s ]
SQL: SELECT COUNT(*) AS tp_count FROM `btc_admin` WHERE `user_name` = 'admin001' AND `pass_word` = '62fa7bbe115476d6b10ecb376839e996' LIMIT 1   [ RunTime:0.0003s ]
SQL: SELECT `admin_id` FROM `btc_admin` WHERE `user_name` = 'admin001' LIMIT 1   [ RunTime:0.0002s ]
INFO: [ view_parse ] --START--
INFO: [ template_filter ] --START--
INFO: Run Behavior\ContentReplaceBehavior [ RunTime:0.000256s ]
INFO: [ template_filter ] --END-- [ RunTime:0.000329s ]
INFO: Run Behavior\ParseTemplateBehavior [ RunTime:0.019495s ]
INFO: [ view_parse ] --END-- [ RunTime:0.019557s ]
INFO: [ view_filter ] --START--
INFO: Run Behavior\WriteHtmlCacheBehavior [ RunTime:0.001113s ]
INFO: [ view_filter ] --END-- [ RunTime:0.001212s ]
INFO: [ app_end ] --START--
INFO: Run Behavior\ShowPageTraceBehavior [ RunTime:0.001652s ]
INFO: [ app_end ] --END-- [ RunTime:0.001792s ]

[ 2018-11-02T20:09:39+08:00 ] 192.168.0.128 /Admin/Index/identity
INFO: [ app_init ] --START--
INFO: Run Behavior\BuildLiteBehavior [ RunTime:0.000019s ]
INFO: [ app_init ] --END-- [ RunTime:0.000923s ]
INFO: [ app_begin ] --START--
INFO: Run Behavior\ReadHtmlCacheBehavior [ RunTime:0.003412s ]
INFO: Run Behavior\CheckLangBehavior [ RunTime:0.029890s ]
INFO: [ app_begin ] --END-- [ RunTime:0.033558s ]
SQL: SHOW COLUMNS FROM `btc_admin` [ RunTime:0.0095s ]
SQL: SELECT COUNT(*) AS tp_count FROM `btc_admin` WHERE `user_name` = 'admin001' AND `pass_word` = '62fa7bbe115476d6b10ecb376839e996' LIMIT 1   [ RunTime:0.0003s ]
SQL: SELECT `admin_id` FROM `btc_admin` WHERE `user_name` = 'admin001' LIMIT 1   [ RunTime:0.0007s ]
SQL: SELECT `identity` FROM `btc_admin` WHERE `admin_id` = 'admin001'  [ RunTime:0.0005s ]
NOTIC: [8192] Non-static method StatusCode::code() should not be called statically D:\phpStudy\WWW\btc\pc\Application\Admin\Controller\IndexController.class.php 第 111 行.

[ 2018-11-02T20:09:41+08:00 ] 192.168.0.128 /Admin/Index/init
INFO: [ app_init ] --START--
INFO: Run Behavior\BuildLiteBehavior [ RunTime:0.000046s ]
INFO: [ app_init ] --END-- [ RunTime:0.001523s ]
INFO: [ app_begin ] --START--
INFO: Run Behavior\ReadHtmlCacheBehavior [ RunTime:0.002723s ]
INFO: Run Behavior\CheckLangBehavior [ RunTime:0.015835s ]
INFO: [ app_begin ] --END-- [ RunTime:0.018718s ]
SQL: SHOW COLUMNS FROM `btc_admin` [ RunTime:0.0130s ]
SQL: SELECT COUNT(*) AS tp_count FROM `btc_admin` WHERE `user_name` = 'admin001' AND `pass_word` = '62fa7bbe115476d6b10ecb376839e996' LIMIT 1   [ RunTime:0.0004s ]
SQL: SELECT `admin_id` FROM `btc_admin` WHERE `user_name` = 'admin001' LIMIT 1   [ RunTime:0.0002s ]
SQL: SHOW COLUMNS FROM `btc_up_order` [ RunTime:0.0160s ]
SQL: SELECT COUNT(*) AS tp_count FROM `btc_up_order` WHERE `is_deleted` = 0 AND `status` = 0 LIMIT 1   [ RunTime:0.0005s ]
NOTIC: [8192] Non-static method StatusCode::code() should not be called statically D:\phpStudy\WWW\btc\pc\Application\Admin\Controller\IndexController.class.php 第 95 行.

[ 2018-11-02T20:09:41+08:00 ] 192.168.0.128 /Admin/favicon.ico
INFO: [ app_init ] --START--
INFO: Run Behavior\BuildLiteBehavior [ RunTime:0.000013s ]
INFO: [ app_init ] --END-- [ RunTime:0.000504s ]

[ 2018-11-02T20:09:46+08:00 ] 192.168.0.128 /Admin/Bocai/index.html
INFO: [ app_init ] --START--
INFO: Run Behavior\BuildLiteBehavior [ RunTime:0.000032s ]
INFO: [ app_init ] --END-- [ RunTime:0.007543s ]
INFO: [ app_begin ] --START--
INFO: Run Behavior\ReadHtmlCacheBehavior [ RunTime:0.004521s ]
INFO: Run Behavior\CheckLangBehavior [ RunTime:0.022411s ]
INFO: [ app_begin ] --END-- [ RunTime:0.027259s ]
SQL: SHOW COLUMNS FROM `btc_admin` [ RunTime:0.0211s ]
SQL: SELECT COUNT(*) AS tp_count FROM `btc_admin` WHERE `user_name` = 'admin001' AND `pass_word` = '62fa7bbe115476d6b10ecb376839e996' LIMIT 1   [ RunTime:0.0008s ]
SQL: SELECT `admin_id` FROM `btc_admin` WHERE `user_name` = 'admin001' LIMIT 1   [ RunTime:0.0005s ]
ERR: 非法操作:index

[ 2018-11-02T20:09:49+08:00 ] 192.168.0.128 /Admin/Bocai/set.html
INFO: [ app_init ] --START--
INFO: Run Behavior\BuildLiteBehavior [ RunTime:0.000013s ]
INFO: [ app_init ] --END-- [ RunTime:0.000496s ]
INFO: [ app_begin ] --START--
INFO: Run Behavior\ReadHtmlCacheBehavior [ RunTime:0.000893s ]
INFO: Run Behavior\CheckLangBehavior [ RunTime:0.006072s ]
INFO: [ app_begin ] --END-- [ RunTime:0.007124s ]
SQL: SHOW COLUMNS FROM `btc_admin` [ RunTime:0.0109s ]
SQL: SELECT COUNT(*) AS tp_count FROM `btc_admin` WHERE `user_name` = 'admin001' AND `pass_word` = '62fa7bbe115476d6b10ecb376839e996' LIMIT 1   [ RunTime:0.0003s ]
SQL: SELECT `admin_id` FROM `btc_admin` WHERE `user_name` = 'admin001' LIMIT 1   [ RunTime:0.0002s ]
SQL: SHOW COLUMNS FROM `btc_w_openset` [ RunTime:0.0090s ]
INFO: [ view_parse ] --START--
INFO: [ template_filter ] --START--
INFO: Run Behavior\ContentReplaceBehavior [ RunTime:0.000073s ]
INFO: [ template_filter ] --END-- [ RunTime:0.000137s ]
INFO: Run Behavior\ParseTemplateBehavior [ RunTime:0.009843s ]
INFO: [ view_parse ] --END-- [ RunTime:0.009902s ]
INFO: [ view_filter ] --START--
INFO: Run Behavior\WriteHtmlCacheBehavior [ RunTime:0.000722s ]
INFO: [ view_filter ] --END-- [ RunTime:0.000769s ]
INFO: [ app_end ] --START--
INFO: Run Behavior\ShowPageTraceBehavior [ RunTime:0.001087s ]
INFO: [ app_end ] --END-- [ RunTime:0.001142s ]

[ 2018-11-02T20:09:50+08:00 ] 192.168.0.128 /Admin/Bocai/init.html
INFO: [ app_init ] --START--
INFO: Run Behavior\BuildLiteBehavior [ RunTime:0.000015s ]
INFO: [ app_init ] --END-- [ RunTime:0.000871s ]
INFO: [ app_begin ] --START--
INFO: Run Behavior\ReadHtmlCacheBehavior [ RunTime:0.001105s ]
INFO: Run Behavior\CheckLangBehavior [ RunTime:0.007237s ]
INFO: [ app_begin ] --END-- [ RunTime:0.008476s ]
SQL: SHOW COLUMNS FROM `btc_admin` [ RunTime:0.0134s ]
SQL: SELECT COUNT(*) AS tp_count FROM `btc_admin` WHERE `user_name` = 'admin001' AND `pass_word` = '62fa7bbe115476d6b10ecb376839e996' LIMIT 1   [ RunTime:0.0004s ]
SQL: SELECT `admin_id` FROM `btc_admin` WHERE `user_name` = 'admin001' LIMIT 1   [ RunTime:0.0052s ]
SQL: SHOW COLUMNS FROM `btc_w_openset` [ RunTime:0.0116s ]
SQL: SELECT COUNT(*) AS tp_count FROM `btc_w_openset` WHERE `set` = 0 LIMIT 1   [ RunTime:0.0040s ]
SQL: SHOW COLUMNS FROM `btc_w_closeset` [ RunTime:0.0161s ]
SQL: SELECT `set` FROM `btc_w_closeset` WHERE `id` = 1 LIMIT 1   [ RunTime:0.0003s ]

[ 2018-11-02T20:09:52+08:00 ] 192.168.0.128 /Admin/Bocai/set.html?page=1&limit=12
INFO: [ app_init ] --START--
INFO: Run Behavior\BuildLiteBehavior [ RunTime:0.000013s ]
INFO: [ app_init ] --END-- [ RunTime:0.000529s ]
INFO: [ app_begin ] --START--
INFO: Run Behavior\ReadHtmlCacheBehavior [ RunTime:0.000890s ]
INFO: Run Behavior\CheckLangBehavior [ RunTime:0.003679s ]
INFO: [ app_begin ] --END-- [ RunTime:0.004663s ]
SQL: SHOW COLUMNS FROM `btc_admin` [ RunTime:0.0129s ]
SQL: SELECT COUNT(*) AS tp_count FROM `btc_admin` WHERE `user_name` = 'admin001' AND `pass_word` = '62fa7bbe115476d6b10ecb376839e996' LIMIT 1   [ RunTime:0.0003s ]
SQL: SELECT `admin_id` FROM `btc_admin` WHERE `user_name` = 'admin001' LIMIT 1   [ RunTime:0.0002s ]
SQL: SHOW COLUMNS FROM `btc_w_openset` [ RunTime:0.0084s ]
SQL: SELECT * FROM `btc_w_openset` LIMIT 0,12   [ RunTime:0.0003s ]
SQL: SELECT COUNT(*) AS tp_count FROM `btc_w_openset` LIMIT 1   [ RunTime:0.0002s ]

[ 2018-11-02T20:10:46+08:00 ] 192.168.0.128 /Admin/Bocai/set.html?page=24&limit=12
INFO: [ app_init ] --START--
INFO: Run Behavior\BuildLiteBehavior [ RunTime:0.000023s ]
INFO: [ app_init ] --END-- [ RunTime:0.001101s ]
INFO: [ app_begin ] --START--
INFO: Run Behavior\ReadHtmlCacheBehavior [ RunTime:0.005219s ]
INFO: Run Behavior\CheckLangBehavior [ RunTime:0.032308s ]
INFO: [ app_begin ] --END-- [ RunTime:0.037798s ]
SQL: SHOW COLUMNS FROM `btc_admin` [ RunTime:0.0091s ]
SQL: SELECT COUNT(*) AS tp_count FROM `btc_admin` WHERE `user_name` = 'admin001' AND `pass_word` = '62fa7bbe115476d6b10ecb376839e996' LIMIT 1   [ RunTime:0.0003s ]
SQL: SELECT `admin_id` FROM `btc_admin` WHERE `user_name` = 'admin001' LIMIT 1   [ RunTime:0.0016s ]
SQL: SHOW COLUMNS FROM `btc_w_openset` [ RunTime:0.0080s ]
SQL: SELECT * FROM `btc_w_openset` LIMIT 276,12   [ RunTime:0.0003s ]
SQL: SELECT COUNT(*) AS tp_count FROM `btc_w_openset` LIMIT 1   [ RunTime:0.0001s ]

[ 2018-11-02T20:10:49+08:00 ] 192.168.0.128 /Admin/Bocai/set.html?page=1&limit=12
INFO: [ app_init ] --START--
INFO: Run Behavior\BuildLiteBehavior [ RunTime:0.000015s ]
INFO: [ app_init ] --END-- [ RunTime:0.000623s ]
INFO: [ app_begin ] --START--
INFO: Run Behavior\ReadHtmlCacheBehavior [ RunTime:0.000840s ]
INFO: Run Behavior\CheckLangBehavior [ RunTime:0.003492s ]
INFO: [ app_begin ] --END-- [ RunTime:0.004415s ]
SQL: SHOW COLUMNS FROM `btc_admin` [ RunTime:0.0123s ]
SQL: SELECT COUNT(*) AS tp_count FROM `btc_admin` WHERE `user_name` = 'admin001' AND `pass_word` = '62fa7bbe115476d6b10ecb376839e996' LIMIT 1   [ RunTime:0.0003s ]
SQL: SELECT `admin_id` FROM `btc_admin` WHERE `user_name` = 'admin001' LIMIT 1   [ RunTime:0.0002s ]
SQL: SHOW COLUMNS FROM `btc_w_openset` [ RunTime:0.0115s ]
SQL: SELECT * FROM `btc_w_openset` LIMIT 0,12   [ RunTime:0.0003s ]
SQL: SELECT COUNT(*) AS tp_count FROM `btc_w_openset` LIMIT 1   [ RunTime:0.0002s ]

[ 2018-11-02T20:11:12+08:00 ] 192.168.0.128 /Admin/Bocai/set.html?page=1&limit=90
INFO: [ app_init ] --START--
INFO: Run Behavior\BuildLiteBehavior [ RunTime:0.000012s ]
INFO: [ app_init ] --END-- [ RunTime:0.000569s ]
INFO: [ app_begin ] --START--
INFO: Run Behavior\ReadHtmlCacheBehavior [ RunTime:0.000925s ]
INFO: Run Behavior\CheckLangBehavior [ RunTime:0.003716s ]
INFO: [ app_begin ] --END-- [ RunTime:0.004742s ]
SQL: SHOW COLUMNS FROM `btc_admin` [ RunTime:0.0079s ]
SQL: SELECT COUNT(*) AS tp_count FROM `btc_admin` WHERE `user_name` = 'admin001' AND `pass_word` = '62fa7bbe115476d6b10ecb376839e996' LIMIT 1   [ RunTime:0.0003s ]
SQL: SELECT `admin_id` FROM `btc_admin` WHERE `user_name` = 'admin001' LIMIT 1   [ RunTime:0.0002s ]
SQL: SHOW COLUMNS FROM `btc_w_openset` [ RunTime:0.0074s ]
SQL: SELECT * FROM `btc_w_openset` LIMIT 0,90   [ RunTime:0.0004s ]
SQL: SELECT COUNT(*) AS tp_count FROM `btc_w_openset` LIMIT 1   [ RunTime:0.0002s ]

