[ 2018-10-30T18:56:04+08:00 ] 192.168.0.128 /Admin/Bocai/set.html
INFO: [ app_init ] --START--
INFO: Run Behavior\BuildLiteBehavior [ RunTime:0.000012s ]
INFO: [ app_init ] --END-- [ RunTime:0.000589s ]
INFO: [ app_begin ] --START--
INFO: Run Behavior\ReadHtmlCacheBehavior [ RunTime:0.001136s ]
INFO: Run Behavior\CheckLangBehavior [ RunTime:0.004364s ]
INFO: [ app_begin ] --END-- [ RunTime:0.005696s ]
SQL: SHOW COLUMNS FROM `btc_admin` [ RunTime:0.0136s ]
SQL: SELECT COUNT(*) AS tp_count FROM `btc_admin` WHERE `user_name` = 'admin001' AND `pass_word` = '62fa7bbe115476d6b10ecb376839e996' LIMIT 1   [ RunTime:0.0021s ]
SQL: SELECT `admin_id` FROM `btc_admin` WHERE `user_name` = 'admin001' LIMIT 1   [ RunTime:0.0003s ]
SQL: SHOW COLUMNS FROM `btc_w_openset` [ RunTime:0.0090s ]
INFO: [ view_parse ] --START--
INFO: [ template_filter ] --START--
INFO: Run Behavior\ContentReplaceBehavior [ RunTime:0.003097s ]
INFO: [ template_filter ] --END-- [ RunTime:0.003181s ]
INFO: Run Behavior\ParseTemplateBehavior [ RunTime:0.029338s ]
INFO: [ view_parse ] --END-- [ RunTime:0.029396s ]
INFO: [ view_filter ] --START--
INFO: Run Behavior\WriteHtmlCacheBehavior [ RunTime:0.000886s ]
INFO: [ view_filter ] --END-- [ RunTime:0.000928s ]
INFO: [ app_end ] --START--
INFO: Run Behavior\ShowPageTraceBehavior [ RunTime:0.000912s ]
INFO: [ app_end ] --END-- [ RunTime:0.000956s ]

[ 2018-10-30T18:56:05+08:00 ] 192.168.0.128 /Admin/Bocai/init.html
INFO: [ app_init ] --START--
INFO: Run Behavior\BuildLiteBehavior [ RunTime:0.000015s ]
INFO: [ app_init ] --END-- [ RunTime:0.000695s ]
INFO: [ app_begin ] --START--
INFO: Run Behavior\ReadHtmlCacheBehavior [ RunTime:0.001555s ]
INFO: Run Behavior\CheckLangBehavior [ RunTime:0.005334s ]
INFO: [ app_begin ] --END-- [ RunTime:0.007005s ]
SQL: SHOW COLUMNS FROM `btc_admin` [ RunTime:0.0085s ]
SQL: SELECT COUNT(*) AS tp_count FROM `btc_admin` WHERE `user_name` = 'admin001' AND `pass_word` = '62fa7bbe115476d6b10ecb376839e996' LIMIT 1   [ RunTime:0.0004s ]
SQL: SELECT `admin_id` FROM `btc_admin` WHERE `user_name` = 'admin001' LIMIT 1   [ RunTime:0.0003s ]
SQL: SHOW COLUMNS FROM `btc_w_openset` [ RunTime:0.0080s ]
SQL: SELECT COUNT(*) AS tp_count FROM `btc_w_openset` WHERE `set` = 0 LIMIT 1   [ RunTime:0.0006s ]
SQL: SHOW COLUMNS FROM `btc_w_closeset` [ RunTime:0.0090s ]
SQL: SELECT `set` FROM `btc_w_closeset` WHERE `id` = 1 LIMIT 1   [ RunTime:0.0003s ]

[ 2018-10-30T18:56:07+08:00 ] 192.168.0.128 /Admin/Bocai/set.html?page=1&limit=12
INFO: [ app_init ] --START--
INFO: Run Behavior\BuildLiteBehavior [ RunTime:0.000013s ]
INFO: [ app_init ] --END-- [ RunTime:0.000471s ]
INFO: [ app_begin ] --START--
INFO: Run Behavior\ReadHtmlCacheBehavior [ RunTime:0.000948s ]
INFO: Run Behavior\CheckLangBehavior [ RunTime:0.007475s ]
INFO: [ app_begin ] --END-- [ RunTime:0.008534s ]
SQL: SHOW COLUMNS FROM `btc_admin` [ RunTime:0.0084s ]
SQL: SELECT COUNT(*) AS tp_count FROM `btc_admin` WHERE `user_name` = 'admin001' AND `pass_word` = '62fa7bbe115476d6b10ecb376839e996' LIMIT 1   [ RunTime:0.0009s ]
SQL: SELECT `admin_id` FROM `btc_admin` WHERE `user_name` = 'admin001' LIMIT 1   [ RunTime:0.0002s ]
SQL: SHOW COLUMNS FROM `btc_w_openset` [ RunTime:0.0074s ]
SQL: SELECT * FROM `btc_w_openset` LIMIT 0,12   [ RunTime:0.0003s ]
SQL: SELECT COUNT(*) AS tp_count FROM `btc_w_openset` LIMIT 1   [ RunTime:0.0002s ]

[ 2018-10-30T18:56:09+08:00 ] 192.168.0.128 /Admin/Bocai/closeset.html
INFO: [ app_init ] --START--
INFO: Run Behavior\BuildLiteBehavior [ RunTime:0.000015s ]
INFO: [ app_init ] --END-- [ RunTime:0.000664s ]
INFO: [ app_begin ] --START--
INFO: Run Behavior\ReadHtmlCacheBehavior [ RunTime:0.001169s ]
INFO: Run Behavior\CheckLangBehavior [ RunTime:0.005925s ]
INFO: [ app_begin ] --END-- [ RunTime:0.007197s ]
SQL: SHOW COLUMNS FROM `btc_admin` [ RunTime:0.0084s ]
SQL: SELECT COUNT(*) AS tp_count FROM `btc_admin` WHERE `user_name` = 'admin001' AND `pass_word` = '62fa7bbe115476d6b10ecb376839e996' LIMIT 1   [ RunTime:0.0004s ]
SQL: SELECT `admin_id` FROM `btc_admin` WHERE `user_name` = 'admin001' LIMIT 1   [ RunTime:0.0003s ]
SQL: SHOW COLUMNS FROM `btc_w_closeset` [ RunTime:0.0095s ]
SQL: UPDATE `btc_w_closeset` SET `set`='1' WHERE `id` = 1 [ RunTime:0.0003s ]

[ 2018-10-30T19:01:13+08:00 ] 192.168.0.128 /Admin/Bocai/closeset.html
INFO: [ app_init ] --START--
INFO: Run Behavior\BuildLiteBehavior [ RunTime:0.000015s ]
INFO: [ app_init ] --END-- [ RunTime:0.001037s ]
INFO: [ app_begin ] --START--
INFO: Run Behavior\ReadHtmlCacheBehavior [ RunTime:0.001481s ]
INFO: Run Behavior\CheckLangBehavior [ RunTime:0.009276s ]
INFO: [ app_begin ] --END-- [ RunTime:0.010894s ]
SQL: SHOW COLUMNS FROM `btc_admin` [ RunTime:0.0193s ]
SQL: SELECT COUNT(*) AS tp_count FROM `btc_admin` WHERE `user_name` = 'admin001' AND `pass_word` = '62fa7bbe115476d6b10ecb376839e996' LIMIT 1   [ RunTime:0.0008s ]
SQL: SELECT `admin_id` FROM `btc_admin` WHERE `user_name` = 'admin001' LIMIT 1   [ RunTime:0.0009s ]
SQL: SHOW COLUMNS FROM `btc_w_closeset` [ RunTime:0.0194s ]
SQL: UPDATE `btc_w_closeset` SET `set`='0' WHERE `id` = 1 [ RunTime:0.0006s ]

