[ 2018-10-01T11:16:13+08:00 ] 127.0.0.1 /Admin/Login/getAccount.html
INFO: [ app_begin ] --START--
INFO: Run Behavior\ReadHtmlCacheBehavior [ RunTime:0.000000s ]
INFO: Run Behavior\CheckLangBehavior [ RunTime:0.003000s ]
INFO: [ app_begin ] --END-- [ RunTime:0.004001s ]
SQL: SHOW COLUMNS FROM `btc_admin` [ RunTime:0.0030s ]
SQL: SELECT COUNT(*) AS tp_count FROM `btc_admin` WHERE `user_name` = 'zyan001' LIMIT 1   [ RunTime:0.0020s ]
SQL: SELECT COUNT(*) AS tp_count FROM `btc_admin` WHERE `user_name` = 'zyan001' AND `pass_word` = '62fa7bbe115476d6b10ecb376839e996' LIMIT 1   [ RunTime:0.0000s ]
NOTIC: [8192] Non-static method StatusCode::code() should not be called statically D:\phpStudy\WWW\btc\pc\Application\Admin\Controller\LoginController.class.php 第 49 行.

[ 2018-10-01T11:16:20+08:00 ] 127.0.0.1 /Admin/Index/identity
INFO: [ app_begin ] --START--
INFO: Run Behavior\ReadHtmlCacheBehavior [ RunTime:0.001000s ]
INFO: Run Behavior\CheckLangBehavior [ RunTime:0.003000s ]
INFO: [ app_begin ] --END-- [ RunTime:0.005000s ]
SQL: SHOW COLUMNS FROM `btc_admin` [ RunTime:0.0040s ]
SQL: SELECT COUNT(*) AS tp_count FROM `btc_admin` WHERE `user_name` = 'zyan001' AND `pass_word` = '62fa7bbe115476d6b10ecb376839e996' LIMIT 1   [ RunTime:0.0010s ]
SQL: SELECT `admin_id` FROM `btc_admin` WHERE `user_name` = 'zyan001' LIMIT 1   [ RunTime:0.0000s ]
SQL: SELECT `identity` FROM `btc_admin` WHERE `admin_id` = '10000000000000000000000000000000'  [ RunTime:0.0020s ]
NOTIC: [8192] Non-static method StatusCode::code() should not be called statically D:\phpStudy\WWW\btc\pc\Application\Admin\Controller\IndexController.class.php 第 111 行.

[ 2018-10-01T11:16:21+08:00 ] 127.0.0.1 /Admin/Index/init
INFO: [ app_begin ] --START--
INFO: Run Behavior\ReadHtmlCacheBehavior [ RunTime:0.001000s ]
INFO: Run Behavior\CheckLangBehavior [ RunTime:0.002000s ]
INFO: [ app_begin ] --END-- [ RunTime:0.003000s ]
SQL: SHOW COLUMNS FROM `btc_admin` [ RunTime:0.0050s ]
SQL: SELECT COUNT(*) AS tp_count FROM `btc_admin` WHERE `user_name` = 'zyan001' AND `pass_word` = '62fa7bbe115476d6b10ecb376839e996' LIMIT 1   [ RunTime:0.0000s ]
SQL: SELECT `admin_id` FROM `btc_admin` WHERE `user_name` = 'zyan001' LIMIT 1   [ RunTime:0.0000s ]
SQL: SHOW COLUMNS FROM `btc_up_order` [ RunTime:0.0050s ]
SQL: SELECT COUNT(*) AS tp_count FROM `btc_up_order` WHERE `is_deleted` = 0 AND `status` = 0 LIMIT 1   [ RunTime:0.0010s ]
NOTIC: [8192] Non-static method StatusCode::code() should not be called statically D:\phpStudy\WWW\btc\pc\Application\Admin\Controller\IndexController.class.php 第 95 行.

[ 2018-10-01T11:17:20+08:00 ] 127.0.0.1 /Admin/Order/getOrderList.html?page=1&limit=30
INFO: [ app_begin ] --START--
INFO: Run Behavior\ReadHtmlCacheBehavior [ RunTime:0.001000s ]
INFO: Run Behavior\CheckLangBehavior [ RunTime:0.004000s ]
INFO: [ app_begin ] --END-- [ RunTime:0.006001s ]
SQL: SHOW COLUMNS FROM `btc_admin` [ RunTime:0.0030s ]
SQL: SELECT COUNT(*) AS tp_count FROM `btc_admin` WHERE `user_name` = 'zyan001' AND `pass_word` = '62fa7bbe115476d6b10ecb376839e996' LIMIT 1   [ RunTime:0.0000s ]
SQL: SELECT `admin_id` FROM `btc_admin` WHERE `user_name` = 'zyan001' LIMIT 1   [ RunTime:0.0010s ]
SQL: SHOW COLUMNS FROM `btc_order_info` [ RunTime:0.0020s ]
SQL: SELECT COUNT(*) AS tp_count FROM btc_order_info as oi INNER JOIN btc_user as bu on bu.user_id = oi.user_id and bu.is_deleted =0  WHERE oi.is_deleted = 0 AND oi.status = 0 LIMIT 1   [ RunTime:0.0010s ]
SQL: SELECT oi.*,bu.user_name FROM btc_order_info as oi INNER JOIN btc_user as bu on bu.user_id = oi.user_id and bu.is_deleted =0  WHERE oi.is_deleted = 0 AND oi.status = 0 ORDER BY oi.create_time desc LIMIT 0,30   [ RunTime:0.0010s ]
NOTIC: [8192] Non-static method StatusCode::code() should not be called statically D:\phpStudy\WWW\btc\pc\Application\Admin\Controller\OrderController.class.php 第 79 行.

[ 2018-10-01T11:18:46+08:00 ] 127.0.0.1 /Admin/Order/orderAuditInfo.html
INFO: [ app_begin ] --START--
INFO: Run Behavior\ReadHtmlCacheBehavior [ RunTime:0.000000s ]
INFO: Run Behavior\CheckLangBehavior [ RunTime:0.003000s ]
INFO: [ app_begin ] --END-- [ RunTime:0.004000s ]
SQL: SHOW COLUMNS FROM `btc_admin` [ RunTime:0.0030s ]
SQL: SELECT COUNT(*) AS tp_count FROM `btc_admin` WHERE `user_name` = 'zyan001' AND `pass_word` = '62fa7bbe115476d6b10ecb376839e996' LIMIT 1   [ RunTime:0.0000s ]
SQL: SELECT `admin_id` FROM `btc_admin` WHERE `user_name` = 'zyan001' LIMIT 1   [ RunTime:0.0000s ]
SQL: SHOW COLUMNS FROM `btc_order_info` [ RunTime:0.0030s ]
NOTIC: [8192] Non-static method Common::verifyMd5() should not be called statically D:\phpStudy\WWW\btc\pc\Application\Admin\Controller\OrderController.class.php 第 138 行.
SQL: UPDATE `btc_order_info` SET `order_id`='b2018100111165915383638192055321',`status`='1',`remark`='',`update_time`='1538363926' WHERE `order_id` = 'b2018100111165915383638192055321' AND `is_deleted` = 0 [ RunTime:0.0020s ]
NOTIC: [8192] Non-static method StatusCode::code() should not be called statically D:\phpStudy\WWW\btc\pc\Application\Admin\Controller\OrderController.class.php 第 158 行.

[ 2018-10-01T11:18:48+08:00 ] 127.0.0.1 /Admin/Order/orderSuccess.html
INFO: [ app_begin ] --START--
INFO: Run Behavior\ReadHtmlCacheBehavior [ RunTime:0.001000s ]
INFO: Run Behavior\CheckLangBehavior [ RunTime:0.003000s ]
INFO: [ app_begin ] --END-- [ RunTime:0.004000s ]
SQL: SHOW COLUMNS FROM `btc_admin` [ RunTime:0.0040s ]
SQL: SELECT COUNT(*) AS tp_count FROM `btc_admin` WHERE `user_name` = 'zyan001' AND `pass_word` = '62fa7bbe115476d6b10ecb376839e996' LIMIT 1   [ RunTime:0.0000s ]
SQL: SELECT `admin_id` FROM `btc_admin` WHERE `user_name` = 'zyan001' LIMIT 1   [ RunTime:0.0000s ]
SQL: SHOW COLUMNS FROM `btc_order_info` [ RunTime:0.0040s ]
NOTIC: [8192] Non-static method Common::verifyMd5() should not be called statically D:\phpStudy\WWW\btc\pc\Application\Admin\Controller\OrderController.class.php 第 291 行.
SQL: UPDATE btc_order_info as oi SET `order_id`='b2018100111165915383638192055321',`status`='2',`update_time`='1538363928' WHERE oi.order_id = 'b2018100111165915383638192055321' AND oi.is_deleted = 0 [ RunTime:0.0010s ]
SQL: SHOW COLUMNS FROM `btc_user_account` [ RunTime:0.0030s ]
SQL: SELECT bua.btc_balance,bua.eth_balance,bua.extract_balance,oi.currency_type,oi.number,oi.order_type,oi.price,oi.user_id FROM btc_order_info as oi INNER JOIN btc_user_account as bua on bua.user_id = oi.user_id  WHERE oi.order_id = 'b2018100111165915383638192055321' AND oi.is_deleted = 0  [ RunTime:0.0010s ]
SQL: UPDATE `btc_user_account` SET `extract_balance`='57080',`update_time`='1538363928' WHERE `user_id` = 'q2018090611234315362042232669474' [ RunTime:0.0010s ]
NOTIC: [8192] Non-static method StatusCode::code() should not be called statically D:\phpStudy\WWW\btc\pc\Application\Admin\Controller\OrderController.class.php 第 344 行.

[ 2018-10-01T11:18:54+08:00 ] 127.0.0.1 /Admin/Order/getOrderList.html?page=1&limit=30
INFO: [ app_begin ] --START--
INFO: Run Behavior\ReadHtmlCacheBehavior [ RunTime:0.001000s ]
INFO: Run Behavior\CheckLangBehavior [ RunTime:0.004000s ]
INFO: [ app_begin ] --END-- [ RunTime:0.006000s ]
SQL: SHOW COLUMNS FROM `btc_admin` [ RunTime:0.0030s ]
SQL: SELECT COUNT(*) AS tp_count FROM `btc_admin` WHERE `user_name` = 'zyan001' AND `pass_word` = '62fa7bbe115476d6b10ecb376839e996' LIMIT 1   [ RunTime:0.0000s ]
SQL: SELECT `admin_id` FROM `btc_admin` WHERE `user_name` = 'zyan001' LIMIT 1   [ RunTime:0.0000s ]
SQL: SHOW COLUMNS FROM `btc_order_info` [ RunTime:0.0030s ]
SQL: SELECT COUNT(*) AS tp_count FROM btc_order_info as oi INNER JOIN btc_user as bu on bu.user_id = oi.user_id and bu.is_deleted =0  WHERE oi.is_deleted = 0 AND oi.status = 0 LIMIT 1   [ RunTime:0.0010s ]
SQL: SELECT oi.*,bu.user_name FROM btc_order_info as oi INNER JOIN btc_user as bu on bu.user_id = oi.user_id and bu.is_deleted =0  WHERE oi.is_deleted = 0 AND oi.status = 0 ORDER BY oi.create_time desc LIMIT 0,30   [ RunTime:0.0030s ]
NOTIC: [8192] Non-static method StatusCode::code() should not be called statically D:\phpStudy\WWW\btc\pc\Application\Admin\Controller\OrderController.class.php 第 79 行.

[ 2018-10-01T11:31:31+08:00 ] 127.0.0.1 /Admin/Order/getOrderList.html?page=1&limit=30
INFO: [ app_begin ] --START--
INFO: Run Behavior\ReadHtmlCacheBehavior [ RunTime:0.001000s ]
INFO: Run Behavior\CheckLangBehavior [ RunTime:0.003000s ]
INFO: [ app_begin ] --END-- [ RunTime:0.004000s ]
SQL: SHOW COLUMNS FROM `btc_admin` [ RunTime:0.0040s ]
SQL: SELECT COUNT(*) AS tp_count FROM `btc_admin` WHERE `user_name` = 'zyan001' AND `pass_word` = '62fa7bbe115476d6b10ecb376839e996' LIMIT 1   [ RunTime:0.0000s ]
SQL: SELECT `admin_id` FROM `btc_admin` WHERE `user_name` = 'zyan001' LIMIT 1   [ RunTime:0.0000s ]
SQL: SHOW COLUMNS FROM `btc_order_info` [ RunTime:0.0040s ]
SQL: SELECT COUNT(*) AS tp_count FROM btc_order_info as oi INNER JOIN btc_user as bu on bu.user_id = oi.user_id and bu.is_deleted =0  WHERE oi.is_deleted = 0 AND oi.status = 0 LIMIT 1   [ RunTime:0.0010s ]
SQL: SELECT oi.*,bu.user_name FROM btc_order_info as oi INNER JOIN btc_user as bu on bu.user_id = oi.user_id and bu.is_deleted =0  WHERE oi.is_deleted = 0 AND oi.status = 0 ORDER BY oi.create_time desc LIMIT 0,30   [ RunTime:0.0010s ]
NOTIC: [8192] Non-static method StatusCode::code() should not be called statically D:\phpStudy\WWW\btc\pc\Application\Admin\Controller\OrderController.class.php 第 79 行.

[ 2018-10-01T11:33:06+08:00 ] 127.0.0.1 /Admin/Order/orderLose.html
INFO: [ app_begin ] --START--
INFO: Run Behavior\ReadHtmlCacheBehavior [ RunTime:0.001000s ]
INFO: Run Behavior\CheckLangBehavior [ RunTime:0.005000s ]
INFO: [ app_begin ] --END-- [ RunTime:0.006000s ]
SQL: SHOW COLUMNS FROM `btc_admin` [ RunTime:0.0060s ]
SQL: SELECT COUNT(*) AS tp_count FROM `btc_admin` WHERE `user_name` = 'zyan001' AND `pass_word` = '62fa7bbe115476d6b10ecb376839e996' LIMIT 1   [ RunTime:0.0010s ]
SQL: SELECT `admin_id` FROM `btc_admin` WHERE `user_name` = 'zyan001' LIMIT 1   [ RunTime:0.0000s ]
SQL: SHOW COLUMNS FROM `btc_order_info` [ RunTime:0.0050s ]
SQL: SHOW COLUMNS FROM `btc_user_account` [ RunTime:0.0110s ]
NOTIC: [8192] Non-static method Common::verifyMd5() should not be called statically D:\phpStudy\WWW\btc\pc\Application\Admin\Controller\OrderController.class.php 第 183 行.
SQL: UPDATE btc_order_info as oi SET `order_id`='A2018091412132215368984026262851',`status`='-1',`remark`='',`update_time`='1538364786' WHERE oi.order_id = 'A2018091412132215368984026262851' AND oi.is_deleted = 0 [ RunTime:0.0050s ]
SQL: SELECT bua.btc_balance,bua.eth_balance,bua.extract_balance,oi.currency_type,oi.number,oi.order_type,oi.user_id,oi.payment_type,oi.price,oi.user_id FROM btc_order_info as oi INNER JOIN btc_user_account as bua on bua.user_id = oi.user_id  WHERE oi.order_id = 'A2018091412132215368984026262851' AND oi.is_deleted = 0  [ RunTime:0.0020s ]
NOTIC: [8192] Non-static method StatusCode::code() should not be called statically D:\phpStudy\WWW\btc\pc\Application\Admin\Controller\OrderController.class.php 第 237 行.

[ 2018-10-01T11:33:10+08:00 ] 127.0.0.1 /Admin/Order/getOrderList.html?page=1&limit=30
INFO: [ app_begin ] --START--
INFO: Run Behavior\ReadHtmlCacheBehavior [ RunTime:0.000000s ]
INFO: Run Behavior\CheckLangBehavior [ RunTime:0.005000s ]
INFO: [ app_begin ] --END-- [ RunTime:0.006000s ]
SQL: SHOW COLUMNS FROM `btc_admin` [ RunTime:0.0050s ]
SQL: SELECT COUNT(*) AS tp_count FROM `btc_admin` WHERE `user_name` = 'zyan001' AND `pass_word` = '62fa7bbe115476d6b10ecb376839e996' LIMIT 1   [ RunTime:0.0000s ]
SQL: SELECT `admin_id` FROM `btc_admin` WHERE `user_name` = 'zyan001' LIMIT 1   [ RunTime:0.0000s ]
SQL: SHOW COLUMNS FROM `btc_order_info` [ RunTime:0.0040s ]
SQL: SELECT COUNT(*) AS tp_count FROM btc_order_info as oi INNER JOIN btc_user as bu on bu.user_id = oi.user_id and bu.is_deleted =0  WHERE oi.is_deleted = 0 AND oi.status = 0 LIMIT 1   [ RunTime:0.0020s ]
SQL: SELECT oi.*,bu.user_name FROM btc_order_info as oi INNER JOIN btc_user as bu on bu.user_id = oi.user_id and bu.is_deleted =0  WHERE oi.is_deleted = 0 AND oi.status = 0 ORDER BY oi.create_time desc LIMIT 0,30   [ RunTime:0.0010s ]
NOTIC: [8192] Non-static method StatusCode::code() should not be called statically D:\phpStudy\WWW\btc\pc\Application\Admin\Controller\OrderController.class.php 第 79 行.

[ 2018-10-01T11:33:16+08:00 ] 127.0.0.1 /Admin/Order/orderLose.html
INFO: [ app_begin ] --START--
INFO: Run Behavior\ReadHtmlCacheBehavior [ RunTime:0.001000s ]
INFO: Run Behavior\CheckLangBehavior [ RunTime:0.002000s ]
INFO: [ app_begin ] --END-- [ RunTime:0.003000s ]
SQL: SHOW COLUMNS FROM `btc_admin` [ RunTime:0.0040s ]
SQL: SELECT COUNT(*) AS tp_count FROM `btc_admin` WHERE `user_name` = 'zyan001' AND `pass_word` = '62fa7bbe115476d6b10ecb376839e996' LIMIT 1   [ RunTime:0.0010s ]
SQL: SELECT `admin_id` FROM `btc_admin` WHERE `user_name` = 'zyan001' LIMIT 1   [ RunTime:0.0000s ]
SQL: SHOW COLUMNS FROM `btc_order_info` [ RunTime:0.0030s ]
SQL: SHOW COLUMNS FROM `btc_user_account` [ RunTime:0.0030s ]
NOTIC: [8192] Non-static method Common::verifyMd5() should not be called statically D:\phpStudy\WWW\btc\pc\Application\Admin\Controller\OrderController.class.php 第 183 行.
SQL: UPDATE btc_order_info as oi SET `order_id`='A2018091312342215368132620630812',`status`='-1',`remark`='',`update_time`='1538364796' WHERE oi.order_id = 'A2018091312342215368132620630812' AND oi.is_deleted = 0 [ RunTime:0.0000s ]
SQL: SELECT bua.btc_balance,bua.eth_balance,bua.extract_balance,oi.currency_type,oi.number,oi.order_type,oi.user_id,oi.payment_type,oi.price,oi.user_id FROM btc_order_info as oi INNER JOIN btc_user_account as bua on bua.user_id = oi.user_id  WHERE oi.order_id = 'A2018091312342215368132620630812' AND oi.is_deleted = 0  [ RunTime:0.0000s ]
SQL: UPDATE `btc_user_account` SET `btc_balance`='7.91',`update_time`='1538364796' WHERE `user_id` = 'q2018090611234315362042232669474' [ RunTime:0.0000s ]
NOTIC: [8192] Non-static method StatusCode::code() should not be called statically D:\phpStudy\WWW\btc\pc\Application\Admin\Controller\OrderController.class.php 第 268 行.

[ 2018-10-01T11:33:28+08:00 ] 127.0.0.1 /Admin/Order/getOrderList.html?page=1&limit=30
INFO: [ app_begin ] --START--
INFO: Run Behavior\ReadHtmlCacheBehavior [ RunTime:0.001000s ]
INFO: Run Behavior\CheckLangBehavior [ RunTime:0.002000s ]
INFO: [ app_begin ] --END-- [ RunTime:0.003000s ]
SQL: SHOW COLUMNS FROM `btc_admin` [ RunTime:0.0050s ]
SQL: SELECT COUNT(*) AS tp_count FROM `btc_admin` WHERE `user_name` = 'zyan001' AND `pass_word` = '62fa7bbe115476d6b10ecb376839e996' LIMIT 1   [ RunTime:0.0000s ]
SQL: SELECT `admin_id` FROM `btc_admin` WHERE `user_name` = 'zyan001' LIMIT 1   [ RunTime:0.0010s ]
SQL: SHOW COLUMNS FROM `btc_order_info` [ RunTime:0.0040s ]
SQL: SELECT COUNT(*) AS tp_count FROM btc_order_info as oi INNER JOIN btc_user as bu on bu.user_id = oi.user_id and bu.is_deleted =0  WHERE oi.is_deleted = 0 AND oi.status = 0 LIMIT 1   [ RunTime:0.0000s ]
SQL: SELECT oi.*,bu.user_name FROM btc_order_info as oi INNER JOIN btc_user as bu on bu.user_id = oi.user_id and bu.is_deleted =0  WHERE oi.is_deleted = 0 AND oi.status = 0 ORDER BY oi.create_time desc LIMIT 0,30   [ RunTime:0.0000s ]
NOTIC: [8192] Non-static method StatusCode::code() should not be called statically D:\phpStudy\WWW\btc\pc\Application\Admin\Controller\OrderController.class.php 第 79 行.

[ 2018-10-01T11:40:02+08:00 ] 127.0.0.1 /Admin/Order/getOrderList.html?page=1&limit=30
INFO: [ app_begin ] --START--
INFO: Run Behavior\ReadHtmlCacheBehavior [ RunTime:0.000000s ]
INFO: Run Behavior\CheckLangBehavior [ RunTime:0.005000s ]
INFO: [ app_begin ] --END-- [ RunTime:0.006000s ]
SQL: SHOW COLUMNS FROM `btc_admin` [ RunTime:0.0030s ]
SQL: SELECT COUNT(*) AS tp_count FROM `btc_admin` WHERE `user_name` = 'zyan001' AND `pass_word` = '62fa7bbe115476d6b10ecb376839e996' LIMIT 1   [ RunTime:0.0000s ]
SQL: SELECT `admin_id` FROM `btc_admin` WHERE `user_name` = 'zyan001' LIMIT 1   [ RunTime:0.0010s ]
SQL: SHOW COLUMNS FROM `btc_order_info` [ RunTime:0.0020s ]
SQL: SELECT COUNT(*) AS tp_count FROM btc_order_info as oi INNER JOIN btc_user as bu on bu.user_id = oi.user_id and bu.is_deleted =0  WHERE oi.is_deleted = 0 AND oi.status = 0 LIMIT 1   [ RunTime:0.0000s ]
SQL: SELECT oi.*,bu.user_name FROM btc_order_info as oi INNER JOIN btc_user as bu on bu.user_id = oi.user_id and bu.is_deleted =0  WHERE oi.is_deleted = 0 AND oi.status = 0 ORDER BY oi.create_time desc LIMIT 0,30   [ RunTime:0.0010s ]
NOTIC: [8192] Non-static method StatusCode::code() should not be called statically D:\phpStudy\WWW\btc\pc\Application\Admin\Controller\OrderController.class.php 第 79 行.

[ 2018-10-01T11:45:03+08:00 ] 127.0.0.1 /Admin/Order/OrderList.html
INFO: [ app_init ] --START--
INFO: Run Behavior\BuildLiteBehavior [ RunTime:0.000000s ]
INFO: [ app_init ] --END-- [ RunTime:0.000000s ]
INFO: [ app_begin ] --START--
INFO: Run Behavior\ReadHtmlCacheBehavior [ RunTime:0.001001s ]
INFO: Run Behavior\CheckLangBehavior [ RunTime:0.003000s ]
INFO: [ app_begin ] --END-- [ RunTime:0.004001s ]
SQL: SHOW COLUMNS FROM `btc_admin` [ RunTime:0.0030s ]
SQL: SELECT COUNT(*) AS tp_count FROM `btc_admin` WHERE `user_name` = 'zyan001' AND `pass_word` = '62fa7bbe115476d6b10ecb376839e996' LIMIT 1   [ RunTime:0.0000s ]
SQL: SELECT `admin_id` FROM `btc_admin` WHERE `user_name` = 'zyan001' LIMIT 1   [ RunTime:0.0000s ]
INFO: [ view_parse ] --START--
INFO: [ template_filter ] --START--
INFO: Run Behavior\ContentReplaceBehavior [ RunTime:0.000000s ]
INFO: [ template_filter ] --END-- [ RunTime:0.000000s ]
NOTIC: [8] Use of undefined constant getOrderList - assumed 'getOrderList' D:\phpStudy\WWW\btc\pc\Application\Runtime\Cache\Admin\4a8b8d4a46404b86ec4f8b13a7129a6c.php 第 79 行.
NOTIC: [8] Use of undefined constant orderAuditInfo - assumed 'orderAuditInfo' D:\phpStudy\WWW\btc\pc\Application\Runtime\Cache\Admin\4a8b8d4a46404b86ec4f8b13a7129a6c.php 第 142 行.
NOTIC: [8] Use of undefined constant orderSuccess - assumed 'orderSuccess' D:\phpStudy\WWW\btc\pc\Application\Runtime\Cache\Admin\4a8b8d4a46404b86ec4f8b13a7129a6c.php 第 150 行.
NOTIC: [8] Use of undefined constant orderLose - assumed 'orderLose' D:\phpStudy\WWW\btc\pc\Application\Runtime\Cache\Admin\4a8b8d4a46404b86ec4f8b13a7129a6c.php 第 210 行.
NOTIC: [8] Use of undefined constant getOrderList - assumed 'getOrderList' D:\phpStudy\WWW\btc\pc\Application\Runtime\Cache\Admin\4a8b8d4a46404b86ec4f8b13a7129a6c.php 第 252 行.
INFO: Run Behavior\ParseTemplateBehavior [ RunTime:0.012001s ]
INFO: [ view_parse ] --END-- [ RunTime:0.012001s ]
INFO: [ view_filter ] --START--
INFO: Run Behavior\WriteHtmlCacheBehavior [ RunTime:0.000000s ]
INFO: [ view_filter ] --END-- [ RunTime:0.000000s ]
INFO: [ app_end ] --START--
INFO: Run Behavior\ShowPageTraceBehavior [ RunTime:0.000000s ]
INFO: [ app_end ] --END-- [ RunTime:0.000000s ]

[ 2018-10-01T11:45:11+08:00 ] 127.0.0.1 /Admin/Order/getOrderList.html?page=1&limit=30
INFO: [ app_init ] --START--
INFO: Run Behavior\BuildLiteBehavior [ RunTime:0.000000s ]
INFO: [ app_init ] --END-- [ RunTime:0.001000s ]
INFO: [ app_begin ] --START--
INFO: Run Behavior\ReadHtmlCacheBehavior [ RunTime:0.000000s ]
INFO: Run Behavior\CheckLangBehavior [ RunTime:0.002000s ]
INFO: [ app_begin ] --END-- [ RunTime:0.003000s ]
SQL: SHOW COLUMNS FROM `btc_admin` [ RunTime:0.0020s ]
SQL: SELECT COUNT(*) AS tp_count FROM `btc_admin` WHERE `user_name` = 'zyan001' AND `pass_word` = '62fa7bbe115476d6b10ecb376839e996' LIMIT 1   [ RunTime:0.0000s ]
SQL: SELECT `admin_id` FROM `btc_admin` WHERE `user_name` = 'zyan001' LIMIT 1   [ RunTime:0.0000s ]
SQL: SHOW COLUMNS FROM `btc_order_info` [ RunTime:0.0030s ]
SQL: SELECT COUNT(*) AS tp_count FROM btc_order_info as oi INNER JOIN btc_user as bu on bu.user_id = oi.user_id and bu.is_deleted =0  WHERE oi.is_deleted = 0 AND oi.status = 0 LIMIT 1   [ RunTime:0.0000s ]
SQL: SELECT oi.*,bu.user_name FROM btc_order_info as oi INNER JOIN btc_user as bu on bu.user_id = oi.user_id and bu.is_deleted =0  WHERE oi.is_deleted = 0 AND oi.status = 0 ORDER BY oi.create_time desc LIMIT 0,30   [ RunTime:0.0000s ]
NOTIC: [8192] Non-static method StatusCode::code() should not be called statically D:\phpStudy\WWW\btc\pc\Application\Admin\Controller\OrderController.class.php 第 79 行.

[ 2018-10-01T11:46:39+08:00 ] 127.0.0.1 /Admin/Order/orderLose.html
INFO: [ app_init ] --START--
INFO: Run Behavior\BuildLiteBehavior [ RunTime:0.000000s ]
INFO: [ app_init ] --END-- [ RunTime:0.000000s ]
INFO: [ app_begin ] --START--
INFO: Run Behavior\ReadHtmlCacheBehavior [ RunTime:0.001000s ]
INFO: Run Behavior\CheckLangBehavior [ RunTime:0.010001s ]
INFO: [ app_begin ] --END-- [ RunTime:0.011001s ]
SQL: SHOW COLUMNS FROM `btc_admin` [ RunTime:0.0050s ]
SQL: SELECT COUNT(*) AS tp_count FROM `btc_admin` WHERE `user_name` = 'zyan001' AND `pass_word` = '62fa7bbe115476d6b10ecb376839e996' LIMIT 1   [ RunTime:0.0000s ]
SQL: SELECT `admin_id` FROM `btc_admin` WHERE `user_name` = 'zyan001' LIMIT 1   [ RunTime:0.0010s ]
SQL: SHOW COLUMNS FROM `btc_order_info` [ RunTime:0.0060s ]
SQL: SHOW COLUMNS FROM `btc_user_account` [ RunTime:0.0050s ]
NOTIC: [8192] Non-static method Common::verifyMd5() should not be called statically D:\phpStudy\WWW\btc\pc\Application\Admin\Controller\OrderController.class.php 第 183 行.
SQL: UPDATE btc_order_info as oi SET `order_id`='A2018100111432215383654024770970',`status`='-1',`remark`='',`update_time`='1538365599' WHERE oi.order_id = 'A2018100111432215383654024770970' AND oi.is_deleted = 0 [ RunTime:0.0000s ]
SQL: SELECT bua.btc_balance,bua.eth_balance,bua.extract_balance,oi.currency_type,oi.number,oi.order_type,oi.user_id,oi.payment_type,oi.price,oi.user_id FROM btc_order_info as oi INNER JOIN btc_user_account as bua on bua.user_id = oi.user_id  WHERE oi.order_id = 'A2018100111432215383654024770970' AND oi.is_deleted = 0  [ RunTime:0.0000s ]
SQL: UPDATE `btc_user_account` SET `btc_balance`='6.91',`update_time`='1538365599' WHERE `user_id` = 'q2018090611234315362042232669474' [ RunTime:0.0000s ]
NOTIC: [8192] Non-static method StatusCode::code() should not be called statically D:\phpStudy\WWW\btc\pc\Application\Admin\Controller\OrderController.class.php 第 268 行.

[ 2018-10-01T11:46:49+08:00 ] 127.0.0.1 /Admin/Order/OrderList.html
INFO: [ app_init ] --START--
INFO: Run Behavior\BuildLiteBehavior [ RunTime:0.000000s ]
INFO: [ app_init ] --END-- [ RunTime:0.001000s ]
INFO: [ app_begin ] --START--
INFO: Run Behavior\ReadHtmlCacheBehavior [ RunTime:0.000000s ]
INFO: Run Behavior\CheckLangBehavior [ RunTime:0.005000s ]
INFO: [ app_begin ] --END-- [ RunTime:0.005000s ]
SQL: SHOW COLUMNS FROM `btc_admin` [ RunTime:0.0050s ]
SQL: SELECT COUNT(*) AS tp_count FROM `btc_admin` WHERE `user_name` = 'zyan001' AND `pass_word` = '62fa7bbe115476d6b10ecb376839e996' LIMIT 1   [ RunTime:0.0010s ]
SQL: SELECT `admin_id` FROM `btc_admin` WHERE `user_name` = 'zyan001' LIMIT 1   [ RunTime:0.0000s ]
INFO: [ view_parse ] --START--
INFO: [ template_filter ] --START--
INFO: Run Behavior\ContentReplaceBehavior [ RunTime:0.001000s ]
INFO: [ template_filter ] --END-- [ RunTime:0.001000s ]
NOTIC: [8] Use of undefined constant getOrderList - assumed 'getOrderList' D:\phpStudy\WWW\btc\pc\Application\Runtime\Cache\Admin\4a8b8d4a46404b86ec4f8b13a7129a6c.php 第 79 行.
NOTIC: [8] Use of undefined constant orderAuditInfo - assumed 'orderAuditInfo' D:\phpStudy\WWW\btc\pc\Application\Runtime\Cache\Admin\4a8b8d4a46404b86ec4f8b13a7129a6c.php 第 142 行.
NOTIC: [8] Use of undefined constant orderSuccess - assumed 'orderSuccess' D:\phpStudy\WWW\btc\pc\Application\Runtime\Cache\Admin\4a8b8d4a46404b86ec4f8b13a7129a6c.php 第 150 行.
NOTIC: [8] Use of undefined constant orderLose - assumed 'orderLose' D:\phpStudy\WWW\btc\pc\Application\Runtime\Cache\Admin\4a8b8d4a46404b86ec4f8b13a7129a6c.php 第 210 行.
NOTIC: [8] Use of undefined constant getOrderList - assumed 'getOrderList' D:\phpStudy\WWW\btc\pc\Application\Runtime\Cache\Admin\4a8b8d4a46404b86ec4f8b13a7129a6c.php 第 252 行.
INFO: Run Behavior\ParseTemplateBehavior [ RunTime:0.015001s ]
INFO: [ view_parse ] --END-- [ RunTime:0.015001s ]
INFO: [ view_filter ] --START--
INFO: Run Behavior\WriteHtmlCacheBehavior [ RunTime:0.001000s ]
INFO: [ view_filter ] --END-- [ RunTime:0.001000s ]
INFO: [ app_end ] --START--
INFO: Run Behavior\ShowPageTraceBehavior [ RunTime:0.001000s ]
INFO: [ app_end ] --END-- [ RunTime:0.001000s ]

[ 2018-10-01T11:46:52+08:00 ] 127.0.0.1 /Admin/Order/getOrderList.html?page=1&limit=30
INFO: [ app_init ] --START--
INFO: Run Behavior\BuildLiteBehavior [ RunTime:0.000000s ]
INFO: [ app_init ] --END-- [ RunTime:0.001000s ]
INFO: [ app_begin ] --START--
INFO: Run Behavior\ReadHtmlCacheBehavior [ RunTime:0.000000s ]
INFO: Run Behavior\CheckLangBehavior [ RunTime:0.004001s ]
INFO: [ app_begin ] --END-- [ RunTime:0.004001s ]
SQL: SHOW COLUMNS FROM `btc_admin` [ RunTime:0.0030s ]
SQL: SELECT COUNT(*) AS tp_count FROM `btc_admin` WHERE `user_name` = 'zyan001' AND `pass_word` = '62fa7bbe115476d6b10ecb376839e996' LIMIT 1   [ RunTime:0.0000s ]
SQL: SELECT `admin_id` FROM `btc_admin` WHERE `user_name` = 'zyan001' LIMIT 1   [ RunTime:0.0000s ]
SQL: SHOW COLUMNS FROM `btc_order_info` [ RunTime:0.0030s ]
SQL: SELECT COUNT(*) AS tp_count FROM btc_order_info as oi INNER JOIN btc_user as bu on bu.user_id = oi.user_id and bu.is_deleted =0  WHERE oi.is_deleted = 0 AND oi.status = 0 LIMIT 1   [ RunTime:0.0000s ]
SQL: SELECT oi.*,bu.user_name FROM btc_order_info as oi INNER JOIN btc_user as bu on bu.user_id = oi.user_id and bu.is_deleted =0  WHERE oi.is_deleted = 0 AND oi.status = 0 ORDER BY oi.create_time desc LIMIT 0,30   [ RunTime:0.0010s ]
NOTIC: [8192] Non-static method StatusCode::code() should not be called statically D:\phpStudy\WWW\btc\pc\Application\Admin\Controller\OrderController.class.php 第 79 行.

[ 2018-10-01T11:47:17+08:00 ] 127.0.0.1 /Admin/Order/OrderList.html
INFO: [ app_init ] --START--
INFO: Run Behavior\BuildLiteBehavior [ RunTime:0.000000s ]
INFO: [ app_init ] --END-- [ RunTime:0.000000s ]
INFO: [ app_begin ] --START--
INFO: Run Behavior\ReadHtmlCacheBehavior [ RunTime:0.001000s ]
INFO: Run Behavior\CheckLangBehavior [ RunTime:0.002000s ]
INFO: [ app_begin ] --END-- [ RunTime:0.003000s ]
SQL: SHOW COLUMNS FROM `btc_admin` [ RunTime:0.0030s ]
SQL: SELECT COUNT(*) AS tp_count FROM `btc_admin` WHERE `user_name` = 'zyan001' AND `pass_word` = '62fa7bbe115476d6b10ecb376839e996' LIMIT 1   [ RunTime:0.0000s ]
SQL: SELECT `admin_id` FROM `btc_admin` WHERE `user_name` = 'zyan001' LIMIT 1   [ RunTime:0.0000s ]
INFO: [ view_parse ] --START--
INFO: [ template_filter ] --START--
INFO: Run Behavior\ContentReplaceBehavior [ RunTime:0.001000s ]
INFO: [ template_filter ] --END-- [ RunTime:0.001000s ]
NOTIC: [8] Use of undefined constant getOrderList - assumed 'getOrderList' D:\phpStudy\WWW\btc\pc\Application\Runtime\Cache\Admin\4a8b8d4a46404b86ec4f8b13a7129a6c.php 第 79 行.
NOTIC: [8] Use of undefined constant orderAuditInfo - assumed 'orderAuditInfo' D:\phpStudy\WWW\btc\pc\Application\Runtime\Cache\Admin\4a8b8d4a46404b86ec4f8b13a7129a6c.php 第 142 行.
NOTIC: [8] Use of undefined constant orderSuccess - assumed 'orderSuccess' D:\phpStudy\WWW\btc\pc\Application\Runtime\Cache\Admin\4a8b8d4a46404b86ec4f8b13a7129a6c.php 第 150 行.
NOTIC: [8] Use of undefined constant orderLose - assumed 'orderLose' D:\phpStudy\WWW\btc\pc\Application\Runtime\Cache\Admin\4a8b8d4a46404b86ec4f8b13a7129a6c.php 第 210 行.
NOTIC: [8] Use of undefined constant getOrderList - assumed 'getOrderList' D:\phpStudy\WWW\btc\pc\Application\Runtime\Cache\Admin\4a8b8d4a46404b86ec4f8b13a7129a6c.php 第 252 行.
INFO: Run Behavior\ParseTemplateBehavior [ RunTime:0.010001s ]
INFO: [ view_parse ] --END-- [ RunTime:0.010001s ]
INFO: [ view_filter ] --START--
INFO: Run Behavior\WriteHtmlCacheBehavior [ RunTime:0.001000s ]
INFO: [ view_filter ] --END-- [ RunTime:0.001000s ]
INFO: [ app_end ] --START--
INFO: Run Behavior\ShowPageTraceBehavior [ RunTime:0.001000s ]
INFO: [ app_end ] --END-- [ RunTime:0.001000s ]

[ 2018-10-01T11:47:20+08:00 ] 127.0.0.1 /Admin/Order/getOrderList.html?page=1&limit=30
INFO: [ app_init ] --START--
INFO: Run Behavior\BuildLiteBehavior [ RunTime:0.000000s ]
INFO: [ app_init ] --END-- [ RunTime:0.000000s ]
INFO: [ app_begin ] --START--
INFO: Run Behavior\ReadHtmlCacheBehavior [ RunTime:0.001000s ]
INFO: Run Behavior\CheckLangBehavior [ RunTime:0.003000s ]
INFO: [ app_begin ] --END-- [ RunTime:0.004000s ]
SQL: SHOW COLUMNS FROM `btc_admin` [ RunTime:0.0050s ]
SQL: SELECT COUNT(*) AS tp_count FROM `btc_admin` WHERE `user_name` = 'zyan001' AND `pass_word` = '62fa7bbe115476d6b10ecb376839e996' LIMIT 1   [ RunTime:0.0000s ]
SQL: SELECT `admin_id` FROM `btc_admin` WHERE `user_name` = 'zyan001' LIMIT 1   [ RunTime:0.0010s ]
SQL: SHOW COLUMNS FROM `btc_order_info` [ RunTime:0.0040s ]
SQL: SELECT COUNT(*) AS tp_count FROM btc_order_info as oi INNER JOIN btc_user as bu on bu.user_id = oi.user_id and bu.is_deleted =0  WHERE oi.is_deleted = 0 AND oi.status = 0 LIMIT 1   [ RunTime:0.0010s ]
SQL: SELECT oi.*,bu.user_name FROM btc_order_info as oi INNER JOIN btc_user as bu on bu.user_id = oi.user_id and bu.is_deleted =0  WHERE oi.is_deleted = 0 AND oi.status = 0 ORDER BY oi.create_time desc LIMIT 0,30   [ RunTime:0.0010s ]
NOTIC: [8192] Non-static method StatusCode::code() should not be called statically D:\phpStudy\WWW\btc\pc\Application\Admin\Controller\OrderController.class.php 第 79 行.

[ 2018-10-01T11:48:47+08:00 ] 127.0.0.1 /Admin/Order/OrderList.html
INFO: [ app_init ] --START--
INFO: Run Behavior\BuildLiteBehavior [ RunTime:0.000000s ]
INFO: [ app_init ] --END-- [ RunTime:0.000000s ]
INFO: [ app_begin ] --START--
INFO: Run Behavior\ReadHtmlCacheBehavior [ RunTime:0.001000s ]
INFO: Run Behavior\CheckLangBehavior [ RunTime:0.003000s ]
INFO: [ app_begin ] --END-- [ RunTime:0.004000s ]
SQL: SHOW COLUMNS FROM `btc_admin` [ RunTime:0.0040s ]
SQL: SELECT COUNT(*) AS tp_count FROM `btc_admin` WHERE `user_name` = 'zyan001' AND `pass_word` = '62fa7bbe115476d6b10ecb376839e996' LIMIT 1   [ RunTime:0.0010s ]
SQL: SELECT `admin_id` FROM `btc_admin` WHERE `user_name` = 'zyan001' LIMIT 1   [ RunTime:0.0000s ]
INFO: [ view_parse ] --START--
INFO: [ template_filter ] --START--
INFO: Run Behavior\ContentReplaceBehavior [ RunTime:0.000000s ]
INFO: [ template_filter ] --END-- [ RunTime:0.001000s ]
NOTIC: [8] Use of undefined constant getOrderList - assumed 'getOrderList' D:\phpStudy\WWW\btc\pc\Application\Runtime\Cache\Admin\4a8b8d4a46404b86ec4f8b13a7129a6c.php 第 79 行.
NOTIC: [8] Use of undefined constant orderAuditInfo - assumed 'orderAuditInfo' D:\phpStudy\WWW\btc\pc\Application\Runtime\Cache\Admin\4a8b8d4a46404b86ec4f8b13a7129a6c.php 第 142 行.
NOTIC: [8] Use of undefined constant orderSuccess - assumed 'orderSuccess' D:\phpStudy\WWW\btc\pc\Application\Runtime\Cache\Admin\4a8b8d4a46404b86ec4f8b13a7129a6c.php 第 150 行.
NOTIC: [8] Use of undefined constant orderLose - assumed 'orderLose' D:\phpStudy\WWW\btc\pc\Application\Runtime\Cache\Admin\4a8b8d4a46404b86ec4f8b13a7129a6c.php 第 210 行.
NOTIC: [8] Use of undefined constant getOrderList - assumed 'getOrderList' D:\phpStudy\WWW\btc\pc\Application\Runtime\Cache\Admin\4a8b8d4a46404b86ec4f8b13a7129a6c.php 第 252 行.
INFO: Run Behavior\ParseTemplateBehavior [ RunTime:0.012001s ]
INFO: [ view_parse ] --END-- [ RunTime:0.012001s ]
INFO: [ view_filter ] --START--
INFO: Run Behavior\WriteHtmlCacheBehavior [ RunTime:0.000000s ]
INFO: [ view_filter ] --END-- [ RunTime:0.000000s ]
INFO: [ app_end ] --START--
INFO: Run Behavior\ShowPageTraceBehavior [ RunTime:0.001000s ]
INFO: [ app_end ] --END-- [ RunTime:0.001000s ]

[ 2018-10-01T11:48:52+08:00 ] 127.0.0.1 /Admin/Order/getOrderList.html?page=1&limit=30
INFO: [ app_init ] --START--
INFO: Run Behavior\BuildLiteBehavior [ RunTime:0.001000s ]
INFO: [ app_init ] --END-- [ RunTime:0.001000s ]
INFO: [ app_begin ] --START--
INFO: Run Behavior\ReadHtmlCacheBehavior [ RunTime:0.001000s ]
INFO: Run Behavior\CheckLangBehavior [ RunTime:0.004000s ]
INFO: [ app_begin ] --END-- [ RunTime:0.005000s ]
SQL: SHOW COLUMNS FROM `btc_admin` [ RunTime:0.0040s ]
SQL: SELECT COUNT(*) AS tp_count FROM `btc_admin` WHERE `user_name` = 'zyan001' AND `pass_word` = '62fa7bbe115476d6b10ecb376839e996' LIMIT 1   [ RunTime:0.0000s ]
SQL: SELECT `admin_id` FROM `btc_admin` WHERE `user_name` = 'zyan001' LIMIT 1   [ RunTime:0.0000s ]
SQL: SHOW COLUMNS FROM `btc_order_info` [ RunTime:0.0050s ]
SQL: SELECT COUNT(*) AS tp_count FROM btc_order_info as oi INNER JOIN btc_user as bu on bu.user_id = oi.user_id and bu.is_deleted =0  WHERE oi.is_deleted = 0 AND oi.status = 0 LIMIT 1   [ RunTime:0.0010s ]
SQL: SELECT oi.*,bu.user_name FROM btc_order_info as oi INNER JOIN btc_user as bu on bu.user_id = oi.user_id and bu.is_deleted =0  WHERE oi.is_deleted = 0 AND oi.status = 0 ORDER BY oi.create_time desc LIMIT 0,30   [ RunTime:0.0010s ]
NOTIC: [8192] Non-static method StatusCode::code() should not be called statically D:\phpStudy\WWW\btc\pc\Application\Admin\Controller\OrderController.class.php 第 79 行.

[ 2018-10-01T11:49:52+08:00 ] 127.0.0.1 /Admin/Order/orderAuditInfo.html
INFO: [ app_init ] --START--
INFO: Run Behavior\BuildLiteBehavior [ RunTime:0.000000s ]
INFO: [ app_init ] --END-- [ RunTime:0.001000s ]
INFO: [ app_begin ] --START--
INFO: Run Behavior\ReadHtmlCacheBehavior [ RunTime:0.001001s ]
INFO: Run Behavior\CheckLangBehavior [ RunTime:0.004000s ]
INFO: [ app_begin ] --END-- [ RunTime:0.005001s ]
SQL: SHOW COLUMNS FROM `btc_admin` [ RunTime:0.0030s ]
SQL: SELECT COUNT(*) AS tp_count FROM `btc_admin` WHERE `user_name` = 'zyan001' AND `pass_word` = '62fa7bbe115476d6b10ecb376839e996' LIMIT 1   [ RunTime:0.0000s ]
SQL: SELECT `admin_id` FROM `btc_admin` WHERE `user_name` = 'zyan001' LIMIT 1   [ RunTime:0.0010s ]
SQL: SHOW COLUMNS FROM `btc_order_info` [ RunTime:0.0030s ]
NOTIC: [8192] Non-static method Common::verifyMd5() should not be called statically D:\phpStudy\WWW\btc\pc\Application\Admin\Controller\OrderController.class.php 第 138 行.
SQL: UPDATE `btc_order_info` SET `order_id`='G2018100111482815383657084505988',`status`='1',`remark`='',`update_time`='1538365792' WHERE `order_id` = 'G2018100111482815383657084505988' AND `is_deleted` = 0 [ RunTime:0.0010s ]
NOTIC: [8192] Non-static method StatusCode::code() should not be called statically D:\phpStudy\WWW\btc\pc\Application\Admin\Controller\OrderController.class.php 第 158 行.

[ 2018-10-01T11:49:59+08:00 ] 127.0.0.1 /Admin/Order/orderSuccess.html
INFO: [ app_init ] --START--
INFO: Run Behavior\BuildLiteBehavior [ RunTime:0.000000s ]
INFO: [ app_init ] --END-- [ RunTime:0.000000s ]
INFO: [ app_begin ] --START--
INFO: Run Behavior\ReadHtmlCacheBehavior [ RunTime:0.001000s ]
INFO: Run Behavior\CheckLangBehavior [ RunTime:0.004001s ]
INFO: [ app_begin ] --END-- [ RunTime:0.005001s ]
SQL: SHOW COLUMNS FROM `btc_admin` [ RunTime:0.0040s ]
SQL: SELECT COUNT(*) AS tp_count FROM `btc_admin` WHERE `user_name` = 'zyan001' AND `pass_word` = '62fa7bbe115476d6b10ecb376839e996' LIMIT 1   [ RunTime:0.0010s ]
SQL: SELECT `admin_id` FROM `btc_admin` WHERE `user_name` = 'zyan001' LIMIT 1   [ RunTime:0.0000s ]
SQL: SHOW COLUMNS FROM `btc_order_info` [ RunTime:0.0050s ]
NOTIC: [8192] Non-static method Common::verifyMd5() should not be called statically D:\phpStudy\WWW\btc\pc\Application\Admin\Controller\OrderController.class.php 第 291 行.
SQL: UPDATE btc_order_info as oi SET `order_id`='G2018100111482815383657084505988',`status`='2',`update_time`='1538365799' WHERE oi.order_id = 'G2018100111482815383657084505988' AND oi.is_deleted = 0 [ RunTime:0.0010s ]
SQL: SHOW COLUMNS FROM `btc_user_account` [ RunTime:0.0040s ]
SQL: SELECT bua.btc_balance,bua.eth_balance,bua.extract_balance,oi.currency_type,oi.number,oi.order_type,oi.price,oi.user_id FROM btc_order_info as oi INNER JOIN btc_user_account as bua on bua.user_id = oi.user_id  WHERE oi.order_id = 'G2018100111482815383657084505988' AND oi.is_deleted = 0  [ RunTime:0.0010s ]
SQL: UPDATE `btc_user_account` SET `extract_balance`='97878',`update_time`='1538365799' WHERE `user_id` = 'q2018090611234315362042232669474' [ RunTime:0.0000s ]
NOTIC: [8192] Non-static method StatusCode::code() should not be called statically D:\phpStudy\WWW\btc\pc\Application\Admin\Controller\OrderController.class.php 第 344 行.

[ 2018-10-01T11:50:04+08:00 ] 127.0.0.1 /Admin/Order/OrderList.html
INFO: [ app_init ] --START--
INFO: Run Behavior\BuildLiteBehavior [ RunTime:0.000000s ]
INFO: [ app_init ] --END-- [ RunTime:0.000000s ]
INFO: [ app_begin ] --START--
INFO: Run Behavior\ReadHtmlCacheBehavior [ RunTime:0.001000s ]
INFO: Run Behavior\CheckLangBehavior [ RunTime:0.004000s ]
INFO: [ app_begin ] --END-- [ RunTime:0.005000s ]
SQL: SHOW COLUMNS FROM `btc_admin` [ RunTime:0.0030s ]
SQL: SELECT COUNT(*) AS tp_count FROM `btc_admin` WHERE `user_name` = 'zyan001' AND `pass_word` = '62fa7bbe115476d6b10ecb376839e996' LIMIT 1   [ RunTime:0.0010s ]
SQL: SELECT `admin_id` FROM `btc_admin` WHERE `user_name` = 'zyan001' LIMIT 1   [ RunTime:0.0000s ]
INFO: [ view_parse ] --START--
INFO: [ template_filter ] --START--
INFO: Run Behavior\ContentReplaceBehavior [ RunTime:0.000000s ]
INFO: [ template_filter ] --END-- [ RunTime:0.000000s ]
NOTIC: [8] Use of undefined constant getOrderList - assumed 'getOrderList' D:\phpStudy\WWW\btc\pc\Application\Runtime\Cache\Admin\4a8b8d4a46404b86ec4f8b13a7129a6c.php 第 79 行.
NOTIC: [8] Use of undefined constant orderAuditInfo - assumed 'orderAuditInfo' D:\phpStudy\WWW\btc\pc\Application\Runtime\Cache\Admin\4a8b8d4a46404b86ec4f8b13a7129a6c.php 第 142 行.
NOTIC: [8] Use of undefined constant orderSuccess - assumed 'orderSuccess' D:\phpStudy\WWW\btc\pc\Application\Runtime\Cache\Admin\4a8b8d4a46404b86ec4f8b13a7129a6c.php 第 150 行.
NOTIC: [8] Use of undefined constant orderLose - assumed 'orderLose' D:\phpStudy\WWW\btc\pc\Application\Runtime\Cache\Admin\4a8b8d4a46404b86ec4f8b13a7129a6c.php 第 210 行.
NOTIC: [8] Use of undefined constant getOrderList - assumed 'getOrderList' D:\phpStudy\WWW\btc\pc\Application\Runtime\Cache\Admin\4a8b8d4a46404b86ec4f8b13a7129a6c.php 第 252 行.
INFO: Run Behavior\ParseTemplateBehavior [ RunTime:0.010000s ]
INFO: [ view_parse ] --END-- [ RunTime:0.010000s ]
INFO: [ view_filter ] --START--
INFO: Run Behavior\WriteHtmlCacheBehavior [ RunTime:0.001000s ]
INFO: [ view_filter ] --END-- [ RunTime:0.001000s ]
INFO: [ app_end ] --START--
INFO: Run Behavior\ShowPageTraceBehavior [ RunTime:0.001001s ]
INFO: [ app_end ] --END-- [ RunTime:0.001001s ]

[ 2018-10-01T11:50:06+08:00 ] 127.0.0.1 /Admin/Order/getOrderList.html?page=1&limit=30
INFO: [ app_init ] --START--
INFO: Run Behavior\BuildLiteBehavior [ RunTime:0.000000s ]
INFO: [ app_init ] --END-- [ RunTime:0.001000s ]
INFO: [ app_begin ] --START--
INFO: Run Behavior\ReadHtmlCacheBehavior [ RunTime:0.002000s ]
INFO: Run Behavior\CheckLangBehavior [ RunTime:0.005000s ]
INFO: [ app_begin ] --END-- [ RunTime:0.008000s ]
SQL: SHOW COLUMNS FROM `btc_admin` [ RunTime:0.0050s ]
SQL: SELECT COUNT(*) AS tp_count FROM `btc_admin` WHERE `user_name` = 'zyan001' AND `pass_word` = '62fa7bbe115476d6b10ecb376839e996' LIMIT 1   [ RunTime:0.0010s ]
SQL: SELECT `admin_id` FROM `btc_admin` WHERE `user_name` = 'zyan001' LIMIT 1   [ RunTime:0.0000s ]
SQL: SHOW COLUMNS FROM `btc_order_info` [ RunTime:0.0050s ]
SQL: SELECT COUNT(*) AS tp_count FROM btc_order_info as oi INNER JOIN btc_user as bu on bu.user_id = oi.user_id and bu.is_deleted =0  WHERE oi.is_deleted = 0 AND oi.status = 0 LIMIT 1   [ RunTime:0.0010s ]
SQL: SELECT oi.*,bu.user_name FROM btc_order_info as oi INNER JOIN btc_user as bu on bu.user_id = oi.user_id and bu.is_deleted =0  WHERE oi.is_deleted = 0 AND oi.status = 0 ORDER BY oi.create_time desc LIMIT 0,30   [ RunTime:0.0010s ]
NOTIC: [8192] Non-static method StatusCode::code() should not be called statically D:\phpStudy\WWW\btc\pc\Application\Admin\Controller\OrderController.class.php 第 79 行.

[ 2018-10-01T11:50:22+08:00 ] 127.0.0.1 /Admin/Order/OrderListAll.html
INFO: [ app_init ] --START--
INFO: Run Behavior\BuildLiteBehavior [ RunTime:0.000000s ]
INFO: [ app_init ] --END-- [ RunTime:0.000000s ]
INFO: [ app_begin ] --START--
INFO: Run Behavior\ReadHtmlCacheBehavior [ RunTime:0.001000s ]
INFO: Run Behavior\CheckLangBehavior [ RunTime:0.004000s ]
INFO: [ app_begin ] --END-- [ RunTime:0.005000s ]
SQL: SHOW COLUMNS FROM `btc_admin` [ RunTime:0.0030s ]
SQL: SELECT COUNT(*) AS tp_count FROM `btc_admin` WHERE `user_name` = 'zyan001' AND `pass_word` = '62fa7bbe115476d6b10ecb376839e996' LIMIT 1   [ RunTime:0.0020s ]
SQL: SELECT `admin_id` FROM `btc_admin` WHERE `user_name` = 'zyan001' LIMIT 1   [ RunTime:0.0000s ]
INFO: [ view_parse ] --START--
INFO: [ template_filter ] --START--
INFO: Run Behavior\ContentReplaceBehavior [ RunTime:0.000000s ]
INFO: [ template_filter ] --END-- [ RunTime:0.000000s ]
NOTIC: [8] Use of undefined constant getOrderListAll - assumed 'getOrderListAll' D:\phpStudy\WWW\btc\pc\Application\Runtime\Cache\Admin\3bed188a6b80e8225450c63e0563e8d7.php 第 67 行.
NOTIC: [8] Use of undefined constant getOrderListAll - assumed 'getOrderListAll' D:\phpStudy\WWW\btc\pc\Application\Runtime\Cache\Admin\3bed188a6b80e8225450c63e0563e8d7.php 第 126 行.
INFO: Run Behavior\ParseTemplateBehavior [ RunTime:0.010001s ]
INFO: [ view_parse ] --END-- [ RunTime:0.010001s ]
INFO: [ view_filter ] --START--
INFO: Run Behavior\WriteHtmlCacheBehavior [ RunTime:0.001000s ]
INFO: [ view_filter ] --END-- [ RunTime:0.001000s ]
INFO: [ app_end ] --START--
INFO: Run Behavior\ShowPageTraceBehavior [ RunTime:0.001000s ]
INFO: [ app_end ] --END-- [ RunTime:0.001000s ]

[ 2018-10-01T11:50:28+08:00 ] 127.0.0.1 /Admin/Order/getOrderListAll.html?page=1&limit=30
INFO: [ app_init ] --START--
INFO: Run Behavior\BuildLiteBehavior [ RunTime:0.000000s ]
INFO: [ app_init ] --END-- [ RunTime:0.001000s ]
INFO: [ app_begin ] --START--
INFO: Run Behavior\ReadHtmlCacheBehavior [ RunTime:0.000000s ]
INFO: Run Behavior\CheckLangBehavior [ RunTime:0.002000s ]
INFO: [ app_begin ] --END-- [ RunTime:0.002000s ]
SQL: SHOW COLUMNS FROM `btc_admin` [ RunTime:0.0030s ]
SQL: SELECT COUNT(*) AS tp_count FROM `btc_admin` WHERE `user_name` = 'zyan001' AND `pass_word` = '62fa7bbe115476d6b10ecb376839e996' LIMIT 1   [ RunTime:0.0000s ]
SQL: SELECT `admin_id` FROM `btc_admin` WHERE `user_name` = 'zyan001' LIMIT 1   [ RunTime:0.0000s ]
SQL: SHOW COLUMNS FROM `btc_order_info` [ RunTime:0.0030s ]
SQL: SELECT COUNT(*) AS tp_count FROM btc_order_info as oi INNER JOIN btc_user as bu on bu.user_id = oi.user_id and bu.is_deleted =0  WHERE oi.is_deleted = 0 LIMIT 1   [ RunTime:0.0040s ]
SQL: SELECT oi.*,bu.user_name FROM btc_order_info as oi INNER JOIN btc_user as bu on bu.user_id = oi.user_id and bu.is_deleted =0  WHERE oi.is_deleted = 0 ORDER BY oi.create_time desc LIMIT 0,30   [ RunTime:0.0030s ]
NOTIC: [8192] Non-static method StatusCode::code() should not be called statically D:\phpStudy\WWW\btc\pc\Application\Admin\Controller\OrderController.class.php 第 45 行.

[ 2018-10-01T11:51:21+08:00 ] 127.0.0.1 /Admin/Withdraw/index.html
INFO: [ app_init ] --START--
INFO: Run Behavior\BuildLiteBehavior [ RunTime:0.000000s ]
INFO: [ app_init ] --END-- [ RunTime:0.000000s ]
INFO: [ app_begin ] --START--
INFO: Run Behavior\ReadHtmlCacheBehavior [ RunTime:0.001000s ]
INFO: Run Behavior\CheckLangBehavior [ RunTime:0.002001s ]
INFO: [ app_begin ] --END-- [ RunTime:0.003001s ]
NOTIC: [2] Declaration of Admin\Controller\WithdrawController::get() should be compatible with Think\Controller::get($name = '') D:\phpStudy\WWW\btc\pc\Application\Admin\Controller\WithdrawController.class.php 第 12 行.
SQL: SHOW COLUMNS FROM `btc_admin` [ RunTime:0.0060s ]
SQL: SELECT COUNT(*) AS tp_count FROM `btc_admin` WHERE `user_name` = 'zyan001' AND `pass_word` = '62fa7bbe115476d6b10ecb376839e996' LIMIT 1   [ RunTime:0.0000s ]
SQL: SELECT `admin_id` FROM `btc_admin` WHERE `user_name` = 'zyan001' LIMIT 1   [ RunTime:0.0000s ]
INFO: [ view_parse ] --START--
INFO: [ template_filter ] --START--
INFO: Run Behavior\ContentReplaceBehavior [ RunTime:0.001000s ]
INFO: [ template_filter ] --END-- [ RunTime:0.001000s ]
NOTIC: [8] Use of undefined constant get - assumed 'get' D:\phpStudy\WWW\btc\pc\Application\Runtime\Cache\Admin\74b33de847bcd735284bc178d1224e92.php 第 75 行.
NOTIC: [8] Use of undefined constant pass - assumed 'pass' D:\phpStudy\WWW\btc\pc\Application\Runtime\Cache\Admin\74b33de847bcd735284bc178d1224e92.php 第 114 行.
NOTIC: [8] Use of undefined constant get - assumed 'get' D:\phpStudy\WWW\btc\pc\Application\Runtime\Cache\Admin\74b33de847bcd735284bc178d1224e92.php 第 127 行.
NOTIC: [8] Use of undefined constant notPass - assumed 'notPass' D:\phpStudy\WWW\btc\pc\Application\Runtime\Cache\Admin\74b33de847bcd735284bc178d1224e92.php 第 155 行.
NOTIC: [8] Use of undefined constant get - assumed 'get' D:\phpStudy\WWW\btc\pc\Application\Runtime\Cache\Admin\74b33de847bcd735284bc178d1224e92.php 第 174 行.
NOTIC: [8] Use of undefined constant deleted - assumed 'deleted' D:\phpStudy\WWW\btc\pc\Application\Runtime\Cache\Admin\74b33de847bcd735284bc178d1224e92.php 第 246 行.
NOTIC: [8] Use of undefined constant get - assumed 'get' D:\phpStudy\WWW\btc\pc\Application\Runtime\Cache\Admin\74b33de847bcd735284bc178d1224e92.php 第 261 行.
NOTIC: [8] Use of undefined constant search - assumed 'search' D:\phpStudy\WWW\btc\pc\Application\Runtime\Cache\Admin\74b33de847bcd735284bc178d1224e92.php 第 287 行.
INFO: Run Behavior\ParseTemplateBehavior [ RunTime:0.012001s ]
INFO: [ view_parse ] --END-- [ RunTime:0.012001s ]
INFO: [ view_filter ] --START--
INFO: Run Behavior\WriteHtmlCacheBehavior [ RunTime:0.000000s ]
INFO: [ view_filter ] --END-- [ RunTime:0.000000s ]
INFO: [ app_end ] --START--
INFO: Run Behavior\ShowPageTraceBehavior [ RunTime:0.001000s ]
INFO: [ app_end ] --END-- [ RunTime:0.001000s ]

[ 2018-10-01T11:51:25+08:00 ] 127.0.0.1 /Admin/Withdraw/get.html?page=1&limit=30
INFO: [ app_init ] --START--
INFO: Run Behavior\BuildLiteBehavior [ RunTime:0.000000s ]
INFO: [ app_init ] --END-- [ RunTime:0.000000s ]
INFO: [ app_begin ] --START--
INFO: Run Behavior\ReadHtmlCacheBehavior [ RunTime:0.001000s ]
INFO: Run Behavior\CheckLangBehavior [ RunTime:0.003000s ]
INFO: [ app_begin ] --END-- [ RunTime:0.004000s ]
NOTIC: [2] Declaration of Admin\Controller\WithdrawController::get() should be compatible with Think\Controller::get($name = '') D:\phpStudy\WWW\btc\pc\Application\Admin\Controller\WithdrawController.class.php 第 12 行.
SQL: SHOW COLUMNS FROM `btc_admin` [ RunTime:0.0030s ]
SQL: SELECT COUNT(*) AS tp_count FROM `btc_admin` WHERE `user_name` = 'zyan001' AND `pass_word` = '62fa7bbe115476d6b10ecb376839e996' LIMIT 1   [ RunTime:0.0000s ]
SQL: SELECT `admin_id` FROM `btc_admin` WHERE `user_name` = 'zyan001' LIMIT 1   [ RunTime:0.0000s ]
SQL: SHOW COLUMNS FROM `btc_up_order` [ RunTime:0.0030s ]
SQL: SELECT uo.user_id,uo.up_price,uo.status,uo.refusal_cause,uo.create_time,uo.update_time,uo.up_order_id,u.maincoin_id,u.user_name,u.tel,u.email,bb1.bank_name as bank_name,ua.bank_num,ua.bank_account,bb2.bank_name as bank_branch FROM btc_up_order as uo left join btc_user u on u.user_id = uo.user_id
                    left join btc_user_account ua on ua.user_id = uo.user_id
                    left join btc_bank bb1 on bb1.bank_id = ua.bank_name
                    left join btc_bank bb2 on bb2.bank_id = ua.bank_branch  WHERE uo.is_deleted = 0 ORDER BY uo.create_time desc LIMIT 0,30   [ RunTime:0.0160s ]
NOTIC: [8192] Non-static method StatusCode::code() should not be called statically D:\phpStudy\WWW\btc\pc\Application\Admin\Controller\WithdrawController.class.php 第 203 行.
SQL: SELECT COUNT(*) AS tp_count FROM btc_up_order as uo WHERE uo.is_deleted = 0 LIMIT 1   [ RunTime:0.0000s ]

