[ 2018-10-23T18:06:21+08:00 ] 192.168.0.128 /admin
INFO: [ app_init ] --START--
INFO: Run Behavior\BuildLiteBehavior [ RunTime:0.000009s ]
INFO: [ app_init ] --END-- [ RunTime:0.000404s ]
INFO: [ app_begin ] --START--
INFO: Run Behavior\ReadHtmlCacheBehavior [ RunTime:0.000800s ]
INFO: Run Behavior\CheckLangBehavior [ RunTime:0.002718s ]
INFO: [ app_begin ] --END-- [ RunTime:0.003629s ]
INFO: [ view_parse ] --START--
INFO: [ template_filter ] --START--
INFO: Run Behavior\ContentReplaceBehavior [ RunTime:0.000230s ]
INFO: [ template_filter ] --END-- [ RunTime:0.000274s ]
INFO: Run Behavior\ParseTemplateBehavior [ RunTime:0.016604s ]
INFO: [ view_parse ] --END-- [ RunTime:0.016668s ]
INFO: [ view_filter ] --START--
INFO: Run Behavior\WriteHtmlCacheBehavior [ RunTime:0.000591s ]
INFO: [ view_filter ] --END-- [ RunTime:0.000643s ]
INFO: [ app_end ] --START--
INFO: Run Behavior\ShowPageTraceBehavior [ RunTime:0.000924s ]
INFO: [ app_end ] --END-- [ RunTime:0.000978s ]

[ 2018-10-23T18:06:21+08:00 ] 192.168.0.128 /Admin/Login
INFO: [ app_init ] --START--
INFO: Run Behavior\BuildLiteBehavior [ RunTime:0.000015s ]
INFO: [ app_init ] --END-- [ RunTime:0.000641s ]
INFO: [ app_begin ] --START--
INFO: Run Behavior\ReadHtmlCacheBehavior [ RunTime:0.000546s ]
INFO: Run Behavior\CheckLangBehavior [ RunTime:0.007997s ]
INFO: [ app_begin ] --END-- [ RunTime:0.008670s ]
INFO: [ view_parse ] --START--
INFO: [ template_filter ] --START--
INFO: Run Behavior\ContentReplaceBehavior [ RunTime:0.000280s ]
INFO: [ template_filter ] --END-- [ RunTime:0.000408s ]
NOTIC: [8] Use of undefined constant getAccount - assumed 'getAccount' D:\phpStudy\WWW\btc\pc\Application\Runtime\Cache\Admin\32ec6c906c117a7c2bf504769276d87a.php 第 108 行.
INFO: Run Behavior\ParseTemplateBehavior [ RunTime:0.010094s ]
INFO: [ view_parse ] --END-- [ RunTime:0.010160s ]
INFO: [ view_filter ] --START--
INFO: Run Behavior\WriteHtmlCacheBehavior [ RunTime:0.000492s ]
INFO: [ view_filter ] --END-- [ RunTime:0.000519s ]
INFO: [ app_end ] --START--
INFO: Run Behavior\ShowPageTraceBehavior [ RunTime:0.000636s ]
INFO: [ app_end ] --END-- [ RunTime:0.000663s ]

[ 2018-10-23T18:06:21+08:00 ] 192.168.0.128 /Admin/Login/verify
INFO: [ app_init ] --START--
INFO: Run Behavior\BuildLiteBehavior [ RunTime:0.000017s ]
INFO: [ app_init ] --END-- [ RunTime:0.000795s ]
INFO: [ app_begin ] --START--
INFO: Run Behavior\ReadHtmlCacheBehavior [ RunTime:0.000904s ]
INFO: Run Behavior\CheckLangBehavior [ RunTime:0.005596s ]
INFO: [ app_begin ] --END-- [ RunTime:0.006631s ]
INFO: [ app_end ] --START--
INFO: Run Behavior\ShowPageTraceBehavior [ RunTime:0.000991s ]
INFO: [ app_end ] --END-- [ RunTime:0.001053s ]

[ 2018-10-23T18:06:21+08:00 ] 192.168.0.128 /Admin/favicon.ico
INFO: [ app_init ] --START--
INFO: Run Behavior\BuildLiteBehavior [ RunTime:0.000012s ]
INFO: [ app_init ] --END-- [ RunTime:0.000713s ]

[ 2018-10-23T18:07:11+08:00 ] 192.168.0.128 /Admin/Login/verify?0.6027410772448443
INFO: [ app_init ] --START--
INFO: Run Behavior\BuildLiteBehavior [ RunTime:0.000010s ]
INFO: [ app_init ] --END-- [ RunTime:0.000475s ]
INFO: [ app_begin ] --START--
INFO: Run Behavior\ReadHtmlCacheBehavior [ RunTime:0.000557s ]
INFO: Run Behavior\CheckLangBehavior [ RunTime:0.002211s ]
INFO: [ app_begin ] --END-- [ RunTime:0.002834s ]
INFO: [ app_end ] --START--
INFO: Run Behavior\ShowPageTraceBehavior [ RunTime:0.000852s ]
INFO: [ app_end ] --END-- [ RunTime:0.000904s ]

[ 2018-10-23T18:07:16+08:00 ] 192.168.0.128 /Admin/Login/getAccount.html
INFO: [ app_init ] --START--
INFO: Run Behavior\BuildLiteBehavior [ RunTime:0.000008s ]
INFO: [ app_init ] --END-- [ RunTime:0.000318s ]
INFO: [ app_begin ] --START--
INFO: Run Behavior\ReadHtmlCacheBehavior [ RunTime:0.000432s ]
INFO: Run Behavior\CheckLangBehavior [ RunTime:0.001810s ]
INFO: [ app_begin ] --END-- [ RunTime:0.002291s ]
SQL: SHOW COLUMNS FROM `btc_admin` [ RunTime:0.0207s ]
SQL: SELECT COUNT(*) AS tp_count FROM `btc_admin` WHERE `user_name` = ' zyan001' LIMIT 1   [ RunTime:0.0008s ]
NOTIC: [8192] Non-static method StatusCode::code() should not be called statically D:\phpStudy\WWW\btc\pc\Application\Admin\Controller\LoginController.class.php 第 31 行.

[ 2018-10-23T18:07:16+08:00 ] 192.168.0.128 /Admin/Login/verify?0.6027410772448443?0.03058095033368402
INFO: [ app_init ] --START--
INFO: Run Behavior\BuildLiteBehavior [ RunTime:0.000014s ]
INFO: [ app_init ] --END-- [ RunTime:0.000710s ]
INFO: [ app_begin ] --START--
INFO: Run Behavior\ReadHtmlCacheBehavior [ RunTime:0.000469s ]
INFO: Run Behavior\CheckLangBehavior [ RunTime:0.001968s ]
INFO: [ app_begin ] --END-- [ RunTime:0.002523s ]
INFO: [ app_end ] --START--
INFO: Run Behavior\ShowPageTraceBehavior [ RunTime:0.000887s ]
INFO: [ app_end ] --END-- [ RunTime:0.000945s ]

[ 2018-10-23T18:08:21+08:00 ] 192.168.0.128 /Admin/Login/getAccount.html
INFO: [ app_init ] --START--
INFO: Run Behavior\BuildLiteBehavior [ RunTime:0.000010s ]
INFO: [ app_init ] --END-- [ RunTime:0.000366s ]
INFO: [ app_begin ] --START--
INFO: Run Behavior\ReadHtmlCacheBehavior [ RunTime:0.000426s ]
INFO: Run Behavior\CheckLangBehavior [ RunTime:0.001944s ]
INFO: [ app_begin ] --END-- [ RunTime:0.002422s ]
SQL: SHOW COLUMNS FROM `btc_admin` [ RunTime:0.0135s ]
SQL: SELECT COUNT(*) AS tp_count FROM `btc_admin` WHERE `user_name` = 'admin001' LIMIT 1   [ RunTime:0.0004s ]
SQL: SELECT COUNT(*) AS tp_count FROM `btc_admin` WHERE `user_name` = 'admin001' AND `pass_word` = '62fa7bbe115476d6b10ecb376839e996' LIMIT 1   [ RunTime:0.0003s ]
NOTIC: [8192] Non-static method StatusCode::code() should not be called statically D:\phpStudy\WWW\btc\pc\Application\Admin\Controller\LoginController.class.php 第 40 行.

[ 2018-10-23T18:08:21+08:00 ] 192.168.0.128 /Admin/Login/verify?0.6027410772448443?0.03058095033368402?0.6662159239097472
INFO: [ app_init ] --START--
INFO: Run Behavior\BuildLiteBehavior [ RunTime:0.000009s ]
INFO: [ app_init ] --END-- [ RunTime:0.000355s ]
INFO: [ app_begin ] --START--
INFO: Run Behavior\ReadHtmlCacheBehavior [ RunTime:0.000510s ]
INFO: Run Behavior\CheckLangBehavior [ RunTime:0.001965s ]
INFO: [ app_begin ] --END-- [ RunTime:0.002546s ]
INFO: [ app_end ] --START--
INFO: Run Behavior\ShowPageTraceBehavior [ RunTime:0.000786s ]
INFO: [ app_end ] --END-- [ RunTime:0.000837s ]

[ 2018-10-23T18:08:26+08:00 ] 192.168.0.128 /Admin/Login/getAccount.html
INFO: [ app_init ] --START--
INFO: Run Behavior\BuildLiteBehavior [ RunTime:0.000013s ]
INFO: [ app_init ] --END-- [ RunTime:0.000438s ]
INFO: [ app_begin ] --START--
INFO: Run Behavior\ReadHtmlCacheBehavior [ RunTime:0.000515s ]
INFO: Run Behavior\CheckLangBehavior [ RunTime:0.002333s ]
INFO: [ app_begin ] --END-- [ RunTime:0.002927s ]
SQL: SHOW COLUMNS FROM `btc_admin` [ RunTime:0.0146s ]
SQL: SELECT COUNT(*) AS tp_count FROM `btc_admin` WHERE `user_name` = 'admin001' LIMIT 1   [ RunTime:0.0007s ]
SQL: SELECT COUNT(*) AS tp_count FROM `btc_admin` WHERE `user_name` = 'admin001' AND `pass_word` = '62fa7bbe115476d6b10ecb376839e996' LIMIT 1   [ RunTime:0.0007s ]
NOTIC: [8192] Non-static method StatusCode::code() should not be called statically D:\phpStudy\WWW\btc\pc\Application\Admin\Controller\LoginController.class.php 第 49 行.

[ 2018-10-23T18:08:26+08:00 ] 192.168.0.128 /Admin/Login/verify?0.6027410772448443?0.03058095033368402?0.6662159239097472?0.6595070711821267
INFO: [ app_init ] --START--
INFO: Run Behavior\BuildLiteBehavior [ RunTime:0.000010s ]
INFO: [ app_init ] --END-- [ RunTime:0.000432s ]
INFO: [ app_begin ] --START--
INFO: Run Behavior\ReadHtmlCacheBehavior [ RunTime:0.000431s ]
INFO: Run Behavior\CheckLangBehavior [ RunTime:0.002189s ]
INFO: [ app_begin ] --END-- [ RunTime:0.002687s ]
INFO: [ app_end ] --START--
INFO: Run Behavior\ShowPageTraceBehavior [ RunTime:0.000688s ]
INFO: [ app_end ] --END-- [ RunTime:0.000730s ]

[ 2018-10-23T18:08:30+08:00 ] 192.168.0.128 /Admin/Index
INFO: [ app_init ] --START--
INFO: Run Behavior\BuildLiteBehavior [ RunTime:0.000014s ]
INFO: [ app_init ] --END-- [ RunTime:0.000431s ]
INFO: [ app_begin ] --START--
INFO: Run Behavior\ReadHtmlCacheBehavior [ RunTime:0.000436s ]
INFO: Run Behavior\CheckLangBehavior [ RunTime:0.003145s ]
INFO: [ app_begin ] --END-- [ RunTime:0.003689s ]
SQL: SHOW COLUMNS FROM `btc_admin` [ RunTime:0.0096s ]
SQL: SELECT COUNT(*) AS tp_count FROM `btc_admin` WHERE `user_name` = 'admin001' AND `pass_word` = '62fa7bbe115476d6b10ecb376839e996' LIMIT 1   [ RunTime:0.0003s ]
SQL: SELECT `admin_id` FROM `btc_admin` WHERE `user_name` = 'admin001' LIMIT 1   [ RunTime:0.0002s ]
INFO: [ view_parse ] --START--
INFO: [ template_filter ] --START--
INFO: Run Behavior\ContentReplaceBehavior [ RunTime:0.000255s ]
INFO: [ template_filter ] --END-- [ RunTime:0.000404s ]
INFO: Run Behavior\ParseTemplateBehavior [ RunTime:0.013749s ]
INFO: [ view_parse ] --END-- [ RunTime:0.013797s ]
INFO: [ view_filter ] --START--
INFO: Run Behavior\WriteHtmlCacheBehavior [ RunTime:0.000618s ]
INFO: [ view_filter ] --END-- [ RunTime:0.000652s ]
INFO: [ app_end ] --START--
INFO: Run Behavior\ShowPageTraceBehavior [ RunTime:0.000706s ]
INFO: [ app_end ] --END-- [ RunTime:0.000742s ]

[ 2018-10-23T18:08:32+08:00 ] 192.168.0.128 /Admin/Index/identity
INFO: [ app_init ] --START--
INFO: Run Behavior\BuildLiteBehavior [ RunTime:0.000023s ]
INFO: [ app_init ] --END-- [ RunTime:0.000919s ]
INFO: [ app_begin ] --START--
INFO: Run Behavior\ReadHtmlCacheBehavior [ RunTime:0.003470s ]
INFO: Run Behavior\CheckLangBehavior [ RunTime:0.004494s ]
INFO: [ app_begin ] --END-- [ RunTime:0.008200s ]
SQL: SHOW COLUMNS FROM `btc_admin` [ RunTime:0.0090s ]
SQL: SELECT COUNT(*) AS tp_count FROM `btc_admin` WHERE `user_name` = 'admin001' AND `pass_word` = '62fa7bbe115476d6b10ecb376839e996' LIMIT 1   [ RunTime:0.0003s ]
SQL: SELECT `admin_id` FROM `btc_admin` WHERE `user_name` = 'admin001' LIMIT 1   [ RunTime:0.0002s ]
SQL: SELECT `identity` FROM `btc_admin` WHERE `admin_id` = 'admin001'  [ RunTime:0.0004s ]
NOTIC: [8192] Non-static method StatusCode::code() should not be called statically D:\phpStudy\WWW\btc\pc\Application\Admin\Controller\IndexController.class.php 第 111 行.

[ 2018-10-23T18:08:33+08:00 ] 192.168.0.128 /Admin/Index/init
INFO: [ app_init ] --START--
INFO: Run Behavior\BuildLiteBehavior [ RunTime:0.000013s ]
INFO: [ app_init ] --END-- [ RunTime:0.000617s ]
INFO: [ app_begin ] --START--
INFO: Run Behavior\ReadHtmlCacheBehavior [ RunTime:0.000826s ]
INFO: Run Behavior\CheckLangBehavior [ RunTime:0.002903s ]
INFO: [ app_begin ] --END-- [ RunTime:0.003831s ]
SQL: SHOW COLUMNS FROM `btc_admin` [ RunTime:0.0111s ]
SQL: SELECT COUNT(*) AS tp_count FROM `btc_admin` WHERE `user_name` = 'admin001' AND `pass_word` = '62fa7bbe115476d6b10ecb376839e996' LIMIT 1   [ RunTime:0.0004s ]
SQL: SELECT `admin_id` FROM `btc_admin` WHERE `user_name` = 'admin001' LIMIT 1   [ RunTime:0.0003s ]
SQL: SHOW COLUMNS FROM `btc_up_order` [ RunTime:0.0129s ]
SQL: SELECT COUNT(*) AS tp_count FROM `btc_up_order` WHERE `is_deleted` = 0 AND `status` = 0 LIMIT 1   [ RunTime:0.0006s ]
NOTIC: [8192] Non-static method StatusCode::code() should not be called statically D:\phpStudy\WWW\btc\pc\Application\Admin\Controller\IndexController.class.php 第 95 行.

[ 2018-10-23T18:08:46+08:00 ] 192.168.0.128 /Admin/System/NoticeList.html
INFO: [ app_init ] --START--
INFO: Run Behavior\BuildLiteBehavior [ RunTime:0.000013s ]
INFO: [ app_init ] --END-- [ RunTime:0.000544s ]
INFO: [ app_begin ] --START--
INFO: Run Behavior\ReadHtmlCacheBehavior [ RunTime:0.000857s ]
INFO: Run Behavior\CheckLangBehavior [ RunTime:0.003629s ]
INFO: [ app_begin ] --END-- [ RunTime:0.004596s ]
SQL: SHOW COLUMNS FROM `btc_admin` [ RunTime:0.0072s ]
SQL: SELECT COUNT(*) AS tp_count FROM `btc_admin` WHERE `user_name` = 'admin001' AND `pass_word` = '62fa7bbe115476d6b10ecb376839e996' LIMIT 1   [ RunTime:0.0004s ]
SQL: SELECT `admin_id` FROM `btc_admin` WHERE `user_name` = 'admin001' LIMIT 1   [ RunTime:0.0003s ]
INFO: [ view_parse ] --START--
INFO: [ template_filter ] --START--
INFO: Run Behavior\ContentReplaceBehavior [ RunTime:0.000157s ]
INFO: [ template_filter ] --END-- [ RunTime:0.000224s ]
INFO: Run Behavior\ParseTemplateBehavior [ RunTime:0.012655s ]
INFO: [ view_parse ] --END-- [ RunTime:0.012723s ]
INFO: [ view_filter ] --START--
INFO: Run Behavior\WriteHtmlCacheBehavior [ RunTime:0.000883s ]
INFO: [ view_filter ] --END-- [ RunTime:0.000961s ]
INFO: [ app_end ] --START--
INFO: Run Behavior\ShowPageTraceBehavior [ RunTime:0.001623s ]
INFO: [ app_end ] --END-- [ RunTime:0.001690s ]

[ 2018-10-23T18:08:48+08:00 ] 192.168.0.128 /Admin/System/Notice.html?page=1&limit=30
INFO: [ app_init ] --START--
INFO: Run Behavior\BuildLiteBehavior [ RunTime:0.000012s ]
INFO: [ app_init ] --END-- [ RunTime:0.000551s ]
INFO: [ app_begin ] --START--
INFO: Run Behavior\ReadHtmlCacheBehavior [ RunTime:0.000449s ]
INFO: Run Behavior\CheckLangBehavior [ RunTime:0.002536s ]
INFO: [ app_begin ] --END-- [ RunTime:0.003057s ]
SQL: SHOW COLUMNS FROM `btc_admin` [ RunTime:0.0084s ]
SQL: SELECT COUNT(*) AS tp_count FROM `btc_admin` WHERE `user_name` = 'admin001' AND `pass_word` = '62fa7bbe115476d6b10ecb376839e996' LIMIT 1   [ RunTime:0.0004s ]
SQL: SELECT `admin_id` FROM `btc_admin` WHERE `user_name` = 'admin001' LIMIT 1   [ RunTime:0.0002s ]
SQL: SHOW COLUMNS FROM `btc_bulletin` [ RunTime:0.0082s ]
SQL: SHOW COLUMNS FROM `btc_home_info` [ RunTime:0.0080s ]
SQL: SELECT b.*,bi.en_content,bi.tw_content,bi2.en_content as en_content2,bi2.tw_content as tw_content2 FROM btc_bulletin as b left join btc_i18n as bi on bi.i18n_id = b.bulletin_title_i18n and bi.is_deleted = '0'
		left join btc_i18n as bi2 on bi2.i18n_id = b.bulletin_content_i18n and bi2.is_deleted = '0'  WHERE b.is_deleted = 0 LIMIT 0,30   [ RunTime:0.0040s ]
SQL: SELECT * FROM `btc_home_info`  [ RunTime:0.0007s ]
NOTIC: [8] Undefined index: email_type D:\phpStudy\WWW\btc\pc\Application\Admin\Controller\SystemController.class.php 第 1117 行.
NOTIC: [8] Undefined index: email_type D:\phpStudy\WWW\btc\pc\Application\Admin\Controller\SystemController.class.php 第 1121 行.
NOTIC: [8] Undefined index: email_type D:\phpStudy\WWW\btc\pc\Application\Admin\Controller\SystemController.class.php 第 1125 行.
NOTIC: [8] Undefined index: type D:\phpStudy\WWW\btc\pc\Application\Admin\Controller\SystemController.class.php 第 1146 行.
NOTIC: [8] Undefined index: type D:\phpStudy\WWW\btc\pc\Application\Admin\Controller\SystemController.class.php 第 1151 行.
NOTIC: [8] Undefined index: type D:\phpStudy\WWW\btc\pc\Application\Admin\Controller\SystemController.class.php 第 1156 行.
NOTIC: [8] Undefined index: type D:\phpStudy\WWW\btc\pc\Application\Admin\Controller\SystemController.class.php 第 1161 行.
NOTIC: [8] Undefined index: type D:\phpStudy\WWW\btc\pc\Application\Admin\Controller\SystemController.class.php 第 1166 行.
NOTIC: [8] Undefined index: type D:\phpStudy\WWW\btc\pc\Application\Admin\Controller\SystemController.class.php 第 1171 行.
NOTIC: [8] Undefined index: email_type D:\phpStudy\WWW\btc\pc\Application\Admin\Controller\SystemController.class.php 第 1117 行.
NOTIC: [8] Undefined index: email_type D:\phpStudy\WWW\btc\pc\Application\Admin\Controller\SystemController.class.php 第 1121 行.
NOTIC: [8] Undefined index: email_type D:\phpStudy\WWW\btc\pc\Application\Admin\Controller\SystemController.class.php 第 1125 行.
NOTIC: [8] Undefined index: type D:\phpStudy\WWW\btc\pc\Application\Admin\Controller\SystemController.class.php 第 1146 行.
NOTIC: [8] Undefined index: type D:\phpStudy\WWW\btc\pc\Application\Admin\Controller\SystemController.class.php 第 1151 行.
NOTIC: [8] Undefined index: type D:\phpStudy\WWW\btc\pc\Application\Admin\Controller\SystemController.class.php 第 1156 行.
NOTIC: [8] Undefined index: type D:\phpStudy\WWW\btc\pc\Application\Admin\Controller\SystemController.class.php 第 1161 行.
NOTIC: [8] Undefined index: type D:\phpStudy\WWW\btc\pc\Application\Admin\Controller\SystemController.class.php 第 1166 行.
NOTIC: [8] Undefined index: type D:\phpStudy\WWW\btc\pc\Application\Admin\Controller\SystemController.class.php 第 1171 行.
NOTIC: [8] Undefined index: email_type D:\phpStudy\WWW\btc\pc\Application\Admin\Controller\SystemController.class.php 第 1117 行.
NOTIC: [8] Undefined index: email_type D:\phpStudy\WWW\btc\pc\Application\Admin\Controller\SystemController.class.php 第 1121 行.
NOTIC: [8] Undefined index: email_type D:\phpStudy\WWW\btc\pc\Application\Admin\Controller\SystemController.class.php 第 1125 行.
NOTIC: [8] Undefined index: type D:\phpStudy\WWW\btc\pc\Application\Admin\Controller\SystemController.class.php 第 1146 行.
NOTIC: [8] Undefined index: type D:\phpStudy\WWW\btc\pc\Application\Admin\Controller\SystemController.class.php 第 1151 行.
NOTIC: [8] Undefined index: type D:\phpStudy\WWW\btc\pc\Application\Admin\Controller\SystemController.class.php 第 1156 行.
NOTIC: [8] Undefined index: type D:\phpStudy\WWW\btc\pc\Application\Admin\Controller\SystemController.class.php 第 1161 行.
NOTIC: [8] Undefined index: type D:\phpStudy\WWW\btc\pc\Application\Admin\Controller\SystemController.class.php 第 1166 行.
NOTIC: [8] Undefined index: type D:\phpStudy\WWW\btc\pc\Application\Admin\Controller\SystemController.class.php 第 1171 行.
NOTIC: [8192] Non-static method StatusCode::code() should not be called statically D:\phpStudy\WWW\btc\pc\Application\Admin\Controller\SystemController.class.php 第 819 行.
SQL: SELECT COUNT(*) AS tp_count FROM btc_bulletin as b WHERE b.is_deleted = 0 LIMIT 1   [ RunTime:0.0006s ]

[ 2018-10-23T18:08:53+08:00 ] 192.168.0.128 /Admin/System/UserProblem.html
INFO: [ app_init ] --START--
INFO: Run Behavior\BuildLiteBehavior [ RunTime:0.000008s ]
INFO: [ app_init ] --END-- [ RunTime:0.000340s ]
INFO: [ app_begin ] --START--
INFO: Run Behavior\ReadHtmlCacheBehavior [ RunTime:0.000416s ]
INFO: Run Behavior\CheckLangBehavior [ RunTime:0.002166s ]
INFO: [ app_begin ] --END-- [ RunTime:0.002709s ]
SQL: SHOW COLUMNS FROM `btc_admin` [ RunTime:0.0159s ]
SQL: SELECT COUNT(*) AS tp_count FROM `btc_admin` WHERE `user_name` = 'admin001' AND `pass_word` = '62fa7bbe115476d6b10ecb376839e996' LIMIT 1   [ RunTime:0.0007s ]
SQL: SELECT `admin_id` FROM `btc_admin` WHERE `user_name` = 'admin001' LIMIT 1   [ RunTime:0.0005s ]
INFO: [ view_parse ] --START--
INFO: [ template_filter ] --START--
INFO: Run Behavior\ContentReplaceBehavior [ RunTime:0.000237s ]
INFO: [ template_filter ] --END-- [ RunTime:0.000332s ]
NOTIC: [8] Use of undefined constant ProblemDetil - assumed 'ProblemDetil' D:\phpStudy\WWW\btc\pc\Application\Runtime\Cache\Admin\b490fbbd8f9e13112e068847359c5764.php 第 89 行.
NOTIC: [8] Use of undefined constant deleteUserProblem - assumed 'deleteUserProblem' D:\phpStudy\WWW\btc\pc\Application\Runtime\Cache\Admin\b490fbbd8f9e13112e068847359c5764.php 第 131 行.
NOTIC: [8] Use of undefined constant UserProblemSearch - assumed 'UserProblemSearch' D:\phpStudy\WWW\btc\pc\Application\Runtime\Cache\Admin\b490fbbd8f9e13112e068847359c5764.php 第 169 行.
INFO: Run Behavior\ParseTemplateBehavior [ RunTime:0.022243s ]
INFO: [ view_parse ] --END-- [ RunTime:0.022323s ]
INFO: [ view_filter ] --START--
INFO: Run Behavior\WriteHtmlCacheBehavior [ RunTime:0.001270s ]
INFO: [ view_filter ] --END-- [ RunTime:0.001340s ]
INFO: [ app_end ] --START--
INFO: Run Behavior\ShowPageTraceBehavior [ RunTime:0.001606s ]
INFO: [ app_end ] --END-- [ RunTime:0.001675s ]

[ 2018-10-23T18:08:54+08:00 ] 192.168.0.128 /Admin/System/ContactList.html?page=1&limit=30
INFO: [ app_init ] --START--
INFO: Run Behavior\BuildLiteBehavior [ RunTime:0.000014s ]
INFO: [ app_init ] --END-- [ RunTime:0.000521s ]
INFO: [ app_begin ] --START--
INFO: Run Behavior\ReadHtmlCacheBehavior [ RunTime:0.000540s ]
INFO: Run Behavior\CheckLangBehavior [ RunTime:0.002057s ]
INFO: [ app_begin ] --END-- [ RunTime:0.002674s ]
SQL: SHOW COLUMNS FROM `btc_admin` [ RunTime:0.0145s ]
SQL: SELECT COUNT(*) AS tp_count FROM `btc_admin` WHERE `user_name` = 'admin001' AND `pass_word` = '62fa7bbe115476d6b10ecb376839e996' LIMIT 1   [ RunTime:0.0008s ]
SQL: SELECT `admin_id` FROM `btc_admin` WHERE `user_name` = 'admin001' LIMIT 1   [ RunTime:0.0005s ]
SQL: SHOW COLUMNS FROM `btc_problem` [ RunTime:0.0186s ]
SQL: SELECT * FROM btc_problem as bp WHERE bp.is_deleted = 0 LIMIT 0,30   [ RunTime:0.0005s ]
NOTIC: [8] Undefined index: email_type D:\phpStudy\WWW\btc\pc\Application\Admin\Controller\SystemController.class.php 第 1117 行.
NOTIC: [8] Undefined index: email_type D:\phpStudy\WWW\btc\pc\Application\Admin\Controller\SystemController.class.php 第 1121 行.
NOTIC: [8] Undefined index: email_type D:\phpStudy\WWW\btc\pc\Application\Admin\Controller\SystemController.class.php 第 1125 行.
NOTIC: [8] Undefined index: type D:\phpStudy\WWW\btc\pc\Application\Admin\Controller\SystemController.class.php 第 1146 行.
NOTIC: [8] Undefined index: type D:\phpStudy\WWW\btc\pc\Application\Admin\Controller\SystemController.class.php 第 1151 行.
NOTIC: [8] Undefined index: type D:\phpStudy\WWW\btc\pc\Application\Admin\Controller\SystemController.class.php 第 1156 行.
NOTIC: [8] Undefined index: type D:\phpStudy\WWW\btc\pc\Application\Admin\Controller\SystemController.class.php 第 1161 行.
NOTIC: [8] Undefined index: type D:\phpStudy\WWW\btc\pc\Application\Admin\Controller\SystemController.class.php 第 1166 行.
NOTIC: [8] Undefined index: type D:\phpStudy\WWW\btc\pc\Application\Admin\Controller\SystemController.class.php 第 1171 行.
NOTIC: [8] Undefined index: email_type D:\phpStudy\WWW\btc\pc\Application\Admin\Controller\SystemController.class.php 第 1117 行.
NOTIC: [8] Undefined index: email_type D:\phpStudy\WWW\btc\pc\Application\Admin\Controller\SystemController.class.php 第 1121 行.
NOTIC: [8] Undefined index: email_type D:\phpStudy\WWW\btc\pc\Application\Admin\Controller\SystemController.class.php 第 1125 行.
NOTIC: [8] Undefined index: type D:\phpStudy\WWW\btc\pc\Application\Admin\Controller\SystemController.class.php 第 1146 行.
NOTIC: [8] Undefined index: type D:\phpStudy\WWW\btc\pc\Application\Admin\Controller\SystemController.class.php 第 1151 行.
NOTIC: [8] Undefined index: type D:\phpStudy\WWW\btc\pc\Application\Admin\Controller\SystemController.class.php 第 1156 行.
NOTIC: [8] Undefined index: type D:\phpStudy\WWW\btc\pc\Application\Admin\Controller\SystemController.class.php 第 1161 行.
NOTIC: [8] Undefined index: type D:\phpStudy\WWW\btc\pc\Application\Admin\Controller\SystemController.class.php 第 1166 行.
NOTIC: [8] Undefined index: type D:\phpStudy\WWW\btc\pc\Application\Admin\Controller\SystemController.class.php 第 1171 行.
NOTIC: [8] Undefined index: email_type D:\phpStudy\WWW\btc\pc\Application\Admin\Controller\SystemController.class.php 第 1117 行.
NOTIC: [8] Undefined index: email_type D:\phpStudy\WWW\btc\pc\Application\Admin\Controller\SystemController.class.php 第 1121 行.
NOTIC: [8] Undefined index: email_type D:\phpStudy\WWW\btc\pc\Application\Admin\Controller\SystemController.class.php 第 1125 行.
NOTIC: [8] Undefined index: type D:\phpStudy\WWW\btc\pc\Application\Admin\Controller\SystemController.class.php 第 1146 行.
NOTIC: [8] Undefined index: type D:\phpStudy\WWW\btc\pc\Application\Admin\Controller\SystemController.class.php 第 1151 行.
NOTIC: [8] Undefined index: type D:\phpStudy\WWW\btc\pc\Application\Admin\Controller\SystemController.class.php 第 1156 行.
NOTIC: [8] Undefined index: type D:\phpStudy\WWW\btc\pc\Application\Admin\Controller\SystemController.class.php 第 1161 行.
NOTIC: [8] Undefined index: type D:\phpStudy\WWW\btc\pc\Application\Admin\Controller\SystemController.class.php 第 1166 行.
NOTIC: [8] Undefined index: type D:\phpStudy\WWW\btc\pc\Application\Admin\Controller\SystemController.class.php 第 1171 行.
NOTIC: [8] Undefined index: email_type D:\phpStudy\WWW\btc\pc\Application\Admin\Controller\SystemController.class.php 第 1117 行.
NOTIC: [8] Undefined index: email_type D:\phpStudy\WWW\btc\pc\Application\Admin\Controller\SystemController.class.php 第 1121 行.
NOTIC: [8] Undefined index: email_type D:\phpStudy\WWW\btc\pc\Application\Admin\Controller\SystemController.class.php 第 1125 行.
NOTIC: [8] Undefined index: type D:\phpStudy\WWW\btc\pc\Application\Admin\Controller\SystemController.class.php 第 1146 行.
NOTIC: [8] Undefined index: type D:\phpStudy\WWW\btc\pc\Application\Admin\Controller\SystemController.class.php 第 1151 行.
NOTIC: [8] Undefined index: type D:\phpStudy\WWW\btc\pc\Application\Admin\Controller\SystemController.class.php 第 1156 行.
NOTIC: [8] Undefined index: type D:\phpStudy\WWW\btc\pc\Application\Admin\Controller\SystemController.class.php 第 1161 行.
NOTIC: [8] Undefined index: type D:\phpStudy\WWW\btc\pc\Application\Admin\Controller\SystemController.class.php 第 1166 行.
NOTIC: [8] Undefined index: type D:\phpStudy\WWW\btc\pc\Application\Admin\Controller\SystemController.class.php 第 1171 行.
NOTIC: [8] Undefined index: email_type D:\phpStudy\WWW\btc\pc\Application\Admin\Controller\SystemController.class.php 第 1117 行.
NOTIC: [8] Undefined index: email_type D:\phpStudy\WWW\btc\pc\Application\Admin\Controller\SystemController.class.php 第 1121 行.
NOTIC: [8] Undefined index: email_type D:\phpStudy\WWW\btc\pc\Application\Admin\Controller\SystemController.class.php 第 1125 行.
NOTIC: [8] Undefined index: type D:\phpStudy\WWW\btc\pc\Application\Admin\Controller\SystemController.class.php 第 1146 行.
NOTIC: [8] Undefined index: type D:\phpStudy\WWW\btc\pc\Application\Admin\Controller\SystemController.class.php 第 1151 行.
NOTIC: [8] Undefined index: type D:\phpStudy\WWW\btc\pc\Application\Admin\Controller\SystemController.class.php 第 1156 行.
NOTIC: [8] Undefined index: type D:\phpStudy\WWW\btc\pc\Application\Admin\Controller\SystemController.class.php 第 1161 行.
NOTIC: [8] Undefined index: type D:\phpStudy\WWW\btc\pc\Application\Admin\Controller\SystemController.class.php 第 1166 行.
NOTIC: [8] Undefined index: type D:\phpStudy\WWW\btc\pc\Application\Admin\Controller\SystemController.class.php 第 1171 行.
NOTIC: [8] Undefined index: email_type D:\phpStudy\WWW\btc\pc\Application\Admin\Controller\SystemController.class.php 第 1117 行.
NOTIC: [8] Undefined index: email_type D:\phpStudy\WWW\btc\pc\Application\Admin\Controller\SystemController.class.php 第 1121 行.
NOTIC: [8] Undefined index: email_type D:\phpStudy\WWW\btc\pc\Application\Admin\Controller\SystemController.class.php 第 1125 行.
NOTIC: [8] Undefined index: type D:\phpStudy\WWW\btc\pc\Application\Admin\Controller\SystemController.class.php 第 1146 行.
NOTIC: [8] Undefined index: type D:\phpStudy\WWW\btc\pc\Application\Admin\Controller\SystemController.class.php 第 1151 行.
NOTIC: [8] Undefined index: type D:\phpStudy\WWW\btc\pc\Application\Admin\Controller\SystemController.class.php 第 1156 行.
NOTIC: [8] Undefined index: type D:\phpStudy\WWW\btc\pc\Application\Admin\Controller\SystemController.class.php 第 1161 行.
NOTIC: [8] Undefined index: type D:\phpStudy\WWW\btc\pc\Application\Admin\Controller\SystemController.class.php 第 1166 行.
NOTIC: [8] Undefined index: type D:\phpStudy\WWW\btc\pc\Application\Admin\Controller\SystemController.class.php 第 1171 行.
NOTIC: [8] Undefined index: email_type D:\phpStudy\WWW\btc\pc\Application\Admin\Controller\SystemController.class.php 第 1117 行.
NOTIC: [8] Undefined index: email_type D:\phpStudy\WWW\btc\pc\Application\Admin\Controller\SystemController.class.php 第 1121 行.
NOTIC: [8] Undefined index: email_type D:\phpStudy\WWW\btc\pc\Application\Admin\Controller\SystemController.class.php 第 1125 行.
NOTIC: [8] Undefined index: type D:\phpStudy\WWW\btc\pc\Application\Admin\Controller\SystemController.class.php 第 1146 行.
NOTIC: [8] Undefined index: type D:\phpStudy\WWW\btc\pc\Application\Admin\Controller\SystemController.class.php 第 1151 行.
NOTIC: [8] Undefined index: type D:\phpStudy\WWW\btc\pc\Application\Admin\Controller\SystemController.class.php 第 1156 行.
NOTIC: [8] Undefined index: type D:\phpStudy\WWW\btc\pc\Application\Admin\Controller\SystemController.class.php 第 1161 行.
NOTIC: [8] Undefined index: type D:\phpStudy\WWW\btc\pc\Application\Admin\Controller\SystemController.class.php 第 1166 行.
NOTIC: [8] Undefined index: type D:\phpStudy\WWW\btc\pc\Application\Admin\Controller\SystemController.class.php 第 1171 行.
NOTIC: [8] Undefined index: email_type D:\phpStudy\WWW\btc\pc\Application\Admin\Controller\SystemController.class.php 第 1117 行.
NOTIC: [8] Undefined index: email_type D:\phpStudy\WWW\btc\pc\Application\Admin\Controller\SystemController.class.php 第 1121 行.
NOTIC: [8] Undefined index: email_type D:\phpStudy\WWW\btc\pc\Application\Admin\Controller\SystemController.class.php 第 1125 行.
NOTIC: [8] Undefined index: type D:\phpStudy\WWW\btc\pc\Application\Admin\Controller\SystemController.class.php 第 1146 行.
NOTIC: [8] Undefined index: type D:\phpStudy\WWW\btc\pc\Application\Admin\Controller\SystemController.class.php 第 1151 行.
NOTIC: [8] Undefined index: type D:\phpStudy\WWW\btc\pc\Application\Admin\Controller\SystemController.class.php 第 1156 行.
NOTIC: [8] Undefined index: type D:\phpStudy\WWW\btc\pc\Application\Admin\Controller\SystemController.class.php 第 1161 行.
NOTIC: [8] Undefined index: type D:\phpStudy\WWW\btc\pc\Application\Admin\Controller\SystemController.class.php 第 1166 行.
NOTIC: [8] Undefined index: type D:\phpStudy\WWW\btc\pc\Application\Admin\Controller\SystemController.class.php 第 1171 行.
NOTIC: [8192] Non-static method StatusCode::code() should not be called statically D:\phpStudy\WWW\btc\pc\Application\Admin\Controller\SystemController.class.php 第 686 行.
SQL: SELECT COUNT(*) AS tp_count FROM btc_problem as bp WHERE bp.is_deleted = 0 LIMIT 1   [ RunTime:0.0003s ]

[ 2018-10-23T18:08:55+08:00 ] 192.168.0.128 /Admin/System/undefined
INFO: [ app_init ] --START--
INFO: Run Behavior\BuildLiteBehavior [ RunTime:0.000018s ]
INFO: [ app_init ] --END-- [ RunTime:0.000970s ]
INFO: [ app_begin ] --START--
INFO: Run Behavior\ReadHtmlCacheBehavior [ RunTime:0.000993s ]
INFO: Run Behavior\CheckLangBehavior [ RunTime:0.002601s ]
INFO: [ app_begin ] --END-- [ RunTime:0.003714s ]
SQL: SHOW COLUMNS FROM `btc_admin` [ RunTime:0.0123s ]
SQL: SELECT COUNT(*) AS tp_count FROM `btc_admin` WHERE `user_name` = 'admin001' AND `pass_word` = '62fa7bbe115476d6b10ecb376839e996' LIMIT 1   [ RunTime:0.0004s ]
SQL: SELECT `admin_id` FROM `btc_admin` WHERE `user_name` = 'admin001' LIMIT 1   [ RunTime:0.0004s ]
ERR: 非法操作:undefined

[ 2018-10-23T18:09:01+08:00 ] 192.168.0.128 /Admin/System/ProblemDetil.html?id=H516029305195058
INFO: [ app_init ] --START--
INFO: Run Behavior\BuildLiteBehavior [ RunTime:0.000010s ]
INFO: [ app_init ] --END-- [ RunTime:0.000451s ]
INFO: [ app_begin ] --START--
INFO: Run Behavior\ReadHtmlCacheBehavior [ RunTime:0.000458s ]
INFO: Run Behavior\CheckLangBehavior [ RunTime:0.002063s ]
INFO: [ app_begin ] --END-- [ RunTime:0.002593s ]
SQL: SHOW COLUMNS FROM `btc_admin` [ RunTime:0.0150s ]
SQL: SELECT COUNT(*) AS tp_count FROM `btc_admin` WHERE `user_name` = 'admin001' AND `pass_word` = '62fa7bbe115476d6b10ecb376839e996' LIMIT 1   [ RunTime:0.0009s ]
SQL: SELECT `admin_id` FROM `btc_admin` WHERE `user_name` = 'admin001' LIMIT 1   [ RunTime:0.0006s ]
INFO: [ view_parse ] --START--
INFO: [ template_filter ] --START--
INFO: Run Behavior\ContentReplaceBehavior [ RunTime:0.000084s ]
INFO: [ template_filter ] --END-- [ RunTime:0.000133s ]
NOTIC: [8] Use of undefined constant Contact - assumed 'Contact' D:\phpStudy\WWW\btc\pc\Application\Runtime\Cache\Admin\2d44c61436782b5a3a7c1e20b6dc6db9.php 第 86 行.
INFO: Run Behavior\ParseTemplateBehavior [ RunTime:0.014345s ]
INFO: [ view_parse ] --END-- [ RunTime:0.014463s ]
INFO: [ view_filter ] --START--
INFO: Run Behavior\WriteHtmlCacheBehavior [ RunTime:0.000573s ]
INFO: [ view_filter ] --END-- [ RunTime:0.000609s ]
INFO: [ app_end ] --START--
INFO: Run Behavior\ShowPageTraceBehavior [ RunTime:0.000821s ]
INFO: [ app_end ] --END-- [ RunTime:0.000858s ]

[ 2018-10-23T18:09:03+08:00 ] 192.168.0.128 /Admin/System/Contact.html
INFO: [ app_init ] --START--
INFO: Run Behavior\BuildLiteBehavior [ RunTime:0.000017s ]
INFO: [ app_init ] --END-- [ RunTime:0.001066s ]
INFO: [ app_begin ] --START--
INFO: Run Behavior\ReadHtmlCacheBehavior [ RunTime:0.001199s ]
INFO: Run Behavior\CheckLangBehavior [ RunTime:0.004335s ]
INFO: [ app_begin ] --END-- [ RunTime:0.005729s ]
SQL: SHOW COLUMNS FROM `btc_admin` [ RunTime:0.0081s ]
SQL: SELECT COUNT(*) AS tp_count FROM `btc_admin` WHERE `user_name` = 'admin001' AND `pass_word` = '62fa7bbe115476d6b10ecb376839e996' LIMIT 1   [ RunTime:0.0004s ]
SQL: SELECT `admin_id` FROM `btc_admin` WHERE `user_name` = 'admin001' LIMIT 1   [ RunTime:0.0003s ]
SQL: SHOW COLUMNS FROM `btc_problem` [ RunTime:0.0106s ]
SQL: SELECT * FROM btc_problem as bp WHERE bp.problem_id = 'H516029305195058' AND bp.is_deleted = 0  [ RunTime:0.0004s ]
NOTIC: [8] Undefined index: email_type D:\phpStudy\WWW\btc\pc\Application\Admin\Controller\SystemController.class.php 第 1117 行.
NOTIC: [8] Undefined index: email_type D:\phpStudy\WWW\btc\pc\Application\Admin\Controller\SystemController.class.php 第 1121 行.
NOTIC: [8] Undefined index: email_type D:\phpStudy\WWW\btc\pc\Application\Admin\Controller\SystemController.class.php 第 1125 行.
NOTIC: [8] Undefined index: type D:\phpStudy\WWW\btc\pc\Application\Admin\Controller\SystemController.class.php 第 1146 行.
NOTIC: [8] Undefined index: type D:\phpStudy\WWW\btc\pc\Application\Admin\Controller\SystemController.class.php 第 1151 行.
NOTIC: [8] Undefined index: type D:\phpStudy\WWW\btc\pc\Application\Admin\Controller\SystemController.class.php 第 1156 行.
NOTIC: [8] Undefined index: type D:\phpStudy\WWW\btc\pc\Application\Admin\Controller\SystemController.class.php 第 1161 行.
NOTIC: [8] Undefined index: type D:\phpStudy\WWW\btc\pc\Application\Admin\Controller\SystemController.class.php 第 1166 行.
NOTIC: [8] Undefined index: type D:\phpStudy\WWW\btc\pc\Application\Admin\Controller\SystemController.class.php 第 1171 行.
NOTIC: [8192] Non-static method StatusCode::code() should not be called statically D:\phpStudy\WWW\btc\pc\Application\Admin\Controller\SystemController.class.php 第 717 行.

[ 2018-10-23T18:09:35+08:00 ] 192.168.0.128 /Admin/System/Exchange.html
INFO: [ app_init ] --START--
INFO: Run Behavior\BuildLiteBehavior [ RunTime:0.000008s ]
INFO: [ app_init ] --END-- [ RunTime:0.000408s ]
INFO: [ app_begin ] --START--
INFO: Run Behavior\ReadHtmlCacheBehavior [ RunTime:0.000590s ]
INFO: Run Behavior\CheckLangBehavior [ RunTime:0.002505s ]
INFO: [ app_begin ] --END-- [ RunTime:0.003171s ]
SQL: SHOW COLUMNS FROM `btc_admin` [ RunTime:0.0055s ]
SQL: SELECT COUNT(*) AS tp_count FROM `btc_admin` WHERE `user_name` = 'admin001' AND `pass_word` = '62fa7bbe115476d6b10ecb376839e996' LIMIT 1   [ RunTime:0.0003s ]
SQL: SELECT `admin_id` FROM `btc_admin` WHERE `user_name` = 'admin001' LIMIT 1   [ RunTime:0.0002s ]
INFO: [ view_parse ] --START--
INFO: [ template_filter ] --START--
INFO: Run Behavior\ContentReplaceBehavior [ RunTime:0.000078s ]
INFO: [ template_filter ] --END-- [ RunTime:0.000120s ]
INFO: Run Behavior\ParseTemplateBehavior [ RunTime:0.008706s ]
INFO: [ view_parse ] --END-- [ RunTime:0.008762s ]
INFO: [ view_filter ] --START--
INFO: Run Behavior\WriteHtmlCacheBehavior [ RunTime:0.000670s ]
INFO: [ view_filter ] --END-- [ RunTime:0.000716s ]
INFO: [ app_end ] --START--
INFO: Run Behavior\ShowPageTraceBehavior [ RunTime:0.009172s ]
INFO: [ app_end ] --END-- [ RunTime:0.009242s ]

[ 2018-10-23T18:09:37+08:00 ] 192.168.0.128 /Admin/System/getExchange
INFO: [ app_init ] --START--
INFO: Run Behavior\BuildLiteBehavior [ RunTime:0.000011s ]
INFO: [ app_init ] --END-- [ RunTime:0.000392s ]
INFO: [ app_begin ] --START--
INFO: Run Behavior\ReadHtmlCacheBehavior [ RunTime:0.000439s ]
INFO: Run Behavior\CheckLangBehavior [ RunTime:0.001955s ]
INFO: [ app_begin ] --END-- [ RunTime:0.002449s ]
SQL: SHOW COLUMNS FROM `btc_admin` [ RunTime:0.0075s ]
SQL: SELECT COUNT(*) AS tp_count FROM `btc_admin` WHERE `user_name` = 'admin001' AND `pass_word` = '62fa7bbe115476d6b10ecb376839e996' LIMIT 1   [ RunTime:0.0003s ]
SQL: SELECT `admin_id` FROM `btc_admin` WHERE `user_name` = 'admin001' LIMIT 1   [ RunTime:0.0002s ]
SQL: SHOW COLUMNS FROM `btc_exchange` [ RunTime:0.0071s ]
SQL: SELECT * FROM `btc_exchange` LIMIT 1   [ RunTime:0.0010s ]

[ 2018-10-23T18:09:43+08:00 ] 192.168.0.128 /Admin/System/EmailList.html
INFO: [ app_init ] --START--
INFO: Run Behavior\BuildLiteBehavior [ RunTime:0.000008s ]
INFO: [ app_init ] --END-- [ RunTime:0.000314s ]
INFO: [ app_begin ] --START--
INFO: Run Behavior\ReadHtmlCacheBehavior [ RunTime:0.000430s ]
INFO: Run Behavior\CheckLangBehavior [ RunTime:0.002610s ]
INFO: [ app_begin ] --END-- [ RunTime:0.003229s ]
SQL: SHOW COLUMNS FROM `btc_admin` [ RunTime:0.0150s ]
SQL: SELECT COUNT(*) AS tp_count FROM `btc_admin` WHERE `user_name` = 'admin001' AND `pass_word` = '62fa7bbe115476d6b10ecb376839e996' LIMIT 1   [ RunTime:0.0008s ]
SQL: SELECT `admin_id` FROM `btc_admin` WHERE `user_name` = 'admin001' LIMIT 1   [ RunTime:0.0005s ]
INFO: [ view_parse ] --START--
INFO: [ template_filter ] --START--
INFO: Run Behavior\ContentReplaceBehavior [ RunTime:0.000137s ]
INFO: [ template_filter ] --END-- [ RunTime:0.000205s ]
NOTIC: [8] Use of undefined constant Email - assumed 'Email' D:\phpStudy\WWW\btc\pc\Application\Runtime\Cache\Admin\5a84ddf31f1ff71cccc2323a7577e65b.php 第 113 行.
NOTIC: [8] Use of undefined constant EmailUpdate - assumed 'EmailUpdate' D:\phpStudy\WWW\btc\pc\Application\Runtime\Cache\Admin\5a84ddf31f1ff71cccc2323a7577e65b.php 第 140 行.
NOTIC: [8] Use of undefined constant passupdate - assumed 'passupdate' D:\phpStudy\WWW\btc\pc\Application\Runtime\Cache\Admin\5a84ddf31f1ff71cccc2323a7577e65b.php 第 198 行.
INFO: Run Behavior\ParseTemplateBehavior [ RunTime:0.018330s ]
INFO: [ view_parse ] --END-- [ RunTime:0.018391s ]
INFO: [ view_filter ] --START--
INFO: Run Behavior\WriteHtmlCacheBehavior [ RunTime:0.000646s ]
INFO: [ view_filter ] --END-- [ RunTime:0.000681s ]
INFO: [ app_end ] --START--
INFO: Run Behavior\ShowPageTraceBehavior [ RunTime:0.001195s ]
INFO: [ app_end ] --END-- [ RunTime:0.001279s ]

[ 2018-10-23T18:09:44+08:00 ] 192.168.0.128 /Admin/System/Email.html
INFO: [ app_init ] --START--
INFO: Run Behavior\BuildLiteBehavior [ RunTime:0.000015s ]
INFO: [ app_init ] --END-- [ RunTime:0.000844s ]
INFO: [ app_begin ] --START--
INFO: Run Behavior\ReadHtmlCacheBehavior [ RunTime:0.000809s ]
INFO: Run Behavior\CheckLangBehavior [ RunTime:0.003620s ]
INFO: [ app_begin ] --END-- [ RunTime:0.004557s ]
SQL: SHOW COLUMNS FROM `btc_admin` [ RunTime:0.0059s ]
SQL: SELECT COUNT(*) AS tp_count FROM `btc_admin` WHERE `user_name` = 'admin001' AND `pass_word` = '62fa7bbe115476d6b10ecb376839e996' LIMIT 1   [ RunTime:0.0003s ]
SQL: SELECT `admin_id` FROM `btc_admin` WHERE `user_name` = 'admin001' LIMIT 1   [ RunTime:0.0002s ]
SQL: SHOW COLUMNS FROM `btc_home_info` [ RunTime:0.0068s ]
SQL: SELECT `email_type`,`email_account`,`email_password` FROM `btc_home_info` WHERE `id` = '10000000000000000000000000000000'  [ RunTime:0.0003s ]
NOTIC: [8192] Non-static method StatusCode::code() should not be called statically D:\phpStudy\WWW\btc\pc\Application\Admin\Controller\SystemController.class.php 第 281 行.

[ 2018-10-23T18:09:48+08:00 ] 192.168.0.128 /Admin/System/UserProblem.html
INFO: [ app_init ] --START--
INFO: Run Behavior\BuildLiteBehavior [ RunTime:0.000016s ]
INFO: [ app_init ] --END-- [ RunTime:0.000776s ]
INFO: [ app_begin ] --START--
INFO: Run Behavior\ReadHtmlCacheBehavior [ RunTime:0.000723s ]
INFO: Run Behavior\CheckLangBehavior [ RunTime:0.003889s ]
INFO: [ app_begin ] --END-- [ RunTime:0.004753s ]
SQL: SHOW COLUMNS FROM `btc_admin` [ RunTime:0.0084s ]
SQL: SELECT COUNT(*) AS tp_count FROM `btc_admin` WHERE `user_name` = 'admin001' AND `pass_word` = '62fa7bbe115476d6b10ecb376839e996' LIMIT 1   [ RunTime:0.0003s ]
SQL: SELECT `admin_id` FROM `btc_admin` WHERE `user_name` = 'admin001' LIMIT 1   [ RunTime:0.0002s ]
INFO: [ view_parse ] --START--
INFO: [ template_filter ] --START--
INFO: Run Behavior\ContentReplaceBehavior [ RunTime:0.000092s ]
INFO: [ template_filter ] --END-- [ RunTime:0.000137s ]
NOTIC: [8] Use of undefined constant ProblemDetil - assumed 'ProblemDetil' D:\phpStudy\WWW\btc\pc\Application\Runtime\Cache\Admin\b490fbbd8f9e13112e068847359c5764.php 第 89 行.
NOTIC: [8] Use of undefined constant deleteUserProblem - assumed 'deleteUserProblem' D:\phpStudy\WWW\btc\pc\Application\Runtime\Cache\Admin\b490fbbd8f9e13112e068847359c5764.php 第 131 行.
NOTIC: [8] Use of undefined constant UserProblemSearch - assumed 'UserProblemSearch' D:\phpStudy\WWW\btc\pc\Application\Runtime\Cache\Admin\b490fbbd8f9e13112e068847359c5764.php 第 169 行.
INFO: Run Behavior\ParseTemplateBehavior [ RunTime:0.007477s ]
INFO: [ view_parse ] --END-- [ RunTime:0.007515s ]
INFO: [ view_filter ] --START--
INFO: Run Behavior\WriteHtmlCacheBehavior [ RunTime:0.000528s ]
INFO: [ view_filter ] --END-- [ RunTime:0.000554s ]
INFO: [ app_end ] --START--
INFO: Run Behavior\ShowPageTraceBehavior [ RunTime:0.000625s ]
INFO: [ app_end ] --END-- [ RunTime:0.000652s ]

[ 2018-10-23T18:09:50+08:00 ] 192.168.0.128 /Admin/System/ContactList.html?page=1&limit=30
INFO: [ app_init ] --START--
INFO: Run Behavior\BuildLiteBehavior [ RunTime:0.000008s ]
INFO: [ app_init ] --END-- [ RunTime:0.000351s ]
INFO: [ app_begin ] --START--
INFO: Run Behavior\ReadHtmlCacheBehavior [ RunTime:0.000406s ]
INFO: Run Behavior\CheckLangBehavior [ RunTime:0.001869s ]
INFO: [ app_begin ] --END-- [ RunTime:0.002320s ]
SQL: SHOW COLUMNS FROM `btc_admin` [ RunTime:0.0067s ]
SQL: SELECT COUNT(*) AS tp_count FROM `btc_admin` WHERE `user_name` = 'admin001' AND `pass_word` = '62fa7bbe115476d6b10ecb376839e996' LIMIT 1   [ RunTime:0.0003s ]
SQL: SELECT `admin_id` FROM `btc_admin` WHERE `user_name` = 'admin001' LIMIT 1   [ RunTime:0.0002s ]
SQL: SHOW COLUMNS FROM `btc_problem` [ RunTime:0.0062s ]
SQL: SELECT * FROM btc_problem as bp WHERE bp.is_deleted = 0 LIMIT 0,30   [ RunTime:0.0004s ]
NOTIC: [8] Undefined index: email_type D:\phpStudy\WWW\btc\pc\Application\Admin\Controller\SystemController.class.php 第 1117 行.
NOTIC: [8] Undefined index: email_type D:\phpStudy\WWW\btc\pc\Application\Admin\Controller\SystemController.class.php 第 1121 行.
NOTIC: [8] Undefined index: email_type D:\phpStudy\WWW\btc\pc\Application\Admin\Controller\SystemController.class.php 第 1125 行.
NOTIC: [8] Undefined index: type D:\phpStudy\WWW\btc\pc\Application\Admin\Controller\SystemController.class.php 第 1146 行.
NOTIC: [8] Undefined index: type D:\phpStudy\WWW\btc\pc\Application\Admin\Controller\SystemController.class.php 第 1151 行.
NOTIC: [8] Undefined index: type D:\phpStudy\WWW\btc\pc\Application\Admin\Controller\SystemController.class.php 第 1156 行.
NOTIC: [8] Undefined index: type D:\phpStudy\WWW\btc\pc\Application\Admin\Controller\SystemController.class.php 第 1161 行.
NOTIC: [8] Undefined index: type D:\phpStudy\WWW\btc\pc\Application\Admin\Controller\SystemController.class.php 第 1166 行.
NOTIC: [8] Undefined index: type D:\phpStudy\WWW\btc\pc\Application\Admin\Controller\SystemController.class.php 第 1171 行.
NOTIC: [8] Undefined index: email_type D:\phpStudy\WWW\btc\pc\Application\Admin\Controller\SystemController.class.php 第 1117 行.
NOTIC: [8] Undefined index: email_type D:\phpStudy\WWW\btc\pc\Application\Admin\Controller\SystemController.class.php 第 1121 行.
NOTIC: [8] Undefined index: email_type D:\phpStudy\WWW\btc\pc\Application\Admin\Controller\SystemController.class.php 第 1125 行.
NOTIC: [8] Undefined index: type D:\phpStudy\WWW\btc\pc\Application\Admin\Controller\SystemController.class.php 第 1146 行.
NOTIC: [8] Undefined index: type D:\phpStudy\WWW\btc\pc\Application\Admin\Controller\SystemController.class.php 第 1151 行.
NOTIC: [8] Undefined index: type D:\phpStudy\WWW\btc\pc\Application\Admin\Controller\SystemController.class.php 第 1156 行.
NOTIC: [8] Undefined index: type D:\phpStudy\WWW\btc\pc\Application\Admin\Controller\SystemController.class.php 第 1161 行.
NOTIC: [8] Undefined index: type D:\phpStudy\WWW\btc\pc\Application\Admin\Controller\SystemController.class.php 第 1166 行.
NOTIC: [8] Undefined index: type D:\phpStudy\WWW\btc\pc\Application\Admin\Controller\SystemController.class.php 第 1171 行.
NOTIC: [8] Undefined index: email_type D:\phpStudy\WWW\btc\pc\Application\Admin\Controller\SystemController.class.php 第 1117 行.
NOTIC: [8] Undefined index: email_type D:\phpStudy\WWW\btc\pc\Application\Admin\Controller\SystemController.class.php 第 1121 行.
NOTIC: [8] Undefined index: email_type D:\phpStudy\WWW\btc\pc\Application\Admin\Controller\SystemController.class.php 第 1125 行.
NOTIC: [8] Undefined index: type D:\phpStudy\WWW\btc\pc\Application\Admin\Controller\SystemController.class.php 第 1146 行.
NOTIC: [8] Undefined index: type D:\phpStudy\WWW\btc\pc\Application\Admin\Controller\SystemController.class.php 第 1151 行.
NOTIC: [8] Undefined index: type D:\phpStudy\WWW\btc\pc\Application\Admin\Controller\SystemController.class.php 第 1156 行.
NOTIC: [8] Undefined index: type D:\phpStudy\WWW\btc\pc\Application\Admin\Controller\SystemController.class.php 第 1161 行.
NOTIC: [8] Undefined index: type D:\phpStudy\WWW\btc\pc\Application\Admin\Controller\SystemController.class.php 第 1166 行.
NOTIC: [8] Undefined index: type D:\phpStudy\WWW\btc\pc\Application\Admin\Controller\SystemController.class.php 第 1171 行.
NOTIC: [8] Undefined index: email_type D:\phpStudy\WWW\btc\pc\Application\Admin\Controller\SystemController.class.php 第 1117 行.
NOTIC: [8] Undefined index: email_type D:\phpStudy\WWW\btc\pc\Application\Admin\Controller\SystemController.class.php 第 1121 行.
NOTIC: [8] Undefined index: email_type D:\phpStudy\WWW\btc\pc\Application\Admin\Controller\SystemController.class.php 第 1125 行.
NOTIC: [8] Undefined index: type D:\phpStudy\WWW\btc\pc\Application\Admin\Controller\SystemController.class.php 第 1146 行.
NOTIC: [8] Undefined index: type D:\phpStudy\WWW\btc\pc\Application\Admin\Controller\SystemController.class.php 第 1151 行.
NOTIC: [8] Undefined index: type D:\phpStudy\WWW\btc\pc\Application\Admin\Controller\SystemController.class.php 第 1156 行.
NOTIC: [8] Undefined index: type D:\phpStudy\WWW\btc\pc\Application\Admin\Controller\SystemController.class.php 第 1161 行.
NOTIC: [8] Undefined index: type D:\phpStudy\WWW\btc\pc\Application\Admin\Controller\SystemController.class.php 第 1166 行.
NOTIC: [8] Undefined index: type D:\phpStudy\WWW\btc\pc\Application\Admin\Controller\SystemController.class.php 第 1171 行.
NOTIC: [8] Undefined index: email_type D:\phpStudy\WWW\btc\pc\Application\Admin\Controller\SystemController.class.php 第 1117 行.
NOTIC: [8] Undefined index: email_type D:\phpStudy\WWW\btc\pc\Application\Admin\Controller\SystemController.class.php 第 1121 行.
NOTIC: [8] Undefined index: email_type D:\phpStudy\WWW\btc\pc\Application\Admin\Controller\SystemController.class.php 第 1125 行.
NOTIC: [8] Undefined index: type D:\phpStudy\WWW\btc\pc\Application\Admin\Controller\SystemController.class.php 第 1146 行.
NOTIC: [8] Undefined index: type D:\phpStudy\WWW\btc\pc\Application\Admin\Controller\SystemController.class.php 第 1151 行.
NOTIC: [8] Undefined index: type D:\phpStudy\WWW\btc\pc\Application\Admin\Controller\SystemController.class.php 第 1156 行.
NOTIC: [8] Undefined index: type D:\phpStudy\WWW\btc\pc\Application\Admin\Controller\SystemController.class.php 第 1161 行.
NOTIC: [8] Undefined index: type D:\phpStudy\WWW\btc\pc\Application\Admin\Controller\SystemController.class.php 第 1166 行.
NOTIC: [8] Undefined index: type D:\phpStudy\WWW\btc\pc\Application\Admin\Controller\SystemController.class.php 第 1171 行.
NOTIC: [8] Undefined index: email_type D:\phpStudy\WWW\btc\pc\Application\Admin\Controller\SystemController.class.php 第 1117 行.
NOTIC: [8] Undefined index: email_type D:\phpStudy\WWW\btc\pc\Application\Admin\Controller\SystemController.class.php 第 1121 行.
NOTIC: [8] Undefined index: email_type D:\phpStudy\WWW\btc\pc\Application\Admin\Controller\SystemController.class.php 第 1125 行.
NOTIC: [8] Undefined index: type D:\phpStudy\WWW\btc\pc\Application\Admin\Controller\SystemController.class.php 第 1146 行.
NOTIC: [8] Undefined index: type D:\phpStudy\WWW\btc\pc\Application\Admin\Controller\SystemController.class.php 第 1151 行.
NOTIC: [8] Undefined index: type D:\phpStudy\WWW\btc\pc\Application\Admin\Controller\SystemController.class.php 第 1156 行.
NOTIC: [8] Undefined index: type D:\phpStudy\WWW\btc\pc\Application\Admin\Controller\SystemController.class.php 第 1161 行.
NOTIC: [8] Undefined index: type D:\phpStudy\WWW\btc\pc\Application\Admin\Controller\SystemController.class.php 第 1166 行.
NOTIC: [8] Undefined index: type D:\phpStudy\WWW\btc\pc\Application\Admin\Controller\SystemController.class.php 第 1171 行.
NOTIC: [8] Undefined index: email_type D:\phpStudy\WWW\btc\pc\Application\Admin\Controller\SystemController.class.php 第 1117 行.
NOTIC: [8] Undefined index: email_type D:\phpStudy\WWW\btc\pc\Application\Admin\Controller\SystemController.class.php 第 1121 行.
NOTIC: [8] Undefined index: email_type D:\phpStudy\WWW\btc\pc\Application\Admin\Controller\SystemController.class.php 第 1125 行.
NOTIC: [8] Undefined index: type D:\phpStudy\WWW\btc\pc\Application\Admin\Controller\SystemController.class.php 第 1146 行.
NOTIC: [8] Undefined index: type D:\phpStudy\WWW\btc\pc\Application\Admin\Controller\SystemController.class.php 第 1151 行.
NOTIC: [8] Undefined index: type D:\phpStudy\WWW\btc\pc\Application\Admin\Controller\SystemController.class.php 第 1156 行.
NOTIC: [8] Undefined index: type D:\phpStudy\WWW\btc\pc\Application\Admin\Controller\SystemController.class.php 第 1161 行.
NOTIC: [8] Undefined index: type D:\phpStudy\WWW\btc\pc\Application\Admin\Controller\SystemController.class.php 第 1166 行.
NOTIC: [8] Undefined index: type D:\phpStudy\WWW\btc\pc\Application\Admin\Controller\SystemController.class.php 第 1171 行.
NOTIC: [8] Undefined index: email_type D:\phpStudy\WWW\btc\pc\Application\Admin\Controller\SystemController.class.php 第 1117 行.
NOTIC: [8] Undefined index: email_type D:\phpStudy\WWW\btc\pc\Application\Admin\Controller\SystemController.class.php 第 1121 行.
NOTIC: [8] Undefined index: email_type D:\phpStudy\WWW\btc\pc\Application\Admin\Controller\SystemController.class.php 第 1125 行.
NOTIC: [8] Undefined index: type D:\phpStudy\WWW\btc\pc\Application\Admin\Controller\SystemController.class.php 第 1146 行.
NOTIC: [8] Undefined index: type D:\phpStudy\WWW\btc\pc\Application\Admin\Controller\SystemController.class.php 第 1151 行.
NOTIC: [8] Undefined index: type D:\phpStudy\WWW\btc\pc\Application\Admin\Controller\SystemController.class.php 第 1156 行.
NOTIC: [8] Undefined index: type D:\phpStudy\WWW\btc\pc\Application\Admin\Controller\SystemController.class.php 第 1161 行.
NOTIC: [8] Undefined index: type D:\phpStudy\WWW\btc\pc\Application\Admin\Controller\SystemController.class.php 第 1166 行.
NOTIC: [8] Undefined index: type D:\phpStudy\WWW\btc\pc\Application\Admin\Controller\SystemController.class.php 第 1171 行.
NOTIC: [8192] Non-static method StatusCode::code() should not be called statically D:\phpStudy\WWW\btc\pc\Application\Admin\Controller\SystemController.class.php 第 686 行.
SQL: SELECT COUNT(*) AS tp_count FROM btc_problem as bp WHERE bp.is_deleted = 0 LIMIT 1   [ RunTime:0.0002s ]

[ 2018-10-23T18:09:51+08:00 ] 192.168.0.128 /Admin/System/undefined
INFO: [ app_init ] --START--
INFO: Run Behavior\BuildLiteBehavior [ RunTime:0.000020s ]
INFO: [ app_init ] --END-- [ RunTime:0.000776s ]
INFO: [ app_begin ] --START--
INFO: Run Behavior\ReadHtmlCacheBehavior [ RunTime:0.000949s ]
INFO: Run Behavior\CheckLangBehavior [ RunTime:0.004765s ]
INFO: [ app_begin ] --END-- [ RunTime:0.005857s ]
SQL: SHOW COLUMNS FROM `btc_admin` [ RunTime:0.0156s ]
SQL: SELECT COUNT(*) AS tp_count FROM `btc_admin` WHERE `user_name` = 'admin001' AND `pass_word` = '62fa7bbe115476d6b10ecb376839e996' LIMIT 1   [ RunTime:0.0007s ]
SQL: SELECT `admin_id` FROM `btc_admin` WHERE `user_name` = 'admin001' LIMIT 1   [ RunTime:0.0006s ]
ERR: 非法操作:undefined

[ 2018-10-23T18:13:36+08:00 ] 192.168.0.128 /Admin/Bocai
INFO: [ app_init ] --START--
INFO: Run Behavior\BuildLiteBehavior [ RunTime:0.000018s ]
INFO: [ app_init ] --END-- [ RunTime:0.001332s ]
INFO: [ app_begin ] --START--
INFO: Run Behavior\ReadHtmlCacheBehavior [ RunTime:0.026223s ]
INFO: Run Behavior\CheckLangBehavior [ RunTime:0.006919s ]
INFO: [ app_begin ] --END-- [ RunTime:0.033281s ]
SQL: SHOW COLUMNS FROM `btc_admin` [ RunTime:0.0081s ]
SQL: SELECT COUNT(*) AS tp_count FROM `btc_admin` WHERE `user_name` = 'admin001' AND `pass_word` = '62fa7bbe115476d6b10ecb376839e996' LIMIT 1   [ RunTime:0.0004s ]
SQL: SELECT `admin_id` FROM `btc_admin` WHERE `user_name` = 'admin001' LIMIT 1   [ RunTime:0.0002s ]
INFO: [ app_end ] --START--
INFO: Run Behavior\ShowPageTraceBehavior [ RunTime:0.001241s ]
INFO: [ app_end ] --END-- [ RunTime:0.001306s ]

[ 2018-10-23T18:13:47+08:00 ] 192.168.0.128 /Admin/Bocai
INFO: [ app_init ] --START--
INFO: Run Behavior\BuildLiteBehavior [ RunTime:0.000013s ]
INFO: [ app_init ] --END-- [ RunTime:0.000530s ]
INFO: [ app_begin ] --START--
INFO: Run Behavior\ReadHtmlCacheBehavior [ RunTime:0.001062s ]
INFO: Run Behavior\CheckLangBehavior [ RunTime:0.002428s ]
INFO: [ app_begin ] --END-- [ RunTime:0.003622s ]
SQL: SHOW COLUMNS FROM `btc_admin` [ RunTime:0.0089s ]
SQL: SELECT COUNT(*) AS tp_count FROM `btc_admin` WHERE `user_name` = 'admin001' AND `pass_word` = '62fa7bbe115476d6b10ecb376839e996' LIMIT 1   [ RunTime:0.0005s ]
SQL: SELECT `admin_id` FROM `btc_admin` WHERE `user_name` = 'admin001' LIMIT 1   [ RunTime:0.0002s ]
INFO: [ app_end ] --START--
INFO: Run Behavior\ShowPageTraceBehavior [ RunTime:0.001198s ]
INFO: [ app_end ] --END-- [ RunTime:0.001256s ]

[ 2018-10-23T18:13:59+08:00 ] 192.168.0.128 /Admin/Index
INFO: [ app_init ] --START--
INFO: Run Behavior\BuildLiteBehavior [ RunTime:0.000013s ]
INFO: [ app_init ] --END-- [ RunTime:0.000511s ]
INFO: [ app_begin ] --START--
INFO: Run Behavior\ReadHtmlCacheBehavior [ RunTime:0.000630s ]
INFO: Run Behavior\CheckLangBehavior [ RunTime:0.004472s ]
INFO: [ app_begin ] --END-- [ RunTime:0.005211s ]
SQL: SHOW COLUMNS FROM `btc_admin` [ RunTime:0.0071s ]
SQL: SELECT COUNT(*) AS tp_count FROM `btc_admin` WHERE `user_name` = 'admin001' AND `pass_word` = '62fa7bbe115476d6b10ecb376839e996' LIMIT 1   [ RunTime:0.0003s ]
SQL: SELECT `admin_id` FROM `btc_admin` WHERE `user_name` = 'admin001' LIMIT 1   [ RunTime:0.0002s ]
INFO: [ view_parse ] --START--
INFO: [ template_filter ] --START--
INFO: Run Behavior\ContentReplaceBehavior [ RunTime:0.000247s ]
INFO: [ template_filter ] --END-- [ RunTime:0.000321s ]
INFO: Run Behavior\ParseTemplateBehavior [ RunTime:0.017233s ]
INFO: [ view_parse ] --END-- [ RunTime:0.017285s ]
INFO: [ view_filter ] --START--
INFO: Run Behavior\WriteHtmlCacheBehavior [ RunTime:0.000800s ]
INFO: [ view_filter ] --END-- [ RunTime:0.000847s ]
INFO: [ app_end ] --START--
INFO: Run Behavior\ShowPageTraceBehavior [ RunTime:0.001048s ]
INFO: [ app_end ] --END-- [ RunTime:0.001101s ]

[ 2018-10-23T18:14:01+08:00 ] 192.168.0.128 /Admin/Index/identity
INFO: [ app_init ] --START--
INFO: Run Behavior\BuildLiteBehavior [ RunTime:0.000014s ]
INFO: [ app_init ] --END-- [ RunTime:0.000510s ]
INFO: [ app_begin ] --START--
INFO: Run Behavior\ReadHtmlCacheBehavior [ RunTime:0.000548s ]
INFO: Run Behavior\CheckLangBehavior [ RunTime:0.002091s ]
INFO: [ app_begin ] --END-- [ RunTime:0.002715s ]
SQL: SHOW COLUMNS FROM `btc_admin` [ RunTime:0.0090s ]
SQL: SELECT COUNT(*) AS tp_count FROM `btc_admin` WHERE `user_name` = 'admin001' AND `pass_word` = '62fa7bbe115476d6b10ecb376839e996' LIMIT 1   [ RunTime:0.0004s ]
SQL: SELECT `admin_id` FROM `btc_admin` WHERE `user_name` = 'admin001' LIMIT 1   [ RunTime:0.0003s ]
SQL: SELECT `identity` FROM `btc_admin` WHERE `admin_id` = 'admin001'  [ RunTime:0.0005s ]
NOTIC: [8192] Non-static method StatusCode::code() should not be called statically D:\phpStudy\WWW\btc\pc\Application\Admin\Controller\IndexController.class.php 第 111 行.

[ 2018-10-23T18:14:02+08:00 ] 192.168.0.128 /Admin/Index/init
INFO: [ app_init ] --START--
INFO: Run Behavior\BuildLiteBehavior [ RunTime:0.000017s ]
INFO: [ app_init ] --END-- [ RunTime:0.000865s ]
INFO: [ app_begin ] --START--
INFO: Run Behavior\ReadHtmlCacheBehavior [ RunTime:0.000901s ]
INFO: Run Behavior\CheckLangBehavior [ RunTime:0.004064s ]
INFO: [ app_begin ] --END-- [ RunTime:0.005105s ]
SQL: SHOW COLUMNS FROM `btc_admin` [ RunTime:0.0075s ]
SQL: SELECT COUNT(*) AS tp_count FROM `btc_admin` WHERE `user_name` = 'admin001' AND `pass_word` = '62fa7bbe115476d6b10ecb376839e996' LIMIT 1   [ RunTime:0.0003s ]
SQL: SELECT `admin_id` FROM `btc_admin` WHERE `user_name` = 'admin001' LIMIT 1   [ RunTime:0.0001s ]
SQL: SHOW COLUMNS FROM `btc_up_order` [ RunTime:0.0085s ]
SQL: SELECT COUNT(*) AS tp_count FROM `btc_up_order` WHERE `is_deleted` = 0 AND `status` = 0 LIMIT 1   [ RunTime:0.0005s ]
NOTIC: [8192] Non-static method StatusCode::code() should not be called statically D:\phpStudy\WWW\btc\pc\Application\Admin\Controller\IndexController.class.php 第 95 行.

[ 2018-10-23T18:14:05+08:00 ] 192.168.0.128 /Admin/Index/informationHint
INFO: [ app_init ] --START--
INFO: Run Behavior\BuildLiteBehavior [ RunTime:0.000013s ]
INFO: [ app_init ] --END-- [ RunTime:0.000721s ]
INFO: [ app_begin ] --START--
INFO: Run Behavior\ReadHtmlCacheBehavior [ RunTime:0.000929s ]
INFO: Run Behavior\CheckLangBehavior [ RunTime:0.003852s ]
INFO: [ app_begin ] --END-- [ RunTime:0.004899s ]
SQL: SHOW COLUMNS FROM `btc_admin` [ RunTime:0.0088s ]
SQL: SELECT COUNT(*) AS tp_count FROM `btc_admin` WHERE `user_name` = 'admin001' AND `pass_word` = '62fa7bbe115476d6b10ecb376839e996' LIMIT 1   [ RunTime:0.0003s ]
SQL: SELECT `admin_id` FROM `btc_admin` WHERE `user_name` = 'admin001' LIMIT 1   [ RunTime:0.0002s ]
SQL: SHOW COLUMNS FROM `btc_order_info` [ RunTime:0.0100s ]
SQL: SHOW COLUMNS FROM `btc_send` [ RunTime:0.0098s ]
SQL: SELECT COUNT(*) AS tp_count FROM `btc_order_info` WHERE `status` = 0 AND `is_deleted` = 0 LIMIT 1   [ RunTime:0.0010s ]
SQL: SELECT COUNT(*) AS tp_count FROM `btc_send` WHERE `status` = 0 AND `is_deleted` = 0 LIMIT 1   [ RunTime:0.0003s ]
NOTIC: [8192] Non-static method StatusCode::code() should not be called statically D:\phpStudy\WWW\btc\pc\Application\Admin\Controller\IndexController.class.php 第 75 行.

[ 2018-10-23T18:14:14+08:00 ] 192.168.0.128 /Admin/Bocai/index.html
INFO: [ app_init ] --START--
INFO: Run Behavior\BuildLiteBehavior [ RunTime:0.000009s ]
INFO: [ app_init ] --END-- [ RunTime:0.000340s ]
INFO: [ app_begin ] --START--
INFO: Run Behavior\ReadHtmlCacheBehavior [ RunTime:0.000588s ]
INFO: Run Behavior\CheckLangBehavior [ RunTime:0.002439s ]
INFO: [ app_begin ] --END-- [ RunTime:0.003149s ]
SQL: SHOW COLUMNS FROM `btc_admin` [ RunTime:0.0082s ]
SQL: SELECT COUNT(*) AS tp_count FROM `btc_admin` WHERE `user_name` = 'admin001' AND `pass_word` = '62fa7bbe115476d6b10ecb376839e996' LIMIT 1   [ RunTime:0.0003s ]
SQL: SELECT `admin_id` FROM `btc_admin` WHERE `user_name` = 'admin001' LIMIT 1   [ RunTime:0.0002s ]
INFO: [ app_end ] --START--
INFO: Run Behavior\ShowPageTraceBehavior [ RunTime:0.008082s ]
INFO: [ app_end ] --END-- [ RunTime:0.008161s ]

[ 2018-10-23T19:40:08+08:00 ] 192.168.0.128 /Admin/Index
INFO: [ app_init ] --START--
INFO: Run Behavior\BuildLiteBehavior [ RunTime:0.000011s ]
INFO: [ app_init ] --END-- [ RunTime:0.000507s ]
INFO: [ app_begin ] --START--
INFO: Run Behavior\ReadHtmlCacheBehavior [ RunTime:0.000987s ]
INFO: Run Behavior\CheckLangBehavior [ RunTime:0.003040s ]
INFO: [ app_begin ] --END-- [ RunTime:0.004136s ]
SQL: SHOW COLUMNS FROM `btc_admin` [ RunTime:0.0177s ]
SQL: SELECT COUNT(*) AS tp_count FROM `btc_admin` WHERE `user_name` = 'admin001' AND `pass_word` = '62fa7bbe115476d6b10ecb376839e996' LIMIT 1   [ RunTime:0.0009s ]
SQL: SELECT `admin_id` FROM `btc_admin` WHERE `user_name` = 'admin001' LIMIT 1   [ RunTime:0.0003s ]
INFO: [ view_parse ] --START--
INFO: [ template_filter ] --START--
INFO: Run Behavior\ContentReplaceBehavior [ RunTime:0.000333s ]
INFO: [ template_filter ] --END-- [ RunTime:0.000396s ]
INFO: Run Behavior\ParseTemplateBehavior [ RunTime:0.019413s ]
INFO: [ view_parse ] --END-- [ RunTime:0.019469s ]
INFO: [ view_filter ] --START--
INFO: Run Behavior\WriteHtmlCacheBehavior [ RunTime:0.000777s ]
INFO: [ view_filter ] --END-- [ RunTime:0.000825s ]
INFO: [ app_end ] --START--
INFO: Run Behavior\ShowPageTraceBehavior [ RunTime:0.001213s ]
INFO: [ app_end ] --END-- [ RunTime:0.001285s ]

[ 2018-10-23T19:40:09+08:00 ] 192.168.0.128 /Admin/Index/identity
INFO: [ app_init ] --START--
INFO: Run Behavior\BuildLiteBehavior [ RunTime:0.000017s ]
INFO: [ app_init ] --END-- [ RunTime:0.000722s ]
INFO: [ app_begin ] --START--
INFO: Run Behavior\ReadHtmlCacheBehavior [ RunTime:0.000901s ]
INFO: Run Behavior\CheckLangBehavior [ RunTime:0.004905s ]
INFO: [ app_begin ] --END-- [ RunTime:0.005954s ]
SQL: SHOW COLUMNS FROM `btc_admin` [ RunTime:0.0082s ]
SQL: SELECT COUNT(*) AS tp_count FROM `btc_admin` WHERE `user_name` = 'admin001' AND `pass_word` = '62fa7bbe115476d6b10ecb376839e996' LIMIT 1   [ RunTime:0.0004s ]
SQL: SELECT `admin_id` FROM `btc_admin` WHERE `user_name` = 'admin001' LIMIT 1   [ RunTime:0.0003s ]
SQL: SELECT `identity` FROM `btc_admin` WHERE `admin_id` = 'admin001'  [ RunTime:0.0005s ]
NOTIC: [8192] Non-static method StatusCode::code() should not be called statically D:\phpStudy\WWW\btc\pc\Application\Admin\Controller\IndexController.class.php 第 111 行.

[ 2018-10-23T19:40:10+08:00 ] 192.168.0.128 /Admin/Index/init
INFO: [ app_init ] --START--
INFO: Run Behavior\BuildLiteBehavior [ RunTime:0.000018s ]
INFO: [ app_init ] --END-- [ RunTime:0.000696s ]
INFO: [ app_begin ] --START--
INFO: Run Behavior\ReadHtmlCacheBehavior [ RunTime:0.001176s ]
INFO: Run Behavior\CheckLangBehavior [ RunTime:0.004374s ]
INFO: [ app_begin ] --END-- [ RunTime:0.005728s ]
SQL: SHOW COLUMNS FROM `btc_admin` [ RunTime:0.0084s ]
SQL: SELECT COUNT(*) AS tp_count FROM `btc_admin` WHERE `user_name` = 'admin001' AND `pass_word` = '62fa7bbe115476d6b10ecb376839e996' LIMIT 1   [ RunTime:0.0003s ]
SQL: SELECT `admin_id` FROM `btc_admin` WHERE `user_name` = 'admin001' LIMIT 1   [ RunTime:0.0002s ]
SQL: SHOW COLUMNS FROM `btc_up_order` [ RunTime:0.0087s ]
SQL: SELECT COUNT(*) AS tp_count FROM `btc_up_order` WHERE `is_deleted` = 0 AND `status` = 0 LIMIT 1   [ RunTime:0.0005s ]
NOTIC: [8192] Non-static method StatusCode::code() should not be called statically D:\phpStudy\WWW\btc\pc\Application\Admin\Controller\IndexController.class.php 第 95 行.

[ 2018-10-23T19:40:51+08:00 ] 192.168.0.128 /Admin/Index
INFO: [ app_init ] --START--
INFO: Run Behavior\BuildLiteBehavior [ RunTime:0.000014s ]
INFO: [ app_init ] --END-- [ RunTime:0.000622s ]
INFO: [ app_begin ] --START--
INFO: Run Behavior\ReadHtmlCacheBehavior [ RunTime:0.000759s ]
INFO: Run Behavior\CheckLangBehavior [ RunTime:0.003235s ]
INFO: [ app_begin ] --END-- [ RunTime:0.004117s ]
SQL: SHOW COLUMNS FROM `btc_admin` [ RunTime:0.0128s ]
SQL: SELECT COUNT(*) AS tp_count FROM `btc_admin` WHERE `user_name` = 'admin001' AND `pass_word` = '62fa7bbe115476d6b10ecb376839e996' LIMIT 1   [ RunTime:0.0005s ]
SQL: SELECT `admin_id` FROM `btc_admin` WHERE `user_name` = 'admin001' LIMIT 1   [ RunTime:0.0003s ]
INFO: [ view_parse ] --START--
INFO: [ template_filter ] --START--
INFO: Run Behavior\ContentReplaceBehavior [ RunTime:0.000333s ]
INFO: [ template_filter ] --END-- [ RunTime:0.000393s ]
INFO: Run Behavior\ParseTemplateBehavior [ RunTime:0.017351s ]
INFO: [ view_parse ] --END-- [ RunTime:0.017433s ]
INFO: [ view_filter ] --START--
INFO: Run Behavior\WriteHtmlCacheBehavior [ RunTime:0.001274s ]
INFO: [ view_filter ] --END-- [ RunTime:0.001348s ]
INFO: [ app_end ] --START--
INFO: Run Behavior\ShowPageTraceBehavior [ RunTime:0.001199s ]
INFO: [ app_end ] --END-- [ RunTime:0.001258s ]

[ 2018-10-23T19:40:53+08:00 ] 192.168.0.128 /Admin/Index/identity
INFO: [ app_init ] --START--
INFO: Run Behavior\BuildLiteBehavior [ RunTime:0.000015s ]
INFO: [ app_init ] --END-- [ RunTime:0.000615s ]
INFO: [ app_begin ] --START--
INFO: Run Behavior\ReadHtmlCacheBehavior [ RunTime:0.001509s ]
INFO: Run Behavior\CheckLangBehavior [ RunTime:0.004489s ]
INFO: [ app_begin ] --END-- [ RunTime:0.006126s ]
SQL: SHOW COLUMNS FROM `btc_admin` [ RunTime:0.0112s ]
SQL: SELECT COUNT(*) AS tp_count FROM `btc_admin` WHERE `user_name` = 'admin001' AND `pass_word` = '62fa7bbe115476d6b10ecb376839e996' LIMIT 1   [ RunTime:0.0004s ]
SQL: SELECT `admin_id` FROM `btc_admin` WHERE `user_name` = 'admin001' LIMIT 1   [ RunTime:0.0002s ]
SQL: SELECT `identity` FROM `btc_admin` WHERE `admin_id` = 'admin001'  [ RunTime:0.0003s ]
NOTIC: [8192] Non-static method StatusCode::code() should not be called statically D:\phpStudy\WWW\btc\pc\Application\Admin\Controller\IndexController.class.php 第 111 行.

[ 2018-10-23T19:40:54+08:00 ] 192.168.0.128 /Admin/Index/init
INFO: [ app_init ] --START--
INFO: Run Behavior\BuildLiteBehavior [ RunTime:0.000013s ]
INFO: [ app_init ] --END-- [ RunTime:0.000582s ]
INFO: [ app_begin ] --START--
INFO: Run Behavior\ReadHtmlCacheBehavior [ RunTime:0.000725s ]
INFO: Run Behavior\CheckLangBehavior [ RunTime:0.003266s ]
INFO: [ app_begin ] --END-- [ RunTime:0.004100s ]
SQL: SHOW COLUMNS FROM `btc_admin` [ RunTime:0.0072s ]
SQL: SELECT COUNT(*) AS tp_count FROM `btc_admin` WHERE `user_name` = 'admin001' AND `pass_word` = '62fa7bbe115476d6b10ecb376839e996' LIMIT 1   [ RunTime:0.0005s ]
SQL: SELECT `admin_id` FROM `btc_admin` WHERE `user_name` = 'admin001' LIMIT 1   [ RunTime:0.0004s ]
SQL: SHOW COLUMNS FROM `btc_up_order` [ RunTime:0.0093s ]
SQL: SELECT COUNT(*) AS tp_count FROM `btc_up_order` WHERE `is_deleted` = 0 AND `status` = 0 LIMIT 1   [ RunTime:0.0004s ]
NOTIC: [8192] Non-static method StatusCode::code() should not be called statically D:\phpStudy\WWW\btc\pc\Application\Admin\Controller\IndexController.class.php 第 95 行.

[ 2018-10-23T19:40:55+08:00 ] 192.168.0.128 /Admin/Bocai/index.html
INFO: [ app_init ] --START--
INFO: Run Behavior\BuildLiteBehavior [ RunTime:0.000009s ]
INFO: [ app_init ] --END-- [ RunTime:0.000350s ]
INFO: [ app_begin ] --START--
INFO: Run Behavior\ReadHtmlCacheBehavior [ RunTime:0.000585s ]
INFO: Run Behavior\CheckLangBehavior [ RunTime:0.002887s ]
INFO: [ app_begin ] --END-- [ RunTime:0.003564s ]
SQL: SHOW COLUMNS FROM `btc_admin` [ RunTime:0.0079s ]
SQL: SELECT COUNT(*) AS tp_count FROM `btc_admin` WHERE `user_name` = 'admin001' AND `pass_word` = '62fa7bbe115476d6b10ecb376839e996' LIMIT 1   [ RunTime:0.0003s ]
SQL: SELECT `admin_id` FROM `btc_admin` WHERE `user_name` = 'admin001' LIMIT 1   [ RunTime:0.0002s ]
INFO: [ app_end ] --START--
INFO: Run Behavior\ShowPageTraceBehavior [ RunTime:0.001095s ]
INFO: [ app_end ] --END-- [ RunTime:0.001151s ]

[ 2018-10-23T20:43:19+08:00 ] 192.168.0.128 /Admin/Bocai/index.html
INFO: [ app_init ] --START--
INFO: Run Behavior\BuildLiteBehavior [ RunTime:0.000018s ]
INFO: [ app_init ] --END-- [ RunTime:0.001998s ]
INFO: [ app_begin ] --START--
INFO: Run Behavior\ReadHtmlCacheBehavior [ RunTime:0.000766s ]
INFO: Run Behavior\CheckLangBehavior [ RunTime:0.003076s ]
INFO: [ app_begin ] --END-- [ RunTime:0.003929s ]
SQL: SHOW COLUMNS FROM `btc_admin` [ RunTime:0.0154s ]
SQL: SELECT COUNT(*) AS tp_count FROM `btc_admin` WHERE `user_name` = 'admin001' AND `pass_word` = '62fa7bbe115476d6b10ecb376839e996' LIMIT 1   [ RunTime:0.0009s ]
SQL: SELECT `admin_id` FROM `btc_admin` WHERE `user_name` = 'admin001' LIMIT 1   [ RunTime:0.0003s ]
INFO: [ app_end ] --START--
INFO: Run Behavior\ShowPageTraceBehavior [ RunTime:0.001708s ]
INFO: [ app_end ] --END-- [ RunTime:0.001784s ]

[ 2018-10-23T20:43:24+08:00 ] 192.168.0.128 /Admin/Bocai/index.html
INFO: [ app_init ] --START--
INFO: Run Behavior\BuildLiteBehavior [ RunTime:0.000009s ]
INFO: [ app_init ] --END-- [ RunTime:0.000474s ]
INFO: [ app_begin ] --START--
INFO: Run Behavior\ReadHtmlCacheBehavior [ RunTime:0.000433s ]
INFO: Run Behavior\CheckLangBehavior [ RunTime:0.001883s ]
INFO: [ app_begin ] --END-- [ RunTime:0.002380s ]
SQL: SHOW COLUMNS FROM `btc_admin` [ RunTime:0.0069s ]
SQL: SELECT COUNT(*) AS tp_count FROM `btc_admin` WHERE `user_name` = 'admin001' AND `pass_word` = '62fa7bbe115476d6b10ecb376839e996' LIMIT 1   [ RunTime:0.0003s ]
SQL: SELECT `admin_id` FROM `btc_admin` WHERE `user_name` = 'admin001' LIMIT 1   [ RunTime:0.0002s ]
INFO: [ app_end ] --START--
INFO: Run Behavior\ShowPageTraceBehavior [ RunTime:0.001093s ]
INFO: [ app_end ] --END-- [ RunTime:0.001149s ]

[ 2018-10-23T20:43:42+08:00 ] 192.168.0.128 /Admin/Bocai/index.html
INFO: [ app_init ] --START--
INFO: Run Behavior\BuildLiteBehavior [ RunTime:0.000009s ]
INFO: [ app_init ] --END-- [ RunTime:0.000356s ]
INFO: [ app_begin ] --START--
INFO: Run Behavior\ReadHtmlCacheBehavior [ RunTime:0.000431s ]
INFO: Run Behavior\CheckLangBehavior [ RunTime:0.001944s ]
INFO: [ app_begin ] --END-- [ RunTime:0.002432s ]
SQL: SHOW COLUMNS FROM `btc_admin` [ RunTime:0.0091s ]
SQL: SELECT COUNT(*) AS tp_count FROM `btc_admin` WHERE `user_name` = 'admin001' AND `pass_word` = '62fa7bbe115476d6b10ecb376839e996' LIMIT 1   [ RunTime:0.0004s ]
SQL: SELECT `admin_id` FROM `btc_admin` WHERE `user_name` = 'admin001' LIMIT 1   [ RunTime:0.0002s ]
INFO: [ app_end ] --START--
INFO: Run Behavior\ShowPageTraceBehavior [ RunTime:0.018501s ]
INFO: [ app_end ] --END-- [ RunTime:0.018557s ]

[ 2018-10-23T20:43:45+08:00 ] 192.168.0.128 /Admin/Bocai/index.html
INFO: [ app_init ] --START--
INFO: Run Behavior\BuildLiteBehavior [ RunTime:0.000011s ]
INFO: [ app_init ] --END-- [ RunTime:0.000375s ]
INFO: [ app_begin ] --START--
INFO: Run Behavior\ReadHtmlCacheBehavior [ RunTime:0.001061s ]
INFO: Run Behavior\CheckLangBehavior [ RunTime:0.002269s ]
INFO: [ app_begin ] --END-- [ RunTime:0.003485s ]
SQL: SHOW COLUMNS FROM `btc_admin` [ RunTime:0.0104s ]
SQL: SELECT COUNT(*) AS tp_count FROM `btc_admin` WHERE `user_name` = 'admin001' AND `pass_word` = '62fa7bbe115476d6b10ecb376839e996' LIMIT 1   [ RunTime:0.0004s ]
SQL: SELECT `admin_id` FROM `btc_admin` WHERE `user_name` = 'admin001' LIMIT 1   [ RunTime:0.0003s ]
INFO: [ app_end ] --START--
INFO: Run Behavior\ShowPageTraceBehavior [ RunTime:0.000991s ]
INFO: [ app_end ] --END-- [ RunTime:0.001045s ]

[ 2018-10-23T20:43:48+08:00 ] 192.168.0.128 /Admin/Index
INFO: [ app_init ] --START--
INFO: Run Behavior\BuildLiteBehavior [ RunTime:0.000036s ]
INFO: [ app_init ] --END-- [ RunTime:0.000593s ]
INFO: [ app_begin ] --START--
INFO: Run Behavior\ReadHtmlCacheBehavior [ RunTime:0.000738s ]
INFO: Run Behavior\CheckLangBehavior [ RunTime:0.002903s ]
INFO: [ app_begin ] --END-- [ RunTime:0.003746s ]
SQL: SHOW COLUMNS FROM `btc_admin` [ RunTime:0.0091s ]
SQL: SELECT COUNT(*) AS tp_count FROM `btc_admin` WHERE `user_name` = 'admin001' AND `pass_word` = '62fa7bbe115476d6b10ecb376839e996' LIMIT 1   [ RunTime:0.0004s ]
SQL: SELECT `admin_id` FROM `btc_admin` WHERE `user_name` = 'admin001' LIMIT 1   [ RunTime:0.0003s ]
INFO: [ view_parse ] --START--
INFO: [ template_filter ] --START--
INFO: Run Behavior\ContentReplaceBehavior [ RunTime:0.000289s ]
INFO: [ template_filter ] --END-- [ RunTime:0.000341s ]
INFO: Run Behavior\ParseTemplateBehavior [ RunTime:0.016227s ]
INFO: [ view_parse ] --END-- [ RunTime:0.016292s ]
INFO: [ view_filter ] --START--
INFO: Run Behavior\WriteHtmlCacheBehavior [ RunTime:0.001053s ]
INFO: [ view_filter ] --END-- [ RunTime:0.001118s ]
INFO: [ app_end ] --START--
INFO: Run Behavior\ShowPageTraceBehavior [ RunTime:0.001426s ]
INFO: [ app_end ] --END-- [ RunTime:0.001492s ]

[ 2018-10-23T20:43:49+08:00 ] 192.168.0.128 /Admin/Index/identity
INFO: [ app_init ] --START--
INFO: Run Behavior\BuildLiteBehavior [ RunTime:0.000015s ]
INFO: [ app_init ] --END-- [ RunTime:0.000631s ]
INFO: [ app_begin ] --START--
INFO: Run Behavior\ReadHtmlCacheBehavior [ RunTime:0.000910s ]
INFO: Run Behavior\CheckLangBehavior [ RunTime:0.005081s ]
INFO: [ app_begin ] --END-- [ RunTime:0.006114s ]
SQL: SHOW COLUMNS FROM `btc_admin` [ RunTime:0.0085s ]
SQL: SELECT COUNT(*) AS tp_count FROM `btc_admin` WHERE `user_name` = 'admin001' AND `pass_word` = '62fa7bbe115476d6b10ecb376839e996' LIMIT 1   [ RunTime:0.0004s ]
SQL: SELECT `admin_id` FROM `btc_admin` WHERE `user_name` = 'admin001' LIMIT 1   [ RunTime:0.0002s ]
SQL: SELECT `identity` FROM `btc_admin` WHERE `admin_id` = 'admin001'  [ RunTime:0.0003s ]
NOTIC: [8192] Non-static method StatusCode::code() should not be called statically D:\phpStudy\WWW\btc\pc\Application\Admin\Controller\IndexController.class.php 第 111 行.

[ 2018-10-23T20:43:50+08:00 ] 192.168.0.128 /Admin/Index/init
INFO: [ app_init ] --START--
INFO: Run Behavior\BuildLiteBehavior [ RunTime:0.000022s ]
INFO: [ app_init ] --END-- [ RunTime:0.000878s ]
INFO: [ app_begin ] --START--
INFO: Run Behavior\ReadHtmlCacheBehavior [ RunTime:0.000786s ]
INFO: Run Behavior\CheckLangBehavior [ RunTime:0.003753s ]
INFO: [ app_begin ] --END-- [ RunTime:0.004649s ]
SQL: SHOW COLUMNS FROM `btc_admin` [ RunTime:0.0076s ]
SQL: SELECT COUNT(*) AS tp_count FROM `btc_admin` WHERE `user_name` = 'admin001' AND `pass_word` = '62fa7bbe115476d6b10ecb376839e996' LIMIT 1   [ RunTime:0.0004s ]
SQL: SELECT `admin_id` FROM `btc_admin` WHERE `user_name` = 'admin001' LIMIT 1   [ RunTime:0.0002s ]
SQL: SHOW COLUMNS FROM `btc_up_order` [ RunTime:0.0094s ]
SQL: SELECT COUNT(*) AS tp_count FROM `btc_up_order` WHERE `is_deleted` = 0 AND `status` = 0 LIMIT 1   [ RunTime:0.0005s ]
NOTIC: [8192] Non-static method StatusCode::code() should not be called statically D:\phpStudy\WWW\btc\pc\Application\Admin\Controller\IndexController.class.php 第 95 行.

[ 2018-10-23T20:43:51+08:00 ] 192.168.0.128 /Admin/Bocai/index.html
INFO: [ app_init ] --START--
INFO: Run Behavior\BuildLiteBehavior [ RunTime:0.000012s ]
INFO: [ app_init ] --END-- [ RunTime:0.000482s ]
INFO: [ app_begin ] --START--
INFO: Run Behavior\ReadHtmlCacheBehavior [ RunTime:0.000486s ]
INFO: Run Behavior\CheckLangBehavior [ RunTime:0.003478s ]
INFO: [ app_begin ] --END-- [ RunTime:0.004065s ]
SQL: SHOW COLUMNS FROM `btc_admin` [ RunTime:0.0071s ]
SQL: SELECT COUNT(*) AS tp_count FROM `btc_admin` WHERE `user_name` = 'admin001' AND `pass_word` = '62fa7bbe115476d6b10ecb376839e996' LIMIT 1   [ RunTime:0.0004s ]
SQL: SELECT `admin_id` FROM `btc_admin` WHERE `user_name` = 'admin001' LIMIT 1   [ RunTime:0.0002s ]
INFO: [ app_end ] --START--
INFO: Run Behavior\ShowPageTraceBehavior [ RunTime:0.001127s ]
INFO: [ app_end ] --END-- [ RunTime:0.001203s ]

[ 2018-10-23T20:43:54+08:00 ] 192.168.0.128 /Admin/Bocai/index.html
INFO: [ app_init ] --START--
INFO: Run Behavior\BuildLiteBehavior [ RunTime:0.000009s ]
INFO: [ app_init ] --END-- [ RunTime:0.000393s ]
INFO: [ app_begin ] --START--
INFO: Run Behavior\ReadHtmlCacheBehavior [ RunTime:0.000488s ]
INFO: Run Behavior\CheckLangBehavior [ RunTime:0.002432s ]
INFO: [ app_begin ] --END-- [ RunTime:0.003004s ]
SQL: SHOW COLUMNS FROM `btc_admin` [ RunTime:0.0057s ]
SQL: SELECT COUNT(*) AS tp_count FROM `btc_admin` WHERE `user_name` = 'admin001' AND `pass_word` = '62fa7bbe115476d6b10ecb376839e996' LIMIT 1   [ RunTime:0.0003s ]
SQL: SELECT `admin_id` FROM `btc_admin` WHERE `user_name` = 'admin001' LIMIT 1   [ RunTime:0.0002s ]
INFO: [ app_end ] --START--
INFO: Run Behavior\ShowPageTraceBehavior [ RunTime:0.001074s ]
INFO: [ app_end ] --END-- [ RunTime:0.001123s ]

[ 2018-10-23T20:44:19+08:00 ] 192.168.0.128 /Admin/Index
INFO: [ app_init ] --START--
INFO: Run Behavior\BuildLiteBehavior [ RunTime:0.000016s ]
INFO: [ app_init ] --END-- [ RunTime:0.000631s ]
INFO: [ app_begin ] --START--
INFO: Run Behavior\ReadHtmlCacheBehavior [ RunTime:0.000688s ]
INFO: Run Behavior\CheckLangBehavior [ RunTime:0.003643s ]
INFO: [ app_begin ] --END-- [ RunTime:0.004428s ]
SQL: SHOW COLUMNS FROM `btc_admin` [ RunTime:0.0066s ]
SQL: SELECT COUNT(*) AS tp_count FROM `btc_admin` WHERE `user_name` = 'admin001' AND `pass_word` = '62fa7bbe115476d6b10ecb376839e996' LIMIT 1   [ RunTime:0.0003s ]
SQL: SELECT `admin_id` FROM `btc_admin` WHERE `user_name` = 'admin001' LIMIT 1   [ RunTime:0.0002s ]
INFO: [ view_parse ] --START--
INFO: [ template_filter ] --START--
INFO: Run Behavior\ContentReplaceBehavior [ RunTime:0.000253s ]
INFO: [ template_filter ] --END-- [ RunTime:0.000325s ]
INFO: Run Behavior\ParseTemplateBehavior [ RunTime:0.014595s ]
INFO: [ view_parse ] --END-- [ RunTime:0.014657s ]
INFO: [ view_filter ] --START--
INFO: Run Behavior\WriteHtmlCacheBehavior [ RunTime:0.000802s ]
INFO: [ view_filter ] --END-- [ RunTime:0.000849s ]
INFO: [ app_end ] --START--
INFO: Run Behavior\ShowPageTraceBehavior [ RunTime:0.000994s ]
INFO: [ app_end ] --END-- [ RunTime:0.001051s ]

[ 2018-10-23T20:44:20+08:00 ] 192.168.0.128 /Admin/Index/identity
INFO: [ app_init ] --START--
INFO: Run Behavior\BuildLiteBehavior [ RunTime:0.000014s ]
INFO: [ app_init ] --END-- [ RunTime:0.000647s ]
INFO: [ app_begin ] --START--
INFO: Run Behavior\ReadHtmlCacheBehavior [ RunTime:0.000800s ]
INFO: Run Behavior\CheckLangBehavior [ RunTime:0.008315s ]
INFO: [ app_begin ] --END-- [ RunTime:0.009248s ]
SQL: SHOW COLUMNS FROM `btc_admin` [ RunTime:0.0090s ]
SQL: SELECT COUNT(*) AS tp_count FROM `btc_admin` WHERE `user_name` = 'admin001' AND `pass_word` = '62fa7bbe115476d6b10ecb376839e996' LIMIT 1   [ RunTime:0.0004s ]
SQL: SELECT `admin_id` FROM `btc_admin` WHERE `user_name` = 'admin001' LIMIT 1   [ RunTime:0.0003s ]
SQL: SELECT `identity` FROM `btc_admin` WHERE `admin_id` = 'admin001'  [ RunTime:0.0002s ]
NOTIC: [8192] Non-static method StatusCode::code() should not be called statically D:\phpStudy\WWW\btc\pc\Application\Admin\Controller\IndexController.class.php 第 111 行.

[ 2018-10-23T20:44:21+08:00 ] 192.168.0.128 /Admin/Index/init
INFO: [ app_init ] --START--
INFO: Run Behavior\BuildLiteBehavior [ RunTime:0.000016s ]
INFO: [ app_init ] --END-- [ RunTime:0.000669s ]
INFO: [ app_begin ] --START--
INFO: Run Behavior\ReadHtmlCacheBehavior [ RunTime:0.001050s ]
INFO: Run Behavior\CheckLangBehavior [ RunTime:0.003969s ]
INFO: [ app_begin ] --END-- [ RunTime:0.005130s ]
SQL: SHOW COLUMNS FROM `btc_admin` [ RunTime:0.0071s ]
SQL: SELECT COUNT(*) AS tp_count FROM `btc_admin` WHERE `user_name` = 'admin001' AND `pass_word` = '62fa7bbe115476d6b10ecb376839e996' LIMIT 1   [ RunTime:0.0003s ]
SQL: SELECT `admin_id` FROM `btc_admin` WHERE `user_name` = 'admin001' LIMIT 1   [ RunTime:0.0002s ]
SQL: SHOW COLUMNS FROM `btc_up_order` [ RunTime:0.0071s ]
SQL: SELECT COUNT(*) AS tp_count FROM `btc_up_order` WHERE `is_deleted` = 0 AND `status` = 0 LIMIT 1   [ RunTime:0.0003s ]
NOTIC: [8192] Non-static method StatusCode::code() should not be called statically D:\phpStudy\WWW\btc\pc\Application\Admin\Controller\IndexController.class.php 第 95 行.

[ 2018-10-23T20:44:22+08:00 ] 192.168.0.128 /Admin/Bocai/set.html
INFO: [ app_init ] --START--
INFO: Run Behavior\BuildLiteBehavior [ RunTime:0.000016s ]
INFO: [ app_init ] --END-- [ RunTime:0.000756s ]
INFO: [ app_begin ] --START--
INFO: Run Behavior\ReadHtmlCacheBehavior [ RunTime:0.000666s ]
INFO: Run Behavior\CheckLangBehavior [ RunTime:0.003517s ]
INFO: [ app_begin ] --END-- [ RunTime:0.004298s ]
SQL: SHOW COLUMNS FROM `btc_admin` [ RunTime:0.0062s ]
SQL: SELECT COUNT(*) AS tp_count FROM `btc_admin` WHERE `user_name` = 'admin001' AND `pass_word` = '62fa7bbe115476d6b10ecb376839e996' LIMIT 1   [ RunTime:0.0003s ]
SQL: SELECT `admin_id` FROM `btc_admin` WHERE `user_name` = 'admin001' LIMIT 1   [ RunTime:0.0002s ]
INFO: [ app_end ] --START--
INFO: Run Behavior\ShowPageTraceBehavior [ RunTime:0.001078s ]
INFO: [ app_end ] --END-- [ RunTime:0.001130s ]

[ 2018-10-23T20:44:24+08:00 ] 192.168.0.128 /Admin/Bocai/index.html
INFO: [ app_init ] --START--
INFO: Run Behavior\BuildLiteBehavior [ RunTime:0.000016s ]
INFO: [ app_init ] --END-- [ RunTime:0.000784s ]
INFO: [ app_begin ] --START--
INFO: Run Behavior\ReadHtmlCacheBehavior [ RunTime:0.000585s ]
INFO: Run Behavior\CheckLangBehavior [ RunTime:0.002533s ]
INFO: [ app_begin ] --END-- [ RunTime:0.003230s ]
SQL: SHOW COLUMNS FROM `btc_admin` [ RunTime:0.0079s ]
SQL: SELECT COUNT(*) AS tp_count FROM `btc_admin` WHERE `user_name` = 'admin001' AND `pass_word` = '62fa7bbe115476d6b10ecb376839e996' LIMIT 1   [ RunTime:0.0004s ]
SQL: SELECT `admin_id` FROM `btc_admin` WHERE `user_name` = 'admin001' LIMIT 1   [ RunTime:0.0002s ]
INFO: [ app_end ] --START--
INFO: Run Behavior\ShowPageTraceBehavior [ RunTime:0.000989s ]
INFO: [ app_end ] --END-- [ RunTime:0.001038s ]

[ 2018-10-23T20:44:27+08:00 ] 192.168.0.128 /Admin/Bocai/index.html
INFO: [ app_init ] --START--
INFO: Run Behavior\BuildLiteBehavior [ RunTime:0.000014s ]
INFO: [ app_init ] --END-- [ RunTime:0.000545s ]
INFO: [ app_begin ] --START--
INFO: Run Behavior\ReadHtmlCacheBehavior [ RunTime:0.000468s ]
INFO: Run Behavior\CheckLangBehavior [ RunTime:0.004196s ]
INFO: [ app_begin ] --END-- [ RunTime:0.004755s ]
SQL: SHOW COLUMNS FROM `btc_admin` [ RunTime:0.0082s ]
SQL: SELECT COUNT(*) AS tp_count FROM `btc_admin` WHERE `user_name` = 'admin001' AND `pass_word` = '62fa7bbe115476d6b10ecb376839e996' LIMIT 1   [ RunTime:0.0004s ]
SQL: SELECT `admin_id` FROM `btc_admin` WHERE `user_name` = 'admin001' LIMIT 1   [ RunTime:0.0003s ]
INFO: [ app_end ] --START--
INFO: Run Behavior\ShowPageTraceBehavior [ RunTime:0.001513s ]
INFO: [ app_end ] --END-- [ RunTime:0.001583s ]

[ 2018-10-23T20:52:44+08:00 ] 192.168.0.128 /Admin/Service/Service.html
INFO: [ app_init ] --START--
INFO: Run Behavior\BuildLiteBehavior [ RunTime:0.000012s ]
INFO: [ app_init ] --END-- [ RunTime:0.000637s ]
INFO: [ app_begin ] --START--
INFO: Run Behavior\ReadHtmlCacheBehavior [ RunTime:0.000835s ]
INFO: Run Behavior\CheckLangBehavior [ RunTime:0.003024s ]
INFO: [ app_begin ] --END-- [ RunTime:0.003974s ]
SQL: SHOW COLUMNS FROM `btc_admin` [ RunTime:0.0098s ]
SQL: SELECT COUNT(*) AS tp_count FROM `btc_admin` WHERE `user_name` = 'admin001' AND `pass_word` = '62fa7bbe115476d6b10ecb376839e996' LIMIT 1   [ RunTime:0.0004s ]
SQL: SELECT `admin_id` FROM `btc_admin` WHERE `user_name` = 'admin001' LIMIT 1   [ RunTime:0.0002s ]
INFO: [ view_parse ] --START--
INFO: [ template_filter ] --START--
INFO: Run Behavior\ContentReplaceBehavior [ RunTime:0.000085s ]
INFO: [ template_filter ] --END-- [ RunTime:0.000128s ]
NOTIC: [8] Use of undefined constant serviceInfo - assumed 'serviceInfo' D:\phpStudy\WWW\btc\pc\Application\Runtime\Cache\Admin\34483062b7ec6526c3cfe8d20e0eab97.php 第 100 行.
NOTIC: [8] Use of undefined constant serviceSwicth - assumed 'serviceSwicth' D:\phpStudy\WWW\btc\pc\Application\Runtime\Cache\Admin\34483062b7ec6526c3cfe8d20e0eab97.php 第 136 行.
NOTIC: [8] Use of undefined constant serviceSwicth - assumed 'serviceSwicth' D:\phpStudy\WWW\btc\pc\Application\Runtime\Cache\Admin\34483062b7ec6526c3cfe8d20e0eab97.php 第 153 行.
NOTIC: [8] Use of undefined constant ServiceUp - assumed 'ServiceUp' D:\phpStudy\WWW\btc\pc\Application\Runtime\Cache\Admin\34483062b7ec6526c3cfe8d20e0eab97.php 第 179 行.
INFO: Run Behavior\ParseTemplateBehavior [ RunTime:0.013188s ]
INFO: [ view_parse ] --END-- [ RunTime:0.013233s ]
INFO: [ view_filter ] --START--
INFO: Run Behavior\WriteHtmlCacheBehavior [ RunTime:0.000722s ]
INFO: [ view_filter ] --END-- [ RunTime:0.000773s ]
INFO: [ app_end ] --START--
INFO: Run Behavior\ShowPageTraceBehavior [ RunTime:0.000964s ]
INFO: [ app_end ] --END-- [ RunTime:0.001017s ]

[ 2018-10-23T20:52:45+08:00 ] 192.168.0.128 /Admin/Service/serviceInfo.html
INFO: [ app_init ] --START--
INFO: Run Behavior\BuildLiteBehavior [ RunTime:0.000009s ]
INFO: [ app_init ] --END-- [ RunTime:0.000355s ]
INFO: [ app_begin ] --START--
INFO: Run Behavior\ReadHtmlCacheBehavior [ RunTime:0.000413s ]
INFO: Run Behavior\CheckLangBehavior [ RunTime:0.001978s ]
INFO: [ app_begin ] --END-- [ RunTime:0.002446s ]
SQL: SHOW COLUMNS FROM `btc_admin` [ RunTime:0.0088s ]
SQL: SELECT COUNT(*) AS tp_count FROM `btc_admin` WHERE `user_name` = 'admin001' AND `pass_word` = '62fa7bbe115476d6b10ecb376839e996' LIMIT 1   [ RunTime:0.0004s ]
SQL: SELECT `admin_id` FROM `btc_admin` WHERE `user_name` = 'admin001' LIMIT 1   [ RunTime:0.0002s ]
SQL: SHOW COLUMNS FROM `btc_service` [ RunTime:0.0073s ]
SQL: SHOW COLUMNS FROM `btc_home_info` [ RunTime:0.0097s ]
SQL: SELECT * FROM `btc_service`  [ RunTime:0.0004s ]
SQL: SELECT * FROM `btc_home_info`  [ RunTime:0.0003s ]
NOTIC: [8192] Non-static method StatusCode::code() should not be called statically D:\phpStudy\WWW\btc\pc\Application\Admin\Controller\ServiceController.class.php 第 29 行.

