[ 2018-10-29T12:32:54+08:00 ] 192.168.0.128 /admin
INFO: [ app_init ] --START--
INFO: Run Behavior\BuildLiteBehavior [ RunTime:0.000015s ]
INFO: [ app_init ] --END-- [ RunTime:0.000614s ]
INFO: [ app_begin ] --START--
INFO: Run Behavior\ReadHtmlCacheBehavior [ RunTime:0.000887s ]
INFO: Run Behavior\CheckLangBehavior [ RunTime:0.007805s ]
INFO: [ app_begin ] --END-- [ RunTime:0.008824s ]
SQL: SHOW COLUMNS FROM `btc_admin` [ RunTime:0.0117s ]
SQL: SELECT COUNT(*) AS tp_count FROM `btc_admin` WHERE `user_name` = 'admin001' AND `pass_word` = '62fa7bbe115476d6b10ecb376839e996' LIMIT 1   [ RunTime:0.0010s ]
SQL: SELECT `admin_id` FROM `btc_admin` WHERE `user_name` = 'admin001' LIMIT 1   [ RunTime:0.0003s ]
INFO: [ view_parse ] --START--
INFO: [ template_filter ] --START--
INFO: Run Behavior\ContentReplaceBehavior [ RunTime:0.000256s ]
INFO: [ template_filter ] --END-- [ RunTime:0.000326s ]
INFO: Run Behavior\ParseTemplateBehavior [ RunTime:0.027530s ]
INFO: [ view_parse ] --END-- [ RunTime:0.027630s ]
INFO: [ view_filter ] --START--
INFO: Run Behavior\WriteHtmlCacheBehavior [ RunTime:0.000607s ]
INFO: [ view_filter ] --END-- [ RunTime:0.000642s ]
INFO: [ app_end ] --START--
INFO: Run Behavior\ShowPageTraceBehavior [ RunTime:0.000785s ]
INFO: [ app_end ] --END-- [ RunTime:0.000856s ]

[ 2018-10-29T12:32:56+08:00 ] 192.168.0.128 /Admin/Index/identity
INFO: [ app_init ] --START--
INFO: Run Behavior\BuildLiteBehavior [ RunTime:0.000015s ]
INFO: [ app_init ] --END-- [ RunTime:0.000726s ]
INFO: [ app_begin ] --START--
INFO: Run Behavior\ReadHtmlCacheBehavior [ RunTime:0.000812s ]
INFO: Run Behavior\CheckLangBehavior [ RunTime:0.009946s ]
INFO: [ app_begin ] --END-- [ RunTime:0.010893s ]
SQL: SHOW COLUMNS FROM `btc_admin` [ RunTime:0.0093s ]
SQL: SELECT COUNT(*) AS tp_count FROM `btc_admin` WHERE `user_name` = 'admin001' AND `pass_word` = '62fa7bbe115476d6b10ecb376839e996' LIMIT 1   [ RunTime:0.0004s ]
SQL: SELECT `admin_id` FROM `btc_admin` WHERE `user_name` = 'admin001' LIMIT 1   [ RunTime:0.0004s ]
SQL: SELECT `identity` FROM `btc_admin` WHERE `admin_id` = 'admin001'  [ RunTime:0.0004s ]
NOTIC: [8192] Non-static method StatusCode::code() should not be called statically D:\phpStudy\WWW\btc\pc\Application\Admin\Controller\IndexController.class.php 第 111 行.

[ 2018-10-29T12:32:57+08:00 ] 192.168.0.128 /Admin/Index/init
INFO: [ app_init ] --START--
INFO: Run Behavior\BuildLiteBehavior [ RunTime:0.000016s ]
INFO: [ app_init ] --END-- [ RunTime:0.000741s ]
INFO: [ app_begin ] --START--
INFO: Run Behavior\ReadHtmlCacheBehavior [ RunTime:0.000748s ]
INFO: Run Behavior\CheckLangBehavior [ RunTime:0.003700s ]
INFO: [ app_begin ] --END-- [ RunTime:0.004545s ]
SQL: SHOW COLUMNS FROM `btc_admin` [ RunTime:0.0103s ]
SQL: SELECT COUNT(*) AS tp_count FROM `btc_admin` WHERE `user_name` = 'admin001' AND `pass_word` = '62fa7bbe115476d6b10ecb376839e996' LIMIT 1   [ RunTime:0.0005s ]
SQL: SELECT `admin_id` FROM `btc_admin` WHERE `user_name` = 'admin001' LIMIT 1   [ RunTime:0.0004s ]
SQL: SHOW COLUMNS FROM `btc_up_order` [ RunTime:0.0088s ]
SQL: SELECT COUNT(*) AS tp_count FROM `btc_up_order` WHERE `is_deleted` = 0 AND `status` = 0 LIMIT 1   [ RunTime:0.0005s ]
NOTIC: [8192] Non-static method StatusCode::code() should not be called statically D:\phpStudy\WWW\btc\pc\Application\Admin\Controller\IndexController.class.php 第 95 行.

[ 2018-10-29T12:32:59+08:00 ] 192.168.0.128 /Admin/Bocai/set.html
INFO: [ app_init ] --START--
INFO: Run Behavior\BuildLiteBehavior [ RunTime:0.000015s ]
INFO: [ app_init ] --END-- [ RunTime:0.000660s ]
INFO: [ app_begin ] --START--
INFO: Run Behavior\ReadHtmlCacheBehavior [ RunTime:0.004102s ]
INFO: Run Behavior\CheckLangBehavior [ RunTime:0.004054s ]
INFO: [ app_begin ] --END-- [ RunTime:0.008299s ]
SQL: SHOW COLUMNS FROM `btc_admin` [ RunTime:0.0079s ]
SQL: SELECT COUNT(*) AS tp_count FROM `btc_admin` WHERE `user_name` = 'admin001' AND `pass_word` = '62fa7bbe115476d6b10ecb376839e996' LIMIT 1   [ RunTime:0.0003s ]
SQL: SELECT `admin_id` FROM `btc_admin` WHERE `user_name` = 'admin001' LIMIT 1   [ RunTime:0.0002s ]
SQL: SHOW COLUMNS FROM `btc_w_openset` [ RunTime:0.0075s ]
INFO: [ view_parse ] --START--
INFO: [ template_filter ] --START--
INFO: Run Behavior\ContentReplaceBehavior [ RunTime:0.000057s ]
INFO: [ template_filter ] --END-- [ RunTime:0.000098s ]
INFO: Run Behavior\ParseTemplateBehavior [ RunTime:0.015425s ]
INFO: [ view_parse ] --END-- [ RunTime:0.015468s ]
INFO: [ view_filter ] --START--
INFO: Run Behavior\WriteHtmlCacheBehavior [ RunTime:0.000469s ]
INFO: [ view_filter ] --END-- [ RunTime:0.000495s ]
INFO: [ app_end ] --START--
INFO: Run Behavior\ShowPageTraceBehavior [ RunTime:0.000485s ]
INFO: [ app_end ] --END-- [ RunTime:0.000517s ]

[ 2018-10-29T12:33:00+08:00 ] 192.168.0.128 /Admin/Bocai/init.html
INFO: [ app_init ] --START--
INFO: Run Behavior\BuildLiteBehavior [ RunTime:0.000015s ]
INFO: [ app_init ] --END-- [ RunTime:0.001183s ]
INFO: [ app_begin ] --START--
INFO: Run Behavior\ReadHtmlCacheBehavior [ RunTime:0.000600s ]
INFO: Run Behavior\CheckLangBehavior [ RunTime:0.003633s ]
INFO: [ app_begin ] --END-- [ RunTime:0.004324s ]
SQL: SHOW COLUMNS FROM `btc_admin` [ RunTime:0.0079s ]
SQL: SELECT COUNT(*) AS tp_count FROM `btc_admin` WHERE `user_name` = 'admin001' AND `pass_word` = '62fa7bbe115476d6b10ecb376839e996' LIMIT 1   [ RunTime:0.0003s ]
SQL: SELECT `admin_id` FROM `btc_admin` WHERE `user_name` = 'admin001' LIMIT 1   [ RunTime:0.0002s ]
SQL: SHOW COLUMNS FROM `btc_w_openset` [ RunTime:0.0060s ]
SQL: SELECT COUNT(*) AS tp_count FROM `btc_w_openset` WHERE `set` = 0 LIMIT 1   [ RunTime:0.0003s ]
SQL: SHOW COLUMNS FROM `btc_w_closeset` [ RunTime:0.0060s ]
SQL: SELECT `set` FROM `btc_w_closeset` WHERE `id` = 1 LIMIT 1   [ RunTime:0.0002s ]

[ 2018-10-29T12:33:02+08:00 ] 192.168.0.128 /Admin/Bocai/set.html?page=1&limit=12
INFO: [ app_init ] --START--
INFO: Run Behavior\BuildLiteBehavior [ RunTime:0.000012s ]
INFO: [ app_init ] --END-- [ RunTime:0.000455s ]
INFO: [ app_begin ] --START--
INFO: Run Behavior\ReadHtmlCacheBehavior [ RunTime:0.000867s ]
INFO: Run Behavior\CheckLangBehavior [ RunTime:0.003744s ]
INFO: [ app_begin ] --END-- [ RunTime:0.004725s ]
SQL: SHOW COLUMNS FROM `btc_admin` [ RunTime:0.0060s ]
SQL: SELECT COUNT(*) AS tp_count FROM `btc_admin` WHERE `user_name` = 'admin001' AND `pass_word` = '62fa7bbe115476d6b10ecb376839e996' LIMIT 1   [ RunTime:0.0003s ]
SQL: SELECT `admin_id` FROM `btc_admin` WHERE `user_name` = 'admin001' LIMIT 1   [ RunTime:0.0001s ]
SQL: SHOW COLUMNS FROM `btc_w_openset` [ RunTime:0.0071s ]
SQL: SELECT * FROM `btc_w_openset` LIMIT 0,12   [ RunTime:0.0003s ]
SQL: SELECT COUNT(*) AS tp_count FROM `btc_w_openset` LIMIT 1   [ RunTime:0.0004s ]

[ 2018-10-29T12:33:07+08:00 ] 192.168.0.128 /Admin/Bocai/set.html?page=12&limit=12
INFO: [ app_init ] --START--
INFO: Run Behavior\BuildLiteBehavior [ RunTime:0.000016s ]
INFO: [ app_init ] --END-- [ RunTime:0.000647s ]
INFO: [ app_begin ] --START--
INFO: Run Behavior\ReadHtmlCacheBehavior [ RunTime:0.000680s ]
INFO: Run Behavior\CheckLangBehavior [ RunTime:0.003313s ]
INFO: [ app_begin ] --END-- [ RunTime:0.004094s ]
SQL: SHOW COLUMNS FROM `btc_admin` [ RunTime:0.0087s ]
SQL: SELECT COUNT(*) AS tp_count FROM `btc_admin` WHERE `user_name` = 'admin001' AND `pass_word` = '62fa7bbe115476d6b10ecb376839e996' LIMIT 1   [ RunTime:0.0003s ]
SQL: SELECT `admin_id` FROM `btc_admin` WHERE `user_name` = 'admin001' LIMIT 1   [ RunTime:0.0001s ]
SQL: SHOW COLUMNS FROM `btc_w_openset` [ RunTime:0.0089s ]
SQL: SELECT * FROM `btc_w_openset` LIMIT 132,12   [ RunTime:0.0004s ]
SQL: SELECT COUNT(*) AS tp_count FROM `btc_w_openset` LIMIT 1   [ RunTime:0.0002s ]

[ 2018-10-29T12:33:11+08:00 ] 192.168.0.128 /Admin/Bocai/set.html?page=11&limit=12
INFO: [ app_init ] --START--
INFO: Run Behavior\BuildLiteBehavior [ RunTime:0.000014s ]
INFO: [ app_init ] --END-- [ RunTime:0.000581s ]
INFO: [ app_begin ] --START--
INFO: Run Behavior\ReadHtmlCacheBehavior [ RunTime:0.000588s ]
INFO: Run Behavior\CheckLangBehavior [ RunTime:0.001908s ]
INFO: [ app_begin ] --END-- [ RunTime:0.002556s ]
SQL: SHOW COLUMNS FROM `btc_admin` [ RunTime:0.0080s ]
SQL: SELECT COUNT(*) AS tp_count FROM `btc_admin` WHERE `user_name` = 'admin001' AND `pass_word` = '62fa7bbe115476d6b10ecb376839e996' LIMIT 1   [ RunTime:0.0003s ]
SQL: SELECT `admin_id` FROM `btc_admin` WHERE `user_name` = 'admin001' LIMIT 1   [ RunTime:0.0002s ]
SQL: SHOW COLUMNS FROM `btc_w_openset` [ RunTime:0.0082s ]
SQL: SELECT * FROM `btc_w_openset` LIMIT 120,12   [ RunTime:0.0003s ]
SQL: SELECT COUNT(*) AS tp_count FROM `btc_w_openset` LIMIT 1   [ RunTime:0.0003s ]

[ 2018-10-29T12:33:13+08:00 ] 192.168.0.128 /Admin/Bocai/set.html?page=10&limit=12
INFO: [ app_init ] --START--
INFO: Run Behavior\BuildLiteBehavior [ RunTime:0.000014s ]
INFO: [ app_init ] --END-- [ RunTime:0.000525s ]
INFO: [ app_begin ] --START--
INFO: Run Behavior\ReadHtmlCacheBehavior [ RunTime:0.000823s ]
INFO: Run Behavior\CheckLangBehavior [ RunTime:0.003353s ]
INFO: [ app_begin ] --END-- [ RunTime:0.004297s ]
SQL: SHOW COLUMNS FROM `btc_admin` [ RunTime:0.0064s ]
SQL: SELECT COUNT(*) AS tp_count FROM `btc_admin` WHERE `user_name` = 'admin001' AND `pass_word` = '62fa7bbe115476d6b10ecb376839e996' LIMIT 1   [ RunTime:0.0003s ]
SQL: SELECT `admin_id` FROM `btc_admin` WHERE `user_name` = 'admin001' LIMIT 1   [ RunTime:0.0002s ]
SQL: SHOW COLUMNS FROM `btc_w_openset` [ RunTime:0.0069s ]
SQL: SELECT * FROM `btc_w_openset` LIMIT 108,12   [ RunTime:0.0003s ]
SQL: SELECT COUNT(*) AS tp_count FROM `btc_w_openset` LIMIT 1   [ RunTime:0.0002s ]

[ 2018-10-29T12:46:53+08:00 ] 192.168.0.128 /Admin/Bocai/set.html?page=11&limit=12
INFO: [ app_init ] --START--
INFO: Run Behavior\BuildLiteBehavior [ RunTime:0.000008s ]
INFO: [ app_init ] --END-- [ RunTime:0.000347s ]
INFO: [ app_begin ] --START--
INFO: Run Behavior\ReadHtmlCacheBehavior [ RunTime:0.000434s ]
INFO: Run Behavior\CheckLangBehavior [ RunTime:0.002344s ]
INFO: [ app_begin ] --END-- [ RunTime:0.002836s ]
SQL: SHOW COLUMNS FROM `btc_admin` [ RunTime:0.0095s ]
SQL: SELECT COUNT(*) AS tp_count FROM `btc_admin` WHERE `user_name` = 'admin001' AND `pass_word` = '62fa7bbe115476d6b10ecb376839e996' LIMIT 1   [ RunTime:0.0004s ]
SQL: SELECT `admin_id` FROM `btc_admin` WHERE `user_name` = 'admin001' LIMIT 1   [ RunTime:0.0002s ]
SQL: SHOW COLUMNS FROM `btc_w_openset` [ RunTime:0.0100s ]
SQL: SELECT * FROM `btc_w_openset` LIMIT 120,12   [ RunTime:0.0007s ]
SQL: SELECT COUNT(*) AS tp_count FROM `btc_w_openset` LIMIT 1   [ RunTime:0.0003s ]

[ 2018-10-29T12:47:19+08:00 ] 192.168.0.128 /Admin/Bocai/set.html?page=12&limit=12
INFO: [ app_init ] --START--
INFO: Run Behavior\BuildLiteBehavior [ RunTime:0.000016s ]
INFO: [ app_init ] --END-- [ RunTime:0.000806s ]
INFO: [ app_begin ] --START--
INFO: Run Behavior\ReadHtmlCacheBehavior [ RunTime:0.000741s ]
INFO: Run Behavior\CheckLangBehavior [ RunTime:0.004031s ]
INFO: [ app_begin ] --END-- [ RunTime:0.004882s ]
SQL: SHOW COLUMNS FROM `btc_admin` [ RunTime:0.0082s ]
SQL: SELECT COUNT(*) AS tp_count FROM `btc_admin` WHERE `user_name` = 'admin001' AND `pass_word` = '62fa7bbe115476d6b10ecb376839e996' LIMIT 1   [ RunTime:0.0003s ]
SQL: SELECT `admin_id` FROM `btc_admin` WHERE `user_name` = 'admin001' LIMIT 1   [ RunTime:0.0002s ]
SQL: SHOW COLUMNS FROM `btc_w_openset` [ RunTime:0.0076s ]
SQL: SELECT * FROM `btc_w_openset` LIMIT 132,12   [ RunTime:0.0002s ]
SQL: SELECT COUNT(*) AS tp_count FROM `btc_w_openset` LIMIT 1   [ RunTime:0.0001s ]

[ 2018-10-29T12:47:20+08:00 ] 192.168.0.128 /Admin/Bocai/set.html?page=13&limit=12
INFO: [ app_init ] --START--
INFO: Run Behavior\BuildLiteBehavior [ RunTime:0.000018s ]
INFO: [ app_init ] --END-- [ RunTime:0.000727s ]
INFO: [ app_begin ] --START--
INFO: Run Behavior\ReadHtmlCacheBehavior [ RunTime:0.000836s ]
INFO: Run Behavior\CheckLangBehavior [ RunTime:0.004116s ]
INFO: [ app_begin ] --END-- [ RunTime:0.005069s ]
SQL: SHOW COLUMNS FROM `btc_admin` [ RunTime:0.0069s ]
SQL: SELECT COUNT(*) AS tp_count FROM `btc_admin` WHERE `user_name` = 'admin001' AND `pass_word` = '62fa7bbe115476d6b10ecb376839e996' LIMIT 1   [ RunTime:0.0003s ]
SQL: SELECT `admin_id` FROM `btc_admin` WHERE `user_name` = 'admin001' LIMIT 1   [ RunTime:0.0001s ]
SQL: SHOW COLUMNS FROM `btc_w_openset` [ RunTime:0.0072s ]
SQL: SELECT * FROM `btc_w_openset` LIMIT 144,12   [ RunTime:0.0005s ]
SQL: SELECT COUNT(*) AS tp_count FROM `btc_w_openset` LIMIT 1   [ RunTime:0.0002s ]

[ 2018-10-29T12:48:25+08:00 ] 192.168.0.128 /Admin/Bocai/control.html
INFO: [ app_init ] --START--
INFO: Run Behavior\BuildLiteBehavior [ RunTime:0.000012s ]
INFO: [ app_init ] --END-- [ RunTime:0.000417s ]
INFO: [ app_begin ] --START--
INFO: Run Behavior\ReadHtmlCacheBehavior [ RunTime:0.000499s ]
INFO: Run Behavior\CheckLangBehavior [ RunTime:0.002766s ]
INFO: [ app_begin ] --END-- [ RunTime:0.003361s ]
SQL: SHOW COLUMNS FROM `btc_admin` [ RunTime:0.0086s ]
SQL: SELECT COUNT(*) AS tp_count FROM `btc_admin` WHERE `user_name` = 'admin001' AND `pass_word` = '62fa7bbe115476d6b10ecb376839e996' LIMIT 1   [ RunTime:0.0004s ]
SQL: SELECT `admin_id` FROM `btc_admin` WHERE `user_name` = 'admin001' LIMIT 1   [ RunTime:0.0004s ]
SQL: SHOW COLUMNS FROM `btc_w_openset` [ RunTime:0.0066s ]
SQL: UPDATE `btc_w_openset` SET `number`='155',`set`='1' WHERE `number` = 155 [ RunTime:0.0004s ]

[ 2018-10-29T12:48:26+08:00 ] 192.168.0.128 /Admin/Bocai/init.html
INFO: [ app_init ] --START--
INFO: Run Behavior\BuildLiteBehavior [ RunTime:0.000018s ]
INFO: [ app_init ] --END-- [ RunTime:0.000714s ]
INFO: [ app_begin ] --START--
INFO: Run Behavior\ReadHtmlCacheBehavior [ RunTime:0.000943s ]
INFO: Run Behavior\CheckLangBehavior [ RunTime:0.003737s ]
INFO: [ app_begin ] --END-- [ RunTime:0.004798s ]
SQL: SHOW COLUMNS FROM `btc_admin` [ RunTime:0.0083s ]
SQL: SELECT COUNT(*) AS tp_count FROM `btc_admin` WHERE `user_name` = 'admin001' AND `pass_word` = '62fa7bbe115476d6b10ecb376839e996' LIMIT 1   [ RunTime:0.0004s ]
SQL: SELECT `admin_id` FROM `btc_admin` WHERE `user_name` = 'admin001' LIMIT 1   [ RunTime:0.0002s ]
SQL: SHOW COLUMNS FROM `btc_w_openset` [ RunTime:0.0079s ]
SQL: SELECT COUNT(*) AS tp_count FROM `btc_w_openset` WHERE `set` = 0 LIMIT 1   [ RunTime:0.0003s ]
SQL: SHOW COLUMNS FROM `btc_w_closeset` [ RunTime:0.0084s ]
SQL: SELECT `set` FROM `btc_w_closeset` WHERE `id` = 1 LIMIT 1   [ RunTime:0.0003s ]

[ 2018-10-29T13:04:29+08:00 ] 192.168.0.128 /Admin/Bocai/set.html?page=14&limit=12
INFO: [ app_init ] --START--
INFO: Run Behavior\BuildLiteBehavior [ RunTime:0.000012s ]
INFO: [ app_init ] --END-- [ RunTime:0.000540s ]
INFO: [ app_begin ] --START--
INFO: Run Behavior\ReadHtmlCacheBehavior [ RunTime:0.000766s ]
INFO: Run Behavior\CheckLangBehavior [ RunTime:0.003386s ]
INFO: [ app_begin ] --END-- [ RunTime:0.004265s ]
SQL: SHOW COLUMNS FROM `btc_admin` [ RunTime:0.0076s ]
SQL: SELECT COUNT(*) AS tp_count FROM `btc_admin` WHERE `user_name` = 'admin001' AND `pass_word` = '62fa7bbe115476d6b10ecb376839e996' LIMIT 1   [ RunTime:0.0003s ]
SQL: SELECT `admin_id` FROM `btc_admin` WHERE `user_name` = 'admin001' LIMIT 1   [ RunTime:0.0002s ]
SQL: SHOW COLUMNS FROM `btc_w_openset` [ RunTime:0.0075s ]
SQL: SELECT * FROM `btc_w_openset` LIMIT 156,12   [ RunTime:0.0003s ]
SQL: SELECT COUNT(*) AS tp_count FROM `btc_w_openset` LIMIT 1   [ RunTime:0.0001s ]

[ 2018-10-29T13:04:44+08:00 ] 192.168.0.128 /Admin/Bocai/control.html
INFO: [ app_init ] --START--
INFO: Run Behavior\BuildLiteBehavior [ RunTime:0.000011s ]
INFO: [ app_init ] --END-- [ RunTime:0.000488s ]
INFO: [ app_begin ] --START--
INFO: Run Behavior\ReadHtmlCacheBehavior [ RunTime:0.000788s ]
INFO: Run Behavior\CheckLangBehavior [ RunTime:0.003462s ]
INFO: [ app_begin ] --END-- [ RunTime:0.004342s ]
SQL: SHOW COLUMNS FROM `btc_admin` [ RunTime:0.0080s ]
SQL: SELECT COUNT(*) AS tp_count FROM `btc_admin` WHERE `user_name` = 'admin001' AND `pass_word` = '62fa7bbe115476d6b10ecb376839e996' LIMIT 1   [ RunTime:0.0003s ]
SQL: SELECT `admin_id` FROM `btc_admin` WHERE `user_name` = 'admin001' LIMIT 1   [ RunTime:0.0002s ]
SQL: SHOW COLUMNS FROM `btc_w_openset` [ RunTime:0.0072s ]
SQL: UPDATE `btc_w_openset` SET `number`='157',`set`='1' WHERE `number` = 157 [ RunTime:0.0005s ]

[ 2018-10-29T13:05:01+08:00 ] 192.168.0.128 /Admin/Bocai/init.html
INFO: [ app_init ] --START--
INFO: Run Behavior\BuildLiteBehavior [ RunTime:0.000015s ]
INFO: [ app_init ] --END-- [ RunTime:0.000595s ]
INFO: [ app_begin ] --START--
INFO: Run Behavior\ReadHtmlCacheBehavior [ RunTime:0.000918s ]
INFO: Run Behavior\CheckLangBehavior [ RunTime:0.003817s ]
INFO: [ app_begin ] --END-- [ RunTime:0.004872s ]
SQL: SHOW COLUMNS FROM `btc_admin` [ RunTime:0.0086s ]
SQL: SELECT COUNT(*) AS tp_count FROM `btc_admin` WHERE `user_name` = 'admin001' AND `pass_word` = '62fa7bbe115476d6b10ecb376839e996' LIMIT 1   [ RunTime:0.0004s ]
SQL: SELECT `admin_id` FROM `btc_admin` WHERE `user_name` = 'admin001' LIMIT 1   [ RunTime:0.0003s ]
SQL: SHOW COLUMNS FROM `btc_w_openset` [ RunTime:0.0097s ]
SQL: SELECT COUNT(*) AS tp_count FROM `btc_w_openset` WHERE `set` = 0 LIMIT 1   [ RunTime:0.0004s ]
SQL: SHOW COLUMNS FROM `btc_w_closeset` [ RunTime:0.0091s ]
SQL: SELECT `set` FROM `btc_w_closeset` WHERE `id` = 1 LIMIT 1   [ RunTime:0.0003s ]

[ 2018-10-29T13:14:39+08:00 ] 192.168.0.128 /Admin/Bocai/control.html
INFO: [ app_init ] --START--
INFO: Run Behavior\BuildLiteBehavior [ RunTime:0.000015s ]
INFO: [ app_init ] --END-- [ RunTime:0.000555s ]
INFO: [ app_begin ] --START--
INFO: Run Behavior\ReadHtmlCacheBehavior [ RunTime:0.000854s ]
INFO: Run Behavior\CheckLangBehavior [ RunTime:0.004156s ]
INFO: [ app_begin ] --END-- [ RunTime:0.005121s ]
SQL: SHOW COLUMNS FROM `btc_admin` [ RunTime:0.0118s ]
SQL: SELECT COUNT(*) AS tp_count FROM `btc_admin` WHERE `user_name` = 'admin001' AND `pass_word` = '62fa7bbe115476d6b10ecb376839e996' LIMIT 1   [ RunTime:0.0011s ]
SQL: SELECT `admin_id` FROM `btc_admin` WHERE `user_name` = 'admin001' LIMIT 1   [ RunTime:0.0013s ]
SQL: SHOW COLUMNS FROM `btc_w_openset` [ RunTime:0.0233s ]
SQL: UPDATE `btc_w_openset` SET `number`='159',`set`='1' WHERE `number` = 159 [ RunTime:0.0003s ]

[ 2018-10-29T13:15:58+08:00 ] 192.168.0.128 /Admin/Bocai/init.html
INFO: [ app_init ] --START--
INFO: Run Behavior\BuildLiteBehavior [ RunTime:0.000009s ]
INFO: [ app_init ] --END-- [ RunTime:0.000348s ]
INFO: [ app_begin ] --START--
INFO: Run Behavior\ReadHtmlCacheBehavior [ RunTime:0.000508s ]
INFO: Run Behavior\CheckLangBehavior [ RunTime:0.002247s ]
INFO: [ app_begin ] --END-- [ RunTime:0.002825s ]
SQL: SHOW COLUMNS FROM `btc_admin` [ RunTime:0.0074s ]
SQL: SELECT COUNT(*) AS tp_count FROM `btc_admin` WHERE `user_name` = 'admin001' AND `pass_word` = '62fa7bbe115476d6b10ecb376839e996' LIMIT 1   [ RunTime:0.0003s ]
SQL: SELECT `admin_id` FROM `btc_admin` WHERE `user_name` = 'admin001' LIMIT 1   [ RunTime:0.0001s ]
SQL: SHOW COLUMNS FROM `btc_w_openset` [ RunTime:0.0076s ]
SQL: SELECT COUNT(*) AS tp_count FROM `btc_w_openset` WHERE `set` = 0 LIMIT 1   [ RunTime:0.0004s ]
SQL: SHOW COLUMNS FROM `btc_w_closeset` [ RunTime:0.0085s ]
SQL: SELECT `set` FROM `btc_w_closeset` WHERE `id` = 1 LIMIT 1   [ RunTime:0.0004s ]

[ 2018-10-29T13:18:13+08:00 ] 192.168.0.128 /Admin/Bocai/control.html
INFO: [ app_init ] --START--
INFO: Run Behavior\BuildLiteBehavior [ RunTime:0.000014s ]
INFO: [ app_init ] --END-- [ RunTime:0.000654s ]
INFO: [ app_begin ] --START--
INFO: Run Behavior\ReadHtmlCacheBehavior [ RunTime:0.001126s ]
INFO: Run Behavior\CheckLangBehavior [ RunTime:0.004075s ]
INFO: [ app_begin ] --END-- [ RunTime:0.005316s ]
SQL: SHOW COLUMNS FROM `btc_admin` [ RunTime:0.0091s ]
SQL: SELECT COUNT(*) AS tp_count FROM `btc_admin` WHERE `user_name` = 'admin001' AND `pass_word` = '62fa7bbe115476d6b10ecb376839e996' LIMIT 1   [ RunTime:0.0005s ]
SQL: SELECT `admin_id` FROM `btc_admin` WHERE `user_name` = 'admin001' LIMIT 1   [ RunTime:0.0003s ]
SQL: SHOW COLUMNS FROM `btc_w_openset` [ RunTime:0.0089s ]
SQL: UPDATE `btc_w_openset` SET `number`='161',`set`='1' WHERE `number` = 161 [ RunTime:0.0004s ]

[ 2018-10-29T13:19:28+08:00 ] 192.168.0.128 /Admin/Bocai/init.html
INFO: [ app_init ] --START--
INFO: Run Behavior\BuildLiteBehavior [ RunTime:0.000013s ]
INFO: [ app_init ] --END-- [ RunTime:0.000580s ]
INFO: [ app_begin ] --START--
INFO: Run Behavior\ReadHtmlCacheBehavior [ RunTime:0.000700s ]
INFO: Run Behavior\CheckLangBehavior [ RunTime:0.003405s ]
INFO: [ app_begin ] --END-- [ RunTime:0.004208s ]
SQL: SHOW COLUMNS FROM `btc_admin` [ RunTime:0.0122s ]
SQL: SELECT COUNT(*) AS tp_count FROM `btc_admin` WHERE `user_name` = 'admin001' AND `pass_word` = '62fa7bbe115476d6b10ecb376839e996' LIMIT 1   [ RunTime:0.0008s ]
SQL: SELECT `admin_id` FROM `btc_admin` WHERE `user_name` = 'admin001' LIMIT 1   [ RunTime:0.0003s ]
SQL: SHOW COLUMNS FROM `btc_w_openset` [ RunTime:0.0099s ]
SQL: SELECT COUNT(*) AS tp_count FROM `btc_w_openset` WHERE `set` = 0 LIMIT 1   [ RunTime:0.0004s ]
SQL: SHOW COLUMNS FROM `btc_w_closeset` [ RunTime:0.0114s ]
SQL: SELECT `set` FROM `btc_w_closeset` WHERE `id` = 1 LIMIT 1   [ RunTime:0.0003s ]

