[ 2019-04-25T11:52:06+08:00 ] 127.0.0.1 /admin
INFO: [ app_init ] --START--
INFO: Run Behavior\BuildLiteBehavior [ RunTime:0.000021s ]
INFO: [ app_init ] --END-- [ RunTime:0.001058s ]
INFO: [ app_begin ] --START--
INFO: Run Behavior\ReadHtmlCacheBehavior [ RunTime:0.001109s ]
INFO: Run Behavior\CheckLangBehavior [ RunTime:0.004383s ]
INFO: [ app_begin ] --END-- [ RunTime:0.005587s ]
INFO: [ view_parse ] --START--
INFO: [ template_filter ] --START--
INFO: Run Behavior\ContentReplaceBehavior [ RunTime:0.000316s ]
INFO: [ template_filter ] --END-- [ RunTime:0.000385s ]
INFO: Run Behavior\ParseTemplateBehavior [ RunTime:0.029915s ]
INFO: [ view_parse ] --END-- [ RunTime:0.029962s ]
INFO: [ view_filter ] --START--
INFO: Run Behavior\WriteHtmlCacheBehavior [ RunTime:0.000931s ]
INFO: [ view_filter ] --END-- [ RunTime:0.000964s ]
INFO: [ app_end ] --START--
INFO: Run Behavior\ShowPageTraceBehavior [ RunTime:0.001152s ]
INFO: [ app_end ] --END-- [ RunTime:0.001193s ]

[ 2019-04-25T11:52:06+08:00 ] 127.0.0.1 /Admin/Login
INFO: [ app_init ] --START--
INFO: Run Behavior\BuildLiteBehavior [ RunTime:0.000016s ]
INFO: [ app_init ] --END-- [ RunTime:0.000698s ]
INFO: [ app_begin ] --START--
INFO: Run Behavior\ReadHtmlCacheBehavior [ RunTime:0.001174s ]
INFO: Run Behavior\CheckLangBehavior [ RunTime:0.003954s ]
INFO: [ app_begin ] --END-- [ RunTime:0.005245s ]
INFO: [ view_parse ] --START--
INFO: [ template_filter ] --START--
INFO: Run Behavior\ContentReplaceBehavior [ RunTime:0.000118s ]
INFO: [ template_filter ] --END-- [ RunTime:0.000183s ]
NOTIC: [8] Use of undefined constant getAccount - assumed 'getAccount' D:\phpStudy\WWW\btc\pc\Application\Runtime\Cache\Admin\32ec6c906c117a7c2bf504769276d87a.php 第 108 行.
INFO: Run Behavior\ParseTemplateBehavior [ RunTime:0.012637s ]
INFO: [ view_parse ] --END-- [ RunTime:0.012701s ]
INFO: [ view_filter ] --START--
INFO: Run Behavior\WriteHtmlCacheBehavior [ RunTime:0.000965s ]
INFO: [ view_filter ] --END-- [ RunTime:0.001019s ]
INFO: [ app_end ] --START--
INFO: Run Behavior\ShowPageTraceBehavior [ RunTime:0.001783s ]
INFO: [ app_end ] --END-- [ RunTime:0.001835s ]

[ 2019-04-25T11:52:06+08:00 ] 127.0.0.1 /Admin/Login/verify
INFO: [ app_init ] --START--
INFO: Run Behavior\BuildLiteBehavior [ RunTime:0.000016s ]
INFO: [ app_init ] --END-- [ RunTime:0.000711s ]
INFO: [ app_begin ] --START--
INFO: Run Behavior\ReadHtmlCacheBehavior [ RunTime:0.002701s ]
INFO: Run Behavior\CheckLangBehavior [ RunTime:0.012577s ]
INFO: [ app_begin ] --END-- [ RunTime:0.015408s ]
INFO: [ app_end ] --START--
INFO: Run Behavior\ShowPageTraceBehavior [ RunTime:0.001517s ]
INFO: [ app_end ] --END-- [ RunTime:0.001602s ]

[ 2019-04-25T11:52:06+08:00 ] 127.0.0.1 /Admin/favicon.ico
INFO: [ app_init ] --START--
INFO: Run Behavior\BuildLiteBehavior [ RunTime:0.000019s ]
INFO: [ app_init ] --END-- [ RunTime:0.000835s ]

[ 2019-04-25T11:52:17+08:00 ] 127.0.0.1 /Admin/Login/getAccount.html
INFO: [ app_init ] --START--
INFO: Run Behavior\BuildLiteBehavior [ RunTime:0.000009s ]
INFO: [ app_init ] --END-- [ RunTime:0.000391s ]
INFO: [ app_begin ] --START--
INFO: Run Behavior\ReadHtmlCacheBehavior [ RunTime:0.000723s ]
INFO: Run Behavior\CheckLangBehavior [ RunTime:0.002183s ]
INFO: [ app_begin ] --END-- [ RunTime:0.002963s ]
SQL: SHOW COLUMNS FROM `btc_admin` [ RunTime:0.0087s ]
SQL: SELECT COUNT(*) AS tp_count FROM `btc_admin` WHERE `user_name` = 'admin001' LIMIT 1   [ RunTime:0.0004s ]
SQL: SELECT COUNT(*) AS tp_count FROM `btc_admin` WHERE `user_name` = 'admin001' AND `pass_word` = '4192d21d2e09a8f2b97c5467e8e5d3ce' LIMIT 1   [ RunTime:0.0002s ]
NOTIC: [8192] Non-static method StatusCode::code() should not be called statically, assuming $this from incompatible context D:\phpStudy\WWW\btc\pc\Application\Admin\Controller\LoginController.class.php 第 49 行.

[ 2019-04-25T11:52:17+08:00 ] 127.0.0.1 /Admin/Login/verify?0.15121305121703243
INFO: [ app_init ] --START--
INFO: Run Behavior\BuildLiteBehavior [ RunTime:0.000011s ]
INFO: [ app_init ] --END-- [ RunTime:0.000426s ]
INFO: [ app_begin ] --START--
INFO: Run Behavior\ReadHtmlCacheBehavior [ RunTime:0.000763s ]
INFO: Run Behavior\CheckLangBehavior [ RunTime:0.002401s ]
INFO: [ app_begin ] --END-- [ RunTime:0.003237s ]
INFO: [ app_end ] --START--
INFO: Run Behavior\ShowPageTraceBehavior [ RunTime:0.000957s ]
INFO: [ app_end ] --END-- [ RunTime:0.001000s ]

[ 2019-04-25T11:52:23+08:00 ] 127.0.0.1 /Admin/Index
INFO: [ app_init ] --START--
INFO: Run Behavior\BuildLiteBehavior [ RunTime:0.000012s ]
INFO: [ app_init ] --END-- [ RunTime:0.000567s ]
INFO: [ app_begin ] --START--
INFO: Run Behavior\ReadHtmlCacheBehavior [ RunTime:0.001773s ]
INFO: Run Behavior\CheckLangBehavior [ RunTime:0.003661s ]
INFO: [ app_begin ] --END-- [ RunTime:0.005568s ]
SQL: SHOW COLUMNS FROM `btc_admin` [ RunTime:0.0093s ]
SQL: SELECT COUNT(*) AS tp_count FROM `btc_admin` WHERE `user_name` = 'admin001' AND `pass_word` = '4192d21d2e09a8f2b97c5467e8e5d3ce' LIMIT 1   [ RunTime:0.0003s ]
SQL: SELECT `admin_id` FROM `btc_admin` WHERE `user_name` = 'admin001' LIMIT 1   [ RunTime:0.0002s ]
INFO: [ view_parse ] --START--
INFO: [ template_filter ] --START--
INFO: Run Behavior\ContentReplaceBehavior [ RunTime:0.000306s ]
INFO: [ template_filter ] --END-- [ RunTime:0.000366s ]
INFO: Run Behavior\ParseTemplateBehavior [ RunTime:0.023641s ]
INFO: [ view_parse ] --END-- [ RunTime:0.023717s ]
INFO: [ view_filter ] --START--
INFO: Run Behavior\WriteHtmlCacheBehavior [ RunTime:0.001014s ]
INFO: [ view_filter ] --END-- [ RunTime:0.001174s ]
INFO: [ app_end ] --START--
INFO: Run Behavior\ShowPageTraceBehavior [ RunTime:0.001946s ]
INFO: [ app_end ] --END-- [ RunTime:0.002038s ]

[ 2019-04-25T11:52:26+08:00 ] 127.0.0.1 /Admin/Index/identity
INFO: [ app_init ] --START--
INFO: Run Behavior\BuildLiteBehavior [ RunTime:0.000018s ]
INFO: [ app_init ] --END-- [ RunTime:0.001549s ]
INFO: [ app_begin ] --START--
INFO: Run Behavior\ReadHtmlCacheBehavior [ RunTime:0.001670s ]
INFO: Run Behavior\CheckLangBehavior [ RunTime:0.005225s ]
INFO: [ app_begin ] --END-- [ RunTime:0.007125s ]
SQL: SHOW COLUMNS FROM `btc_admin` [ RunTime:0.0113s ]
SQL: SELECT COUNT(*) AS tp_count FROM `btc_admin` WHERE `user_name` = 'admin001' AND `pass_word` = '4192d21d2e09a8f2b97c5467e8e5d3ce' LIMIT 1   [ RunTime:0.0005s ]
SQL: SELECT `admin_id` FROM `btc_admin` WHERE `user_name` = 'admin001' LIMIT 1   [ RunTime:0.0003s ]
SQL: SELECT `identity` FROM `btc_admin` WHERE `admin_id` = 'admin001'  [ RunTime:0.0003s ]
NOTIC: [8192] Non-static method StatusCode::code() should not be called statically, assuming $this from incompatible context D:\phpStudy\WWW\btc\pc\Application\Admin\Controller\IndexController.class.php 第 111 行.

[ 2019-04-25T11:52:28+08:00 ] 127.0.0.1 /Admin/Index/init
INFO: [ app_init ] --START--
INFO: Run Behavior\BuildLiteBehavior [ RunTime:0.000017s ]
INFO: [ app_init ] --END-- [ RunTime:0.000743s ]
INFO: [ app_begin ] --START--
INFO: Run Behavior\ReadHtmlCacheBehavior [ RunTime:0.005144s ]
INFO: Run Behavior\CheckLangBehavior [ RunTime:0.003985s ]
INFO: [ app_begin ] --END-- [ RunTime:0.009267s ]
SQL: SHOW COLUMNS FROM `btc_admin` [ RunTime:0.0084s ]
SQL: SELECT COUNT(*) AS tp_count FROM `btc_admin` WHERE `user_name` = 'admin001' AND `pass_word` = '4192d21d2e09a8f2b97c5467e8e5d3ce' LIMIT 1   [ RunTime:0.0003s ]
SQL: SELECT `admin_id` FROM `btc_admin` WHERE `user_name` = 'admin001' LIMIT 1   [ RunTime:0.0002s ]
SQL: SHOW COLUMNS FROM `btc_up_order` [ RunTime:0.0113s ]
SQL: SELECT COUNT(*) AS tp_count FROM `btc_up_order` WHERE `is_deleted` = 0 AND `status` = 0 LIMIT 1   [ RunTime:0.0004s ]
NOTIC: [8192] Non-static method StatusCode::code() should not be called statically, assuming $this from incompatible context D:\phpStudy\WWW\btc\pc\Application\Admin\Controller\IndexController.class.php 第 95 行.

[ 2019-04-25T11:52:49+08:00 ] 127.0.0.1 /Admin/Order/OrderListAll.html
INFO: [ app_init ] --START--
INFO: Run Behavior\BuildLiteBehavior [ RunTime:0.000010s ]
INFO: [ app_init ] --END-- [ RunTime:0.000418s ]
INFO: [ app_begin ] --START--
INFO: Run Behavior\ReadHtmlCacheBehavior [ RunTime:0.000928s ]
INFO: Run Behavior\CheckLangBehavior [ RunTime:0.003740s ]
INFO: [ app_begin ] --END-- [ RunTime:0.004779s ]
SQL: SHOW COLUMNS FROM `btc_admin` [ RunTime:0.0069s ]
SQL: SELECT COUNT(*) AS tp_count FROM `btc_admin` WHERE `user_name` = 'admin001' AND `pass_word` = '4192d21d2e09a8f2b97c5467e8e5d3ce' LIMIT 1   [ RunTime:0.0003s ]
SQL: SELECT `admin_id` FROM `btc_admin` WHERE `user_name` = 'admin001' LIMIT 1   [ RunTime:0.0002s ]
INFO: [ view_parse ] --START--
INFO: [ template_filter ] --START--
INFO: Run Behavior\ContentReplaceBehavior [ RunTime:0.000079s ]
INFO: [ template_filter ] --END-- [ RunTime:0.000114s ]
NOTIC: [8] Use of undefined constant getOrderListAll - assumed 'getOrderListAll' D:\phpStudy\WWW\btc\pc\Application\Runtime\Cache\Admin\3bed188a6b80e8225450c63e0563e8d7.php 第 67 行.
NOTIC: [8] Use of undefined constant getOrderListAll - assumed 'getOrderListAll' D:\phpStudy\WWW\btc\pc\Application\Runtime\Cache\Admin\3bed188a6b80e8225450c63e0563e8d7.php 第 126 行.
INFO: Run Behavior\ParseTemplateBehavior [ RunTime:0.008528s ]
INFO: [ view_parse ] --END-- [ RunTime:0.008576s ]
INFO: [ view_filter ] --START--
INFO: Run Behavior\WriteHtmlCacheBehavior [ RunTime:0.000667s ]
INFO: [ view_filter ] --END-- [ RunTime:0.000694s ]
INFO: [ app_end ] --START--
INFO: Run Behavior\ShowPageTraceBehavior [ RunTime:0.000732s ]
INFO: [ app_end ] --END-- [ RunTime:0.000757s ]

[ 2019-04-25T11:52:51+08:00 ] 127.0.0.1 /Admin/Order/getOrderListAll.html?page=1&limit=30
INFO: [ app_init ] --START--
INFO: Run Behavior\BuildLiteBehavior [ RunTime:0.000011s ]
INFO: [ app_init ] --END-- [ RunTime:0.000440s ]
INFO: [ app_begin ] --START--
INFO: Run Behavior\ReadHtmlCacheBehavior [ RunTime:0.000766s ]
INFO: Run Behavior\CheckLangBehavior [ RunTime:0.002189s ]
INFO: [ app_begin ] --END-- [ RunTime:0.003018s ]
SQL: SHOW COLUMNS FROM `btc_admin` [ RunTime:0.0083s ]
SQL: SELECT COUNT(*) AS tp_count FROM `btc_admin` WHERE `user_name` = 'admin001' AND `pass_word` = '4192d21d2e09a8f2b97c5467e8e5d3ce' LIMIT 1   [ RunTime:0.0004s ]
SQL: SELECT `admin_id` FROM `btc_admin` WHERE `user_name` = 'admin001' LIMIT 1   [ RunTime:0.0002s ]
SQL: SHOW COLUMNS FROM `btc_order_info` [ RunTime:0.0113s ]
SQL: SELECT COUNT(*) AS tp_count FROM btc_order_info as oi INNER JOIN btc_user as bu on bu.user_id = oi.user_id and bu.is_deleted =0  WHERE oi.is_deleted = 0 LIMIT 1   [ RunTime:0.0018s ]
SQL: SELECT oi.*,bu.user_name FROM btc_order_info as oi INNER JOIN btc_user as bu on bu.user_id = oi.user_id and bu.is_deleted =0  WHERE oi.is_deleted = 0 ORDER BY oi.create_time desc LIMIT 0,30   [ RunTime:0.0009s ]
NOTIC: [8192] Non-static method StatusCode::code() should not be called statically, assuming $this from incompatible context D:\phpStudy\WWW\btc\pc\Application\Admin\Controller\OrderController.class.php 第 45 行.

[ 2019-04-25T11:54:35+08:00 ] 127.0.0.1 /Admin/Order/OrderListAll.html
INFO: [ app_init ] --START--
INFO: Run Behavior\BuildLiteBehavior [ RunTime:0.000019s ]
INFO: [ app_init ] --END-- [ RunTime:0.001476s ]
INFO: [ app_begin ] --START--
INFO: Run Behavior\ReadHtmlCacheBehavior [ RunTime:0.001163s ]
INFO: Run Behavior\CheckLangBehavior [ RunTime:0.003409s ]
INFO: [ app_begin ] --END-- [ RunTime:0.004675s ]
SQL: SHOW COLUMNS FROM `btc_admin` [ RunTime:0.0085s ]
SQL: SELECT COUNT(*) AS tp_count FROM `btc_admin` WHERE `user_name` = 'admin001' AND `pass_word` = '4192d21d2e09a8f2b97c5467e8e5d3ce' LIMIT 1   [ RunTime:0.0003s ]
SQL: SELECT `admin_id` FROM `btc_admin` WHERE `user_name` = 'admin001' LIMIT 1   [ RunTime:0.0002s ]
INFO: [ view_parse ] --START--
INFO: [ template_filter ] --START--
INFO: Run Behavior\ContentReplaceBehavior [ RunTime:0.000078s ]
INFO: [ template_filter ] --END-- [ RunTime:0.000110s ]
NOTIC: [8] Use of undefined constant getOrderListAll - assumed 'getOrderListAll' D:\phpStudy\WWW\btc\pc\Application\Runtime\Cache\Admin\3bed188a6b80e8225450c63e0563e8d7.php 第 67 行.
NOTIC: [8] Use of undefined constant getOrderListAll - assumed 'getOrderListAll' D:\phpStudy\WWW\btc\pc\Application\Runtime\Cache\Admin\3bed188a6b80e8225450c63e0563e8d7.php 第 126 行.
INFO: Run Behavior\ParseTemplateBehavior [ RunTime:0.007376s ]
INFO: [ view_parse ] --END-- [ RunTime:0.007412s ]
INFO: [ view_filter ] --START--
INFO: Run Behavior\WriteHtmlCacheBehavior [ RunTime:0.000599s ]
INFO: [ view_filter ] --END-- [ RunTime:0.000623s ]
INFO: [ app_end ] --START--
INFO: Run Behavior\ShowPageTraceBehavior [ RunTime:0.000742s ]
INFO: [ app_end ] --END-- [ RunTime:0.000766s ]

[ 2019-04-25T11:54:38+08:00 ] 127.0.0.1 /Admin/Order/getOrderListAll.html?page=1&limit=30
INFO: [ app_init ] --START--
INFO: Run Behavior\BuildLiteBehavior [ RunTime:0.000010s ]
INFO: [ app_init ] --END-- [ RunTime:0.000422s ]
INFO: [ app_begin ] --START--
INFO: Run Behavior\ReadHtmlCacheBehavior [ RunTime:0.000778s ]
INFO: Run Behavior\CheckLangBehavior [ RunTime:0.002240s ]
INFO: [ app_begin ] --END-- [ RunTime:0.003083s ]
SQL: SHOW COLUMNS FROM `btc_admin` [ RunTime:0.0097s ]
SQL: SELECT COUNT(*) AS tp_count FROM `btc_admin` WHERE `user_name` = 'admin001' AND `pass_word` = '4192d21d2e09a8f2b97c5467e8e5d3ce' LIMIT 1   [ RunTime:0.0002s ]
SQL: SELECT `admin_id` FROM `btc_admin` WHERE `user_name` = 'admin001' LIMIT 1   [ RunTime:0.0001s ]
SQL: SHOW COLUMNS FROM `btc_order_info` [ RunTime:0.0080s ]
SQL: SELECT COUNT(*) AS tp_count FROM btc_order_info as oi INNER JOIN btc_user as bu on bu.user_id = oi.user_id and bu.is_deleted =0  WHERE oi.is_deleted = 0 LIMIT 1   [ RunTime:0.0010s ]
SQL: SELECT oi.*,bu.user_name FROM btc_order_info as oi INNER JOIN btc_user as bu on bu.user_id = oi.user_id and bu.is_deleted =0  WHERE oi.is_deleted = 0 ORDER BY oi.create_time desc LIMIT 0,30   [ RunTime:0.0012s ]
NOTIC: [8192] Non-static method StatusCode::code() should not be called statically, assuming $this from incompatible context D:\phpStudy\WWW\btc\pc\Application\Admin\Controller\OrderController.class.php 第 45 行.

[ 2019-04-25T11:57:33+08:00 ] 127.0.0.1 /Admin/Order/OrderListAll.html
INFO: [ app_init ] --START--
INFO: Run Behavior\BuildLiteBehavior [ RunTime:0.000015s ]
INFO: [ app_init ] --END-- [ RunTime:0.000636s ]
INFO: [ app_begin ] --START--
INFO: Run Behavior\ReadHtmlCacheBehavior [ RunTime:0.000853s ]
INFO: Run Behavior\CheckLangBehavior [ RunTime:0.002728s ]
INFO: [ app_begin ] --END-- [ RunTime:0.003660s ]
SQL: SHOW COLUMNS FROM `btc_admin` [ RunTime:0.0077s ]
SQL: SELECT COUNT(*) AS tp_count FROM `btc_admin` WHERE `user_name` = 'admin001' AND `pass_word` = '4192d21d2e09a8f2b97c5467e8e5d3ce' LIMIT 1   [ RunTime:0.0003s ]
SQL: SELECT `admin_id` FROM `btc_admin` WHERE `user_name` = 'admin001' LIMIT 1   [ RunTime:0.0003s ]
INFO: [ view_parse ] --START--
INFO: [ template_filter ] --START--
INFO: Run Behavior\ContentReplaceBehavior [ RunTime:0.000084s ]
INFO: [ template_filter ] --END-- [ RunTime:0.000125s ]
NOTIC: [8] Use of undefined constant getOrderListAll - assumed 'getOrderListAll' D:\phpStudy\WWW\btc\pc\Application\Runtime\Cache\Admin\3bed188a6b80e8225450c63e0563e8d7.php 第 67 行.
NOTIC: [8] Use of undefined constant getOrderListAll - assumed 'getOrderListAll' D:\phpStudy\WWW\btc\pc\Application\Runtime\Cache\Admin\3bed188a6b80e8225450c63e0563e8d7.php 第 126 行.
INFO: Run Behavior\ParseTemplateBehavior [ RunTime:0.008525s ]
INFO: [ view_parse ] --END-- [ RunTime:0.008571s ]
INFO: [ view_filter ] --START--
INFO: Run Behavior\WriteHtmlCacheBehavior [ RunTime:0.002016s ]
INFO: [ view_filter ] --END-- [ RunTime:0.002057s ]
INFO: [ app_end ] --START--
INFO: Run Behavior\ShowPageTraceBehavior [ RunTime:0.000811s ]
INFO: [ app_end ] --END-- [ RunTime:0.000839s ]

[ 2019-04-25T11:57:36+08:00 ] 127.0.0.1 /Admin/Order/getOrderListAll.html?page=1&limit=30
INFO: [ app_init ] --START--
INFO: Run Behavior\BuildLiteBehavior [ RunTime:0.000011s ]
INFO: [ app_init ] --END-- [ RunTime:0.000587s ]
INFO: [ app_begin ] --START--
INFO: Run Behavior\ReadHtmlCacheBehavior [ RunTime:0.000848s ]
INFO: Run Behavior\CheckLangBehavior [ RunTime:0.002233s ]
INFO: [ app_begin ] --END-- [ RunTime:0.003148s ]
SQL: SHOW COLUMNS FROM `btc_admin` [ RunTime:0.0093s ]
SQL: SELECT COUNT(*) AS tp_count FROM `btc_admin` WHERE `user_name` = 'admin001' AND `pass_word` = '4192d21d2e09a8f2b97c5467e8e5d3ce' LIMIT 1   [ RunTime:0.0003s ]
SQL: SELECT `admin_id` FROM `btc_admin` WHERE `user_name` = 'admin001' LIMIT 1   [ RunTime:0.0002s ]
SQL: SHOW COLUMNS FROM `btc_order_info` [ RunTime:0.0086s ]
SQL: SELECT COUNT(*) AS tp_count FROM btc_order_info as oi INNER JOIN btc_user as bu on bu.user_id = oi.user_id and bu.is_deleted =0  WHERE oi.is_deleted = 0 LIMIT 1   [ RunTime:0.0015s ]
SQL: SELECT oi.*,bu.user_name FROM btc_order_info as oi INNER JOIN btc_user as bu on bu.user_id = oi.user_id and bu.is_deleted =0  WHERE oi.is_deleted = 0 ORDER BY oi.create_time desc LIMIT 0,30   [ RunTime:0.0015s ]
NOTIC: [8192] Non-static method StatusCode::code() should not be called statically, assuming $this from incompatible context D:\phpStudy\WWW\btc\pc\Application\Admin\Controller\OrderController.class.php 第 45 行.

[ 2019-04-25T11:58:55+08:00 ] 127.0.0.1 /Admin/Order/OrderListAll.html
INFO: [ app_init ] --START--
INFO: Run Behavior\BuildLiteBehavior [ RunTime:0.000017s ]
INFO: [ app_init ] --END-- [ RunTime:0.000686s ]
INFO: [ app_begin ] --START--
INFO: Run Behavior\ReadHtmlCacheBehavior [ RunTime:0.001152s ]
INFO: Run Behavior\CheckLangBehavior [ RunTime:0.003564s ]
INFO: [ app_begin ] --END-- [ RunTime:0.004812s ]
SQL: SHOW COLUMNS FROM `btc_admin` [ RunTime:0.0068s ]
SQL: SELECT COUNT(*) AS tp_count FROM `btc_admin` WHERE `user_name` = 'admin001' AND `pass_word` = '4192d21d2e09a8f2b97c5467e8e5d3ce' LIMIT 1   [ RunTime:0.0003s ]
SQL: SELECT `admin_id` FROM `btc_admin` WHERE `user_name` = 'admin001' LIMIT 1   [ RunTime:0.0002s ]
INFO: [ view_parse ] --START--
INFO: [ template_filter ] --START--
INFO: Run Behavior\ContentReplaceBehavior [ RunTime:0.000079s ]
INFO: [ template_filter ] --END-- [ RunTime:0.000114s ]
NOTIC: [8] Use of undefined constant getOrderListAll - assumed 'getOrderListAll' D:\phpStudy\WWW\btc\pc\Application\Runtime\Cache\Admin\3bed188a6b80e8225450c63e0563e8d7.php 第 67 行.
NOTIC: [8] Use of undefined constant getOrderListAll - assumed 'getOrderListAll' D:\phpStudy\WWW\btc\pc\Application\Runtime\Cache\Admin\3bed188a6b80e8225450c63e0563e8d7.php 第 126 行.
INFO: Run Behavior\ParseTemplateBehavior [ RunTime:0.007650s ]
INFO: [ view_parse ] --END-- [ RunTime:0.007691s ]
INFO: [ view_filter ] --START--
INFO: Run Behavior\WriteHtmlCacheBehavior [ RunTime:0.000632s ]
INFO: [ view_filter ] --END-- [ RunTime:0.000656s ]
INFO: [ app_end ] --START--
INFO: Run Behavior\ShowPageTraceBehavior [ RunTime:0.000751s ]
INFO: [ app_end ] --END-- [ RunTime:0.000775s ]

[ 2019-04-25T11:58:58+08:00 ] 127.0.0.1 /Admin/Order/getOrderListAll.html?page=1&limit=30
INFO: [ app_init ] --START--
INFO: Run Behavior\BuildLiteBehavior [ RunTime:0.000011s ]
INFO: [ app_init ] --END-- [ RunTime:0.000512s ]
INFO: [ app_begin ] --START--
INFO: Run Behavior\ReadHtmlCacheBehavior [ RunTime:0.000749s ]
INFO: Run Behavior\CheckLangBehavior [ RunTime:0.002142s ]
INFO: [ app_begin ] --END-- [ RunTime:0.002944s ]
SQL: SHOW COLUMNS FROM `btc_admin` [ RunTime:0.0087s ]
SQL: SELECT COUNT(*) AS tp_count FROM `btc_admin` WHERE `user_name` = 'admin001' AND `pass_word` = '4192d21d2e09a8f2b97c5467e8e5d3ce' LIMIT 1   [ RunTime:0.0003s ]
SQL: SELECT `admin_id` FROM `btc_admin` WHERE `user_name` = 'admin001' LIMIT 1   [ RunTime:0.0002s ]
SQL: SHOW COLUMNS FROM `btc_order_info` [ RunTime:0.0089s ]
SQL: SELECT COUNT(*) AS tp_count FROM btc_order_info as oi INNER JOIN btc_user as bu on bu.user_id = oi.user_id and bu.is_deleted =0  WHERE oi.is_deleted = 0 LIMIT 1   [ RunTime:0.0010s ]
SQL: SELECT oi.*,bu.user_name FROM btc_order_info as oi INNER JOIN btc_user as bu on bu.user_id = oi.user_id and bu.is_deleted =0  WHERE oi.is_deleted = 0 ORDER BY oi.create_time desc LIMIT 0,30   [ RunTime:0.0010s ]
NOTIC: [8192] Non-static method StatusCode::code() should not be called statically, assuming $this from incompatible context D:\phpStudy\WWW\btc\pc\Application\Admin\Controller\OrderController.class.php 第 45 行.

[ 2019-04-25T12:00:24+08:00 ] 127.0.0.1 /Admin/Order/OrderListAll.html
INFO: [ app_init ] --START--
INFO: Run Behavior\BuildLiteBehavior [ RunTime:0.000010s ]
INFO: [ app_init ] --END-- [ RunTime:0.000468s ]
INFO: [ app_begin ] --START--
INFO: Run Behavior\ReadHtmlCacheBehavior [ RunTime:0.000794s ]
INFO: Run Behavior\CheckLangBehavior [ RunTime:0.002290s ]
INFO: [ app_begin ] --END-- [ RunTime:0.003159s ]
SQL: SHOW COLUMNS FROM `btc_admin` [ RunTime:0.0082s ]
SQL: SELECT COUNT(*) AS tp_count FROM `btc_admin` WHERE `user_name` = 'admin001' AND `pass_word` = '4192d21d2e09a8f2b97c5467e8e5d3ce' LIMIT 1   [ RunTime:0.0003s ]
SQL: SELECT `admin_id` FROM `btc_admin` WHERE `user_name` = 'admin001' LIMIT 1   [ RunTime:0.0002s ]
INFO: [ view_parse ] --START--
INFO: [ template_filter ] --START--
INFO: Run Behavior\ContentReplaceBehavior [ RunTime:0.000090s ]
INFO: [ template_filter ] --END-- [ RunTime:0.000140s ]
NOTIC: [8] Use of undefined constant getOrderListAll - assumed 'getOrderListAll' D:\phpStudy\WWW\btc\pc\Application\Runtime\Cache\Admin\3bed188a6b80e8225450c63e0563e8d7.php 第 67 行.
NOTIC: [8] Use of undefined constant getOrderListAll - assumed 'getOrderListAll' D:\phpStudy\WWW\btc\pc\Application\Runtime\Cache\Admin\3bed188a6b80e8225450c63e0563e8d7.php 第 126 行.
INFO: Run Behavior\ParseTemplateBehavior [ RunTime:0.009507s ]
INFO: [ view_parse ] --END-- [ RunTime:0.009551s ]
INFO: [ view_filter ] --START--
INFO: Run Behavior\WriteHtmlCacheBehavior [ RunTime:0.000849s ]
INFO: [ view_filter ] --END-- [ RunTime:0.000894s ]
INFO: [ app_end ] --START--
INFO: Run Behavior\ShowPageTraceBehavior [ RunTime:0.000996s ]
INFO: [ app_end ] --END-- [ RunTime:0.001036s ]

[ 2019-04-25T12:00:26+08:00 ] 127.0.0.1 /Admin/Order/getOrderListAll.html?page=1&limit=30
INFO: [ app_init ] --START--
INFO: Run Behavior\BuildLiteBehavior [ RunTime:0.000015s ]
INFO: [ app_init ] --END-- [ RunTime:0.000698s ]
INFO: [ app_begin ] --START--
INFO: Run Behavior\ReadHtmlCacheBehavior [ RunTime:0.000779s ]
INFO: Run Behavior\CheckLangBehavior [ RunTime:0.002246s ]
INFO: [ app_begin ] --END-- [ RunTime:0.003087s ]
SQL: SHOW COLUMNS FROM `btc_admin` [ RunTime:0.0068s ]
SQL: SELECT COUNT(*) AS tp_count FROM `btc_admin` WHERE `user_name` = 'admin001' AND `pass_word` = '4192d21d2e09a8f2b97c5467e8e5d3ce' LIMIT 1   [ RunTime:0.0003s ]
SQL: SELECT `admin_id` FROM `btc_admin` WHERE `user_name` = 'admin001' LIMIT 1   [ RunTime:0.0001s ]
SQL: SHOW COLUMNS FROM `btc_order_info` [ RunTime:0.0075s ]
SQL: SELECT COUNT(*) AS tp_count FROM btc_order_info as oi INNER JOIN btc_user as bu on bu.user_id = oi.user_id and bu.is_deleted =0  WHERE oi.is_deleted = 0 LIMIT 1   [ RunTime:0.0009s ]
SQL: SELECT oi.*,bu.user_name FROM btc_order_info as oi INNER JOIN btc_user as bu on bu.user_id = oi.user_id and bu.is_deleted =0  WHERE oi.is_deleted = 0 ORDER BY oi.create_time desc LIMIT 0,30   [ RunTime:0.0014s ]
NOTIC: [8192] Non-static method StatusCode::code() should not be called statically, assuming $this from incompatible context D:\phpStudy\WWW\btc\pc\Application\Admin\Controller\OrderController.class.php 第 45 行.

[ 2019-04-25T12:00:34+08:00 ] 127.0.0.1 /Admin/Order/OrderListAll.html
INFO: [ app_init ] --START--
INFO: Run Behavior\BuildLiteBehavior [ RunTime:0.000014s ]
INFO: [ app_init ] --END-- [ RunTime:0.000568s ]
INFO: [ app_begin ] --START--
INFO: Run Behavior\ReadHtmlCacheBehavior [ RunTime:0.001191s ]
INFO: Run Behavior\CheckLangBehavior [ RunTime:0.003654s ]
INFO: [ app_begin ] --END-- [ RunTime:0.004977s ]
SQL: SHOW COLUMNS FROM `btc_admin` [ RunTime:0.0102s ]
SQL: SELECT COUNT(*) AS tp_count FROM `btc_admin` WHERE `user_name` = 'admin001' AND `pass_word` = '4192d21d2e09a8f2b97c5467e8e5d3ce' LIMIT 1   [ RunTime:0.0003s ]
SQL: SELECT `admin_id` FROM `btc_admin` WHERE `user_name` = 'admin001' LIMIT 1   [ RunTime:0.0002s ]
INFO: [ view_parse ] --START--
INFO: [ template_filter ] --START--
INFO: Run Behavior\ContentReplaceBehavior [ RunTime:0.000138s ]
INFO: [ template_filter ] --END-- [ RunTime:0.000197s ]
NOTIC: [8] Use of undefined constant getOrderListAll - assumed 'getOrderListAll' D:\phpStudy\WWW\btc\pc\Application\Runtime\Cache\Admin\3bed188a6b80e8225450c63e0563e8d7.php 第 67 行.
NOTIC: [8] Use of undefined constant getOrderListAll - assumed 'getOrderListAll' D:\phpStudy\WWW\btc\pc\Application\Runtime\Cache\Admin\3bed188a6b80e8225450c63e0563e8d7.php 第 126 行.
INFO: Run Behavior\ParseTemplateBehavior [ RunTime:0.012256s ]
INFO: [ view_parse ] --END-- [ RunTime:0.012324s ]
INFO: [ view_filter ] --START--
INFO: Run Behavior\WriteHtmlCacheBehavior [ RunTime:0.001253s ]
INFO: [ view_filter ] --END-- [ RunTime:0.001320s ]
INFO: [ app_end ] --START--
INFO: Run Behavior\ShowPageTraceBehavior [ RunTime:0.001376s ]
INFO: [ app_end ] --END-- [ RunTime:0.001430s ]

[ 2019-04-25T12:00:36+08:00 ] 127.0.0.1 /Admin/Order/getOrderListAll.html?page=1&limit=30
INFO: [ app_init ] --START--
INFO: Run Behavior\BuildLiteBehavior [ RunTime:0.000015s ]
INFO: [ app_init ] --END-- [ RunTime:0.000757s ]
INFO: [ app_begin ] --START--
INFO: Run Behavior\ReadHtmlCacheBehavior [ RunTime:0.000784s ]
INFO: Run Behavior\CheckLangBehavior [ RunTime:0.002507s ]
INFO: [ app_begin ] --END-- [ RunTime:0.003360s ]
SQL: SHOW COLUMNS FROM `btc_admin` [ RunTime:0.0095s ]
SQL: SELECT COUNT(*) AS tp_count FROM `btc_admin` WHERE `user_name` = 'admin001' AND `pass_word` = '4192d21d2e09a8f2b97c5467e8e5d3ce' LIMIT 1   [ RunTime:0.0003s ]
SQL: SELECT `admin_id` FROM `btc_admin` WHERE `user_name` = 'admin001' LIMIT 1   [ RunTime:0.0002s ]
SQL: SHOW COLUMNS FROM `btc_order_info` [ RunTime:0.0108s ]
SQL: SELECT COUNT(*) AS tp_count FROM btc_order_info as oi INNER JOIN btc_user as bu on bu.user_id = oi.user_id and bu.is_deleted =0  WHERE oi.is_deleted = 0 LIMIT 1   [ RunTime:0.0011s ]
SQL: SELECT oi.*,bu.user_name FROM btc_order_info as oi INNER JOIN btc_user as bu on bu.user_id = oi.user_id and bu.is_deleted =0  WHERE oi.is_deleted = 0 ORDER BY oi.create_time desc LIMIT 0,30   [ RunTime:0.0012s ]
NOTIC: [8192] Non-static method StatusCode::code() should not be called statically, assuming $this from incompatible context D:\phpStudy\WWW\btc\pc\Application\Admin\Controller\OrderController.class.php 第 45 行.

[ 2019-04-25T12:02:06+08:00 ] 127.0.0.1 /Admin/Order/OrderListAll.html
INFO: [ app_init ] --START--
INFO: Run Behavior\BuildLiteBehavior [ RunTime:0.000009s ]
INFO: [ app_init ] --END-- [ RunTime:0.000392s ]
INFO: [ app_begin ] --START--
INFO: Run Behavior\ReadHtmlCacheBehavior [ RunTime:0.000839s ]
INFO: Run Behavior\CheckLangBehavior [ RunTime:0.002150s ]
INFO: [ app_begin ] --END-- [ RunTime:0.003068s ]
SQL: SHOW COLUMNS FROM `btc_admin` [ RunTime:0.0070s ]
SQL: SELECT COUNT(*) AS tp_count FROM `btc_admin` WHERE `user_name` = 'admin001' AND `pass_word` = '4192d21d2e09a8f2b97c5467e8e5d3ce' LIMIT 1   [ RunTime:0.0003s ]
SQL: SELECT `admin_id` FROM `btc_admin` WHERE `user_name` = 'admin001' LIMIT 1   [ RunTime:0.0002s ]
INFO: [ view_parse ] --START--
INFO: [ template_filter ] --START--
INFO: Run Behavior\ContentReplaceBehavior [ RunTime:0.000105s ]
INFO: [ template_filter ] --END-- [ RunTime:0.000142s ]
NOTIC: [8] Use of undefined constant getOrderListAll - assumed 'getOrderListAll' D:\phpStudy\WWW\btc\pc\Application\Runtime\Cache\Admin\3bed188a6b80e8225450c63e0563e8d7.php 第 67 行.
NOTIC: [8] Use of undefined constant getOrderListAll - assumed 'getOrderListAll' D:\phpStudy\WWW\btc\pc\Application\Runtime\Cache\Admin\3bed188a6b80e8225450c63e0563e8d7.php 第 129 行.
INFO: Run Behavior\ParseTemplateBehavior [ RunTime:0.007664s ]
INFO: [ view_parse ] --END-- [ RunTime:0.007704s ]
INFO: [ view_filter ] --START--
INFO: Run Behavior\WriteHtmlCacheBehavior [ RunTime:0.000605s ]
INFO: [ view_filter ] --END-- [ RunTime:0.000630s ]
INFO: [ app_end ] --START--
INFO: Run Behavior\ShowPageTraceBehavior [ RunTime:0.000750s ]
INFO: [ app_end ] --END-- [ RunTime:0.000774s ]

[ 2019-04-25T12:02:08+08:00 ] 127.0.0.1 /Admin/Order/getOrderListAll.html?page=1&limit=30
INFO: [ app_init ] --START--
INFO: Run Behavior\BuildLiteBehavior [ RunTime:0.000012s ]
INFO: [ app_init ] --END-- [ RunTime:0.000565s ]
INFO: [ app_begin ] --START--
INFO: Run Behavior\ReadHtmlCacheBehavior [ RunTime:0.000866s ]
INFO: Run Behavior\CheckLangBehavior [ RunTime:0.002326s ]
INFO: [ app_begin ] --END-- [ RunTime:0.003278s ]
SQL: SHOW COLUMNS FROM `btc_admin` [ RunTime:0.0075s ]
SQL: SELECT COUNT(*) AS tp_count FROM `btc_admin` WHERE `user_name` = 'admin001' AND `pass_word` = '4192d21d2e09a8f2b97c5467e8e5d3ce' LIMIT 1   [ RunTime:0.0003s ]
SQL: SELECT `admin_id` FROM `btc_admin` WHERE `user_name` = 'admin001' LIMIT 1   [ RunTime:0.0002s ]
SQL: SHOW COLUMNS FROM `btc_order_info` [ RunTime:0.0072s ]
SQL: SELECT COUNT(*) AS tp_count FROM btc_order_info as oi INNER JOIN btc_user as bu on bu.user_id = oi.user_id and bu.is_deleted =0  WHERE oi.is_deleted = 0 LIMIT 1   [ RunTime:0.0010s ]
SQL: SELECT oi.*,bu.user_name FROM btc_order_info as oi INNER JOIN btc_user as bu on bu.user_id = oi.user_id and bu.is_deleted =0  WHERE oi.is_deleted = 0 ORDER BY oi.create_time desc LIMIT 0,30   [ RunTime:0.0011s ]
NOTIC: [8192] Non-static method StatusCode::code() should not be called statically, assuming $this from incompatible context D:\phpStudy\WWW\btc\pc\Application\Admin\Controller\OrderController.class.php 第 45 行.

[ 2019-04-25T12:02:21+08:00 ] 127.0.0.1 /Admin/Order/OrderListAll.html
INFO: [ app_init ] --START--
INFO: Run Behavior\BuildLiteBehavior [ RunTime:0.000011s ]
INFO: [ app_init ] --END-- [ RunTime:0.000427s ]
INFO: [ app_begin ] --START--
INFO: Run Behavior\ReadHtmlCacheBehavior [ RunTime:0.000812s ]
INFO: Run Behavior\CheckLangBehavior [ RunTime:0.004250s ]
INFO: [ app_begin ] --END-- [ RunTime:0.005237s ]
SQL: SHOW COLUMNS FROM `btc_admin` [ RunTime:0.0091s ]
SQL: SELECT COUNT(*) AS tp_count FROM `btc_admin` WHERE `user_name` = 'admin001' AND `pass_word` = '4192d21d2e09a8f2b97c5467e8e5d3ce' LIMIT 1   [ RunTime:0.0004s ]
SQL: SELECT `admin_id` FROM `btc_admin` WHERE `user_name` = 'admin001' LIMIT 1   [ RunTime:0.0003s ]
INFO: [ view_parse ] --START--
INFO: [ template_filter ] --START--
INFO: Run Behavior\ContentReplaceBehavior [ RunTime:0.000139s ]
INFO: [ template_filter ] --END-- [ RunTime:0.000196s ]
NOTIC: [8] Use of undefined constant getOrderListAll - assumed 'getOrderListAll' D:\phpStudy\WWW\btc\pc\Application\Runtime\Cache\Admin\3bed188a6b80e8225450c63e0563e8d7.php 第 67 行.
NOTIC: [8] Use of undefined constant getOrderListAll - assumed 'getOrderListAll' D:\phpStudy\WWW\btc\pc\Application\Runtime\Cache\Admin\3bed188a6b80e8225450c63e0563e8d7.php 第 129 行.
INFO: Run Behavior\ParseTemplateBehavior [ RunTime:0.011459s ]
INFO: [ view_parse ] --END-- [ RunTime:0.011521s ]
INFO: [ view_filter ] --START--
INFO: Run Behavior\WriteHtmlCacheBehavior [ RunTime:0.001086s ]
INFO: [ view_filter ] --END-- [ RunTime:0.001133s ]
INFO: [ app_end ] --START--
INFO: Run Behavior\ShowPageTraceBehavior [ RunTime:0.001310s ]
INFO: [ app_end ] --END-- [ RunTime:0.001365s ]

[ 2019-04-25T12:02:23+08:00 ] 127.0.0.1 /Admin/Order/getOrderListAll.html?page=1&limit=30
INFO: [ app_init ] --START--
INFO: Run Behavior\BuildLiteBehavior [ RunTime:0.000011s ]
INFO: [ app_init ] --END-- [ RunTime:0.000633s ]
INFO: [ app_begin ] --START--
INFO: Run Behavior\ReadHtmlCacheBehavior [ RunTime:0.000767s ]
INFO: Run Behavior\CheckLangBehavior [ RunTime:0.002301s ]
INFO: [ app_begin ] --END-- [ RunTime:0.003129s ]
SQL: SHOW COLUMNS FROM `btc_admin` [ RunTime:0.0072s ]
SQL: SELECT COUNT(*) AS tp_count FROM `btc_admin` WHERE `user_name` = 'admin001' AND `pass_word` = '4192d21d2e09a8f2b97c5467e8e5d3ce' LIMIT 1   [ RunTime:0.0003s ]
SQL: SELECT `admin_id` FROM `btc_admin` WHERE `user_name` = 'admin001' LIMIT 1   [ RunTime:0.0002s ]
SQL: SHOW COLUMNS FROM `btc_order_info` [ RunTime:0.0091s ]
SQL: SELECT COUNT(*) AS tp_count FROM btc_order_info as oi INNER JOIN btc_user as bu on bu.user_id = oi.user_id and bu.is_deleted =0  WHERE oi.is_deleted = 0 LIMIT 1   [ RunTime:0.0007s ]
SQL: SELECT oi.*,bu.user_name FROM btc_order_info as oi INNER JOIN btc_user as bu on bu.user_id = oi.user_id and bu.is_deleted =0  WHERE oi.is_deleted = 0 ORDER BY oi.create_time desc LIMIT 0,30   [ RunTime:0.0007s ]
NOTIC: [8192] Non-static method StatusCode::code() should not be called statically, assuming $this from incompatible context D:\phpStudy\WWW\btc\pc\Application\Admin\Controller\OrderController.class.php 第 45 行.

[ 2019-04-25T12:02:41+08:00 ] 127.0.0.1 /Admin/Order/OrderListAll.html
INFO: [ app_init ] --START--
INFO: Run Behavior\BuildLiteBehavior [ RunTime:0.000012s ]
INFO: [ app_init ] --END-- [ RunTime:0.000455s ]
INFO: [ app_begin ] --START--
INFO: Run Behavior\ReadHtmlCacheBehavior [ RunTime:0.000803s ]
INFO: Run Behavior\CheckLangBehavior [ RunTime:0.002340s ]
INFO: [ app_begin ] --END-- [ RunTime:0.003211s ]
SQL: SHOW COLUMNS FROM `btc_admin` [ RunTime:0.0070s ]
SQL: SELECT COUNT(*) AS tp_count FROM `btc_admin` WHERE `user_name` = 'admin001' AND `pass_word` = '4192d21d2e09a8f2b97c5467e8e5d3ce' LIMIT 1   [ RunTime:0.0003s ]
SQL: SELECT `admin_id` FROM `btc_admin` WHERE `user_name` = 'admin001' LIMIT 1   [ RunTime:0.0002s ]
INFO: [ view_parse ] --START--
INFO: [ template_filter ] --START--
INFO: Run Behavior\ContentReplaceBehavior [ RunTime:0.000143s ]
INFO: [ template_filter ] --END-- [ RunTime:0.000206s ]
NOTIC: [8] Use of undefined constant getOrderListAll - assumed 'getOrderListAll' D:\phpStudy\WWW\btc\pc\Application\Runtime\Cache\Admin\3bed188a6b80e8225450c63e0563e8d7.php 第 67 行.
NOTIC: [8] Use of undefined constant getOrderListAll - assumed 'getOrderListAll' D:\phpStudy\WWW\btc\pc\Application\Runtime\Cache\Admin\3bed188a6b80e8225450c63e0563e8d7.php 第 127 行.
INFO: Run Behavior\ParseTemplateBehavior [ RunTime:0.016665s ]
INFO: [ view_parse ] --END-- [ RunTime:0.016705s ]
INFO: [ view_filter ] --START--
INFO: Run Behavior\WriteHtmlCacheBehavior [ RunTime:0.000663s ]
INFO: [ view_filter ] --END-- [ RunTime:0.000691s ]
INFO: [ app_end ] --START--
INFO: Run Behavior\ShowPageTraceBehavior [ RunTime:0.000771s ]
INFO: [ app_end ] --END-- [ RunTime:0.000800s ]

[ 2019-04-25T12:02:44+08:00 ] 127.0.0.1 /Admin/Order/getOrderListAll.html?page=1&limit=30
INFO: [ app_init ] --START--
INFO: Run Behavior\BuildLiteBehavior [ RunTime:0.000016s ]
INFO: [ app_init ] --END-- [ RunTime:0.000698s ]
INFO: [ app_begin ] --START--
INFO: Run Behavior\ReadHtmlCacheBehavior [ RunTime:0.001973s ]
INFO: Run Behavior\CheckLangBehavior [ RunTime:0.003735s ]
INFO: [ app_begin ] --END-- [ RunTime:0.005824s ]
SQL: SHOW COLUMNS FROM `btc_admin` [ RunTime:0.0077s ]
SQL: SELECT COUNT(*) AS tp_count FROM `btc_admin` WHERE `user_name` = 'admin001' AND `pass_word` = '4192d21d2e09a8f2b97c5467e8e5d3ce' LIMIT 1   [ RunTime:0.0003s ]
SQL: SELECT `admin_id` FROM `btc_admin` WHERE `user_name` = 'admin001' LIMIT 1   [ RunTime:0.0001s ]
SQL: SHOW COLUMNS FROM `btc_order_info` [ RunTime:0.0073s ]
SQL: SELECT COUNT(*) AS tp_count FROM btc_order_info as oi INNER JOIN btc_user as bu on bu.user_id = oi.user_id and bu.is_deleted =0  WHERE oi.is_deleted = 0 LIMIT 1   [ RunTime:0.0006s ]
SQL: SELECT oi.*,bu.user_name FROM btc_order_info as oi INNER JOIN btc_user as bu on bu.user_id = oi.user_id and bu.is_deleted =0  WHERE oi.is_deleted = 0 ORDER BY oi.create_time desc LIMIT 0,30   [ RunTime:0.0006s ]
NOTIC: [8192] Non-static method StatusCode::code() should not be called statically, assuming $this from incompatible context D:\phpStudy\WWW\btc\pc\Application\Admin\Controller\OrderController.class.php 第 45 行.

[ 2019-04-25T12:06:01+08:00 ] 127.0.0.1 /Admin/Order/OrderListAll.html
INFO: [ app_init ] --START--
INFO: Run Behavior\BuildLiteBehavior [ RunTime:0.000014s ]
INFO: [ app_init ] --END-- [ RunTime:0.000656s ]
INFO: [ app_begin ] --START--
INFO: Run Behavior\ReadHtmlCacheBehavior [ RunTime:0.000946s ]
INFO: Run Behavior\CheckLangBehavior [ RunTime:0.002513s ]
INFO: [ app_begin ] --END-- [ RunTime:0.003542s ]
SQL: SHOW COLUMNS FROM `btc_admin` [ RunTime:0.0107s ]
SQL: SELECT COUNT(*) AS tp_count FROM `btc_admin` WHERE `user_name` = 'admin001' AND `pass_word` = '4192d21d2e09a8f2b97c5467e8e5d3ce' LIMIT 1   [ RunTime:0.0004s ]
SQL: SELECT `admin_id` FROM `btc_admin` WHERE `user_name` = 'admin001' LIMIT 1   [ RunTime:0.0002s ]
INFO: [ view_parse ] --START--
INFO: [ template_filter ] --START--
INFO: Run Behavior\ContentReplaceBehavior [ RunTime:0.000137s ]
INFO: [ template_filter ] --END-- [ RunTime:0.000203s ]
NOTIC: [8] Use of undefined constant getOrderListAll - assumed 'getOrderListAll' D:\phpStudy\WWW\btc\pc\Application\Runtime\Cache\Admin\3bed188a6b80e8225450c63e0563e8d7.php 第 67 行.
NOTIC: [8] Use of undefined constant getOrderListAll - assumed 'getOrderListAll' D:\phpStudy\WWW\btc\pc\Application\Runtime\Cache\Admin\3bed188a6b80e8225450c63e0563e8d7.php 第 130 行.
INFO: Run Behavior\ParseTemplateBehavior [ RunTime:0.010969s ]
INFO: [ view_parse ] --END-- [ RunTime:0.011027s ]
INFO: [ view_filter ] --START--
INFO: Run Behavior\WriteHtmlCacheBehavior [ RunTime:0.000925s ]
INFO: [ view_filter ] --END-- [ RunTime:0.000964s ]
INFO: [ app_end ] --START--
INFO: Run Behavior\ShowPageTraceBehavior [ RunTime:0.001041s ]
INFO: [ app_end ] --END-- [ RunTime:0.001090s ]

[ 2019-04-25T12:06:19+08:00 ] 127.0.0.1 /Admin/Order/OrderListAll.html
INFO: [ app_init ] --START--
INFO: Run Behavior\BuildLiteBehavior [ RunTime:0.000011s ]
INFO: [ app_init ] --END-- [ RunTime:0.000464s ]
INFO: [ app_begin ] --START--
INFO: Run Behavior\ReadHtmlCacheBehavior [ RunTime:0.000835s ]
INFO: Run Behavior\CheckLangBehavior [ RunTime:0.004333s ]
INFO: [ app_begin ] --END-- [ RunTime:0.005258s ]
SQL: SHOW COLUMNS FROM `btc_admin` [ RunTime:0.0074s ]
SQL: SELECT COUNT(*) AS tp_count FROM `btc_admin` WHERE `user_name` = 'admin001' AND `pass_word` = '4192d21d2e09a8f2b97c5467e8e5d3ce' LIMIT 1   [ RunTime:0.0003s ]
SQL: SELECT `admin_id` FROM `btc_admin` WHERE `user_name` = 'admin001' LIMIT 1   [ RunTime:0.0002s ]
INFO: [ view_parse ] --START--
INFO: [ template_filter ] --START--
INFO: Run Behavior\ContentReplaceBehavior [ RunTime:0.000079s ]
INFO: [ template_filter ] --END-- [ RunTime:0.000113s ]
NOTIC: [8] Use of undefined constant getOrderListAll - assumed 'getOrderListAll' D:\phpStudy\WWW\btc\pc\Application\Runtime\Cache\Admin\3bed188a6b80e8225450c63e0563e8d7.php 第 67 行.
NOTIC: [8] Use of undefined constant getOrderListAll - assumed 'getOrderListAll' D:\phpStudy\WWW\btc\pc\Application\Runtime\Cache\Admin\3bed188a6b80e8225450c63e0563e8d7.php 第 129 行.
INFO: Run Behavior\ParseTemplateBehavior [ RunTime:0.011381s ]
INFO: [ view_parse ] --END-- [ RunTime:0.011426s ]
INFO: [ view_filter ] --START--
INFO: Run Behavior\WriteHtmlCacheBehavior [ RunTime:0.000815s ]
INFO: [ view_filter ] --END-- [ RunTime:0.000851s ]
INFO: [ app_end ] --START--
INFO: Run Behavior\ShowPageTraceBehavior [ RunTime:0.001029s ]
INFO: [ app_end ] --END-- [ RunTime:0.001069s ]

[ 2019-04-25T12:06:21+08:00 ] 127.0.0.1 /Admin/Order/getOrderListAll.html?page=1&limit=30
INFO: [ app_init ] --START--
INFO: Run Behavior\BuildLiteBehavior [ RunTime:0.000017s ]
INFO: [ app_init ] --END-- [ RunTime:0.000755s ]
INFO: [ app_begin ] --START--
INFO: Run Behavior\ReadHtmlCacheBehavior [ RunTime:0.001398s ]
INFO: Run Behavior\CheckLangBehavior [ RunTime:0.003990s ]
INFO: [ app_begin ] --END-- [ RunTime:0.005524s ]
SQL: SHOW COLUMNS FROM `btc_admin` [ RunTime:0.0085s ]
SQL: SELECT COUNT(*) AS tp_count FROM `btc_admin` WHERE `user_name` = 'admin001' AND `pass_word` = '4192d21d2e09a8f2b97c5467e8e5d3ce' LIMIT 1   [ RunTime:0.0003s ]
SQL: SELECT `admin_id` FROM `btc_admin` WHERE `user_name` = 'admin001' LIMIT 1   [ RunTime:0.0002s ]
SQL: SHOW COLUMNS FROM `btc_order_info` [ RunTime:0.0074s ]
SQL: SELECT COUNT(*) AS tp_count FROM btc_order_info as oi INNER JOIN btc_user as bu on bu.user_id = oi.user_id and bu.is_deleted =0  WHERE oi.is_deleted = 0 LIMIT 1   [ RunTime:0.0007s ]
SQL: SELECT oi.*,bu.user_name FROM btc_order_info as oi INNER JOIN btc_user as bu on bu.user_id = oi.user_id and bu.is_deleted =0  WHERE oi.is_deleted = 0 ORDER BY oi.create_time desc LIMIT 0,30   [ RunTime:0.0007s ]
NOTIC: [8192] Non-static method StatusCode::code() should not be called statically, assuming $this from incompatible context D:\phpStudy\WWW\btc\pc\Application\Admin\Controller\OrderController.class.php 第 45 行.

[ 2019-04-25T12:06:39+08:00 ] 127.0.0.1 /Admin/Order/OrderListAll.html
INFO: [ app_init ] --START--
INFO: Run Behavior\BuildLiteBehavior [ RunTime:0.000017s ]
INFO: [ app_init ] --END-- [ RunTime:0.000575s ]
INFO: [ app_begin ] --START--
INFO: Run Behavior\ReadHtmlCacheBehavior [ RunTime:0.001584s ]
INFO: Run Behavior\CheckLangBehavior [ RunTime:0.003386s ]
INFO: [ app_begin ] --END-- [ RunTime:0.005114s ]
SQL: SHOW COLUMNS FROM `btc_admin` [ RunTime:0.0076s ]
SQL: SELECT COUNT(*) AS tp_count FROM `btc_admin` WHERE `user_name` = 'admin001' AND `pass_word` = '4192d21d2e09a8f2b97c5467e8e5d3ce' LIMIT 1   [ RunTime:0.0003s ]
SQL: SELECT `admin_id` FROM `btc_admin` WHERE `user_name` = 'admin001' LIMIT 1   [ RunTime:0.0002s ]
INFO: [ view_parse ] --START--
INFO: [ template_filter ] --START--
INFO: Run Behavior\ContentReplaceBehavior [ RunTime:0.000080s ]
INFO: [ template_filter ] --END-- [ RunTime:0.000114s ]
NOTIC: [8] Use of undefined constant getOrderListAll - assumed 'getOrderListAll' D:\phpStudy\WWW\btc\pc\Application\Runtime\Cache\Admin\3bed188a6b80e8225450c63e0563e8d7.php 第 67 行.
NOTIC: [8] Use of undefined constant getOrderListAll - assumed 'getOrderListAll' D:\phpStudy\WWW\btc\pc\Application\Runtime\Cache\Admin\3bed188a6b80e8225450c63e0563e8d7.php 第 129 行.
INFO: Run Behavior\ParseTemplateBehavior [ RunTime:0.007415s ]
INFO: [ view_parse ] --END-- [ RunTime:0.007452s ]
INFO: [ view_filter ] --START--
INFO: Run Behavior\WriteHtmlCacheBehavior [ RunTime:0.000712s ]
INFO: [ view_filter ] --END-- [ RunTime:0.000748s ]
INFO: [ app_end ] --START--
INFO: Run Behavior\ShowPageTraceBehavior [ RunTime:0.000837s ]
INFO: [ app_end ] --END-- [ RunTime:0.000877s ]

[ 2019-04-25T12:06:42+08:00 ] 127.0.0.1 /Admin/Order/getOrderListAll.html?page=1&limit=30
INFO: [ app_init ] --START--
INFO: Run Behavior\BuildLiteBehavior [ RunTime:0.000015s ]
INFO: [ app_init ] --END-- [ RunTime:0.000595s ]
INFO: [ app_begin ] --START--
INFO: Run Behavior\ReadHtmlCacheBehavior [ RunTime:0.000998s ]
INFO: Run Behavior\CheckLangBehavior [ RunTime:0.002322s ]
INFO: [ app_begin ] --END-- [ RunTime:0.003400s ]
SQL: SHOW COLUMNS FROM `btc_admin` [ RunTime:0.0087s ]
SQL: SELECT COUNT(*) AS tp_count FROM `btc_admin` WHERE `user_name` = 'admin001' AND `pass_word` = '4192d21d2e09a8f2b97c5467e8e5d3ce' LIMIT 1   [ RunTime:0.0003s ]
SQL: SELECT `admin_id` FROM `btc_admin` WHERE `user_name` = 'admin001' LIMIT 1   [ RunTime:0.0002s ]
SQL: SHOW COLUMNS FROM `btc_order_info` [ RunTime:0.0096s ]
SQL: SELECT COUNT(*) AS tp_count FROM btc_order_info as oi INNER JOIN btc_user as bu on bu.user_id = oi.user_id and bu.is_deleted =0  WHERE oi.is_deleted = 0 LIMIT 1   [ RunTime:0.0009s ]
SQL: SELECT oi.*,bu.user_name FROM btc_order_info as oi INNER JOIN btc_user as bu on bu.user_id = oi.user_id and bu.is_deleted =0  WHERE oi.is_deleted = 0 ORDER BY oi.create_time desc LIMIT 0,30   [ RunTime:0.0007s ]
NOTIC: [8192] Non-static method StatusCode::code() should not be called statically, assuming $this from incompatible context D:\phpStudy\WWW\btc\pc\Application\Admin\Controller\OrderController.class.php 第 45 行.

