[ 2019-03-04T09:57:32+08:00 ] 127.0.0.1 /Admin/Login?key=ajKTowXwmOoapxtD
INFO: [ app_init ] --START--
INFO: Run Behavior\BuildLiteBehavior [ RunTime:0.000020s ]
INFO: [ app_init ] --END-- [ RunTime:0.000610s ]
INFO: [ app_begin ] --START--
INFO: Run Behavior\ReadHtmlCacheBehavior [ RunTime:0.000527s ]
INFO: Run Behavior\CheckLangBehavior [ RunTime:0.002582s ]
INFO: [ app_begin ] --END-- [ RunTime:0.003177s ]
INFO: [ view_parse ] --START--
INFO: [ template_filter ] --START--
INFO: Run Behavior\ContentReplaceBehavior [ RunTime:0.000103s ]
INFO: [ template_filter ] --END-- [ RunTime:0.000157s ]
NOTIC: [8] Use of undefined constant getAccount - assumed 'getAccount' D:\phpStudy\WWW\btc\pc\Application\Runtime\Cache\Admin\32ec6c906c117a7c2bf504769276d87a.php 第 108 行.
INFO: Run Behavior\ParseTemplateBehavior [ RunTime:0.012605s ]
INFO: [ view_parse ] --END-- [ RunTime:0.012653s ]
INFO: [ view_filter ] --START--
INFO: Run Behavior\WriteHtmlCacheBehavior [ RunTime:0.000694s ]
INFO: [ view_filter ] --END-- [ RunTime:0.000740s ]
INFO: [ app_end ] --START--
INFO: Run Behavior\ShowPageTraceBehavior [ RunTime:0.001036s ]
INFO: [ app_end ] --END-- [ RunTime:0.001089s ]

[ 2019-03-04T09:57:49+08:00 ] 127.0.0.1 /Admin/Login/verify
INFO: [ app_init ] --START--
INFO: Run Behavior\BuildLiteBehavior [ RunTime:0.000009s ]
INFO: [ app_init ] --END-- [ RunTime:0.000397s ]
INFO: [ app_begin ] --START--
INFO: Run Behavior\ReadHtmlCacheBehavior [ RunTime:0.000723s ]
INFO: Run Behavior\CheckLangBehavior [ RunTime:0.002293s ]
INFO: [ app_begin ] --END-- [ RunTime:0.003096s ]
INFO: [ app_end ] --START--
INFO: Run Behavior\ShowPageTraceBehavior [ RunTime:0.000908s ]
INFO: [ app_end ] --END-- [ RunTime:0.000955s ]

[ 2019-03-04T09:58:04+08:00 ] 127.0.0.1 /Admin/favicon.ico
INFO: [ app_init ] --START--
INFO: Run Behavior\BuildLiteBehavior [ RunTime:0.000010s ]
INFO: [ app_init ] --END-- [ RunTime:0.000471s ]

[ 2019-03-04T09:58:07+08:00 ] 127.0.0.1 /Admin/Login/verify?0.23743966956722162
INFO: [ app_init ] --START--
INFO: Run Behavior\BuildLiteBehavior [ RunTime:0.000010s ]
INFO: [ app_init ] --END-- [ RunTime:0.000508s ]
INFO: [ app_begin ] --START--
INFO: Run Behavior\ReadHtmlCacheBehavior [ RunTime:0.000567s ]
INFO: Run Behavior\CheckLangBehavior [ RunTime:0.002659s ]
INFO: [ app_begin ] --END-- [ RunTime:0.003299s ]
INFO: [ app_end ] --START--
INFO: Run Behavior\ShowPageTraceBehavior [ RunTime:0.000997s ]
INFO: [ app_end ] --END-- [ RunTime:0.001049s ]

[ 2019-03-04T09:58:10+08:00 ] 127.0.0.1 /Admin/Login/verify?0.23743966956722162?0.41425487583046716
INFO: [ app_init ] --START--
INFO: Run Behavior\BuildLiteBehavior [ RunTime:0.000008s ]
INFO: [ app_init ] --END-- [ RunTime:0.000440s ]
INFO: [ app_begin ] --START--
INFO: Run Behavior\ReadHtmlCacheBehavior [ RunTime:0.000434s ]
INFO: Run Behavior\CheckLangBehavior [ RunTime:0.001819s ]
INFO: [ app_begin ] --END-- [ RunTime:0.002303s ]
INFO: [ app_end ] --START--
INFO: Run Behavior\ShowPageTraceBehavior [ RunTime:0.001039s ]
INFO: [ app_end ] --END-- [ RunTime:0.001099s ]

[ 2019-03-04T09:58:15+08:00 ] 127.0.0.1 /Admin/Login/getAccount.html
INFO: [ app_init ] --START--
INFO: Run Behavior\BuildLiteBehavior [ RunTime:0.000011s ]
INFO: [ app_init ] --END-- [ RunTime:0.000368s ]
INFO: [ app_begin ] --START--
INFO: Run Behavior\ReadHtmlCacheBehavior [ RunTime:0.000590s ]
INFO: Run Behavior\CheckLangBehavior [ RunTime:0.002854s ]
INFO: [ app_begin ] --END-- [ RunTime:0.003505s ]
SQL: SHOW COLUMNS FROM `btc_admin` [ RunTime:0.0098s ]
SQL: SELECT COUNT(*) AS tp_count FROM `btc_admin` WHERE `user_name` = 'admin001' LIMIT 1   [ RunTime:0.0003s ]
SQL: SELECT COUNT(*) AS tp_count FROM `btc_admin` WHERE `user_name` = 'admin001' AND `pass_word` = '4192d21d2e09a8f2b97c5467e8e5d3ce' LIMIT 1   [ RunTime:0.0002s ]
NOTIC: [8192] Non-static method StatusCode::code() should not be called statically D:\phpStudy\WWW\btc\pc\Application\Admin\Controller\LoginController.class.php 第 46 行.

[ 2019-03-04T09:58:29+08:00 ] 127.0.0.1 /Admin/Login/verify?0.23743966956722162?0.41425487583046716?0.2410752081549581
INFO: [ app_init ] --START--
INFO: Run Behavior\BuildLiteBehavior [ RunTime:0.000007s ]
INFO: [ app_init ] --END-- [ RunTime:0.000298s ]
INFO: [ app_begin ] --START--
INFO: Run Behavior\ReadHtmlCacheBehavior [ RunTime:0.000367s ]
INFO: Run Behavior\CheckLangBehavior [ RunTime:0.001841s ]
INFO: [ app_begin ] --END-- [ RunTime:0.002258s ]
INFO: [ app_end ] --START--
INFO: Run Behavior\ShowPageTraceBehavior [ RunTime:0.000673s ]
INFO: [ app_end ] --END-- [ RunTime:0.000713s ]

[ 2019-03-04T09:59:37+08:00 ] 127.0.0.1 /Admin/Login/getAccount.html
INFO: [ app_init ] --START--
INFO: Run Behavior\BuildLiteBehavior [ RunTime:0.000007s ]
INFO: [ app_init ] --END-- [ RunTime:0.000320s ]
INFO: [ app_begin ] --START--
INFO: Run Behavior\ReadHtmlCacheBehavior [ RunTime:0.000640s ]
INFO: Run Behavior\CheckLangBehavior [ RunTime:0.002897s ]
INFO: [ app_begin ] --END-- [ RunTime:0.003622s ]
SQL: SHOW COLUMNS FROM `btc_admin` [ RunTime:0.0061s ]
SQL: SELECT COUNT(*) AS tp_count FROM `btc_admin` WHERE `user_name` = 'admin001' LIMIT 1   [ RunTime:0.0003s ]
SQL: SELECT COUNT(*) AS tp_count FROM `btc_admin` WHERE `user_name` = 'admin001' AND `pass_word` = '4192d21d2e09a8f2b97c5467e8e5d3ce' LIMIT 1   [ RunTime:0.0002s ]
NOTIC: [8192] Non-static method StatusCode::code() should not be called statically D:\phpStudy\WWW\btc\pc\Application\Admin\Controller\LoginController.class.php 第 55 行.

[ 2019-03-04T09:59:52+08:00 ] 127.0.0.1 /Admin/Login/verify?0.23743966956722162?0.41425487583046716?0.2410752081549581?0.532167181153804
INFO: [ app_init ] --START--
INFO: Run Behavior\BuildLiteBehavior [ RunTime:0.000009s ]
INFO: [ app_init ] --END-- [ RunTime:0.000400s ]
INFO: [ app_begin ] --START--
INFO: Run Behavior\ReadHtmlCacheBehavior [ RunTime:0.000542s ]
INFO: Run Behavior\CheckLangBehavior [ RunTime:0.002870s ]
INFO: [ app_begin ] --END-- [ RunTime:0.003493s ]
INFO: [ app_end ] --START--
INFO: Run Behavior\ShowPageTraceBehavior [ RunTime:0.000682s ]
INFO: [ app_end ] --END-- [ RunTime:0.000720s ]

[ 2019-03-04T09:59:57+08:00 ] 127.0.0.1 /Admin/Index
INFO: [ app_init ] --START--
INFO: Run Behavior\BuildLiteBehavior [ RunTime:0.000007s ]
INFO: [ app_init ] --END-- [ RunTime:0.000313s ]
INFO: [ app_begin ] --START--
INFO: Run Behavior\ReadHtmlCacheBehavior [ RunTime:0.000415s ]
INFO: Run Behavior\CheckLangBehavior [ RunTime:0.001752s ]
INFO: [ app_begin ] --END-- [ RunTime:0.002220s ]
SQL: SHOW COLUMNS FROM `btc_admin` [ RunTime:0.0064s ]
SQL: SELECT COUNT(*) AS tp_count FROM `btc_admin` WHERE `user_name` = 'admin001' AND `pass_word` = '4192d21d2e09a8f2b97c5467e8e5d3ce' LIMIT 1   [ RunTime:0.0003s ]
SQL: SELECT `admin_id` FROM `btc_admin` WHERE `user_name` = 'admin001' LIMIT 1   [ RunTime:0.0003s ]
INFO: [ view_parse ] --START--
INFO: [ template_filter ] --START--
INFO: Run Behavior\ContentReplaceBehavior [ RunTime:0.000216s ]
INFO: [ template_filter ] --END-- [ RunTime:0.000247s ]
INFO: Run Behavior\ParseTemplateBehavior [ RunTime:0.011888s ]
INFO: [ view_parse ] --END-- [ RunTime:0.011917s ]
INFO: [ view_filter ] --START--
INFO: Run Behavior\WriteHtmlCacheBehavior [ RunTime:0.000424s ]
INFO: [ view_filter ] --END-- [ RunTime:0.000444s ]
INFO: [ app_end ] --START--
INFO: Run Behavior\ShowPageTraceBehavior [ RunTime:0.000604s ]
INFO: [ app_end ] --END-- [ RunTime:0.000630s ]

[ 2019-03-04T10:00:14+08:00 ] 127.0.0.1 /Admin/Index/identity
INFO: [ app_init ] --START--
INFO: Run Behavior\BuildLiteBehavior [ RunTime:0.000012s ]
INFO: [ app_init ] --END-- [ RunTime:0.000541s ]
INFO: [ app_begin ] --START--
INFO: Run Behavior\ReadHtmlCacheBehavior [ RunTime:0.000690s ]
INFO: Run Behavior\CheckLangBehavior [ RunTime:0.002461s ]
INFO: [ app_begin ] --END-- [ RunTime:0.003228s ]
SQL: SHOW COLUMNS FROM `btc_admin` [ RunTime:0.0062s ]
SQL: SELECT COUNT(*) AS tp_count FROM `btc_admin` WHERE `user_name` = 'admin001' AND `pass_word` = '4192d21d2e09a8f2b97c5467e8e5d3ce' LIMIT 1   [ RunTime:0.0003s ]
SQL: SELECT `admin_id` FROM `btc_admin` WHERE `user_name` = 'admin001' LIMIT 1   [ RunTime:0.0002s ]
SQL: SELECT `identity` FROM `btc_admin` WHERE `admin_id` = 'admin001'  [ RunTime:0.0003s ]
NOTIC: [8192] Non-static method StatusCode::code() should not be called statically D:\phpStudy\WWW\btc\pc\Application\Admin\Controller\IndexController.class.php 第 111 行.

[ 2019-03-04T10:00:15+08:00 ] 127.0.0.1 /Admin/Index/init
INFO: [ app_init ] --START--
INFO: Run Behavior\BuildLiteBehavior [ RunTime:0.000009s ]
INFO: [ app_init ] --END-- [ RunTime:0.000407s ]
INFO: [ app_begin ] --START--
INFO: Run Behavior\ReadHtmlCacheBehavior [ RunTime:0.000511s ]
INFO: Run Behavior\CheckLangBehavior [ RunTime:0.002029s ]
INFO: [ app_begin ] --END-- [ RunTime:0.002602s ]
SQL: SHOW COLUMNS FROM `btc_admin` [ RunTime:0.0080s ]
SQL: SELECT COUNT(*) AS tp_count FROM `btc_admin` WHERE `user_name` = 'admin001' AND `pass_word` = '4192d21d2e09a8f2b97c5467e8e5d3ce' LIMIT 1   [ RunTime:0.0003s ]
SQL: SELECT `admin_id` FROM `btc_admin` WHERE `user_name` = 'admin001' LIMIT 1   [ RunTime:0.0002s ]
SQL: SHOW COLUMNS FROM `btc_up_order` [ RunTime:0.0085s ]
SQL: SELECT COUNT(*) AS tp_count FROM `btc_up_order` WHERE `is_deleted` = 0 AND `status` = 0 LIMIT 1   [ RunTime:0.0003s ]
NOTIC: [8192] Non-static method StatusCode::code() should not be called statically D:\phpStudy\WWW\btc\pc\Application\Admin\Controller\IndexController.class.php 第 95 行.

[ 2019-03-04T10:00:44+08:00 ] 127.0.0.1 /Admin/Bocai/set.html
INFO: [ app_init ] --START--
INFO: Run Behavior\BuildLiteBehavior [ RunTime:0.000007s ]
INFO: [ app_init ] --END-- [ RunTime:0.000331s ]
INFO: [ app_begin ] --START--
INFO: Run Behavior\ReadHtmlCacheBehavior [ RunTime:0.000371s ]
INFO: Run Behavior\CheckLangBehavior [ RunTime:0.001669s ]
INFO: [ app_begin ] --END-- [ RunTime:0.002081s ]
SQL: SHOW COLUMNS FROM `btc_admin` [ RunTime:0.0062s ]
SQL: SELECT COUNT(*) AS tp_count FROM `btc_admin` WHERE `user_name` = 'admin001' AND `pass_word` = '4192d21d2e09a8f2b97c5467e8e5d3ce' LIMIT 1   [ RunTime:0.0003s ]
SQL: SELECT `admin_id` FROM `btc_admin` WHERE `user_name` = 'admin001' LIMIT 1   [ RunTime:0.0002s ]
SQL: SHOW COLUMNS FROM `btc_w_openset` [ RunTime:0.0059s ]
INFO: [ view_parse ] --START--
INFO: [ template_filter ] --START--
INFO: Run Behavior\ContentReplaceBehavior [ RunTime:0.000056s ]
INFO: [ template_filter ] --END-- [ RunTime:0.000085s ]
INFO: Run Behavior\ParseTemplateBehavior [ RunTime:0.005947s ]
INFO: [ view_parse ] --END-- [ RunTime:0.005975s ]
INFO: [ view_filter ] --START--
INFO: Run Behavior\WriteHtmlCacheBehavior [ RunTime:0.000423s ]
INFO: [ view_filter ] --END-- [ RunTime:0.000444s ]
INFO: [ app_end ] --START--
INFO: Run Behavior\ShowPageTraceBehavior [ RunTime:0.000784s ]
INFO: [ app_end ] --END-- [ RunTime:0.000815s ]

[ 2019-03-04T10:01:03+08:00 ] 127.0.0.1 /Admin/Bocai/init.html
INFO: [ app_init ] --START--
INFO: Run Behavior\BuildLiteBehavior [ RunTime:0.000009s ]
INFO: [ app_init ] --END-- [ RunTime:0.000403s ]
INFO: [ app_begin ] --START--
INFO: Run Behavior\ReadHtmlCacheBehavior [ RunTime:0.000476s ]
INFO: Run Behavior\CheckLangBehavior [ RunTime:0.001756s ]
INFO: [ app_begin ] --END-- [ RunTime:0.002285s ]
SQL: SHOW COLUMNS FROM `btc_admin` [ RunTime:0.0065s ]
SQL: SELECT COUNT(*) AS tp_count FROM `btc_admin` WHERE `user_name` = 'admin001' AND `pass_word` = '4192d21d2e09a8f2b97c5467e8e5d3ce' LIMIT 1   [ RunTime:0.0003s ]
SQL: SELECT `admin_id` FROM `btc_admin` WHERE `user_name` = 'admin001' LIMIT 1   [ RunTime:0.0002s ]
SQL: SHOW COLUMNS FROM `btc_w_openset` [ RunTime:0.0061s ]
SQL: SELECT COUNT(*) AS tp_count FROM `btc_w_openset` WHERE `set` = 0 LIMIT 1   [ RunTime:0.0002s ]
SQL: SHOW COLUMNS FROM `btc_w_set` [ RunTime:0.0060s ]
SQL: SELECT `set` FROM `btc_w_set` WHERE `id` = 1 LIMIT 1   [ RunTime:0.0003s ]

[ 2019-03-04T10:01:04+08:00 ] 127.0.0.1 /Admin/Bocai/set.html?page=1&limit=288
INFO: [ app_init ] --START--
INFO: Run Behavior\BuildLiteBehavior [ RunTime:0.000008s ]
INFO: [ app_init ] --END-- [ RunTime:0.000328s ]
INFO: [ app_begin ] --START--
INFO: Run Behavior\ReadHtmlCacheBehavior [ RunTime:0.000688s ]
INFO: Run Behavior\CheckLangBehavior [ RunTime:0.002663s ]
INFO: [ app_begin ] --END-- [ RunTime:0.003418s ]
SQL: SHOW COLUMNS FROM `btc_admin` [ RunTime:0.0062s ]
SQL: SELECT COUNT(*) AS tp_count FROM `btc_admin` WHERE `user_name` = 'admin001' AND `pass_word` = '4192d21d2e09a8f2b97c5467e8e5d3ce' LIMIT 1   [ RunTime:0.0003s ]
SQL: SELECT `admin_id` FROM `btc_admin` WHERE `user_name` = 'admin001' LIMIT 1   [ RunTime:0.0002s ]
SQL: SHOW COLUMNS FROM `btc_w_openset` [ RunTime:0.0060s ]
SQL: SELECT * FROM `btc_w_openset` LIMIT 0,288   [ RunTime:0.0005s ]
SQL: SELECT COUNT(*) AS tp_count FROM `btc_w_openset` LIMIT 1   [ RunTime:0.0002s ]

[ 2019-03-04T10:04:10+08:00 ] 127.0.0.1 /Admin/Bocai/closeset.html
INFO: [ app_init ] --START--
INFO: Run Behavior\BuildLiteBehavior [ RunTime:0.000008s ]
INFO: [ app_init ] --END-- [ RunTime:0.000328s ]
INFO: [ app_begin ] --START--
INFO: Run Behavior\ReadHtmlCacheBehavior [ RunTime:0.000428s ]
INFO: Run Behavior\CheckLangBehavior [ RunTime:0.001814s ]
INFO: [ app_begin ] --END-- [ RunTime:0.002298s ]
SQL: SHOW COLUMNS FROM `btc_admin` [ RunTime:0.0063s ]
SQL: SELECT COUNT(*) AS tp_count FROM `btc_admin` WHERE `user_name` = 'admin001' AND `pass_word` = '4192d21d2e09a8f2b97c5467e8e5d3ce' LIMIT 1   [ RunTime:0.0003s ]
SQL: SELECT `admin_id` FROM `btc_admin` WHERE `user_name` = 'admin001' LIMIT 1   [ RunTime:0.0002s ]
SQL: SHOW COLUMNS FROM `btc_w_set` [ RunTime:0.0068s ]
SQL: UPDATE `btc_w_set` SET `set`='0' WHERE `id` = 1 [ RunTime:0.0003s ]

[ 2019-03-04T11:38:34+08:00 ] 127.0.0.1 /Admin/Bocai/betslog.html
INFO: [ app_init ] --START--
INFO: Run Behavior\BuildLiteBehavior [ RunTime:0.000007s ]
INFO: [ app_init ] --END-- [ RunTime:0.000301s ]
INFO: [ app_begin ] --START--
INFO: Run Behavior\ReadHtmlCacheBehavior [ RunTime:0.000398s ]
INFO: Run Behavior\CheckLangBehavior [ RunTime:0.001670s ]
INFO: [ app_begin ] --END-- [ RunTime:0.002113s ]
SQL: SHOW COLUMNS FROM `btc_admin` [ RunTime:0.0085s ]
SQL: SELECT COUNT(*) AS tp_count FROM `btc_admin` WHERE `user_name` = 'admin001' AND `pass_word` = '4192d21d2e09a8f2b97c5467e8e5d3ce' LIMIT 1   [ RunTime:0.0003s ]
SQL: SELECT `admin_id` FROM `btc_admin` WHERE `user_name` = 'admin001' LIMIT 1   [ RunTime:0.0002s ]
SQL: SHOW COLUMNS FROM `btc_user_account` [ RunTime:0.0064s ]
SQL: SHOW COLUMNS FROM `btc_w_minlog` [ RunTime:0.0059s ]
SQL: SELECT SUM(extract_balance) AS tp_sum FROM `btc_user_account` LIMIT 1   [ RunTime:0.0002s ]
SQL: SELECT DISTINCT  `uid` FROM `btc_w_minlog`  [ RunTime:0.0006s ]
SQL: SELECT SUM(money) AS tp_sum FROM `btc_w_minlog` LIMIT 1   [ RunTime:0.0002s ]
SQL: SELECT SUM(last_money) AS tp_sum FROM `btc_w_minlog` WHERE ( last_money>=0 ) LIMIT 1   [ RunTime:0.0002s ]
INFO: [ view_parse ] --START--
INFO: [ template_filter ] --START--
INFO: Run Behavior\ContentReplaceBehavior [ RunTime:0.000051s ]
INFO: [ template_filter ] --END-- [ RunTime:0.000082s ]
INFO: Run Behavior\ParseTemplateBehavior [ RunTime:0.007041s ]
INFO: [ view_parse ] --END-- [ RunTime:0.007072s ]
INFO: [ view_filter ] --START--
INFO: Run Behavior\WriteHtmlCacheBehavior [ RunTime:0.000436s ]
INFO: [ view_filter ] --END-- [ RunTime:0.000456s ]
INFO: [ app_end ] --START--
INFO: Run Behavior\ShowPageTraceBehavior [ RunTime:0.000747s ]
INFO: [ app_end ] --END-- [ RunTime:0.000774s ]

[ 2019-03-04T11:38:35+08:00 ] 127.0.0.1 /Admin/Bocai/betslog.html?page=1&limit=30
INFO: [ app_init ] --START--
INFO: Run Behavior\BuildLiteBehavior [ RunTime:0.000013s ]
INFO: [ app_init ] --END-- [ RunTime:0.000632s ]
INFO: [ app_begin ] --START--
INFO: Run Behavior\ReadHtmlCacheBehavior [ RunTime:0.000472s ]
INFO: Run Behavior\CheckLangBehavior [ RunTime:0.001962s ]
INFO: [ app_begin ] --END-- [ RunTime:0.002487s ]
SQL: SHOW COLUMNS FROM `btc_admin` [ RunTime:0.0062s ]
SQL: SELECT COUNT(*) AS tp_count FROM `btc_admin` WHERE `user_name` = 'admin001' AND `pass_word` = '4192d21d2e09a8f2b97c5467e8e5d3ce' LIMIT 1   [ RunTime:0.0002s ]
SQL: SELECT `admin_id` FROM `btc_admin` WHERE `user_name` = 'admin001' LIMIT 1   [ RunTime:0.0002s ]
SQL: SHOW COLUMNS FROM `btc_user_account` [ RunTime:0.0063s ]
SQL: SHOW COLUMNS FROM `btc_w_minlog` [ RunTime:0.0065s ]
NOTIC: [8] Undefined variable: page D:\phpStudy\WWW\btc\pc\Application\Admin\Controller\BocaiController.class.php 第 139 行.
NOTIC: [8] Undefined index: limit D:\phpStudy\WWW\btc\pc\ThinkPHP\Library\Think\Db\Driver.class.php 第 961 行.
SQL: SELECT btc_user.user_name,btc_w_minlog.* FROM `btc_w_minlog` INNER JOIN btc_user ON btc_w_minlog.uid = btc_user.user_id  LIMIT 0,20   [ RunTime:0.0006s ]
SQL: SELECT COUNT(*) AS tp_count FROM `btc_w_minlog` LIMIT 1   [ RunTime:0.0001s ]

