[ 2019-04-11T21:43:00+08:00 ] 127.0.0.1 /Admin
INFO: [ app_init ] --START--
INFO: Run Behavior\BuildLiteBehavior [ RunTime:0.000039s ]
INFO: [ app_init ] --END-- [ RunTime:0.000828s ]
INFO: [ app_begin ] --START--
INFO: Run Behavior\ReadHtmlCacheBehavior [ RunTime:0.001571s ]
INFO: Run Behavior\CheckLangBehavior [ RunTime:0.004381s ]
INFO: [ app_begin ] --END-- [ RunTime:0.006114s ]
INFO: [ view_parse ] --START--
INFO: [ template_filter ] --START--
INFO: Run Behavior\ContentReplaceBehavior [ RunTime:0.000365s ]
INFO: [ template_filter ] --END-- [ RunTime:0.000433s ]
INFO: Run Behavior\ParseTemplateBehavior [ RunTime:0.024600s ]
INFO: [ view_parse ] --END-- [ RunTime:0.024671s ]
INFO: [ view_filter ] --START--
INFO: Run Behavior\WriteHtmlCacheBehavior [ RunTime:0.000902s ]
INFO: [ view_filter ] --END-- [ RunTime:0.000952s ]
INFO: [ app_end ] --START--
INFO: Run Behavior\ShowPageTraceBehavior [ RunTime:0.001394s ]
INFO: [ app_end ] --END-- [ RunTime:0.001465s ]

[ 2019-04-11T21:43:04+08:00 ] 127.0.0.1 /Admin/Login
INFO: [ app_init ] --START--
INFO: Run Behavior\BuildLiteBehavior [ RunTime:0.000023s ]
INFO: [ app_init ] --END-- [ RunTime:0.001010s ]
INFO: [ app_begin ] --START--
INFO: Run Behavior\ReadHtmlCacheBehavior [ RunTime:0.001327s ]
INFO: Run Behavior\CheckLangBehavior [ RunTime:0.002452s ]
INFO: [ app_begin ] --END-- [ RunTime:0.003897s ]
INFO: [ view_parse ] --START--
INFO: [ template_filter ] --START--
INFO: Run Behavior\ContentReplaceBehavior [ RunTime:0.000130s ]
INFO: [ template_filter ] --END-- [ RunTime:0.000205s ]
NOTIC: [8] Use of undefined constant getAccount - assumed 'getAccount' D:\phpStudy\WWW\btc\pc\Application\Runtime\Cache\Admin\32ec6c906c117a7c2bf504769276d87a.php 第 108 行.
INFO: Run Behavior\ParseTemplateBehavior [ RunTime:0.012041s ]
INFO: [ view_parse ] --END-- [ RunTime:0.012095s ]
INFO: [ view_filter ] --START--
INFO: Run Behavior\WriteHtmlCacheBehavior [ RunTime:0.000890s ]
INFO: [ view_filter ] --END-- [ RunTime:0.000940s ]
INFO: [ app_end ] --START--
INFO: Run Behavior\ShowPageTraceBehavior [ RunTime:0.001098s ]
INFO: [ app_end ] --END-- [ RunTime:0.001143s ]

[ 2019-04-11T21:43:08+08:00 ] 127.0.0.1 /Admin/Login/verify
INFO: [ app_init ] --START--
INFO: Run Behavior\BuildLiteBehavior [ RunTime:0.000015s ]
INFO: [ app_init ] --END-- [ RunTime:0.000612s ]
INFO: [ app_begin ] --START--
INFO: Run Behavior\ReadHtmlCacheBehavior [ RunTime:0.002103s ]
INFO: Run Behavior\CheckLangBehavior [ RunTime:0.003978s ]
INFO: [ app_begin ] --END-- [ RunTime:0.006213s ]
INFO: [ app_end ] --START--
INFO: Run Behavior\ShowPageTraceBehavior [ RunTime:0.002435s ]
INFO: [ app_end ] --END-- [ RunTime:0.002518s ]

[ 2019-04-11T21:43:11+08:00 ] 127.0.0.1 /Admin/favicon.ico
INFO: [ app_init ] --START--
INFO: Run Behavior\BuildLiteBehavior [ RunTime:0.000014s ]
INFO: [ app_init ] --END-- [ RunTime:0.000572s ]

[ 2019-04-11T21:43:17+08:00 ] 127.0.0.1 /Admin/Login/getAccount.html
INFO: [ app_init ] --START--
INFO: Run Behavior\BuildLiteBehavior [ RunTime:0.000018s ]
INFO: [ app_init ] --END-- [ RunTime:0.000614s ]
INFO: [ app_begin ] --START--
INFO: Run Behavior\ReadHtmlCacheBehavior [ RunTime:0.000775s ]
INFO: Run Behavior\CheckLangBehavior [ RunTime:0.003313s ]
INFO: [ app_begin ] --END-- [ RunTime:0.004180s ]
SQL: SHOW COLUMNS FROM `btc_admin` [ RunTime:0.0118s ]
SQL: SELECT COUNT(*) AS tp_count FROM `btc_admin` WHERE `user_name` = 'admin001' LIMIT 1   [ RunTime:0.0004s ]
SQL: SELECT COUNT(*) AS tp_count FROM `btc_admin` WHERE `user_name` = 'admin001' AND `pass_word` = '4192d21d2e09a8f2b97c5467e8e5d3ce' LIMIT 1   [ RunTime:0.0003s ]
NOTIC: [8192] Non-static method StatusCode::code() should not be called statically, assuming $this from incompatible context D:\phpStudy\WWW\btc\pc\Application\Admin\Controller\LoginController.class.php 第 49 行.

[ 2019-04-11T21:43:19+08:00 ] 127.0.0.1 /Admin/Login/verify?0.4877279321638168
INFO: [ app_init ] --START--
INFO: Run Behavior\BuildLiteBehavior [ RunTime:0.000013s ]
INFO: [ app_init ] --END-- [ RunTime:0.000542s ]
INFO: [ app_begin ] --START--
INFO: Run Behavior\ReadHtmlCacheBehavior [ RunTime:0.001029s ]
INFO: Run Behavior\CheckLangBehavior [ RunTime:0.003883s ]
INFO: [ app_begin ] --END-- [ RunTime:0.005021s ]
INFO: [ app_end ] --START--
INFO: Run Behavior\ShowPageTraceBehavior [ RunTime:0.001817s ]
INFO: [ app_end ] --END-- [ RunTime:0.001897s ]

[ 2019-04-11T21:43:24+08:00 ] 127.0.0.1 /Admin/Index
INFO: [ app_init ] --START--
INFO: Run Behavior\BuildLiteBehavior [ RunTime:0.000016s ]
INFO: [ app_init ] --END-- [ RunTime:0.000610s ]
INFO: [ app_begin ] --START--
INFO: Run Behavior\ReadHtmlCacheBehavior [ RunTime:0.001064s ]
INFO: Run Behavior\CheckLangBehavior [ RunTime:0.003411s ]
INFO: [ app_begin ] --END-- [ RunTime:0.004580s ]
SQL: SHOW COLUMNS FROM `btc_admin` [ RunTime:0.0102s ]
SQL: SELECT COUNT(*) AS tp_count FROM `btc_admin` WHERE `user_name` = 'admin001' AND `pass_word` = '4192d21d2e09a8f2b97c5467e8e5d3ce' LIMIT 1   [ RunTime:0.0004s ]
SQL: SELECT `admin_id` FROM `btc_admin` WHERE `user_name` = 'admin001' LIMIT 1   [ RunTime:0.0002s ]
INFO: [ view_parse ] --START--
INFO: [ template_filter ] --START--
INFO: Run Behavior\ContentReplaceBehavior [ RunTime:0.000330s ]
INFO: [ template_filter ] --END-- [ RunTime:0.000398s ]
INFO: Run Behavior\ParseTemplateBehavior [ RunTime:0.021101s ]
INFO: [ view_parse ] --END-- [ RunTime:0.021174s ]
INFO: [ view_filter ] --START--
INFO: Run Behavior\WriteHtmlCacheBehavior [ RunTime:0.000927s ]
INFO: [ view_filter ] --END-- [ RunTime:0.000986s ]
INFO: [ app_end ] --START--
INFO: Run Behavior\ShowPageTraceBehavior [ RunTime:0.001359s ]
INFO: [ app_end ] --END-- [ RunTime:0.001435s ]

[ 2019-04-11T21:43:28+08:00 ] 127.0.0.1 /Admin/Index/identity
INFO: [ app_init ] --START--
INFO: Run Behavior\BuildLiteBehavior [ RunTime:0.000018s ]
INFO: [ app_init ] --END-- [ RunTime:0.000719s ]
INFO: [ app_begin ] --START--
INFO: Run Behavior\ReadHtmlCacheBehavior [ RunTime:0.001411s ]
INFO: Run Behavior\CheckLangBehavior [ RunTime:0.003657s ]
INFO: [ app_begin ] --END-- [ RunTime:0.005203s ]
SQL: SHOW COLUMNS FROM `btc_admin` [ RunTime:0.0125s ]
SQL: SELECT COUNT(*) AS tp_count FROM `btc_admin` WHERE `user_name` = 'admin001' AND `pass_word` = '4192d21d2e09a8f2b97c5467e8e5d3ce' LIMIT 1   [ RunTime:0.0005s ]
SQL: SELECT `admin_id` FROM `btc_admin` WHERE `user_name` = 'admin001' LIMIT 1   [ RunTime:0.0003s ]
SQL: SELECT `identity` FROM `btc_admin` WHERE `admin_id` = 'admin001'  [ RunTime:0.0003s ]
NOTIC: [8192] Non-static method StatusCode::code() should not be called statically, assuming $this from incompatible context D:\phpStudy\WWW\btc\pc\Application\Admin\Controller\IndexController.class.php 第 111 行.

[ 2019-04-11T21:43:31+08:00 ] 127.0.0.1 /Admin/Index/init
INFO: [ app_init ] --START--
INFO: Run Behavior\BuildLiteBehavior [ RunTime:0.000019s ]
INFO: [ app_init ] --END-- [ RunTime:0.002174s ]
INFO: [ app_begin ] --START--
INFO: Run Behavior\ReadHtmlCacheBehavior [ RunTime:0.005694s ]
INFO: Run Behavior\CheckLangBehavior [ RunTime:0.004205s ]
INFO: [ app_begin ] --END-- [ RunTime:0.010040s ]
SQL: SHOW COLUMNS FROM `btc_admin` [ RunTime:0.0100s ]
SQL: SELECT COUNT(*) AS tp_count FROM `btc_admin` WHERE `user_name` = 'admin001' AND `pass_word` = '4192d21d2e09a8f2b97c5467e8e5d3ce' LIMIT 1   [ RunTime:0.0003s ]
SQL: SELECT `admin_id` FROM `btc_admin` WHERE `user_name` = 'admin001' LIMIT 1   [ RunTime:0.0002s ]
SQL: SHOW COLUMNS FROM `btc_up_order` [ RunTime:0.0115s ]
SQL: SELECT COUNT(*) AS tp_count FROM `btc_up_order` WHERE `is_deleted` = 0 AND `status` = 0 LIMIT 1   [ RunTime:0.0003s ]
NOTIC: [8192] Non-static method StatusCode::code() should not be called statically, assuming $this from incompatible context D:\phpStudy\WWW\btc\pc\Application\Admin\Controller\IndexController.class.php 第 95 行.

[ 2019-04-11T21:43:46+08:00 ] 127.0.0.1 /Admin/Trade/TradeList.html
INFO: [ app_init ] --START--
INFO: Run Behavior\BuildLiteBehavior [ RunTime:0.000016s ]
INFO: [ app_init ] --END-- [ RunTime:0.000603s ]
INFO: [ app_begin ] --START--
INFO: Run Behavior\ReadHtmlCacheBehavior [ RunTime:0.001851s ]
INFO: Run Behavior\CheckLangBehavior [ RunTime:0.004066s ]
INFO: [ app_begin ] --END-- [ RunTime:0.006047s ]
SQL: SHOW COLUMNS FROM `btc_admin` [ RunTime:0.0109s ]
SQL: SELECT COUNT(*) AS tp_count FROM `btc_admin` WHERE `user_name` = 'admin001' AND `pass_word` = '4192d21d2e09a8f2b97c5467e8e5d3ce' LIMIT 1   [ RunTime:0.0003s ]
SQL: SELECT `admin_id` FROM `btc_admin` WHERE `user_name` = 'admin001' LIMIT 1   [ RunTime:0.0002s ]
INFO: [ view_parse ] --START--
INFO: [ template_filter ] --START--
INFO: Run Behavior\ContentReplaceBehavior [ RunTime:0.000061s ]
INFO: [ template_filter ] --END-- [ RunTime:0.000104s ]
NOTIC: [8] Use of undefined constant Trade - assumed 'Trade' D:\phpStudy\WWW\btc\pc\Application\Runtime\Cache\Admin\e05faeea1411cb6288395d96ebea5c46.php 第 65 行.
NOTIC: [8] Use of undefined constant SellUpdate - assumed 'SellUpdate' D:\phpStudy\WWW\btc\pc\Application\Runtime\Cache\Admin\e05faeea1411cb6288395d96ebea5c46.php 第 91 行.
NOTIC: [8] Use of undefined constant BuyUpdate - assumed 'BuyUpdate' D:\phpStudy\WWW\btc\pc\Application\Runtime\Cache\Admin\e05faeea1411cb6288395d96ebea5c46.php 第 106 行.
INFO: Run Behavior\ParseTemplateBehavior [ RunTime:0.010104s ]
INFO: [ view_parse ] --END-- [ RunTime:0.010149s ]
INFO: [ view_filter ] --START--
INFO: Run Behavior\WriteHtmlCacheBehavior [ RunTime:0.000830s ]
INFO: [ view_filter ] --END-- [ RunTime:0.000867s ]
INFO: [ app_end ] --START--
INFO: Run Behavior\ShowPageTraceBehavior [ RunTime:0.001068s ]
INFO: [ app_end ] --END-- [ RunTime:0.001111s ]

[ 2019-04-11T21:43:50+08:00 ] 127.0.0.1 /Admin/Trade/Trade.html
INFO: [ app_init ] --START--
INFO: Run Behavior\BuildLiteBehavior [ RunTime:0.000015s ]
INFO: [ app_init ] --END-- [ RunTime:0.000622s ]
INFO: [ app_begin ] --START--
INFO: Run Behavior\ReadHtmlCacheBehavior [ RunTime:0.000852s ]
INFO: Run Behavior\CheckLangBehavior [ RunTime:0.003394s ]
INFO: [ app_begin ] --END-- [ RunTime:0.004335s ]
SQL: SHOW COLUMNS FROM `btc_admin` [ RunTime:0.0100s ]
SQL: SELECT COUNT(*) AS tp_count FROM `btc_admin` WHERE `user_name` = 'admin001' AND `pass_word` = '4192d21d2e09a8f2b97c5467e8e5d3ce' LIMIT 1   [ RunTime:0.0004s ]
SQL: SELECT `admin_id` FROM `btc_admin` WHERE `user_name` = 'admin001' LIMIT 1   [ RunTime:0.0002s ]
SQL: SHOW COLUMNS FROM `btc_home_info` [ RunTime:0.0087s ]
SQL: SELECT * FROM `btc_home_info` WHERE `id` = '10000000000000000000000000000000'  [ RunTime:0.0004s ]
NOTIC: [8] Undefined index: create_time D:\phpStudy\WWW\btc\pc\Application\Admin\Controller\TradeController.class.php 第 89 行.
NOTIC: [8] Undefined index: type D:\phpStudy\WWW\btc\pc\Application\Admin\Controller\TradeController.class.php 第 91 行.
NOTIC: [8192] Non-static method StatusCode::code() should not be called statically, assuming $this from incompatible context D:\phpStudy\WWW\btc\pc\Application\Admin\Controller\TradeController.class.php 第 30 行.

[ 2019-04-11T21:43:57+08:00 ] 127.0.0.1 /Admin/Trade/SellUpdate.html
INFO: [ app_init ] --START--
INFO: Run Behavior\BuildLiteBehavior [ RunTime:0.000015s ]
INFO: [ app_init ] --END-- [ RunTime:0.000661s ]
INFO: [ app_begin ] --START--
INFO: Run Behavior\ReadHtmlCacheBehavior [ RunTime:0.001133s ]
INFO: Run Behavior\CheckLangBehavior [ RunTime:0.003478s ]
INFO: [ app_begin ] --END-- [ RunTime:0.004730s ]
SQL: SHOW COLUMNS FROM `btc_admin` [ RunTime:0.0112s ]
SQL: SELECT COUNT(*) AS tp_count FROM `btc_admin` WHERE `user_name` = 'admin001' AND `pass_word` = '4192d21d2e09a8f2b97c5467e8e5d3ce' LIMIT 1   [ RunTime:0.0003s ]
SQL: SELECT `admin_id` FROM `btc_admin` WHERE `user_name` = 'admin001' LIMIT 1   [ RunTime:0.0003s ]
INFO: [ view_parse ] --START--
INFO: [ template_filter ] --START--
INFO: Run Behavior\ContentReplaceBehavior [ RunTime:0.000110s ]
INFO: [ template_filter ] --END-- [ RunTime:0.000175s ]
NOTIC: [8] Use of undefined constant Trade - assumed 'Trade' D:\phpStudy\WWW\btc\pc\Application\Runtime\Cache\Admin\c299f75b2c33e397010e292d271700ae.php 第 61 行.
NOTIC: [8] Use of undefined constant tradeUpdate - assumed 'tradeUpdate' D:\phpStudy\WWW\btc\pc\Application\Runtime\Cache\Admin\c299f75b2c33e397010e292d271700ae.php 第 90 行.
INFO: Run Behavior\ParseTemplateBehavior [ RunTime:0.012304s ]
INFO: [ view_parse ] --END-- [ RunTime:0.012372s ]
INFO: [ view_filter ] --START--
INFO: Run Behavior\WriteHtmlCacheBehavior [ RunTime:0.001109s ]
INFO: [ view_filter ] --END-- [ RunTime:0.001171s ]
INFO: [ app_end ] --START--
INFO: Run Behavior\ShowPageTraceBehavior [ RunTime:0.001300s ]
INFO: [ app_end ] --END-- [ RunTime:0.001366s ]

[ 2019-04-11T21:44:03+08:00 ] 127.0.0.1 /Admin/Trade/SellUpdate.html
INFO: [ app_init ] --START--
INFO: Run Behavior\BuildLiteBehavior [ RunTime:0.000015s ]
INFO: [ app_init ] --END-- [ RunTime:0.000621s ]
INFO: [ app_begin ] --START--
INFO: Run Behavior\ReadHtmlCacheBehavior [ RunTime:0.000801s ]
INFO: Run Behavior\CheckLangBehavior [ RunTime:0.002238s ]
INFO: [ app_begin ] --END-- [ RunTime:0.003120s ]
SQL: SHOW COLUMNS FROM `btc_admin` [ RunTime:0.0083s ]
SQL: SELECT COUNT(*) AS tp_count FROM `btc_admin` WHERE `user_name` = 'admin001' AND `pass_word` = '4192d21d2e09a8f2b97c5467e8e5d3ce' LIMIT 1   [ RunTime:0.0003s ]
SQL: SELECT `admin_id` FROM `btc_admin` WHERE `user_name` = 'admin001' LIMIT 1   [ RunTime:0.0002s ]
INFO: [ view_parse ] --START--
INFO: [ template_filter ] --START--
INFO: Run Behavior\ContentReplaceBehavior [ RunTime:0.000109s ]
INFO: [ template_filter ] --END-- [ RunTime:0.000175s ]
NOTIC: [8] Use of undefined constant Trade - assumed 'Trade' D:\phpStudy\WWW\btc\pc\Application\Runtime\Cache\Admin\c299f75b2c33e397010e292d271700ae.php 第 61 行.
NOTIC: [8] Use of undefined constant tradeUpdate - assumed 'tradeUpdate' D:\phpStudy\WWW\btc\pc\Application\Runtime\Cache\Admin\c299f75b2c33e397010e292d271700ae.php 第 90 行.
INFO: Run Behavior\ParseTemplateBehavior [ RunTime:0.010936s ]
INFO: [ view_parse ] --END-- [ RunTime:0.010997s ]
INFO: [ view_filter ] --START--
INFO: Run Behavior\WriteHtmlCacheBehavior [ RunTime:0.000831s ]
INFO: [ view_filter ] --END-- [ RunTime:0.000874s ]
INFO: [ app_end ] --START--
INFO: Run Behavior\ShowPageTraceBehavior [ RunTime:0.001030s ]
INFO: [ app_end ] --END-- [ RunTime:0.001071s ]

[ 2019-04-11T21:44:36+08:00 ] 127.0.0.1 /Admin/Attest/Examine.html
INFO: [ app_init ] --START--
INFO: Run Behavior\BuildLiteBehavior [ RunTime:0.000014s ]
INFO: [ app_init ] --END-- [ RunTime:0.000618s ]
INFO: [ app_begin ] --START--
INFO: Run Behavior\ReadHtmlCacheBehavior [ RunTime:0.000753s ]
INFO: Run Behavior\CheckLangBehavior [ RunTime:0.004363s ]
INFO: [ app_begin ] --END-- [ RunTime:0.005214s ]
SQL: SHOW COLUMNS FROM `btc_admin` [ RunTime:0.0088s ]
SQL: SELECT COUNT(*) AS tp_count FROM `btc_admin` WHERE `user_name` = 'admin001' AND `pass_word` = '4192d21d2e09a8f2b97c5467e8e5d3ce' LIMIT 1   [ RunTime:0.0003s ]
SQL: SELECT `admin_id` FROM `btc_admin` WHERE `user_name` = 'admin001' LIMIT 1   [ RunTime:0.0002s ]
INFO: [ view_parse ] --START--
INFO: [ template_filter ] --START--
INFO: Run Behavior\ContentReplaceBehavior [ RunTime:0.000183s ]
INFO: [ template_filter ] --END-- [ RunTime:0.000254s ]
NOTIC: [8] Use of undefined constant getExamine - assumed 'getExamine' D:\phpStudy\WWW\btc\pc\Application\Runtime\Cache\Admin\f6aa193607358a8db31dd65395edea38.php 第 180 行.
INFO: Run Behavior\ParseTemplateBehavior [ RunTime:0.011917s ]
INFO: [ view_parse ] --END-- [ RunTime:0.011973s ]
INFO: [ view_filter ] --START--
INFO: Run Behavior\WriteHtmlCacheBehavior [ RunTime:0.000880s ]
INFO: [ view_filter ] --END-- [ RunTime:0.000920s ]
INFO: [ app_end ] --START--
INFO: Run Behavior\ShowPageTraceBehavior [ RunTime:0.001107s ]
INFO: [ app_end ] --END-- [ RunTime:0.001156s ]

[ 2019-04-11T21:44:40+08:00 ] 127.0.0.1 /Admin/Attest/examineList.html?page=1&limit=30
INFO: [ app_init ] --START--
INFO: Run Behavior\BuildLiteBehavior [ RunTime:0.000019s ]
INFO: [ app_init ] --END-- [ RunTime:0.000731s ]
INFO: [ app_begin ] --START--
INFO: Run Behavior\ReadHtmlCacheBehavior [ RunTime:0.001547s ]
INFO: Run Behavior\CheckLangBehavior [ RunTime:0.003856s ]
INFO: [ app_begin ] --END-- [ RunTime:0.005536s ]
SQL: SHOW COLUMNS FROM `btc_admin` [ RunTime:0.0096s ]
SQL: SELECT COUNT(*) AS tp_count FROM `btc_admin` WHERE `user_name` = 'admin001' AND `pass_word` = '4192d21d2e09a8f2b97c5467e8e5d3ce' LIMIT 1   [ RunTime:0.0003s ]
SQL: SELECT `admin_id` FROM `btc_admin` WHERE `user_name` = 'admin001' LIMIT 1   [ RunTime:0.0001s ]
SQL: SHOW COLUMNS FROM `btc_authentication` [ RunTime:0.0117s ]
NOTIC: [2] Illegal string offset 'page' D:\phpStudy\WWW\btc\pc\Application\Admin\Controller\AttestController.class.php 第 67 行.
NOTIC: [8] Uninitialized string offset: 0 D:\phpStudy\WWW\btc\pc\Application\Admin\Controller\AttestController.class.php 第 67 行.
NOTIC: [2] Illegal string offset 'limit' D:\phpStudy\WWW\btc\pc\Application\Admin\Controller\AttestController.class.php 第 67 行.
NOTIC: [8] Uninitialized string offset: 0 D:\phpStudy\WWW\btc\pc\Application\Admin\Controller\AttestController.class.php 第 67 行.
NOTIC: [8] Undefined index: limit D:\phpStudy\WWW\btc\pc\ThinkPHP\Library\Think\Db\Driver.class.php 第 961 行.
SQL: SELECT a.*,b.user_name,b.maincoin_id FROM btc_authentication as a INNER JOIN btc_user as b on b.user_id=a.user_id  WHERE a.is_deleted = 0 AND a.status = 0 ORDER BY create_time desc LIMIT 0,20   [ RunTime:0.0010s ]
NOTIC: [8192] Non-static method StatusCode::code() should not be called statically, assuming $this from incompatible context D:\phpStudy\WWW\btc\pc\Application\Admin\Controller\AttestController.class.php 第 71 行.
SQL: SELECT COUNT(*) AS tp_count FROM btc_authentication as a WHERE a.is_deleted = 0 AND a.status = 0 LIMIT 1   [ RunTime:0.0003s ]

[ 2019-04-11T21:45:24+08:00 ] 127.0.0.1 /Admin/Attest/auditYes.html
INFO: [ app_init ] --START--
INFO: Run Behavior\BuildLiteBehavior [ RunTime:0.000016s ]
INFO: [ app_init ] --END-- [ RunTime:0.000652s ]
INFO: [ app_begin ] --START--
INFO: Run Behavior\ReadHtmlCacheBehavior [ RunTime:0.001095s ]
INFO: Run Behavior\CheckLangBehavior [ RunTime:0.003262s ]
INFO: [ app_begin ] --END-- [ RunTime:0.004461s ]
SQL: SHOW COLUMNS FROM `btc_admin` [ RunTime:0.0097s ]
SQL: SELECT COUNT(*) AS tp_count FROM `btc_admin` WHERE `user_name` = 'admin001' AND `pass_word` = '4192d21d2e09a8f2b97c5467e8e5d3ce' LIMIT 1   [ RunTime:0.0003s ]
SQL: SELECT `admin_id` FROM `btc_admin` WHERE `user_name` = 'admin001' LIMIT 1   [ RunTime:0.0002s ]
SQL: SHOW COLUMNS FROM `btc_authentication` [ RunTime:0.0083s ]
SQL: SHOW COLUMNS FROM `btc_user_attach` [ RunTime:0.0085s ]
NOTIC: [8192] Non-static method Common::verifyMd5() should not be called statically, assuming $this from incompatible context D:\phpStudy\WWW\btc\pc\Application\Admin\Controller\AttestController.class.php 第 192 行.
SQL: UPDATE `btc_authentication` SET `status`='1',`authentication_id`='H2019031317064015524680003363983',`update_time`='1554990324' WHERE `authentication_id` = 'H2019031317064015524680003363983' [ RunTime:0.0021s ]
SQL: SELECT * FROM `btc_authentication` WHERE `authentication_id` = 'H2019031317064015524680003363983'  [ RunTime:0.0003s ]
NOTIC: [8192] Non-static method Common::generateId() should not be called statically, assuming $this from incompatible context D:\phpStudy\WWW\btc\pc\Application\Admin\Controller\AttestController.class.php 第 207 行.
NOTIC: [8192] Non-static method Common::generateId() should not be called statically, assuming $this from incompatible context D:\phpStudy\WWW\btc\pc\Application\Admin\Controller\AttestController.class.php 第 209 行.
NOTIC: [8192] Non-static method Common::generateId() should not be called statically, assuming $this from incompatible context D:\phpStudy\WWW\btc\pc\Application\Admin\Controller\AttestController.class.php 第 211 行.
SQL: INSERT INTO `btc_user_attach` (`user_id`,`file_address`,`attach_id`,`create_time`,`file_type`) VALUES ('q2018090611234315362042232669474','http://localhost:8081/Uploads/action/IDcard/2019-03-13/5c88c80b628b7.jpg','D2019041121452415549903246091453','1554990324','1'),('q2018090611234315362042232669474','http://localhost:8081/Uploads/action/IDcard/2019-03-13/5c88c81abe302.jpg','q2019041121452415549903246091925','1554990324','2'),('q2018090611234315362042232669474','http://localhost:8081/Uploads/action/IDcard/2019-03-13/5c88c8116af60.jpg','G2019041121452415549903246092252','1554990324','3') [ RunTime:0.0025s ]
NOTIC: [8192] Non-static method StatusCode::code() should not be called statically, assuming $this from incompatible context D:\phpStudy\WWW\btc\pc\Application\Admin\Controller\AttestController.class.php 第 218 行.

[ 2019-04-11T21:45:37+08:00 ] 127.0.0.1 /Admin/Attest/auditYes.html
INFO: [ app_init ] --START--
INFO: Run Behavior\BuildLiteBehavior [ RunTime:0.000015s ]
INFO: [ app_init ] --END-- [ RunTime:0.000667s ]
INFO: [ app_begin ] --START--
INFO: Run Behavior\ReadHtmlCacheBehavior [ RunTime:0.001017s ]
INFO: Run Behavior\CheckLangBehavior [ RunTime:0.004454s ]
INFO: [ app_begin ] --END-- [ RunTime:0.005602s ]
SQL: SHOW COLUMNS FROM `btc_admin` [ RunTime:0.0086s ]
SQL: SELECT COUNT(*) AS tp_count FROM `btc_admin` WHERE `user_name` = 'admin001' AND `pass_word` = '4192d21d2e09a8f2b97c5467e8e5d3ce' LIMIT 1   [ RunTime:0.0003s ]
SQL: SELECT `admin_id` FROM `btc_admin` WHERE `user_name` = 'admin001' LIMIT 1   [ RunTime:0.0003s ]
SQL: SHOW COLUMNS FROM `btc_authentication` [ RunTime:0.0105s ]
SQL: SHOW COLUMNS FROM `btc_user_attach` [ RunTime:0.0087s ]
NOTIC: [8192] Non-static method Common::verifyMd5() should not be called statically, assuming $this from incompatible context D:\phpStudy\WWW\btc\pc\Application\Admin\Controller\AttestController.class.php 第 192 行.
SQL: UPDATE `btc_authentication` SET `status`='1',`authentication_id`='H2019031317064015524680003363983',`update_time`='1554990337' WHERE `authentication_id` = 'H2019031317064015524680003363983' [ RunTime:0.0025s ]
SQL: SELECT * FROM `btc_authentication` WHERE `authentication_id` = 'H2019031317064015524680003363983'  [ RunTime:0.0003s ]
NOTIC: [8192] Non-static method Common::generateId() should not be called statically, assuming $this from incompatible context D:\phpStudy\WWW\btc\pc\Application\Admin\Controller\AttestController.class.php 第 207 行.
NOTIC: [8192] Non-static method Common::generateId() should not be called statically, assuming $this from incompatible context D:\phpStudy\WWW\btc\pc\Application\Admin\Controller\AttestController.class.php 第 209 行.
NOTIC: [8192] Non-static method Common::generateId() should not be called statically, assuming $this from incompatible context D:\phpStudy\WWW\btc\pc\Application\Admin\Controller\AttestController.class.php 第 211 行.
SQL: INSERT INTO `btc_user_attach` (`user_id`,`file_address`,`attach_id`,`create_time`,`file_type`) VALUES ('q2018090611234315362042232669474','http://localhost:8081/Uploads/action/IDcard/2019-03-13/5c88c80b628b7.jpg','a2019041121453715549903374911045','1554990337','1'),('q2018090611234315362042232669474','http://localhost:8081/Uploads/action/IDcard/2019-03-13/5c88c81abe302.jpg','A2019041121453715549903374911542','1554990337','2'),('q2018090611234315362042232669474','http://localhost:8081/Uploads/action/IDcard/2019-03-13/5c88c8116af60.jpg','G2019041121453715549903374911806','1554990337','3') [ RunTime:0.0015s ]
NOTIC: [8192] Non-static method StatusCode::code() should not be called statically, assuming $this from incompatible context D:\phpStudy\WWW\btc\pc\Application\Admin\Controller\AttestController.class.php 第 218 行.

[ 2019-04-11T21:45:43+08:00 ] 127.0.0.1 /Admin/Attest/Examine.html
INFO: [ app_init ] --START--
INFO: Run Behavior\BuildLiteBehavior [ RunTime:0.000020s ]
INFO: [ app_init ] --END-- [ RunTime:0.000821s ]
INFO: [ app_begin ] --START--
INFO: Run Behavior\ReadHtmlCacheBehavior [ RunTime:0.001446s ]
INFO: Run Behavior\CheckLangBehavior [ RunTime:0.005343s ]
INFO: [ app_begin ] --END-- [ RunTime:0.006955s ]
SQL: SHOW COLUMNS FROM `btc_admin` [ RunTime:0.0093s ]
SQL: SELECT COUNT(*) AS tp_count FROM `btc_admin` WHERE `user_name` = 'admin001' AND `pass_word` = '4192d21d2e09a8f2b97c5467e8e5d3ce' LIMIT 1   [ RunTime:0.0003s ]
SQL: SELECT `admin_id` FROM `btc_admin` WHERE `user_name` = 'admin001' LIMIT 1   [ RunTime:0.0002s ]
INFO: [ view_parse ] --START--
INFO: [ template_filter ] --START--
INFO: Run Behavior\ContentReplaceBehavior [ RunTime:0.000149s ]
INFO: [ template_filter ] --END-- [ RunTime:0.000221s ]
NOTIC: [8] Use of undefined constant getExamine - assumed 'getExamine' D:\phpStudy\WWW\btc\pc\Application\Runtime\Cache\Admin\f6aa193607358a8db31dd65395edea38.php 第 180 行.
INFO: Run Behavior\ParseTemplateBehavior [ RunTime:0.014768s ]
INFO: [ view_parse ] --END-- [ RunTime:0.014821s ]
INFO: [ view_filter ] --START--
INFO: Run Behavior\WriteHtmlCacheBehavior [ RunTime:0.000941s ]
INFO: [ view_filter ] --END-- [ RunTime:0.000988s ]
INFO: [ app_end ] --START--
INFO: Run Behavior\ShowPageTraceBehavior [ RunTime:0.001136s ]
INFO: [ app_end ] --END-- [ RunTime:0.001193s ]

[ 2019-04-11T21:45:48+08:00 ] 127.0.0.1 /Admin/Attest/AttestList.html
INFO: [ app_init ] --START--
INFO: Run Behavior\BuildLiteBehavior [ RunTime:0.000017s ]
INFO: [ app_init ] --END-- [ RunTime:0.000694s ]
INFO: [ app_begin ] --START--
INFO: Run Behavior\ReadHtmlCacheBehavior [ RunTime:0.001128s ]
INFO: Run Behavior\CheckLangBehavior [ RunTime:0.003603s ]
INFO: [ app_begin ] --END-- [ RunTime:0.004849s ]
SQL: SHOW COLUMNS FROM `btc_admin` [ RunTime:0.0098s ]
SQL: SELECT COUNT(*) AS tp_count FROM `btc_admin` WHERE `user_name` = 'admin001' AND `pass_word` = '4192d21d2e09a8f2b97c5467e8e5d3ce' LIMIT 1   [ RunTime:0.0003s ]
SQL: SELECT `admin_id` FROM `btc_admin` WHERE `user_name` = 'admin001' LIMIT 1   [ RunTime:0.0002s ]
INFO: [ view_parse ] --START--
INFO: [ template_filter ] --START--
INFO: Run Behavior\ContentReplaceBehavior [ RunTime:0.000155s ]
INFO: [ template_filter ] --END-- [ RunTime:0.000222s ]
NOTIC: [8] Use of undefined constant getAttest - assumed 'getAttest' D:\phpStudy\WWW\btc\pc\Application\Runtime\Cache\Admin\75d9f5470289c90ebb90874e5e87ad00.php 第 173 行.
INFO: Run Behavior\ParseTemplateBehavior [ RunTime:0.024925s ]
INFO: [ view_parse ] --END-- [ RunTime:0.024984s ]
INFO: [ view_filter ] --START--
INFO: Run Behavior\WriteHtmlCacheBehavior [ RunTime:0.000892s ]
INFO: [ view_filter ] --END-- [ RunTime:0.000937s ]
INFO: [ app_end ] --START--
INFO: Run Behavior\ShowPageTraceBehavior [ RunTime:0.001049s ]
INFO: [ app_end ] --END-- [ RunTime:0.001098s ]

[ 2019-04-11T21:45:52+08:00 ] 127.0.0.1 /Admin/Attest/Examine.html
INFO: [ app_init ] --START--
INFO: Run Behavior\BuildLiteBehavior [ RunTime:0.000011s ]
INFO: [ app_init ] --END-- [ RunTime:0.000416s ]
INFO: [ app_begin ] --START--
INFO: Run Behavior\ReadHtmlCacheBehavior [ RunTime:0.001021s ]
INFO: Run Behavior\CheckLangBehavior [ RunTime:0.002958s ]
INFO: [ app_begin ] --END-- [ RunTime:0.004065s ]
SQL: SHOW COLUMNS FROM `btc_admin` [ RunTime:0.0099s ]
SQL: SELECT COUNT(*) AS tp_count FROM `btc_admin` WHERE `user_name` = 'admin001' AND `pass_word` = '4192d21d2e09a8f2b97c5467e8e5d3ce' LIMIT 1   [ RunTime:0.0004s ]
SQL: SELECT `admin_id` FROM `btc_admin` WHERE `user_name` = 'admin001' LIMIT 1   [ RunTime:0.0003s ]
INFO: [ view_parse ] --START--
INFO: [ template_filter ] --START--
INFO: Run Behavior\ContentReplaceBehavior [ RunTime:0.000183s ]
INFO: [ template_filter ] --END-- [ RunTime:0.000251s ]
NOTIC: [8] Use of undefined constant getExamine - assumed 'getExamine' D:\phpStudy\WWW\btc\pc\Application\Runtime\Cache\Admin\f6aa193607358a8db31dd65395edea38.php 第 180 行.
INFO: Run Behavior\ParseTemplateBehavior [ RunTime:0.012493s ]
INFO: [ view_parse ] --END-- [ RunTime:0.012559s ]
INFO: [ view_filter ] --START--
INFO: Run Behavior\WriteHtmlCacheBehavior [ RunTime:0.001039s ]
INFO: [ view_filter ] --END-- [ RunTime:0.001096s ]
INFO: [ app_end ] --START--
INFO: Run Behavior\ShowPageTraceBehavior [ RunTime:0.001172s ]
INFO: [ app_end ] --END-- [ RunTime:0.001224s ]

[ 2019-04-11T21:46:13+08:00 ] 127.0.0.1 /Admin/Attest/getAttestList.html?page=1&limit=30
INFO: [ app_init ] --START--
INFO: Run Behavior\BuildLiteBehavior [ RunTime:0.000016s ]
INFO: [ app_init ] --END-- [ RunTime:0.000632s ]
INFO: [ app_begin ] --START--
INFO: Run Behavior\ReadHtmlCacheBehavior [ RunTime:0.001335s ]
INFO: Run Behavior\CheckLangBehavior [ RunTime:0.003412s ]
INFO: [ app_begin ] --END-- [ RunTime:0.004943s ]
SQL: SHOW COLUMNS FROM `btc_admin` [ RunTime:0.0093s ]
SQL: SELECT COUNT(*) AS tp_count FROM `btc_admin` WHERE `user_name` = 'admin001' AND `pass_word` = '4192d21d2e09a8f2b97c5467e8e5d3ce' LIMIT 1   [ RunTime:0.0004s ]
SQL: SELECT `admin_id` FROM `btc_admin` WHERE `user_name` = 'admin001' LIMIT 1   [ RunTime:0.0002s ]
SQL: SHOW COLUMNS FROM `btc_authentication` [ RunTime:0.0089s ]
NOTIC: [2] Illegal string offset 'page' D:\phpStudy\WWW\btc\pc\Application\Admin\Controller\AttestController.class.php 第 33 行.
NOTIC: [8] Uninitialized string offset: 0 D:\phpStudy\WWW\btc\pc\Application\Admin\Controller\AttestController.class.php 第 33 行.
NOTIC: [2] Illegal string offset 'limit' D:\phpStudy\WWW\btc\pc\Application\Admin\Controller\AttestController.class.php 第 33 行.
NOTIC: [8] Uninitialized string offset: 0 D:\phpStudy\WWW\btc\pc\Application\Admin\Controller\AttestController.class.php 第 33 行.
NOTIC: [8] Undefined index: limit D:\phpStudy\WWW\btc\pc\ThinkPHP\Library\Think\Db\Driver.class.php 第 961 行.
SQL: SELECT a.*,b.maincoin_id,b.user_name FROM btc_authentication as a INNER JOIN btc_user as b on b.user_id=a.user_id  WHERE a.is_deleted = 0 ORDER BY create_time desc LIMIT 0,20   [ RunTime:0.0010s ]
NOTIC: [8192] Non-static method StatusCode::code() should not be called statically, assuming $this from incompatible context D:\phpStudy\WWW\btc\pc\Application\Admin\Controller\AttestController.class.php 第 37 行.
SQL: SELECT COUNT(*) AS tp_count FROM btc_authentication as a INNER JOIN btc_user as b on b.user_id=a.user_id  WHERE a.is_deleted = 0 LIMIT 1   [ RunTime:0.0005s ]

[ 2019-04-11T21:46:15+08:00 ] 127.0.0.1 /Admin/Attest/examineList.html?page=1&limit=30
INFO: [ app_init ] --START--
INFO: Run Behavior\BuildLiteBehavior [ RunTime:0.000015s ]
INFO: [ app_init ] --END-- [ RunTime:0.000621s ]
INFO: [ app_begin ] --START--
INFO: Run Behavior\ReadHtmlCacheBehavior [ RunTime:0.001025s ]
INFO: Run Behavior\CheckLangBehavior [ RunTime:0.003249s ]
INFO: [ app_begin ] --END-- [ RunTime:0.004374s ]
SQL: SHOW COLUMNS FROM `btc_admin` [ RunTime:0.0094s ]
SQL: SELECT COUNT(*) AS tp_count FROM `btc_admin` WHERE `user_name` = 'admin001' AND `pass_word` = '4192d21d2e09a8f2b97c5467e8e5d3ce' LIMIT 1   [ RunTime:0.0004s ]
SQL: SELECT `admin_id` FROM `btc_admin` WHERE `user_name` = 'admin001' LIMIT 1   [ RunTime:0.0002s ]
SQL: SHOW COLUMNS FROM `btc_authentication` [ RunTime:0.0108s ]
NOTIC: [2] Illegal string offset 'page' D:\phpStudy\WWW\btc\pc\Application\Admin\Controller\AttestController.class.php 第 67 行.
NOTIC: [8] Uninitialized string offset: 0 D:\phpStudy\WWW\btc\pc\Application\Admin\Controller\AttestController.class.php 第 67 行.
NOTIC: [2] Illegal string offset 'limit' D:\phpStudy\WWW\btc\pc\Application\Admin\Controller\AttestController.class.php 第 67 行.
NOTIC: [8] Uninitialized string offset: 0 D:\phpStudy\WWW\btc\pc\Application\Admin\Controller\AttestController.class.php 第 67 行.
NOTIC: [8] Undefined index: limit D:\phpStudy\WWW\btc\pc\ThinkPHP\Library\Think\Db\Driver.class.php 第 961 行.
SQL: SELECT a.*,b.user_name,b.maincoin_id FROM btc_authentication as a INNER JOIN btc_user as b on b.user_id=a.user_id  WHERE a.is_deleted = 0 AND a.status = 0 ORDER BY create_time desc LIMIT 0,20   [ RunTime:0.0005s ]
NOTIC: [8192] Non-static method StatusCode::code() should not be called statically, assuming $this from incompatible context D:\phpStudy\WWW\btc\pc\Application\Admin\Controller\AttestController.class.php 第 71 行.
SQL: SELECT COUNT(*) AS tp_count FROM btc_authentication as a WHERE a.is_deleted = 0 AND a.status = 0 LIMIT 1   [ RunTime:0.0002s ]

[ 2019-04-11T21:53:35+08:00 ] 127.0.0.1 /Admin/Index/identity
INFO: [ app_init ] --START--
INFO: Run Behavior\BuildLiteBehavior [ RunTime:0.000011s ]
INFO: [ app_init ] --END-- [ RunTime:0.000338s ]
INFO: [ app_begin ] --START--
INFO: Run Behavior\ReadHtmlCacheBehavior [ RunTime:0.000659s ]
INFO: Run Behavior\CheckLangBehavior [ RunTime:0.002697s ]
INFO: [ app_begin ] --END-- [ RunTime:0.003461s ]
SQL: SHOW COLUMNS FROM `btc_admin` [ RunTime:0.0115s ]
SQL: SELECT COUNT(*) AS tp_count FROM `btc_admin` WHERE `user_name` = 'admin001' AND `pass_word` = '4192d21d2e09a8f2b97c5467e8e5d3ce' LIMIT 1   [ RunTime:0.0004s ]
SQL: SELECT `admin_id` FROM `btc_admin` WHERE `user_name` = 'admin001' LIMIT 1   [ RunTime:0.0003s ]
SQL: SELECT `identity` FROM `btc_admin` WHERE `admin_id` = 'admin001'  [ RunTime:0.0002s ]
NOTIC: [8192] Non-static method StatusCode::code() should not be called statically, assuming $this from incompatible context D:\phpStudy\WWW\btc\pc\Application\Admin\Controller\IndexController.class.php 第 111 行.

[ 2019-04-11T21:53:37+08:00 ] 127.0.0.1 /Admin/Index/init
INFO: [ app_init ] --START--
INFO: Run Behavior\BuildLiteBehavior [ RunTime:0.000016s ]
INFO: [ app_init ] --END-- [ RunTime:0.000468s ]
INFO: [ app_begin ] --START--
INFO: Run Behavior\ReadHtmlCacheBehavior [ RunTime:0.000672s ]
INFO: Run Behavior\CheckLangBehavior [ RunTime:0.001636s ]
INFO: [ app_begin ] --END-- [ RunTime:0.002397s ]
SQL: SHOW COLUMNS FROM `btc_admin` [ RunTime:0.0097s ]
SQL: SELECT COUNT(*) AS tp_count FROM `btc_admin` WHERE `user_name` = 'admin001' AND `pass_word` = '4192d21d2e09a8f2b97c5467e8e5d3ce' LIMIT 1   [ RunTime:0.0004s ]
SQL: SELECT `admin_id` FROM `btc_admin` WHERE `user_name` = 'admin001' LIMIT 1   [ RunTime:0.0002s ]
SQL: SHOW COLUMNS FROM `btc_up_order` [ RunTime:0.0118s ]
SQL: SELECT COUNT(*) AS tp_count FROM `btc_up_order` WHERE `is_deleted` = 0 AND `status` = 0 LIMIT 1   [ RunTime:0.0004s ]
NOTIC: [8192] Non-static method StatusCode::code() should not be called statically, assuming $this from incompatible context D:\phpStudy\WWW\btc\pc\Application\Admin\Controller\IndexController.class.php 第 95 行.

[ 2019-04-11T21:53:37+08:00 ] 127.0.0.1 /Admin/favicon.ico
INFO: [ app_init ] --START--
INFO: Run Behavior\BuildLiteBehavior [ RunTime:0.000013s ]
INFO: [ app_init ] --END-- [ RunTime:0.000432s ]

[ 2019-04-11T21:53:52+08:00 ] 127.0.0.1 /Admin/Account/AccountList.html
INFO: [ app_init ] --START--
INFO: Run Behavior\BuildLiteBehavior [ RunTime:0.000015s ]
INFO: [ app_init ] --END-- [ RunTime:0.000733s ]
INFO: [ app_begin ] --START--
INFO: Run Behavior\ReadHtmlCacheBehavior [ RunTime:0.000674s ]
INFO: Run Behavior\CheckLangBehavior [ RunTime:0.003163s ]
INFO: [ app_begin ] --END-- [ RunTime:0.003946s ]
SQL: SHOW COLUMNS FROM `btc_admin` [ RunTime:0.0098s ]
SQL: SELECT COUNT(*) AS tp_count FROM `btc_admin` WHERE `user_name` = 'admin001' AND `pass_word` = '4192d21d2e09a8f2b97c5467e8e5d3ce' LIMIT 1   [ RunTime:0.0004s ]
SQL: SELECT `admin_id` FROM `btc_admin` WHERE `user_name` = 'admin001' LIMIT 1   [ RunTime:0.0002s ]
INFO: [ view_parse ] --START--
INFO: [ template_filter ] --START--
INFO: Run Behavior\ContentReplaceBehavior [ RunTime:0.000206s ]
INFO: [ template_filter ] --END-- [ RunTime:0.000273s ]
NOTIC: [8] Use of undefined constant getAccount - assumed 'getAccount' D:\phpStudy\WWW\btc\pc\Application\Runtime\Cache\Admin\07439442505f04a6e8bd3102d06ef6de.php 第 214 行.
INFO: Run Behavior\ParseTemplateBehavior [ RunTime:0.014660s ]
INFO: [ view_parse ] --END-- [ RunTime:0.014723s ]
INFO: [ view_filter ] --START--
INFO: Run Behavior\WriteHtmlCacheBehavior [ RunTime:0.000603s ]
INFO: [ view_filter ] --END-- [ RunTime:0.000648s ]
INFO: [ app_end ] --START--
INFO: Run Behavior\ShowPageTraceBehavior [ RunTime:0.000875s ]
INFO: [ app_end ] --END-- [ RunTime:0.000925s ]

[ 2019-04-11T22:00:49+08:00 ] 127.0.0.1 /Admin/Trade/TradeList.html
INFO: [ app_init ] --START--
INFO: Run Behavior\BuildLiteBehavior [ RunTime:0.000014s ]
INFO: [ app_init ] --END-- [ RunTime:0.000496s ]
INFO: [ app_begin ] --START--
INFO: Run Behavior\ReadHtmlCacheBehavior [ RunTime:0.000813s ]
INFO: Run Behavior\CheckLangBehavior [ RunTime:0.002693s ]
INFO: [ app_begin ] --END-- [ RunTime:0.003623s ]
SQL: SHOW COLUMNS FROM `btc_admin` [ RunTime:0.0099s ]
SQL: SELECT COUNT(*) AS tp_count FROM `btc_admin` WHERE `user_name` = 'admin001' AND `pass_word` = '4192d21d2e09a8f2b97c5467e8e5d3ce' LIMIT 1   [ RunTime:0.0005s ]
SQL: SELECT `admin_id` FROM `btc_admin` WHERE `user_name` = 'admin001' LIMIT 1   [ RunTime:0.0003s ]
INFO: [ view_parse ] --START--
INFO: [ template_filter ] --START--
INFO: Run Behavior\ContentReplaceBehavior [ RunTime:0.000060s ]
INFO: [ template_filter ] --END-- [ RunTime:0.000101s ]
NOTIC: [8] Use of undefined constant Trade - assumed 'Trade' D:\phpStudy\WWW\btc\pc\Application\Runtime\Cache\Admin\e05faeea1411cb6288395d96ebea5c46.php 第 65 行.
NOTIC: [8] Use of undefined constant SellUpdate - assumed 'SellUpdate' D:\phpStudy\WWW\btc\pc\Application\Runtime\Cache\Admin\e05faeea1411cb6288395d96ebea5c46.php 第 91 行.
NOTIC: [8] Use of undefined constant BuyUpdate - assumed 'BuyUpdate' D:\phpStudy\WWW\btc\pc\Application\Runtime\Cache\Admin\e05faeea1411cb6288395d96ebea5c46.php 第 106 行.
INFO: Run Behavior\ParseTemplateBehavior [ RunTime:0.009530s ]
INFO: [ view_parse ] --END-- [ RunTime:0.009636s ]
INFO: [ view_filter ] --START--
INFO: Run Behavior\WriteHtmlCacheBehavior [ RunTime:0.000761s ]
INFO: [ view_filter ] --END-- [ RunTime:0.000827s ]
INFO: [ app_end ] --START--
INFO: Run Behavior\ShowPageTraceBehavior [ RunTime:0.000850s ]
INFO: [ app_end ] --END-- [ RunTime:0.000894s ]

[ 2019-04-11T22:00:53+08:00 ] 127.0.0.1 /Admin/Trade/Trade.html
INFO: [ app_init ] --START--
INFO: Run Behavior\BuildLiteBehavior [ RunTime:0.000013s ]
INFO: [ app_init ] --END-- [ RunTime:0.000467s ]
INFO: [ app_begin ] --START--
INFO: Run Behavior\ReadHtmlCacheBehavior [ RunTime:0.001093s ]
INFO: Run Behavior\CheckLangBehavior [ RunTime:0.003559s ]
INFO: [ app_begin ] --END-- [ RunTime:0.004792s ]
SQL: SHOW COLUMNS FROM `btc_admin` [ RunTime:0.0085s ]
SQL: SELECT COUNT(*) AS tp_count FROM `btc_admin` WHERE `user_name` = 'admin001' AND `pass_word` = '4192d21d2e09a8f2b97c5467e8e5d3ce' LIMIT 1   [ RunTime:0.0003s ]
SQL: SELECT `admin_id` FROM `btc_admin` WHERE `user_name` = 'admin001' LIMIT 1   [ RunTime:0.0002s ]
SQL: SHOW COLUMNS FROM `btc_home_info` [ RunTime:0.0089s ]
SQL: SELECT * FROM `btc_home_info` WHERE `id` = '10000000000000000000000000000000'  [ RunTime:0.0003s ]
NOTIC: [8] Undefined index: create_time D:\phpStudy\WWW\btc\pc\Application\Admin\Controller\TradeController.class.php 第 89 行.
NOTIC: [8] Undefined index: type D:\phpStudy\WWW\btc\pc\Application\Admin\Controller\TradeController.class.php 第 91 行.
NOTIC: [8192] Non-static method StatusCode::code() should not be called statically, assuming $this from incompatible context D:\phpStudy\WWW\btc\pc\Application\Admin\Controller\TradeController.class.php 第 30 行.

[ 2019-04-11T22:01:24+08:00 ] 127.0.0.1 /Admin/Trade/SellUpdate.html
INFO: [ app_init ] --START--
INFO: Run Behavior\BuildLiteBehavior [ RunTime:0.000014s ]
INFO: [ app_init ] --END-- [ RunTime:0.000474s ]
INFO: [ app_begin ] --START--
INFO: Run Behavior\ReadHtmlCacheBehavior [ RunTime:0.000557s ]
INFO: Run Behavior\CheckLangBehavior [ RunTime:0.001611s ]
INFO: [ app_begin ] --END-- [ RunTime:0.002249s ]
SQL: SHOW COLUMNS FROM `btc_admin` [ RunTime:0.0100s ]
SQL: SELECT COUNT(*) AS tp_count FROM `btc_admin` WHERE `user_name` = 'admin001' AND `pass_word` = '4192d21d2e09a8f2b97c5467e8e5d3ce' LIMIT 1   [ RunTime:0.0003s ]
SQL: SELECT `admin_id` FROM `btc_admin` WHERE `user_name` = 'admin001' LIMIT 1   [ RunTime:0.0002s ]
INFO: [ view_parse ] --START--
INFO: [ template_filter ] --START--
INFO: Run Behavior\ContentReplaceBehavior [ RunTime:0.000066s ]
INFO: [ template_filter ] --END-- [ RunTime:0.000108s ]
NOTIC: [8] Use of undefined constant Trade - assumed 'Trade' D:\phpStudy\WWW\btc\pc\Application\Runtime\Cache\Admin\c299f75b2c33e397010e292d271700ae.php 第 61 行.
NOTIC: [8] Use of undefined constant tradeUpdate - assumed 'tradeUpdate' D:\phpStudy\WWW\btc\pc\Application\Runtime\Cache\Admin\c299f75b2c33e397010e292d271700ae.php 第 90 行.
INFO: Run Behavior\ParseTemplateBehavior [ RunTime:0.010079s ]
INFO: [ view_parse ] --END-- [ RunTime:0.010133s ]
INFO: [ view_filter ] --START--
INFO: Run Behavior\WriteHtmlCacheBehavior [ RunTime:0.000453s ]
INFO: [ view_filter ] --END-- [ RunTime:0.000485s ]
INFO: [ app_end ] --START--
INFO: Run Behavior\ShowPageTraceBehavior [ RunTime:0.000591s ]
INFO: [ app_end ] --END-- [ RunTime:0.000619s ]

[ 2019-04-11T22:01:28+08:00 ] 127.0.0.1 /Admin/Trade/Trade.html
INFO: [ app_init ] --START--
INFO: Run Behavior\BuildLiteBehavior [ RunTime:0.000012s ]
INFO: [ app_init ] --END-- [ RunTime:0.000412s ]
INFO: [ app_begin ] --START--
INFO: Run Behavior\ReadHtmlCacheBehavior [ RunTime:0.000483s ]
INFO: Run Behavior\CheckLangBehavior [ RunTime:0.001582s ]
INFO: [ app_begin ] --END-- [ RunTime:0.002130s ]
SQL: SHOW COLUMNS FROM `btc_admin` [ RunTime:0.0088s ]
SQL: SELECT COUNT(*) AS tp_count FROM `btc_admin` WHERE `user_name` = 'admin001' AND `pass_word` = '4192d21d2e09a8f2b97c5467e8e5d3ce' LIMIT 1   [ RunTime:0.0003s ]
SQL: SELECT `admin_id` FROM `btc_admin` WHERE `user_name` = 'admin001' LIMIT 1   [ RunTime:0.0002s ]
SQL: SHOW COLUMNS FROM `btc_home_info` [ RunTime:0.0094s ]
SQL: SELECT * FROM `btc_home_info` WHERE `id` = '10000000000000000000000000000000'  [ RunTime:0.0004s ]
NOTIC: [8] Undefined index: create_time D:\phpStudy\WWW\btc\pc\Application\Admin\Controller\TradeController.class.php 第 89 行.
NOTIC: [8] Undefined index: type D:\phpStudy\WWW\btc\pc\Application\Admin\Controller\TradeController.class.php 第 91 行.
NOTIC: [8192] Non-static method StatusCode::code() should not be called statically, assuming $this from incompatible context D:\phpStudy\WWW\btc\pc\Application\Admin\Controller\TradeController.class.php 第 30 行.

[ 2019-04-11T22:01:33+08:00 ] 127.0.0.1 /Admin/Trade/tradeUpdate.html
INFO: [ app_init ] --START--
INFO: Run Behavior\BuildLiteBehavior [ RunTime:0.000016s ]
INFO: [ app_init ] --END-- [ RunTime:0.000496s ]
INFO: [ app_begin ] --START--
INFO: Run Behavior\ReadHtmlCacheBehavior [ RunTime:0.000709s ]
INFO: Run Behavior\CheckLangBehavior [ RunTime:0.002682s ]
INFO: [ app_begin ] --END-- [ RunTime:0.003499s ]
SQL: SHOW COLUMNS FROM `btc_admin` [ RunTime:0.0098s ]
SQL: SELECT COUNT(*) AS tp_count FROM `btc_admin` WHERE `user_name` = 'admin001' AND `pass_word` = '4192d21d2e09a8f2b97c5467e8e5d3ce' LIMIT 1   [ RunTime:0.0003s ]
SQL: SELECT `admin_id` FROM `btc_admin` WHERE `user_name` = 'admin001' LIMIT 1   [ RunTime:0.0002s ]
NOTIC: [8192] Non-static method Common::verifyMd5() should not be called statically, assuming $this from incompatible context D:\phpStudy\WWW\btc\pc\Application\Admin\Controller\TradeController.class.php 第 54 行.
SQL: SHOW COLUMNS FROM `btc_home_info` [ RunTime:0.0100s ]
NOTIC: [8] Undefined index: validate D:\phpStudy\WWW\btc\pc\ThinkPHP\Library\Think\Model.class.php 第 1185 行.
NOTIC: [8] Undefined index: auto D:\phpStudy\WWW\btc\pc\ThinkPHP\Library\Think\Model.class.php 第 1128 行.
SQL: UPDATE `btc_home_info` SET `sell_float`='52',`id`='10000000000000000000000000000000' WHERE `id` = '10000000000000000000000000000000' [ RunTime:0.0017s ]
NOTIC: [8192] Non-static method StatusCode::code() should not be called statically, assuming $this from incompatible context D:\phpStudy\WWW\btc\pc\Application\Admin\Controller\TradeController.class.php 第 76 行.

[ 2019-04-11T22:01:37+08:00 ] 127.0.0.1 /Admin/Trade/BuyUpdate.html
INFO: [ app_init ] --START--
INFO: Run Behavior\BuildLiteBehavior [ RunTime:0.000015s ]
INFO: [ app_init ] --END-- [ RunTime:0.000474s ]
INFO: [ app_begin ] --START--
INFO: Run Behavior\ReadHtmlCacheBehavior [ RunTime:0.000583s ]
INFO: Run Behavior\CheckLangBehavior [ RunTime:0.001698s ]
INFO: [ app_begin ] --END-- [ RunTime:0.002364s ]
SQL: SHOW COLUMNS FROM `btc_admin` [ RunTime:0.0090s ]
SQL: SELECT COUNT(*) AS tp_count FROM `btc_admin` WHERE `user_name` = 'admin001' AND `pass_word` = '4192d21d2e09a8f2b97c5467e8e5d3ce' LIMIT 1   [ RunTime:0.0004s ]
SQL: SELECT `admin_id` FROM `btc_admin` WHERE `user_name` = 'admin001' LIMIT 1   [ RunTime:0.0003s ]
INFO: [ view_parse ] --START--
INFO: [ template_filter ] --START--
INFO: Run Behavior\ContentReplaceBehavior [ RunTime:0.000100s ]
INFO: [ template_filter ] --END-- [ RunTime:0.000167s ]
NOTIC: [8] Use of undefined constant Trade - assumed 'Trade' D:\phpStudy\WWW\btc\pc\Application\Runtime\Cache\Admin\cb77ed99b375c00750303262c4f045ea.php 第 61 行.
NOTIC: [8] Use of undefined constant tradeUpdate - assumed 'tradeUpdate' D:\phpStudy\WWW\btc\pc\Application\Runtime\Cache\Admin\cb77ed99b375c00750303262c4f045ea.php 第 91 行.
INFO: Run Behavior\ParseTemplateBehavior [ RunTime:0.012005s ]
INFO: [ view_parse ] --END-- [ RunTime:0.012071s ]
INFO: [ view_filter ] --START--
INFO: Run Behavior\WriteHtmlCacheBehavior [ RunTime:0.000628s ]
INFO: [ view_filter ] --END-- [ RunTime:0.000669s ]
INFO: [ app_end ] --START--
INFO: Run Behavior\ShowPageTraceBehavior [ RunTime:0.000887s ]
INFO: [ app_end ] --END-- [ RunTime:0.000933s ]

[ 2019-04-11T22:01:41+08:00 ] 127.0.0.1 /Admin/Trade/Trade.html
INFO: [ app_init ] --START--
INFO: Run Behavior\BuildLiteBehavior [ RunTime:0.000010s ]
INFO: [ app_init ] --END-- [ RunTime:0.000317s ]
INFO: [ app_begin ] --START--
INFO: Run Behavior\ReadHtmlCacheBehavior [ RunTime:0.000403s ]
INFO: Run Behavior\CheckLangBehavior [ RunTime:0.001546s ]
INFO: [ app_begin ] --END-- [ RunTime:0.002006s ]
SQL: SHOW COLUMNS FROM `btc_admin` [ RunTime:0.0084s ]
SQL: SELECT COUNT(*) AS tp_count FROM `btc_admin` WHERE `user_name` = 'admin001' AND `pass_word` = '4192d21d2e09a8f2b97c5467e8e5d3ce' LIMIT 1   [ RunTime:0.0004s ]
SQL: SELECT `admin_id` FROM `btc_admin` WHERE `user_name` = 'admin001' LIMIT 1   [ RunTime:0.0002s ]
SQL: SHOW COLUMNS FROM `btc_home_info` [ RunTime:0.0096s ]
SQL: SELECT * FROM `btc_home_info` WHERE `id` = '10000000000000000000000000000000'  [ RunTime:0.0004s ]
NOTIC: [8] Undefined index: create_time D:\phpStudy\WWW\btc\pc\Application\Admin\Controller\TradeController.class.php 第 89 行.
NOTIC: [8] Undefined index: type D:\phpStudy\WWW\btc\pc\Application\Admin\Controller\TradeController.class.php 第 91 行.
NOTIC: [8192] Non-static method StatusCode::code() should not be called statically, assuming $this from incompatible context D:\phpStudy\WWW\btc\pc\Application\Admin\Controller\TradeController.class.php 第 30 行.

[ 2019-04-11T22:01:48+08:00 ] 127.0.0.1 /Admin/Trade/tradeUpdate.html
INFO: [ app_init ] --START--
INFO: Run Behavior\BuildLiteBehavior [ RunTime:0.000012s ]
INFO: [ app_init ] --END-- [ RunTime:0.000344s ]
INFO: [ app_begin ] --START--
INFO: Run Behavior\ReadHtmlCacheBehavior [ RunTime:0.000646s ]
INFO: Run Behavior\CheckLangBehavior [ RunTime:0.002856s ]
INFO: [ app_begin ] --END-- [ RunTime:0.003608s ]
SQL: SHOW COLUMNS FROM `btc_admin` [ RunTime:0.0097s ]
SQL: SELECT COUNT(*) AS tp_count FROM `btc_admin` WHERE `user_name` = 'admin001' AND `pass_word` = '4192d21d2e09a8f2b97c5467e8e5d3ce' LIMIT 1   [ RunTime:0.0004s ]
SQL: SELECT `admin_id` FROM `btc_admin` WHERE `user_name` = 'admin001' LIMIT 1   [ RunTime:0.0003s ]
NOTIC: [8192] Non-static method Common::verifyMd5() should not be called statically, assuming $this from incompatible context D:\phpStudy\WWW\btc\pc\Application\Admin\Controller\TradeController.class.php 第 47 行.
SQL: SHOW COLUMNS FROM `btc_home_info` [ RunTime:0.0070s ]
NOTIC: [8] Undefined index: validate D:\phpStudy\WWW\btc\pc\ThinkPHP\Library\Think\Model.class.php 第 1185 行.
NOTIC: [8] Undefined index: auto D:\phpStudy\WWW\btc\pc\ThinkPHP\Library\Think\Model.class.php 第 1128 行.
SQL: UPDATE `btc_home_info` SET `buy_float`='82',`id`='10000000000000000000000000000000' WHERE `id` = '10000000000000000000000000000000' [ RunTime:0.0027s ]
NOTIC: [8192] Non-static method StatusCode::code() should not be called statically, assuming $this from incompatible context D:\phpStudy\WWW\btc\pc\Application\Admin\Controller\TradeController.class.php 第 76 行.

[ 2019-04-11T22:01:54+08:00 ] 127.0.0.1 /Admin/Trade/TradeList.html
INFO: [ app_init ] --START--
INFO: Run Behavior\BuildLiteBehavior [ RunTime:0.000014s ]
INFO: [ app_init ] --END-- [ RunTime:0.000454s ]
INFO: [ app_begin ] --START--
INFO: Run Behavior\ReadHtmlCacheBehavior [ RunTime:0.000596s ]
INFO: Run Behavior\CheckLangBehavior [ RunTime:0.003821s ]
INFO: [ app_begin ] --END-- [ RunTime:0.004536s ]
SQL: SHOW COLUMNS FROM `btc_admin` [ RunTime:0.0084s ]
SQL: SELECT COUNT(*) AS tp_count FROM `btc_admin` WHERE `user_name` = 'admin001' AND `pass_word` = '4192d21d2e09a8f2b97c5467e8e5d3ce' LIMIT 1   [ RunTime:0.0003s ]
SQL: SELECT `admin_id` FROM `btc_admin` WHERE `user_name` = 'admin001' LIMIT 1   [ RunTime:0.0002s ]
INFO: [ view_parse ] --START--
INFO: [ template_filter ] --START--
INFO: Run Behavior\ContentReplaceBehavior [ RunTime:0.000061s ]
INFO: [ template_filter ] --END-- [ RunTime:0.000107s ]
NOTIC: [8] Use of undefined constant Trade - assumed 'Trade' D:\phpStudy\WWW\btc\pc\Application\Runtime\Cache\Admin\e05faeea1411cb6288395d96ebea5c46.php 第 65 行.
NOTIC: [8] Use of undefined constant SellUpdate - assumed 'SellUpdate' D:\phpStudy\WWW\btc\pc\Application\Runtime\Cache\Admin\e05faeea1411cb6288395d96ebea5c46.php 第 91 行.
NOTIC: [8] Use of undefined constant BuyUpdate - assumed 'BuyUpdate' D:\phpStudy\WWW\btc\pc\Application\Runtime\Cache\Admin\e05faeea1411cb6288395d96ebea5c46.php 第 106 行.
INFO: Run Behavior\ParseTemplateBehavior [ RunTime:0.008206s ]
INFO: [ view_parse ] --END-- [ RunTime:0.008254s ]
INFO: [ view_filter ] --START--
INFO: Run Behavior\WriteHtmlCacheBehavior [ RunTime:0.000660s ]
INFO: [ view_filter ] --END-- [ RunTime:0.000705s ]
INFO: [ app_end ] --START--
INFO: Run Behavior\ShowPageTraceBehavior [ RunTime:0.000853s ]
INFO: [ app_end ] --END-- [ RunTime:0.000896s ]

[ 2019-04-11T22:02:00+08:00 ] 127.0.0.1 /Admin/Trade/Trade.html
INFO: [ app_init ] --START--
INFO: Run Behavior\BuildLiteBehavior [ RunTime:0.000011s ]
INFO: [ app_init ] --END-- [ RunTime:0.000334s ]
INFO: [ app_begin ] --START--
INFO: Run Behavior\ReadHtmlCacheBehavior [ RunTime:0.000407s ]
INFO: Run Behavior\CheckLangBehavior [ RunTime:0.001660s ]
INFO: [ app_begin ] --END-- [ RunTime:0.002129s ]
SQL: SHOW COLUMNS FROM `btc_admin` [ RunTime:0.0102s ]
SQL: SELECT COUNT(*) AS tp_count FROM `btc_admin` WHERE `user_name` = 'admin001' AND `pass_word` = '4192d21d2e09a8f2b97c5467e8e5d3ce' LIMIT 1   [ RunTime:0.0003s ]
SQL: SELECT `admin_id` FROM `btc_admin` WHERE `user_name` = 'admin001' LIMIT 1   [ RunTime:0.0002s ]
SQL: SHOW COLUMNS FROM `btc_home_info` [ RunTime:0.0097s ]
SQL: SELECT * FROM `btc_home_info` WHERE `id` = '10000000000000000000000000000000'  [ RunTime:0.0004s ]
NOTIC: [8] Undefined index: create_time D:\phpStudy\WWW\btc\pc\Application\Admin\Controller\TradeController.class.php 第 89 行.
NOTIC: [8] Undefined index: type D:\phpStudy\WWW\btc\pc\Application\Admin\Controller\TradeController.class.php 第 91 行.
NOTIC: [8192] Non-static method StatusCode::code() should not be called statically, assuming $this from incompatible context D:\phpStudy\WWW\btc\pc\Application\Admin\Controller\TradeController.class.php 第 30 行.

[ 2019-04-11T22:06:28+08:00 ] 127.0.0.1 /Admin/Index
INFO: [ app_init ] --START--
INFO: Run Behavior\BuildLiteBehavior [ RunTime:0.000011s ]
INFO: [ app_init ] --END-- [ RunTime:0.000311s ]
INFO: [ app_begin ] --START--
INFO: Run Behavior\ReadHtmlCacheBehavior [ RunTime:0.000512s ]
INFO: Run Behavior\CheckLangBehavior [ RunTime:0.002802s ]
INFO: [ app_begin ] --END-- [ RunTime:0.003416s ]
SQL: SHOW COLUMNS FROM `btc_admin` [ RunTime:0.0094s ]
SQL: SELECT COUNT(*) AS tp_count FROM `btc_admin` WHERE `user_name` = 'admin001' AND `pass_word` = '4192d21d2e09a8f2b97c5467e8e5d3ce' LIMIT 1   [ RunTime:0.0003s ]
SQL: SELECT `admin_id` FROM `btc_admin` WHERE `user_name` = 'admin001' LIMIT 1   [ RunTime:0.0002s ]
INFO: [ view_parse ] --START--
INFO: [ template_filter ] --START--
INFO: Run Behavior\ContentReplaceBehavior [ RunTime:0.000206s ]
INFO: [ template_filter ] --END-- [ RunTime:0.000258s ]
INFO: Run Behavior\ParseTemplateBehavior [ RunTime:0.019757s ]
INFO: [ view_parse ] --END-- [ RunTime:0.019820s ]
INFO: [ view_filter ] --START--
INFO: Run Behavior\WriteHtmlCacheBehavior [ RunTime:0.000708s ]
INFO: [ view_filter ] --END-- [ RunTime:0.000749s ]
INFO: [ app_end ] --START--
INFO: Run Behavior\ShowPageTraceBehavior [ RunTime:0.000876s ]
INFO: [ app_end ] --END-- [ RunTime:0.000925s ]

[ 2019-04-11T22:06:41+08:00 ] 127.0.0.1 /Admin/Index/identity
INFO: [ app_init ] --START--
INFO: Run Behavior\BuildLiteBehavior [ RunTime:0.000015s ]
INFO: [ app_init ] --END-- [ RunTime:0.000493s ]
INFO: [ app_begin ] --START--
INFO: Run Behavior\ReadHtmlCacheBehavior [ RunTime:0.000699s ]
INFO: Run Behavior\CheckLangBehavior [ RunTime:0.003017s ]
INFO: [ app_begin ] --END-- [ RunTime:0.003818s ]
SQL: SHOW COLUMNS FROM `btc_admin` [ RunTime:0.0094s ]
SQL: SELECT COUNT(*) AS tp_count FROM `btc_admin` WHERE `user_name` = 'admin001' AND `pass_word` = '4192d21d2e09a8f2b97c5467e8e5d3ce' LIMIT 1   [ RunTime:0.0003s ]
SQL: SELECT `admin_id` FROM `btc_admin` WHERE `user_name` = 'admin001' LIMIT 1   [ RunTime:0.0002s ]
SQL: SELECT `identity` FROM `btc_admin` WHERE `admin_id` = 'admin001'  [ RunTime:0.0002s ]
NOTIC: [8192] Non-static method StatusCode::code() should not be called statically, assuming $this from incompatible context D:\phpStudy\WWW\btc\pc\Application\Admin\Controller\IndexController.class.php 第 111 行.

[ 2019-04-11T22:06:43+08:00 ] 127.0.0.1 /Admin/Index/init
INFO: [ app_init ] --START--
INFO: Run Behavior\BuildLiteBehavior [ RunTime:0.000015s ]
INFO: [ app_init ] --END-- [ RunTime:0.000346s ]
INFO: [ app_begin ] --START--
INFO: Run Behavior\ReadHtmlCacheBehavior [ RunTime:0.000422s ]
INFO: Run Behavior\CheckLangBehavior [ RunTime:0.001550s ]
INFO: [ app_begin ] --END-- [ RunTime:0.002032s ]
SQL: SHOW COLUMNS FROM `btc_admin` [ RunTime:0.0090s ]
SQL: SELECT COUNT(*) AS tp_count FROM `btc_admin` WHERE `user_name` = 'admin001' AND `pass_word` = '4192d21d2e09a8f2b97c5467e8e5d3ce' LIMIT 1   [ RunTime:0.0003s ]
SQL: SELECT `admin_id` FROM `btc_admin` WHERE `user_name` = 'admin001' LIMIT 1   [ RunTime:0.0002s ]
SQL: SHOW COLUMNS FROM `btc_up_order` [ RunTime:0.0087s ]
SQL: SELECT COUNT(*) AS tp_count FROM `btc_up_order` WHERE `is_deleted` = 0 AND `status` = 0 LIMIT 1   [ RunTime:0.0004s ]
NOTIC: [8192] Non-static method StatusCode::code() should not be called statically, assuming $this from incompatible context D:\phpStudy\WWW\btc\pc\Application\Admin\Controller\IndexController.class.php 第 95 行.

[ 2019-04-11T22:06:56+08:00 ] 127.0.0.1 /Admin/Trade/TradeList.html
INFO: [ app_init ] --START--
INFO: Run Behavior\BuildLiteBehavior [ RunTime:0.000014s ]
INFO: [ app_init ] --END-- [ RunTime:0.000456s ]
INFO: [ app_begin ] --START--
INFO: Run Behavior\ReadHtmlCacheBehavior [ RunTime:0.000588s ]
INFO: Run Behavior\CheckLangBehavior [ RunTime:0.002741s ]
INFO: [ app_begin ] --END-- [ RunTime:0.003440s ]
SQL: SHOW COLUMNS FROM `btc_admin` [ RunTime:0.0098s ]
SQL: SELECT COUNT(*) AS tp_count FROM `btc_admin` WHERE `user_name` = 'admin001' AND `pass_word` = '4192d21d2e09a8f2b97c5467e8e5d3ce' LIMIT 1   [ RunTime:0.0003s ]
SQL: SELECT `admin_id` FROM `btc_admin` WHERE `user_name` = 'admin001' LIMIT 1   [ RunTime:0.0002s ]
INFO: [ view_parse ] --START--
INFO: [ template_filter ] --START--
INFO: Run Behavior\ContentReplaceBehavior [ RunTime:0.000097s ]
INFO: [ template_filter ] --END-- [ RunTime:0.000159s ]
NOTIC: [8] Use of undefined constant Trade - assumed 'Trade' D:\phpStudy\WWW\btc\pc\Application\Runtime\Cache\Admin\e05faeea1411cb6288395d96ebea5c46.php 第 65 行.
NOTIC: [8] Use of undefined constant SellUpdate - assumed 'SellUpdate' D:\phpStudy\WWW\btc\pc\Application\Runtime\Cache\Admin\e05faeea1411cb6288395d96ebea5c46.php 第 91 行.
NOTIC: [8] Use of undefined constant BuyUpdate - assumed 'BuyUpdate' D:\phpStudy\WWW\btc\pc\Application\Runtime\Cache\Admin\e05faeea1411cb6288395d96ebea5c46.php 第 106 行.
INFO: Run Behavior\ParseTemplateBehavior [ RunTime:0.013327s ]
INFO: [ view_parse ] --END-- [ RunTime:0.013383s ]
INFO: [ view_filter ] --START--
INFO: Run Behavior\WriteHtmlCacheBehavior [ RunTime:0.000646s ]
INFO: [ view_filter ] --END-- [ RunTime:0.000690s ]
INFO: [ app_end ] --START--
INFO: Run Behavior\ShowPageTraceBehavior [ RunTime:0.000855s ]
INFO: [ app_end ] --END-- [ RunTime:0.000908s ]

[ 2019-04-11T22:07:02+08:00 ] 127.0.0.1 /Admin/Trade/Trade.html
INFO: [ app_init ] --START--
INFO: Run Behavior\BuildLiteBehavior [ RunTime:0.000014s ]
INFO: [ app_init ] --END-- [ RunTime:0.000465s ]
INFO: [ app_begin ] --START--
INFO: Run Behavior\ReadHtmlCacheBehavior [ RunTime:0.000564s ]
INFO: Run Behavior\CheckLangBehavior [ RunTime:0.001568s ]
INFO: [ app_begin ] --END-- [ RunTime:0.002200s ]
SQL: SHOW COLUMNS FROM `btc_admin` [ RunTime:0.0079s ]
SQL: SELECT COUNT(*) AS tp_count FROM `btc_admin` WHERE `user_name` = 'admin001' AND `pass_word` = '4192d21d2e09a8f2b97c5467e8e5d3ce' LIMIT 1   [ RunTime:0.0004s ]
SQL: SELECT `admin_id` FROM `btc_admin` WHERE `user_name` = 'admin001' LIMIT 1   [ RunTime:0.0002s ]
SQL: SHOW COLUMNS FROM `btc_home_info` [ RunTime:0.0098s ]
SQL: SELECT * FROM `btc_home_info` WHERE `id` = '10000000000000000000000000000000'  [ RunTime:0.0004s ]
NOTIC: [8] Undefined index: create_time D:\phpStudy\WWW\btc\pc\Application\Admin\Controller\TradeController.class.php 第 89 行.
NOTIC: [8] Undefined index: type D:\phpStudy\WWW\btc\pc\Application\Admin\Controller\TradeController.class.php 第 91 行.
NOTIC: [8192] Non-static method StatusCode::code() should not be called statically, assuming $this from incompatible context D:\phpStudy\WWW\btc\pc\Application\Admin\Controller\TradeController.class.php 第 30 行.

[ 2019-04-11T22:35:18+08:00 ] 127.0.0.1 /Admin/Trade/SellUpdate.html
INFO: [ app_init ] --START--
INFO: Run Behavior\BuildLiteBehavior [ RunTime:0.000013s ]
INFO: [ app_init ] --END-- [ RunTime:0.000445s ]
INFO: [ app_begin ] --START--
INFO: Run Behavior\ReadHtmlCacheBehavior [ RunTime:0.000603s ]
INFO: Run Behavior\CheckLangBehavior [ RunTime:0.002641s ]
INFO: [ app_begin ] --END-- [ RunTime:0.003345s ]
SQL: SHOW COLUMNS FROM `btc_admin` [ RunTime:0.0103s ]
SQL: SELECT COUNT(*) AS tp_count FROM `btc_admin` WHERE `user_name` = 'admin001' AND `pass_word` = '4192d21d2e09a8f2b97c5467e8e5d3ce' LIMIT 1   [ RunTime:0.0004s ]
SQL: SELECT `admin_id` FROM `btc_admin` WHERE `user_name` = 'admin001' LIMIT 1   [ RunTime:0.0002s ]
INFO: [ view_parse ] --START--
INFO: [ template_filter ] --START--
INFO: Run Behavior\ContentReplaceBehavior [ RunTime:0.000095s ]
INFO: [ template_filter ] --END-- [ RunTime:0.000142s ]
NOTIC: [8] Use of undefined constant Trade - assumed 'Trade' D:\phpStudy\WWW\btc\pc\Application\Runtime\Cache\Admin\c299f75b2c33e397010e292d271700ae.php 第 61 行.
NOTIC: [8] Use of undefined constant tradeUpdate - assumed 'tradeUpdate' D:\phpStudy\WWW\btc\pc\Application\Runtime\Cache\Admin\c299f75b2c33e397010e292d271700ae.php 第 90 行.
INFO: Run Behavior\ParseTemplateBehavior [ RunTime:0.018800s ]
INFO: [ view_parse ] --END-- [ RunTime:0.018848s ]
INFO: [ view_filter ] --START--
INFO: Run Behavior\WriteHtmlCacheBehavior [ RunTime:0.000463s ]
INFO: [ view_filter ] --END-- [ RunTime:0.000491s ]
INFO: [ app_end ] --START--
INFO: Run Behavior\ShowPageTraceBehavior [ RunTime:0.000595s ]
INFO: [ app_end ] --END-- [ RunTime:0.000623s ]

[ 2019-04-11T22:35:22+08:00 ] 127.0.0.1 /Admin/Trade/Trade.html
INFO: [ app_init ] --START--
INFO: Run Behavior\BuildLiteBehavior [ RunTime:0.000015s ]
INFO: [ app_init ] --END-- [ RunTime:0.000388s ]
INFO: [ app_begin ] --START--
INFO: Run Behavior\ReadHtmlCacheBehavior [ RunTime:0.000657s ]
INFO: Run Behavior\CheckLangBehavior [ RunTime:0.002359s ]
INFO: [ app_begin ] --END-- [ RunTime:0.003102s ]
SQL: SHOW COLUMNS FROM `btc_admin` [ RunTime:0.0075s ]
SQL: SELECT COUNT(*) AS tp_count FROM `btc_admin` WHERE `user_name` = 'admin001' AND `pass_word` = '4192d21d2e09a8f2b97c5467e8e5d3ce' LIMIT 1   [ RunTime:0.0003s ]
SQL: SELECT `admin_id` FROM `btc_admin` WHERE `user_name` = 'admin001' LIMIT 1   [ RunTime:0.0002s ]
SQL: SHOW COLUMNS FROM `btc_home_info` [ RunTime:0.0098s ]
SQL: SELECT * FROM `btc_home_info` WHERE `id` = '10000000000000000000000000000000'  [ RunTime:0.0003s ]
NOTIC: [8] Undefined index: create_time D:\phpStudy\WWW\btc\pc\Application\Admin\Controller\TradeController.class.php 第 89 行.
NOTIC: [8] Undefined index: type D:\phpStudy\WWW\btc\pc\Application\Admin\Controller\TradeController.class.php 第 91 行.
NOTIC: [8192] Non-static method StatusCode::code() should not be called statically, assuming $this from incompatible context D:\phpStudy\WWW\btc\pc\Application\Admin\Controller\TradeController.class.php 第 30 行.

[ 2019-04-11T22:35:36+08:00 ] 127.0.0.1 /Admin/Trade/tradeUpdate.html
INFO: [ app_init ] --START--
INFO: Run Behavior\BuildLiteBehavior [ RunTime:0.000015s ]
INFO: [ app_init ] --END-- [ RunTime:0.000453s ]
INFO: [ app_begin ] --START--
INFO: Run Behavior\ReadHtmlCacheBehavior [ RunTime:0.000987s ]
INFO: Run Behavior\CheckLangBehavior [ RunTime:0.002737s ]
INFO: [ app_begin ] --END-- [ RunTime:0.003828s ]
SQL: SHOW COLUMNS FROM `btc_admin` [ RunTime:0.0100s ]
SQL: SELECT COUNT(*) AS tp_count FROM `btc_admin` WHERE `user_name` = 'admin001' AND `pass_word` = '4192d21d2e09a8f2b97c5467e8e5d3ce' LIMIT 1   [ RunTime:0.0003s ]
SQL: SELECT `admin_id` FROM `btc_admin` WHERE `user_name` = 'admin001' LIMIT 1   [ RunTime:0.0002s ]
NOTIC: [8192] Non-static method Common::verifyMd5() should not be called statically, assuming $this from incompatible context D:\phpStudy\WWW\btc\pc\Application\Admin\Controller\TradeController.class.php 第 54 行.
SQL: SHOW COLUMNS FROM `btc_home_info` [ RunTime:0.0100s ]
NOTIC: [8] Undefined index: validate D:\phpStudy\WWW\btc\pc\ThinkPHP\Library\Think\Model.class.php 第 1185 行.
NOTIC: [8] Undefined index: auto D:\phpStudy\WWW\btc\pc\ThinkPHP\Library\Think\Model.class.php 第 1128 行.
SQL: UPDATE `btc_home_info` SET `sell_float`='0.0052',`id`='10000000000000000000000000000000' WHERE `id` = '10000000000000000000000000000000' [ RunTime:0.0020s ]
NOTIC: [8192] Non-static method StatusCode::code() should not be called statically, assuming $this from incompatible context D:\phpStudy\WWW\btc\pc\Application\Admin\Controller\TradeController.class.php 第 76 行.

[ 2019-04-11T22:35:42+08:00 ] 127.0.0.1 /Admin/Trade/TradeList.html
INFO: [ app_init ] --START--
INFO: Run Behavior\BuildLiteBehavior [ RunTime:0.000013s ]
INFO: [ app_init ] --END-- [ RunTime:0.000446s ]
INFO: [ app_begin ] --START--
INFO: Run Behavior\ReadHtmlCacheBehavior [ RunTime:0.000713s ]
INFO: Run Behavior\CheckLangBehavior [ RunTime:0.002616s ]
INFO: [ app_begin ] --END-- [ RunTime:0.003448s ]
SQL: SHOW COLUMNS FROM `btc_admin` [ RunTime:0.0106s ]
SQL: SELECT COUNT(*) AS tp_count FROM `btc_admin` WHERE `user_name` = 'admin001' AND `pass_word` = '4192d21d2e09a8f2b97c5467e8e5d3ce' LIMIT 1   [ RunTime:0.0003s ]
SQL: SELECT `admin_id` FROM `btc_admin` WHERE `user_name` = 'admin001' LIMIT 1   [ RunTime:0.0002s ]
INFO: [ view_parse ] --START--
INFO: [ template_filter ] --START--
INFO: Run Behavior\ContentReplaceBehavior [ RunTime:0.000090s ]
INFO: [ template_filter ] --END-- [ RunTime:0.000147s ]
NOTIC: [8] Use of undefined constant Trade - assumed 'Trade' D:\phpStudy\WWW\btc\pc\Application\Runtime\Cache\Admin\e05faeea1411cb6288395d96ebea5c46.php 第 65 行.
NOTIC: [8] Use of undefined constant SellUpdate - assumed 'SellUpdate' D:\phpStudy\WWW\btc\pc\Application\Runtime\Cache\Admin\e05faeea1411cb6288395d96ebea5c46.php 第 91 行.
NOTIC: [8] Use of undefined constant BuyUpdate - assumed 'BuyUpdate' D:\phpStudy\WWW\btc\pc\Application\Runtime\Cache\Admin\e05faeea1411cb6288395d96ebea5c46.php 第 106 行.
INFO: Run Behavior\ParseTemplateBehavior [ RunTime:0.010725s ]
INFO: [ view_parse ] --END-- [ RunTime:0.010779s ]
INFO: [ view_filter ] --START--
INFO: Run Behavior\WriteHtmlCacheBehavior [ RunTime:0.000617s ]
INFO: [ view_filter ] --END-- [ RunTime:0.000659s ]
INFO: [ app_end ] --START--
INFO: Run Behavior\ShowPageTraceBehavior [ RunTime:0.000817s ]
INFO: [ app_end ] --END-- [ RunTime:0.000858s ]

[ 2019-04-11T22:35:46+08:00 ] 127.0.0.1 /Admin/Trade/BuyUpdate.html
INFO: [ app_init ] --START--
INFO: Run Behavior\BuildLiteBehavior [ RunTime:0.000013s ]
INFO: [ app_init ] --END-- [ RunTime:0.000440s ]
INFO: [ app_begin ] --START--
INFO: Run Behavior\ReadHtmlCacheBehavior [ RunTime:0.000435s ]
INFO: Run Behavior\CheckLangBehavior [ RunTime:0.001555s ]
INFO: [ app_begin ] --END-- [ RunTime:0.002059s ]
SQL: SHOW COLUMNS FROM `btc_admin` [ RunTime:0.0093s ]
SQL: SELECT COUNT(*) AS tp_count FROM `btc_admin` WHERE `user_name` = 'admin001' AND `pass_word` = '4192d21d2e09a8f2b97c5467e8e5d3ce' LIMIT 1   [ RunTime:0.0003s ]
SQL: SELECT `admin_id` FROM `btc_admin` WHERE `user_name` = 'admin001' LIMIT 1   [ RunTime:0.0002s ]
INFO: [ view_parse ] --START--
INFO: [ template_filter ] --START--
INFO: Run Behavior\ContentReplaceBehavior [ RunTime:0.000069s ]
INFO: [ template_filter ] --END-- [ RunTime:0.000111s ]
NOTIC: [8] Use of undefined constant Trade - assumed 'Trade' D:\phpStudy\WWW\btc\pc\Application\Runtime\Cache\Admin\cb77ed99b375c00750303262c4f045ea.php 第 61 行.
NOTIC: [8] Use of undefined constant tradeUpdate - assumed 'tradeUpdate' D:\phpStudy\WWW\btc\pc\Application\Runtime\Cache\Admin\cb77ed99b375c00750303262c4f045ea.php 第 91 行.
INFO: Run Behavior\ParseTemplateBehavior [ RunTime:0.010206s ]
INFO: [ view_parse ] --END-- [ RunTime:0.010264s ]
INFO: [ view_filter ] --START--
INFO: Run Behavior\WriteHtmlCacheBehavior [ RunTime:0.000695s ]
INFO: [ view_filter ] --END-- [ RunTime:0.000741s ]
INFO: [ app_end ] --START--
INFO: Run Behavior\ShowPageTraceBehavior [ RunTime:0.000823s ]
INFO: [ app_end ] --END-- [ RunTime:0.000864s ]

[ 2019-04-11T22:35:49+08:00 ] 127.0.0.1 /Admin/Trade/Trade.html
INFO: [ app_init ] --START--
INFO: Run Behavior\BuildLiteBehavior [ RunTime:0.000014s ]
INFO: [ app_init ] --END-- [ RunTime:0.000457s ]
INFO: [ app_begin ] --START--
INFO: Run Behavior\ReadHtmlCacheBehavior [ RunTime:0.000674s ]
INFO: Run Behavior\CheckLangBehavior [ RunTime:0.003662s ]
INFO: [ app_begin ] --END-- [ RunTime:0.004445s ]
SQL: SHOW COLUMNS FROM `btc_admin` [ RunTime:0.0102s ]
SQL: SELECT COUNT(*) AS tp_count FROM `btc_admin` WHERE `user_name` = 'admin001' AND `pass_word` = '4192d21d2e09a8f2b97c5467e8e5d3ce' LIMIT 1   [ RunTime:0.0003s ]
SQL: SELECT `admin_id` FROM `btc_admin` WHERE `user_name` = 'admin001' LIMIT 1   [ RunTime:0.0001s ]
SQL: SHOW COLUMNS FROM `btc_home_info` [ RunTime:0.0091s ]
SQL: SELECT * FROM `btc_home_info` WHERE `id` = '10000000000000000000000000000000'  [ RunTime:0.0004s ]
NOTIC: [8] Undefined index: create_time D:\phpStudy\WWW\btc\pc\Application\Admin\Controller\TradeController.class.php 第 89 行.
NOTIC: [8] Undefined index: type D:\phpStudy\WWW\btc\pc\Application\Admin\Controller\TradeController.class.php 第 91 行.
NOTIC: [8192] Non-static method StatusCode::code() should not be called statically, assuming $this from incompatible context D:\phpStudy\WWW\btc\pc\Application\Admin\Controller\TradeController.class.php 第 30 行.

[ 2019-04-11T22:35:53+08:00 ] 127.0.0.1 /Admin/Trade/BuyUpdate.html
INFO: [ app_init ] --START--
INFO: Run Behavior\BuildLiteBehavior [ RunTime:0.000014s ]
INFO: [ app_init ] --END-- [ RunTime:0.000509s ]
INFO: [ app_begin ] --START--
INFO: Run Behavior\ReadHtmlCacheBehavior [ RunTime:0.000636s ]
INFO: Run Behavior\CheckLangBehavior [ RunTime:0.002603s ]
INFO: [ app_begin ] --END-- [ RunTime:0.003342s ]
SQL: SHOW COLUMNS FROM `btc_admin` [ RunTime:0.0100s ]
SQL: SELECT COUNT(*) AS tp_count FROM `btc_admin` WHERE `user_name` = 'admin001' AND `pass_word` = '4192d21d2e09a8f2b97c5467e8e5d3ce' LIMIT 1   [ RunTime:0.0004s ]
SQL: SELECT `admin_id` FROM `btc_admin` WHERE `user_name` = 'admin001' LIMIT 1   [ RunTime:0.0002s ]
INFO: [ view_parse ] --START--
INFO: [ template_filter ] --START--
INFO: Run Behavior\ContentReplaceBehavior [ RunTime:0.000134s ]
INFO: [ template_filter ] --END-- [ RunTime:0.000211s ]
NOTIC: [8] Use of undefined constant Trade - assumed 'Trade' D:\phpStudy\WWW\btc\pc\Application\Runtime\Cache\Admin\cb77ed99b375c00750303262c4f045ea.php 第 61 行.
NOTIC: [8] Use of undefined constant tradeUpdate - assumed 'tradeUpdate' D:\phpStudy\WWW\btc\pc\Application\Runtime\Cache\Admin\cb77ed99b375c00750303262c4f045ea.php 第 91 行.
INFO: Run Behavior\ParseTemplateBehavior [ RunTime:0.012531s ]
INFO: [ view_parse ] --END-- [ RunTime:0.012593s ]
INFO: [ view_filter ] --START--
INFO: Run Behavior\WriteHtmlCacheBehavior [ RunTime:0.000635s ]
INFO: [ view_filter ] --END-- [ RunTime:0.000680s ]
INFO: [ app_end ] --START--
INFO: Run Behavior\ShowPageTraceBehavior [ RunTime:0.000855s ]
INFO: [ app_end ] --END-- [ RunTime:0.000900s ]

[ 2019-04-11T22:35:55+08:00 ] 127.0.0.1 /Admin/Trade/BuyUpdate.html
INFO: [ app_init ] --START--
INFO: Run Behavior\BuildLiteBehavior [ RunTime:0.000018s ]
INFO: [ app_init ] --END-- [ RunTime:0.000481s ]
INFO: [ app_begin ] --START--
INFO: Run Behavior\ReadHtmlCacheBehavior [ RunTime:0.000577s ]
INFO: Run Behavior\CheckLangBehavior [ RunTime:0.002100s ]
INFO: [ app_begin ] --END-- [ RunTime:0.002776s ]
SQL: SHOW COLUMNS FROM `btc_admin` [ RunTime:0.0087s ]
SQL: SELECT COUNT(*) AS tp_count FROM `btc_admin` WHERE `user_name` = 'admin001' AND `pass_word` = '4192d21d2e09a8f2b97c5467e8e5d3ce' LIMIT 1   [ RunTime:0.0003s ]
SQL: SELECT `admin_id` FROM `btc_admin` WHERE `user_name` = 'admin001' LIMIT 1   [ RunTime:0.0002s ]
INFO: [ view_parse ] --START--
INFO: [ template_filter ] --START--
INFO: Run Behavior\ContentReplaceBehavior [ RunTime:0.000069s ]
INFO: [ template_filter ] --END-- [ RunTime:0.000112s ]
NOTIC: [8] Use of undefined constant Trade - assumed 'Trade' D:\phpStudy\WWW\btc\pc\Application\Runtime\Cache\Admin\cb77ed99b375c00750303262c4f045ea.php 第 61 行.
NOTIC: [8] Use of undefined constant tradeUpdate - assumed 'tradeUpdate' D:\phpStudy\WWW\btc\pc\Application\Runtime\Cache\Admin\cb77ed99b375c00750303262c4f045ea.php 第 91 行.
INFO: Run Behavior\ParseTemplateBehavior [ RunTime:0.011960s ]
INFO: [ view_parse ] --END-- [ RunTime:0.012010s ]
INFO: [ view_filter ] --START--
INFO: Run Behavior\WriteHtmlCacheBehavior [ RunTime:0.000469s ]
INFO: [ view_filter ] --END-- [ RunTime:0.000496s ]
INFO: [ app_end ] --START--
INFO: Run Behavior\ShowPageTraceBehavior [ RunTime:0.000585s ]
INFO: [ app_end ] --END-- [ RunTime:0.000611s ]

[ 2019-04-11T22:36:01+08:00 ] 127.0.0.1 /Admin/Trade/Trade.html
INFO: [ app_init ] --START--
INFO: Run Behavior\BuildLiteBehavior [ RunTime:0.000014s ]
INFO: [ app_init ] --END-- [ RunTime:0.000480s ]
INFO: [ app_begin ] --START--
INFO: Run Behavior\ReadHtmlCacheBehavior [ RunTime:0.000797s ]
INFO: Run Behavior\CheckLangBehavior [ RunTime:0.002812s ]
INFO: [ app_begin ] --END-- [ RunTime:0.003721s ]
SQL: SHOW COLUMNS FROM `btc_admin` [ RunTime:0.0085s ]
SQL: SELECT COUNT(*) AS tp_count FROM `btc_admin` WHERE `user_name` = 'admin001' AND `pass_word` = '4192d21d2e09a8f2b97c5467e8e5d3ce' LIMIT 1   [ RunTime:0.0003s ]
SQL: SELECT `admin_id` FROM `btc_admin` WHERE `user_name` = 'admin001' LIMIT 1   [ RunTime:0.0002s ]
SQL: SHOW COLUMNS FROM `btc_home_info` [ RunTime:0.0077s ]
SQL: SELECT * FROM `btc_home_info` WHERE `id` = '10000000000000000000000000000000'  [ RunTime:0.0003s ]
NOTIC: [8] Undefined index: create_time D:\phpStudy\WWW\btc\pc\Application\Admin\Controller\TradeController.class.php 第 89 行.
NOTIC: [8] Undefined index: type D:\phpStudy\WWW\btc\pc\Application\Admin\Controller\TradeController.class.php 第 91 行.
NOTIC: [8192] Non-static method StatusCode::code() should not be called statically, assuming $this from incompatible context D:\phpStudy\WWW\btc\pc\Application\Admin\Controller\TradeController.class.php 第 30 行.

[ 2019-04-11T22:36:16+08:00 ] 127.0.0.1 /Admin/Trade/tradeUpdate.html
INFO: [ app_init ] --START--
INFO: Run Behavior\BuildLiteBehavior [ RunTime:0.000014s ]
INFO: [ app_init ] --END-- [ RunTime:0.000473s ]
INFO: [ app_begin ] --START--
INFO: Run Behavior\ReadHtmlCacheBehavior [ RunTime:0.000656s ]
INFO: Run Behavior\CheckLangBehavior [ RunTime:0.002411s ]
INFO: [ app_begin ] --END-- [ RunTime:0.003158s ]
SQL: SHOW COLUMNS FROM `btc_admin` [ RunTime:0.0076s ]
SQL: SELECT COUNT(*) AS tp_count FROM `btc_admin` WHERE `user_name` = 'admin001' AND `pass_word` = '4192d21d2e09a8f2b97c5467e8e5d3ce' LIMIT 1   [ RunTime:0.0003s ]
SQL: SELECT `admin_id` FROM `btc_admin` WHERE `user_name` = 'admin001' LIMIT 1   [ RunTime:0.0003s ]
NOTIC: [8192] Non-static method Common::verifyMd5() should not be called statically, assuming $this from incompatible context D:\phpStudy\WWW\btc\pc\Application\Admin\Controller\TradeController.class.php 第 47 行.
SQL: SHOW COLUMNS FROM `btc_home_info` [ RunTime:0.0088s ]
NOTIC: [8] Undefined index: validate D:\phpStudy\WWW\btc\pc\ThinkPHP\Library\Think\Model.class.php 第 1185 行.
NOTIC: [8] Undefined index: auto D:\phpStudy\WWW\btc\pc\ThinkPHP\Library\Think\Model.class.php 第 1128 行.
SQL: UPDATE `btc_home_info` SET `buy_float`='0.0082',`id`='10000000000000000000000000000000' WHERE `id` = '10000000000000000000000000000000' [ RunTime:0.0018s ]
NOTIC: [8192] Non-static method StatusCode::code() should not be called statically, assuming $this from incompatible context D:\phpStudy\WWW\btc\pc\Application\Admin\Controller\TradeController.class.php 第 76 行.

[ 2019-04-11T22:36:23+08:00 ] 127.0.0.1 /Admin/Trade/TradeList.html
INFO: [ app_init ] --START--
INFO: Run Behavior\BuildLiteBehavior [ RunTime:0.000013s ]
INFO: [ app_init ] --END-- [ RunTime:0.000456s ]
INFO: [ app_begin ] --START--
INFO: Run Behavior\ReadHtmlCacheBehavior [ RunTime:0.000641s ]
INFO: Run Behavior\CheckLangBehavior [ RunTime:0.002612s ]
INFO: [ app_begin ] --END-- [ RunTime:0.003352s ]
SQL: SHOW COLUMNS FROM `btc_admin` [ RunTime:0.0086s ]
SQL: SELECT COUNT(*) AS tp_count FROM `btc_admin` WHERE `user_name` = 'admin001' AND `pass_word` = '4192d21d2e09a8f2b97c5467e8e5d3ce' LIMIT 1   [ RunTime:0.0003s ]
SQL: SELECT `admin_id` FROM `btc_admin` WHERE `user_name` = 'admin001' LIMIT 1   [ RunTime:0.0002s ]
INFO: [ view_parse ] --START--
INFO: [ template_filter ] --START--
INFO: Run Behavior\ContentReplaceBehavior [ RunTime:0.000098s ]
INFO: [ template_filter ] --END-- [ RunTime:0.000166s ]
NOTIC: [8] Use of undefined constant Trade - assumed 'Trade' D:\phpStudy\WWW\btc\pc\Application\Runtime\Cache\Admin\e05faeea1411cb6288395d96ebea5c46.php 第 65 行.
NOTIC: [8] Use of undefined constant SellUpdate - assumed 'SellUpdate' D:\phpStudy\WWW\btc\pc\Application\Runtime\Cache\Admin\e05faeea1411cb6288395d96ebea5c46.php 第 91 行.
NOTIC: [8] Use of undefined constant BuyUpdate - assumed 'BuyUpdate' D:\phpStudy\WWW\btc\pc\Application\Runtime\Cache\Admin\e05faeea1411cb6288395d96ebea5c46.php 第 106 行.
INFO: Run Behavior\ParseTemplateBehavior [ RunTime:0.011579s ]
INFO: [ view_parse ] --END-- [ RunTime:0.011643s ]
INFO: [ view_filter ] --START--
INFO: Run Behavior\WriteHtmlCacheBehavior [ RunTime:0.000672s ]
INFO: [ view_filter ] --END-- [ RunTime:0.000723s ]
INFO: [ app_end ] --START--
INFO: Run Behavior\ShowPageTraceBehavior [ RunTime:0.001054s ]
INFO: [ app_end ] --END-- [ RunTime:0.001101s ]

[ 2019-04-11T22:36:29+08:00 ] 127.0.0.1 /Admin/Trade/Trade.html
INFO: [ app_init ] --START--
INFO: Run Behavior\BuildLiteBehavior [ RunTime:0.000018s ]
INFO: [ app_init ] --END-- [ RunTime:0.000530s ]
INFO: [ app_begin ] --START--
INFO: Run Behavior\ReadHtmlCacheBehavior [ RunTime:0.000606s ]
INFO: Run Behavior\CheckLangBehavior [ RunTime:0.002601s ]
INFO: [ app_begin ] --END-- [ RunTime:0.003303s ]
SQL: SHOW COLUMNS FROM `btc_admin` [ RunTime:0.0095s ]
SQL: SELECT COUNT(*) AS tp_count FROM `btc_admin` WHERE `user_name` = 'admin001' AND `pass_word` = '4192d21d2e09a8f2b97c5467e8e5d3ce' LIMIT 1   [ RunTime:0.0003s ]
SQL: SELECT `admin_id` FROM `btc_admin` WHERE `user_name` = 'admin001' LIMIT 1   [ RunTime:0.0001s ]
SQL: SHOW COLUMNS FROM `btc_home_info` [ RunTime:0.0096s ]
SQL: SELECT * FROM `btc_home_info` WHERE `id` = '10000000000000000000000000000000'  [ RunTime:0.0004s ]
NOTIC: [8] Undefined index: create_time D:\phpStudy\WWW\btc\pc\Application\Admin\Controller\TradeController.class.php 第 89 行.
NOTIC: [8] Undefined index: type D:\phpStudy\WWW\btc\pc\Application\Admin\Controller\TradeController.class.php 第 91 行.
NOTIC: [8192] Non-static method StatusCode::code() should not be called statically, assuming $this from incompatible context D:\phpStudy\WWW\btc\pc\Application\Admin\Controller\TradeController.class.php 第 30 行.

