[ 2018-09-06T11:18:24+08:00 ] ::1 /demo/email
INFO: [ app_init ] --START--
INFO: Run Behavior\BuildLiteBehavior [ RunTime:0.000000s ]
INFO: [ app_init ] --END-- [ RunTime:0.000000s ]
INFO: [ app_begin ] --START--
INFO: Run Behavior\ReadHtmlCacheBehavior [ RunTime:0.001000s ]
INFO: Run Behavior\CheckLangBehavior [ RunTime:0.008001s ]
NOTIC: [8] Constant LANG_SET already defined D:\phpStudy\WWW\btc\pc\ThinkPHP\Library\Behavior\CheckLangBehavior.class.php 第 55 行.
INFO: Run Behavior\CheckLangBehavior [ RunTime:0.003000s ]
INFO: [ app_begin ] --END-- [ RunTime:0.012001s ]
SQL: SHOW COLUMNS FROM `btc_home_info` [ RunTime:0.0020s ]
SQL: SELECT `email_type`,`email_account`,`email_password` FROM `btc_home_info` LIMIT 1   [ RunTime:0.0000s ]
NOTIC: [8192] Non-static method StatusCode::code() should not be called statically D:\phpStudy\WWW\btc\pc\Application\Common\Common\SendEmail.class.php 第 53 行.

[ 2018-09-06T11:19:03+08:00 ] ::1 /demo/index/sendemail
INFO: [ app_init ] --START--
INFO: Run Behavior\BuildLiteBehavior [ RunTime:0.000000s ]
INFO: [ app_init ] --END-- [ RunTime:0.000000s ]
INFO: [ app_begin ] --START--
INFO: Run Behavior\ReadHtmlCacheBehavior [ RunTime:0.001000s ]
INFO: Run Behavior\CheckLangBehavior [ RunTime:0.002000s ]
NOTIC: [8] Constant LANG_SET already defined D:\phpStudy\WWW\btc\pc\ThinkPHP\Library\Behavior\CheckLangBehavior.class.php 第 55 行.
INFO: Run Behavior\CheckLangBehavior [ RunTime:0.004000s ]
INFO: [ app_begin ] --END-- [ RunTime:0.007000s ]
INFO: [ app_end ] --START--
INFO: Run Behavior\ShowPageTraceBehavior [ RunTime:0.001000s ]
INFO: [ app_end ] --END-- [ RunTime:0.001000s ]

[ 2018-09-06T11:19:44+08:00 ] ::1 /demo/index/sendemail
INFO: [ app_init ] --START--
INFO: Run Behavior\BuildLiteBehavior [ RunTime:0.000000s ]
INFO: [ app_init ] --END-- [ RunTime:0.001000s ]
INFO: [ app_begin ] --START--
INFO: Run Behavior\ReadHtmlCacheBehavior [ RunTime:0.001001s ]
INFO: Run Behavior\CheckLangBehavior [ RunTime:0.003000s ]
NOTIC: [8] Constant LANG_SET already defined D:\phpStudy\WWW\btc\pc\ThinkPHP\Library\Behavior\CheckLangBehavior.class.php 第 55 行.
INFO: Run Behavior\CheckLangBehavior [ RunTime:0.003000s ]
INFO: [ app_begin ] --END-- [ RunTime:0.007001s ]
INFO: [ app_end ] --START--
INFO: Run Behavior\ShowPageTraceBehavior [ RunTime:0.001000s ]
INFO: [ app_end ] --END-- [ RunTime:0.001000s ]

[ 2018-09-06T11:20:23+08:00 ] ::1 /demo/index/sendemail
INFO: [ app_init ] --START--
INFO: Run Behavior\BuildLiteBehavior [ RunTime:0.000000s ]
INFO: [ app_init ] --END-- [ RunTime:0.000000s ]
INFO: [ app_begin ] --START--
INFO: Run Behavior\ReadHtmlCacheBehavior [ RunTime:0.001000s ]
INFO: Run Behavior\CheckLangBehavior [ RunTime:0.003000s ]
NOTIC: [8] Constant LANG_SET already defined D:\phpStudy\WWW\btc\pc\ThinkPHP\Library\Behavior\CheckLangBehavior.class.php 第 55 行.
INFO: Run Behavior\CheckLangBehavior [ RunTime:0.003000s ]
INFO: [ app_begin ] --END-- [ RunTime:0.008000s ]
INFO: [ app_end ] --START--
INFO: Run Behavior\ShowPageTraceBehavior [ RunTime:0.001000s ]
INFO: [ app_end ] --END-- [ RunTime:0.001000s ]

[ 2018-09-06T11:20:27+08:00 ] ::1 /demo/index/sendemail
INFO: [ app_init ] --START--
INFO: Run Behavior\BuildLiteBehavior [ RunTime:0.000000s ]
INFO: [ app_init ] --END-- [ RunTime:0.000000s ]
INFO: [ app_begin ] --START--
INFO: Run Behavior\ReadHtmlCacheBehavior [ RunTime:0.001000s ]
INFO: Run Behavior\CheckLangBehavior [ RunTime:0.003001s ]
NOTIC: [8] Constant LANG_SET already defined D:\phpStudy\WWW\btc\pc\ThinkPHP\Library\Behavior\CheckLangBehavior.class.php 第 55 行.
INFO: Run Behavior\CheckLangBehavior [ RunTime:0.003000s ]
INFO: [ app_begin ] --END-- [ RunTime:0.007001s ]
INFO: [ app_end ] --START--
INFO: Run Behavior\ShowPageTraceBehavior [ RunTime:0.001000s ]
INFO: [ app_end ] --END-- [ RunTime:0.001000s ]

[ 2018-09-06T11:20:54+08:00 ] ::1 /demo/index/sendemail
INFO: [ app_init ] --START--
INFO: Run Behavior\BuildLiteBehavior [ RunTime:0.000000s ]
INFO: [ app_init ] --END-- [ RunTime:0.000000s ]
INFO: [ app_begin ] --START--
INFO: Run Behavior\ReadHtmlCacheBehavior [ RunTime:0.000000s ]
INFO: Run Behavior\CheckLangBehavior [ RunTime:0.004000s ]
NOTIC: [8] Constant LANG_SET already defined D:\phpStudy\WWW\btc\pc\ThinkPHP\Library\Behavior\CheckLangBehavior.class.php 第 55 行.
INFO: Run Behavior\CheckLangBehavior [ RunTime:0.003000s ]
INFO: [ app_begin ] --END-- [ RunTime:0.007000s ]
INFO: [ app_end ] --START--
INFO: Run Behavior\ShowPageTraceBehavior [ RunTime:0.001000s ]
INFO: [ app_end ] --END-- [ RunTime:0.001000s ]

[ 2018-09-06T11:20:58+08:00 ] ::1 /demo/index/sendemail
INFO: [ app_init ] --START--
INFO: Run Behavior\BuildLiteBehavior [ RunTime:0.000000s ]
INFO: [ app_init ] --END-- [ RunTime:0.000000s ]
INFO: [ app_begin ] --START--
INFO: Run Behavior\ReadHtmlCacheBehavior [ RunTime:0.000000s ]
INFO: Run Behavior\CheckLangBehavior [ RunTime:0.003000s ]
NOTIC: [8] Constant LANG_SET already defined D:\phpStudy\WWW\btc\pc\ThinkPHP\Library\Behavior\CheckLangBehavior.class.php 第 55 行.
INFO: Run Behavior\CheckLangBehavior [ RunTime:0.001000s ]
INFO: [ app_begin ] --END-- [ RunTime:0.004000s ]
INFO: [ app_end ] --START--
INFO: Run Behavior\ShowPageTraceBehavior [ RunTime:0.001000s ]
INFO: [ app_end ] --END-- [ RunTime:0.001000s ]

[ 2018-09-06T11:21:31+08:00 ] ::1 /demo/index/sendemail
INFO: [ app_init ] --START--
INFO: Run Behavior\BuildLiteBehavior [ RunTime:0.000000s ]
INFO: [ app_init ] --END-- [ RunTime:0.001000s ]
INFO: [ app_begin ] --START--
INFO: Run Behavior\ReadHtmlCacheBehavior [ RunTime:0.001000s ]
INFO: Run Behavior\CheckLangBehavior [ RunTime:0.004000s ]
NOTIC: [8] Constant LANG_SET already defined D:\phpStudy\WWW\btc\pc\ThinkPHP\Library\Behavior\CheckLangBehavior.class.php 第 55 行.
INFO: Run Behavior\CheckLangBehavior [ RunTime:0.003000s ]
INFO: [ app_begin ] --END-- [ RunTime:0.008000s ]
INFO: [ app_end ] --START--
INFO: Run Behavior\ShowPageTraceBehavior [ RunTime:0.001000s ]
INFO: [ app_end ] --END-- [ RunTime:0.001000s ]

[ 2018-09-06T11:22:11+08:00 ] ::1 /demo/index/sendemail
INFO: [ app_init ] --START--
INFO: Run Behavior\BuildLiteBehavior [ RunTime:0.000000s ]
INFO: [ app_init ] --END-- [ RunTime:0.000000s ]
INFO: [ app_begin ] --START--
INFO: Run Behavior\ReadHtmlCacheBehavior [ RunTime:0.001001s ]
INFO: Run Behavior\CheckLangBehavior [ RunTime:0.002000s ]
NOTIC: [8] Constant LANG_SET already defined D:\phpStudy\WWW\btc\pc\ThinkPHP\Library\Behavior\CheckLangBehavior.class.php 第 55 行.
INFO: Run Behavior\CheckLangBehavior [ RunTime:0.002000s ]
INFO: [ app_begin ] --END-- [ RunTime:0.006001s ]
INFO: [ app_end ] --START--
INFO: Run Behavior\ShowPageTraceBehavior [ RunTime:0.001000s ]
INFO: [ app_end ] --END-- [ RunTime:0.001000s ]

[ 2018-09-06T11:57:07+08:00 ] ::1 /demo/index/sendemail
INFO: [ app_init ] --START--
INFO: Run Behavior\BuildLiteBehavior [ RunTime:0.000000s ]
INFO: [ app_init ] --END-- [ RunTime:0.000000s ]
INFO: [ app_begin ] --START--
INFO: Run Behavior\ReadHtmlCacheBehavior [ RunTime:0.001000s ]
INFO: Run Behavior\CheckLangBehavior [ RunTime:0.004000s ]
NOTIC: [8] Constant LANG_SET already defined D:\phpStudy\WWW\btc\pc\ThinkPHP\Library\Behavior\CheckLangBehavior.class.php 第 55 行.
INFO: Run Behavior\CheckLangBehavior [ RunTime:0.003001s ]
INFO: [ app_begin ] --END-- [ RunTime:0.008001s ]
INFO: [ app_end ] --START--
INFO: Run Behavior\ShowPageTraceBehavior [ RunTime:0.002000s ]
INFO: [ app_end ] --END-- [ RunTime:0.002000s ]

