[ 2018-10-17T11:56:44+08:00 ] 127.0.0.1 /
INFO: [ app_init ] --START--
INFO: Run Behavior\BuildLiteBehavior [ RunTime:0.000000s ]
INFO: [ app_init ] --END-- [ RunTime:0.002000s ]
INFO: [ app_begin ] --START--
INFO: Run Behavior\ReadHtmlCacheBehavior [ RunTime:0.002000s ]
INFO: Run Behavior\CheckLangBehavior [ RunTime:0.013001s ]
NOTIC: [8] Constant LANG_SET already defined D:\phpStudy\WWW\btc\pc\ThinkPHP\Library\Behavior\CheckLangBehavior.class.php 第 55 行.
INFO: Run Behavior\CheckLangBehavior [ RunTime:0.003000s ]
INFO: [ app_begin ] --END-- [ RunTime:0.018001s ]
SQL: SHOW COLUMNS FROM `btc_user` [ RunTime:0.0710s ]
INFO: [ view_parse ] --START--
NOTIC: [2] file_get_contents(__TEMPLATE__/home/header.html): failed to open stream: No such file or directory D:\phpStudy\WWW\btc\pc\ThinkPHP\Library\Think\Template.class.php 第 696 行.
NOTIC: [2] file_get_contents(__TEMPLATE__/home/header.html): failed to open stream: No such file or directory D:\phpStudy\WWW\btc\pc\ThinkPHP\Library\Think\Template.class.php 第 696 行.
INFO: [ template_filter ] --START--
INFO: Run Behavior\ContentReplaceBehavior [ RunTime:0.002000s ]
INFO: [ template_filter ] --END-- [ RunTime:0.002000s ]
NOTIC: [8] Undefined variable: email D:\phpStudy\WWW\btc\pc\Application\Runtime\Cache\Home\2a94b8bda04ff446dcedd42276fc99ee.php 第 1057 行.
NOTIC: [8] Undefined variable: maincoin_id D:\phpStudy\WWW\btc\pc\Application\Runtime\Cache\Home\2a94b8bda04ff446dcedd42276fc99ee.php 第 1150 行.
INFO: Run Behavior\ParseTemplateBehavior [ RunTime:0.045003s ]
INFO: [ view_parse ] --END-- [ RunTime:0.045003s ]
INFO: [ view_filter ] --START--
INFO: Run Behavior\WriteHtmlCacheBehavior [ RunTime:0.001000s ]
INFO: [ view_filter ] --END-- [ RunTime:0.001000s ]
INFO: [ app_end ] --START--
INFO: Run Behavior\ShowPageTraceBehavior [ RunTime:0.001000s ]
INFO: [ app_end ] --END-- [ RunTime:0.001000s ]

[ 2018-10-17T11:56:45+08:00 ] 192.168.0.128 /Home/Login/index
INFO: [ app_init ] --START--
INFO: Run Behavior\BuildLiteBehavior [ RunTime:0.000000s ]
INFO: [ app_init ] --END-- [ RunTime:0.000000s ]
INFO: [ app_begin ] --START--
INFO: Run Behavior\ReadHtmlCacheBehavior [ RunTime:0.001000s ]
INFO: Run Behavior\CheckLangBehavior [ RunTime:0.008000s ]
NOTIC: [8] Constant LANG_SET already defined D:\phpStudy\WWW\btc\pc\ThinkPHP\Library\Behavior\CheckLangBehavior.class.php 第 55 行.
INFO: Run Behavior\CheckLangBehavior [ RunTime:0.002000s ]
INFO: [ app_begin ] --END-- [ RunTime:0.018001s ]
INFO: [ view_parse ] --START--
NOTIC: [2] file_get_contents(__TEMPLATE__/home/header.html): failed to open stream: No such file or directory D:\phpStudy\WWW\btc\pc\ThinkPHP\Library\Think\Template.class.php 第 696 行.
NOTIC: [2] file_get_contents(__TEMPLATE__/home/header.html): failed to open stream: No such file or directory D:\phpStudy\WWW\btc\pc\ThinkPHP\Library\Think\Template.class.php 第 696 行.
INFO: [ template_filter ] --START--
INFO: Run Behavior\ContentReplaceBehavior [ RunTime:0.003000s ]
INFO: [ template_filter ] --END-- [ RunTime:0.003000s ]
INFO: Run Behavior\ParseTemplateBehavior [ RunTime:0.041003s ]
INFO: [ view_parse ] --END-- [ RunTime:0.041003s ]
INFO: [ view_filter ] --START--
INFO: Run Behavior\WriteHtmlCacheBehavior [ RunTime:0.001000s ]
INFO: [ view_filter ] --END-- [ RunTime:0.001000s ]
INFO: [ app_end ] --START--
INFO: Run Behavior\ShowPageTraceBehavior [ RunTime:0.001000s ]
INFO: [ app_end ] --END-- [ RunTime:0.001000s ]

[ 2018-10-17T11:56:49+08:00 ] 192.168.0.128 /Home/Login/getupdateLogo
INFO: [ app_init ] --START--
INFO: Run Behavior\BuildLiteBehavior [ RunTime:0.000000s ]
INFO: [ app_init ] --END-- [ RunTime:0.000000s ]
INFO: [ app_begin ] --START--
INFO: Run Behavior\ReadHtmlCacheBehavior [ RunTime:0.000000s ]
INFO: Run Behavior\CheckLangBehavior [ RunTime:0.003000s ]
NOTIC: [8] Constant LANG_SET already defined D:\phpStudy\WWW\btc\pc\ThinkPHP\Library\Behavior\CheckLangBehavior.class.php 第 55 行.
INFO: Run Behavior\CheckLangBehavior [ RunTime:0.002000s ]
INFO: [ app_begin ] --END-- [ RunTime:0.005000s ]
SQL: SHOW COLUMNS FROM `btc_home_info` [ RunTime:0.0960s ]
NOTIC: [8192] Non-static method StatusCode::code() should not be called statically D:\phpStudy\WWW\btc\pc\Application\Home\Controller\LoginController.class.php 第 129 行.

[ 2018-10-17T11:56:50+08:00 ] 192.168.0.128 /Home/Question/getCommonProblemFive
INFO: [ app_init ] --START--
INFO: Run Behavior\BuildLiteBehavior [ RunTime:0.000000s ]
INFO: [ app_init ] --END-- [ RunTime:0.001000s ]
INFO: [ app_begin ] --START--
INFO: Run Behavior\ReadHtmlCacheBehavior [ RunTime:0.001000s ]
INFO: Run Behavior\CheckLangBehavior [ RunTime:0.002000s ]
NOTIC: [8] Constant LANG_SET already defined D:\phpStudy\WWW\btc\pc\ThinkPHP\Library\Behavior\CheckLangBehavior.class.php 第 55 行.
INFO: Run Behavior\CheckLangBehavior [ RunTime:0.008001s ]
INFO: [ app_begin ] --END-- [ RunTime:0.012001s ]
SQL: SHOW COLUMNS FROM `btc_common_problem` [ RunTime:0.0230s ]
SQL: SHOW COLUMNS FROM `btc_i18n` [ RunTime:0.0090s ]
SQL: SELECT `title_i18n_id`,`type` FROM `btc_common_problem` WHERE `is_deleted` = 0 ORDER BY common_problem_id desc LIMIT 6   [ RunTime:0.0410s ]
SQL: SELECT `tw_content` FROM `btc_i18n` WHERE `i18n_id` = 'D2018051000411715258840778715581' LIMIT 1   [ RunTime:0.0140s ]
SQL: SELECT `tw_content` FROM `btc_i18n` WHERE `i18n_id` = 'c2018051000312115258834819759238' LIMIT 1   [ RunTime:0.0050s ]
SQL: SELECT `tw_content` FROM `btc_i18n` WHERE `i18n_id` = 'G2018051000281615258832966404707' LIMIT 1   [ RunTime:0.0020s ]
SQL: SELECT `tw_content` FROM `btc_i18n` WHERE `i18n_id` = 'A2018051000210715258828675346581' LIMIT 1   [ RunTime:0.0030s ]
SQL: SELECT `tw_content` FROM `btc_i18n` WHERE `i18n_id` = 'B2018051000233015258830104844442' LIMIT 1   [ RunTime:0.0050s ]
SQL: SELECT `tw_content` FROM `btc_i18n` WHERE `i18n_id` = 'D2018051000384515258839253990379' LIMIT 1   [ RunTime:0.0010s ]
NOTIC: [8192] Non-static method StatusCode::code() should not be called statically D:\phpStudy\WWW\btc\pc\Application\Home\Controller\QuestionController.class.php 第 132 行.

[ 2018-10-17T11:56:51+08:00 ] 192.168.0.128 /Home/Login/getBasics
INFO: [ app_init ] --START--
INFO: Run Behavior\BuildLiteBehavior [ RunTime:0.000000s ]
INFO: [ app_init ] --END-- [ RunTime:0.000000s ]
INFO: [ app_begin ] --START--
INFO: Run Behavior\ReadHtmlCacheBehavior [ RunTime:0.000000s ]
INFO: Run Behavior\CheckLangBehavior [ RunTime:0.004000s ]
NOTIC: [8] Constant LANG_SET already defined D:\phpStudy\WWW\btc\pc\ThinkPHP\Library\Behavior\CheckLangBehavior.class.php 第 55 行.
INFO: Run Behavior\CheckLangBehavior [ RunTime:0.004000s ]
INFO: [ app_begin ] --END-- [ RunTime:0.008000s ]
NOTIC: [2] Declaration of Home\Controller\EmailController::register($email) should be compatible with Home\Controller\LoginController::register() D:\phpStudy\WWW\btc\pc\Application\Home\Controller\EmailController.class.php 第 255 行.
NOTIC: [8192] Non-static method Home\Controller\EmailController::receive() should not be called statically D:\phpStudy\WWW\btc\pc\Application\Home\Controller\LoginController.class.php 第 115 行.
SQL: SHOW COLUMNS FROM `btc_home_info` [ RunTime:0.0220s ]
SQL: SELECT `name`,`company_email`,`company_tel`,`logo_url` FROM `btc_home_info` WHERE ( id=10000000000000000000000000000000 ) LIMIT 1   [ RunTime:0.0020s ]

[ 2018-10-17T11:56:52+08:00 ] 192.168.0.128 /Home/Login/getContactUs
INFO: [ app_init ] --START--
INFO: Run Behavior\BuildLiteBehavior [ RunTime:0.000000s ]
INFO: [ app_init ] --END-- [ RunTime:0.000000s ]
INFO: [ app_begin ] --START--
INFO: Run Behavior\ReadHtmlCacheBehavior [ RunTime:0.001000s ]
INFO: Run Behavior\CheckLangBehavior [ RunTime:0.003001s ]
NOTIC: [8] Constant LANG_SET already defined D:\phpStudy\WWW\btc\pc\ThinkPHP\Library\Behavior\CheckLangBehavior.class.php 第 55 行.
INFO: Run Behavior\CheckLangBehavior [ RunTime:0.004000s ]
INFO: [ app_begin ] --END-- [ RunTime:0.008001s ]
SQL: SHOW COLUMNS FROM `btc_home_info` [ RunTime:0.0120s ]
SQL: SHOW COLUMNS FROM `btc_i18n` [ RunTime:0.0140s ]
SQL: SELECT `i18n_id`,`company_tel`,`company_email` FROM `btc_home_info` WHERE `id` = '10000000000000000000000000000000' LIMIT 1   [ RunTime:0.0010s ]
SQL: SELECT `TW_content` FROM `btc_i18n` WHERE `i18n_id` = 'z2018051614152915264513298476213' LIMIT 1   [ RunTime:0.0010s ]

[ 2018-10-17T11:56:53+08:00 ] 192.168.0.128 /Home/Login/getupdateLogo
INFO: [ app_init ] --START--
INFO: Run Behavior\BuildLiteBehavior [ RunTime:0.000000s ]
INFO: [ app_init ] --END-- [ RunTime:0.000000s ]
INFO: [ app_begin ] --START--
INFO: Run Behavior\ReadHtmlCacheBehavior [ RunTime:0.000000s ]
INFO: Run Behavior\CheckLangBehavior [ RunTime:0.002000s ]
NOTIC: [8] Constant LANG_SET already defined D:\phpStudy\WWW\btc\pc\ThinkPHP\Library\Behavior\CheckLangBehavior.class.php 第 55 行.
INFO: Run Behavior\CheckLangBehavior [ RunTime:0.002001s ]
INFO: [ app_begin ] --END-- [ RunTime:0.004001s ]
SQL: SHOW COLUMNS FROM `btc_home_info` [ RunTime:0.0110s ]
NOTIC: [8192] Non-static method StatusCode::code() should not be called statically D:\phpStudy\WWW\btc\pc\Application\Home\Controller\LoginController.class.php 第 129 行.

[ 2018-10-17T11:56:54+08:00 ] 192.168.0.128 /Home/Login/getupdateLogo
INFO: [ app_init ] --START--
INFO: Run Behavior\BuildLiteBehavior [ RunTime:0.000000s ]
INFO: [ app_init ] --END-- [ RunTime:0.001000s ]
INFO: [ app_begin ] --START--
INFO: Run Behavior\ReadHtmlCacheBehavior [ RunTime:0.001000s ]
INFO: Run Behavior\CheckLangBehavior [ RunTime:0.002000s ]
NOTIC: [8] Constant LANG_SET already defined D:\phpStudy\WWW\btc\pc\ThinkPHP\Library\Behavior\CheckLangBehavior.class.php 第 55 行.
INFO: Run Behavior\CheckLangBehavior [ RunTime:0.002000s ]
INFO: [ app_begin ] --END-- [ RunTime:0.005000s ]
SQL: SHOW COLUMNS FROM `btc_home_info` [ RunTime:0.0100s ]
NOTIC: [8192] Non-static method StatusCode::code() should not be called statically D:\phpStudy\WWW\btc\pc\Application\Home\Controller\LoginController.class.php 第 129 行.

[ 2018-10-17T11:56:56+08:00 ] 192.168.0.128 /Home/Login/favicon.ico
INFO: [ app_init ] --START--
INFO: Run Behavior\BuildLiteBehavior [ RunTime:0.000000s ]
INFO: [ app_init ] --END-- [ RunTime:0.000000s ]

[ 2018-10-17T11:57:12+08:00 ] 192.168.0.128 /Home/Login/login
INFO: [ app_init ] --START--
INFO: Run Behavior\BuildLiteBehavior [ RunTime:0.000000s ]
INFO: [ app_init ] --END-- [ RunTime:0.001000s ]
INFO: [ app_begin ] --START--
INFO: Run Behavior\ReadHtmlCacheBehavior [ RunTime:0.001000s ]
INFO: Run Behavior\CheckLangBehavior [ RunTime:0.004000s ]
NOTIC: [8] Constant LANG_SET already defined D:\phpStudy\WWW\btc\pc\ThinkPHP\Library\Behavior\CheckLangBehavior.class.php 第 55 行.
INFO: Run Behavior\CheckLangBehavior [ RunTime:0.002001s ]
INFO: [ app_begin ] --END-- [ RunTime:0.008001s ]
SQL: SHOW COLUMNS FROM `btc_user` [ RunTime:0.0070s ]
NOTIC: [8192] Non-static method Common::verifyMd5() should not be called statically D:\phpStudy\WWW\btc\pc\Application\Home\Controller\LoginController.class.php 第 209 行.
SQL: SELECT COUNT(*) AS tp_count FROM `btc_user` WHERE `email` = '3151904400@qq.com' LIMIT 1   [ RunTime:0.0070s ]
SQL: SELECT COUNT(*) AS tp_count FROM `btc_user` WHERE `email` = '3151904400@qq.com' AND `password` = '4192d21d2e09a8f2b97c5467e8e5d3ce' LIMIT 1   [ RunTime:0.0010s ]
NOTIC: [8192] Non-static method StatusCode::code() should not be called statically D:\phpStudy\WWW\btc\pc\Application\Home\Controller\LoginController.class.php 第 217 行.

[ 2018-10-17T11:57:36+08:00 ] 192.168.0.128 /Home/Login/login
INFO: [ app_init ] --START--
INFO: Run Behavior\BuildLiteBehavior [ RunTime:0.000000s ]
INFO: [ app_init ] --END-- [ RunTime:0.000000s ]
INFO: [ app_begin ] --START--
INFO: Run Behavior\ReadHtmlCacheBehavior [ RunTime:0.000000s ]
INFO: Run Behavior\CheckLangBehavior [ RunTime:0.003000s ]
NOTIC: [8] Constant LANG_SET already defined D:\phpStudy\WWW\btc\pc\ThinkPHP\Library\Behavior\CheckLangBehavior.class.php 第 55 行.
INFO: Run Behavior\CheckLangBehavior [ RunTime:0.002000s ]
INFO: [ app_begin ] --END-- [ RunTime:0.006000s ]
SQL: SHOW COLUMNS FROM `btc_user` [ RunTime:0.0140s ]
NOTIC: [8192] Non-static method Common::verifyMd5() should not be called statically D:\phpStudy\WWW\btc\pc\Application\Home\Controller\LoginController.class.php 第 209 行.
SQL: SELECT COUNT(*) AS tp_count FROM `btc_user` WHERE `email` = '3151904400@qq.com' LIMIT 1   [ RunTime:0.0010s ]
SQL: SELECT COUNT(*) AS tp_count FROM `btc_user` WHERE `email` = '3151904400@qq.com' AND `password` = '73d1dece464c30926c302aadcd55c773' LIMIT 1   [ RunTime:0.0000s ]
SQL: SELECT `status` FROM `btc_user` WHERE `email` = '3151904400@qq.com' LIMIT 1   [ RunTime:0.0010s ]
NOTIC: [8192] Non-static method Common::getIP() should not be called statically D:\phpStudy\WWW\btc\pc\Application\Home\Controller\LoginController.class.php 第 229 行.
SQL: SELECT `user_id` FROM `btc_user` WHERE `email` = '3151904400@qq.com' LIMIT 1   [ RunTime:0.0000s ]
NOTIC: [2] Illegal offset type in isset or empty D:\phpStudy\WWW\btc\pc\ThinkPHP\Library\Think\Model.class.php 第 445 行.
SQL: UPDATE `btc_user` SET `login_ip`='192.168.0.128' WHERE `user_id` = 'q2018090611234315362042232669474' [ RunTime:0.0160s ]
SQL: SHOW COLUMNS FROM `btc_user_set` [ RunTime:0.0090s ]
SQL: SELECT `user_id` FROM `btc_user` WHERE `email` = '3151904400@qq.com' LIMIT 1   [ RunTime:0.0010s ]
SQL: SELECT `email_login` FROM `btc_user_set` WHERE `user_id` = 'q2018090611234315362042232669474'  [ RunTime:0.0020s ]
SQL: SELECT * FROM `btc_user` WHERE `user_id` = 'q2018090611234315362042232669474'  [ RunTime:0.0010s ]
NOTIC: [2] Declaration of Home\Controller\EmailController::register($email) should be compatible with Home\Controller\LoginController::register() D:\phpStudy\WWW\btc\pc\Application\Home\Controller\EmailController.class.php 第 255 行.
NOTIC: [8192] Non-static method Home\Controller\EmailController::receive() should not be called statically D:\phpStudy\WWW\btc\pc\Application\Home\Controller\LoginController.class.php 第 385 行.
SQL: SHOW COLUMNS FROM `btc_home_info` [ RunTime:0.0080s ]
SQL: SELECT `name`,`company_email`,`company_tel`,`logo_url` FROM `btc_home_info` WHERE ( id=10000000000000000000000000000000 ) LIMIT 1   [ RunTime:0.0000s ]
SQL: SELECT `email_type`,`email_account`,`email_password` FROM `btc_home_info` LIMIT 1   [ RunTime:0.0010s ]
NOTIC: [8192] Non-static method StatusCode::code() should not be called statically D:\phpStudy\WWW\btc\pc\Application\Common\Common\SendEmail.class.php 第 53 行.
NOTIC: [8192] Non-static method StatusCode::code() should not be called statically D:\phpStudy\WWW\btc\pc\Application\Home\Controller\LoginController.class.php 第 251 行.

[ 2018-10-17T11:57:38+08:00 ] 192.168.0.128 /
INFO: [ app_init ] --START--
INFO: Run Behavior\BuildLiteBehavior [ RunTime:0.000000s ]
INFO: [ app_init ] --END-- [ RunTime:0.001000s ]
INFO: [ app_begin ] --START--
INFO: Run Behavior\ReadHtmlCacheBehavior [ RunTime:0.001001s ]
INFO: Run Behavior\CheckLangBehavior [ RunTime:0.004000s ]
NOTIC: [8] Constant LANG_SET already defined D:\phpStudy\WWW\btc\pc\ThinkPHP\Library\Behavior\CheckLangBehavior.class.php 第 55 行.
INFO: Run Behavior\CheckLangBehavior [ RunTime:0.003000s ]
INFO: [ app_begin ] --END-- [ RunTime:0.008001s ]
SQL: SHOW COLUMNS FROM `btc_user` [ RunTime:0.0060s ]
SQL: SELECT `user_id` FROM `btc_user` WHERE `email` = '3151904400@qq.com' AND `password` = '73d1dece464c30926c302aadcd55c773' LIMIT 1   [ RunTime:0.0010s ]
SQL: SELECT `maincoin_id`,`email` FROM `btc_user` WHERE `user_id` = 'q2018090611234315362042232669474' LIMIT 1   [ RunTime:0.0000s ]
INFO: [ view_parse ] --START--
NOTIC: [2] file_get_contents(__TEMPLATE__/home/header.html): failed to open stream: No such file or directory D:\phpStudy\WWW\btc\pc\ThinkPHP\Library\Think\Template.class.php 第 696 行.
NOTIC: [2] file_get_contents(__TEMPLATE__/home/header.html): failed to open stream: No such file or directory D:\phpStudy\WWW\btc\pc\ThinkPHP\Library\Think\Template.class.php 第 696 行.
INFO: [ template_filter ] --START--
INFO: Run Behavior\ContentReplaceBehavior [ RunTime:0.000000s ]
INFO: [ template_filter ] --END-- [ RunTime:0.000000s ]
INFO: Run Behavior\ParseTemplateBehavior [ RunTime:0.020001s ]
INFO: [ view_parse ] --END-- [ RunTime:0.020001s ]
INFO: [ view_filter ] --START--
INFO: Run Behavior\WriteHtmlCacheBehavior [ RunTime:0.001000s ]
INFO: [ view_filter ] --END-- [ RunTime:0.001000s ]
INFO: [ app_end ] --START--
INFO: Run Behavior\ShowPageTraceBehavior [ RunTime:0.001000s ]
INFO: [ app_end ] --END-- [ RunTime:0.001000s ]

[ 2018-10-17T11:57:48+08:00 ] 192.168.0.128 /Home/PopupWindow/getBulletin
INFO: [ app_init ] --START--
INFO: Run Behavior\BuildLiteBehavior [ RunTime:0.000000s ]
INFO: [ app_init ] --END-- [ RunTime:0.000000s ]
INFO: [ app_begin ] --START--
INFO: Run Behavior\ReadHtmlCacheBehavior [ RunTime:0.000000s ]
INFO: Run Behavior\CheckLangBehavior [ RunTime:0.002000s ]
NOTIC: [8] Constant LANG_SET already defined D:\phpStudy\WWW\btc\pc\ThinkPHP\Library\Behavior\CheckLangBehavior.class.php 第 55 行.
INFO: Run Behavior\CheckLangBehavior [ RunTime:0.002000s ]
INFO: [ app_begin ] --END-- [ RunTime:0.004000s ]
SQL: SHOW COLUMNS FROM `btc_user` [ RunTime:0.0080s ]
SQL: SELECT `user_id` FROM `btc_user` WHERE `email` = '3151904400@qq.com' AND `password` = '73d1dece464c30926c302aadcd55c773' LIMIT 1   [ RunTime:0.0010s ]
SQL: SHOW COLUMNS FROM `btc_bulletin` [ RunTime:0.0090s ]
SQL: SHOW COLUMNS FROM `btc_i18n` [ RunTime:0.0060s ]
SQL: SELECT b.bulletin_id,b.create_time,b.bulletin_title_i18n FROM btc_bulletin as b WHERE b.is_deleted = 0 AND b.status = 1 ORDER BY create_time desc  [ RunTime:0.0070s ]
SQL: SELECT `tw_content` FROM `btc_i18n` WHERE `i18n_id` = 'H2018062513490815299057485152429' LIMIT 1   [ RunTime:0.0010s ]
SQL: SELECT `tw_content` FROM `btc_i18n` WHERE `i18n_id` = 'b2018062222284415296777242420191' LIMIT 1   [ RunTime:0.0010s ]
SQL: SELECT `tw_content` FROM `btc_i18n` WHERE `i18n_id` = 'z2018052020191515268187554345747' LIMIT 1   [ RunTime:0.0000s ]
NOTIC: [8192] Non-static method StatusCode::code() should not be called statically D:\phpStudy\WWW\btc\pc\Application\Home\Controller\PopupWindowController.class.php 第 36 行.

[ 2018-10-17T11:57:49+08:00 ] 192.168.0.128 /Home/PopupWindow/getCallCenter
INFO: [ app_init ] --START--
INFO: Run Behavior\BuildLiteBehavior [ RunTime:0.000000s ]
INFO: [ app_init ] --END-- [ RunTime:0.000000s ]
INFO: [ app_begin ] --START--
INFO: Run Behavior\ReadHtmlCacheBehavior [ RunTime:0.001000s ]
INFO: Run Behavior\CheckLangBehavior [ RunTime:0.003001s ]
NOTIC: [8] Constant LANG_SET already defined D:\phpStudy\WWW\btc\pc\ThinkPHP\Library\Behavior\CheckLangBehavior.class.php 第 55 行.
INFO: Run Behavior\CheckLangBehavior [ RunTime:0.010000s ]
INFO: [ app_begin ] --END-- [ RunTime:0.014001s ]
SQL: SHOW COLUMNS FROM `btc_user` [ RunTime:0.0070s ]
SQL: SELECT `user_id` FROM `btc_user` WHERE `email` = '3151904400@qq.com' AND `password` = '73d1dece464c30926c302aadcd55c773' LIMIT 1   [ RunTime:0.0000s ]
SQL: SHOW COLUMNS FROM `btc_service` [ RunTime:0.0080s ]
SQL: SELECT `name` FROM `btc_service`  [ RunTime:0.0010s ]

[ 2018-10-17T11:57:50+08:00 ] 192.168.0.128 /home/PopupWindow/isSvClose
INFO: [ app_init ] --START--
INFO: Run Behavior\BuildLiteBehavior [ RunTime:0.000000s ]
INFO: [ app_init ] --END-- [ RunTime:0.000000s ]
INFO: [ app_begin ] --START--
INFO: Run Behavior\ReadHtmlCacheBehavior [ RunTime:0.001000s ]
INFO: Run Behavior\CheckLangBehavior [ RunTime:0.003000s ]
NOTIC: [8] Constant LANG_SET already defined D:\phpStudy\WWW\btc\pc\ThinkPHP\Library\Behavior\CheckLangBehavior.class.php 第 55 行.
INFO: Run Behavior\CheckLangBehavior [ RunTime:0.003000s ]
INFO: [ app_begin ] --END-- [ RunTime:0.007000s ]
SQL: SHOW COLUMNS FROM `btc_user` [ RunTime:0.0080s ]
SQL: SELECT `user_id` FROM `btc_user` WHERE `email` = '3151904400@qq.com' AND `password` = '73d1dece464c30926c302aadcd55c773' LIMIT 1   [ RunTime:0.0000s ]
SQL: SHOW COLUMNS FROM `btc_home_info` [ RunTime:0.0100s ]
SQL: SELECT `service_status` FROM `btc_home_info`  [ RunTime:0.0000s ]

[ 2018-10-17T11:57:53+08:00 ] 192.168.0.128 /Home/Index/getTopInfo
INFO: [ app_init ] --START--
INFO: Run Behavior\BuildLiteBehavior [ RunTime:0.000000s ]
INFO: [ app_init ] --END-- [ RunTime:0.000000s ]
INFO: [ app_begin ] --START--
INFO: Run Behavior\ReadHtmlCacheBehavior [ RunTime:0.000000s ]
INFO: Run Behavior\CheckLangBehavior [ RunTime:0.003000s ]
NOTIC: [8] Constant LANG_SET already defined D:\phpStudy\WWW\btc\pc\ThinkPHP\Library\Behavior\CheckLangBehavior.class.php 第 55 行.
INFO: Run Behavior\CheckLangBehavior [ RunTime:0.002000s ]
INFO: [ app_begin ] --END-- [ RunTime:0.005000s ]
SQL: SHOW COLUMNS FROM `btc_user` [ RunTime:0.0100s ]
SQL: SELECT `user_id` FROM `btc_user` WHERE `email` = '3151904400@qq.com' AND `password` = '73d1dece464c30926c302aadcd55c773' LIMIT 1   [ RunTime:0.0010s ]
SQL: SELECT `user_name`,`maincoin_id` FROM `btc_user` WHERE `user_id` = 'q2018090611234315362042232669474' LIMIT 1   [ RunTime:0.0010s ]
NOTIC: [8192] Non-static method StatusCode::code() should not be called statically D:\phpStudy\WWW\btc\pc\Application\Home\Controller\IndexController.class.php 第 61 行.
SQL: SHOW COLUMNS FROM `btc_information` [ RunTime:0.0100s ]
SQL: SELECT COUNT(*) AS tp_count FROM `btc_information` WHERE `maincoin_id` = 'TKXXRJRr' LIMIT 1   [ RunTime:0.0000s ]

[ 2018-10-17T11:57:54+08:00 ] 192.168.0.128 /Home/Login/getupdateLogo
INFO: [ app_init ] --START--
INFO: Run Behavior\BuildLiteBehavior [ RunTime:0.000000s ]
INFO: [ app_init ] --END-- [ RunTime:0.000000s ]
INFO: [ app_begin ] --START--
INFO: Run Behavior\ReadHtmlCacheBehavior [ RunTime:0.000000s ]
INFO: Run Behavior\CheckLangBehavior [ RunTime:0.002000s ]
NOTIC: [8] Constant LANG_SET already defined D:\phpStudy\WWW\btc\pc\ThinkPHP\Library\Behavior\CheckLangBehavior.class.php 第 55 行.
INFO: Run Behavior\CheckLangBehavior [ RunTime:0.002000s ]
INFO: [ app_begin ] --END-- [ RunTime:0.004000s ]
SQL: SHOW COLUMNS FROM `btc_home_info` [ RunTime:0.0070s ]
NOTIC: [8192] Non-static method StatusCode::code() should not be called statically D:\phpStudy\WWW\btc\pc\Application\Home\Controller\LoginController.class.php 第 129 行.

[ 2018-10-17T11:57:55+08:00 ] 192.168.0.128 /Home/Index/getAccount
INFO: [ app_init ] --START--
INFO: Run Behavior\BuildLiteBehavior [ RunTime:0.000000s ]
INFO: [ app_init ] --END-- [ RunTime:0.001000s ]
INFO: [ app_begin ] --START--
INFO: Run Behavior\ReadHtmlCacheBehavior [ RunTime:0.001001s ]
INFO: Run Behavior\CheckLangBehavior [ RunTime:0.002000s ]
NOTIC: [8] Constant LANG_SET already defined D:\phpStudy\WWW\btc\pc\ThinkPHP\Library\Behavior\CheckLangBehavior.class.php 第 55 行.
INFO: Run Behavior\CheckLangBehavior [ RunTime:0.002000s ]
INFO: [ app_begin ] --END-- [ RunTime:0.005001s ]
SQL: SHOW COLUMNS FROM `btc_user` [ RunTime:0.0070s ]
SQL: SELECT `user_id` FROM `btc_user` WHERE `email` = '3151904400@qq.com' AND `password` = '73d1dece464c30926c302aadcd55c773' LIMIT 1   [ RunTime:0.0000s ]
SQL: SHOW COLUMNS FROM `btc_user_account` [ RunTime:0.0100s ]
SQL: SELECT `btc_balance`,`eth_balance`,`freeze_balance`,`extract_balance` FROM `btc_user_account` WHERE `user_id` = 'q2018090611234315362042232669474' AND `is_deleted` = 0 AND `status` = 0 LIMIT 1   [ RunTime:0.0020s ]

[ 2018-10-17T11:57:56+08:00 ] 192.168.0.128 /Home/PopupWindow/getBulletin
INFO: [ app_init ] --START--
INFO: Run Behavior\BuildLiteBehavior [ RunTime:0.000000s ]
INFO: [ app_init ] --END-- [ RunTime:0.001000s ]
INFO: [ app_begin ] --START--
INFO: Run Behavior\ReadHtmlCacheBehavior [ RunTime:0.000000s ]
INFO: Run Behavior\CheckLangBehavior [ RunTime:0.004000s ]
NOTIC: [8] Constant LANG_SET already defined D:\phpStudy\WWW\btc\pc\ThinkPHP\Library\Behavior\CheckLangBehavior.class.php 第 55 行.
INFO: Run Behavior\CheckLangBehavior [ RunTime:0.004000s ]
INFO: [ app_begin ] --END-- [ RunTime:0.008000s ]
SQL: SHOW COLUMNS FROM `btc_user` [ RunTime:0.0100s ]
SQL: SELECT `user_id` FROM `btc_user` WHERE `email` = '3151904400@qq.com' AND `password` = '73d1dece464c30926c302aadcd55c773' LIMIT 1   [ RunTime:0.0000s ]
SQL: SHOW COLUMNS FROM `btc_bulletin` [ RunTime:0.0100s ]
SQL: SHOW COLUMNS FROM `btc_i18n` [ RunTime:0.0060s ]
SQL: SELECT b.bulletin_id,b.create_time,b.bulletin_title_i18n FROM btc_bulletin as b WHERE b.is_deleted = 0 AND b.status = 1 ORDER BY create_time desc  [ RunTime:0.0010s ]
SQL: SELECT `tw_content` FROM `btc_i18n` WHERE `i18n_id` = 'H2018062513490815299057485152429' LIMIT 1   [ RunTime:0.0000s ]
SQL: SELECT `tw_content` FROM `btc_i18n` WHERE `i18n_id` = 'b2018062222284415296777242420191' LIMIT 1   [ RunTime:0.0000s ]
SQL: SELECT `tw_content` FROM `btc_i18n` WHERE `i18n_id` = 'z2018052020191515268187554345747' LIMIT 1   [ RunTime:0.0000s ]
NOTIC: [8192] Non-static method StatusCode::code() should not be called statically D:\phpStudy\WWW\btc\pc\Application\Home\Controller\PopupWindowController.class.php 第 36 行.

[ 2018-10-17T11:57:57+08:00 ] 192.168.0.128 /Home/PopupWindow/getCallCenter
INFO: [ app_init ] --START--
INFO: Run Behavior\BuildLiteBehavior [ RunTime:0.000000s ]
INFO: [ app_init ] --END-- [ RunTime:0.000000s ]
INFO: [ app_begin ] --START--
INFO: Run Behavior\ReadHtmlCacheBehavior [ RunTime:0.001000s ]
INFO: Run Behavior\CheckLangBehavior [ RunTime:0.002000s ]
NOTIC: [8] Constant LANG_SET already defined D:\phpStudy\WWW\btc\pc\ThinkPHP\Library\Behavior\CheckLangBehavior.class.php 第 55 行.
INFO: Run Behavior\CheckLangBehavior [ RunTime:0.001000s ]
INFO: [ app_begin ] --END-- [ RunTime:0.004000s ]
SQL: SHOW COLUMNS FROM `btc_user` [ RunTime:0.0080s ]
SQL: SELECT `user_id` FROM `btc_user` WHERE `email` = '3151904400@qq.com' AND `password` = '73d1dece464c30926c302aadcd55c773' LIMIT 1   [ RunTime:0.0000s ]
SQL: SHOW COLUMNS FROM `btc_service` [ RunTime:0.0070s ]
SQL: SELECT `name` FROM `btc_service`  [ RunTime:0.0010s ]

[ 2018-10-17T11:58:03+08:00 ] 192.168.0.128 /Home/Login/getupdateLogo
INFO: [ app_init ] --START--
INFO: Run Behavior\BuildLiteBehavior [ RunTime:0.000000s ]
INFO: [ app_init ] --END-- [ RunTime:0.000000s ]
INFO: [ app_begin ] --START--
INFO: Run Behavior\ReadHtmlCacheBehavior [ RunTime:0.001000s ]
INFO: Run Behavior\CheckLangBehavior [ RunTime:0.002000s ]
NOTIC: [8] Constant LANG_SET already defined D:\phpStudy\WWW\btc\pc\ThinkPHP\Library\Behavior\CheckLangBehavior.class.php 第 55 行.
INFO: Run Behavior\CheckLangBehavior [ RunTime:0.002000s ]
INFO: [ app_begin ] --END-- [ RunTime:0.005000s ]
SQL: SHOW COLUMNS FROM `btc_home_info` [ RunTime:0.0090s ]
NOTIC: [8192] Non-static method StatusCode::code() should not be called statically D:\phpStudy\WWW\btc\pc\Application\Home\Controller\LoginController.class.php 第 129 行.

[ 2018-10-17T11:58:15+08:00 ] 192.168.0.128 /Home/Bocai/index
INFO: [ app_init ] --START--
INFO: Run Behavior\BuildLiteBehavior [ RunTime:0.000000s ]
INFO: [ app_init ] --END-- [ RunTime:0.000000s ]
INFO: [ app_begin ] --START--
INFO: Run Behavior\ReadHtmlCacheBehavior [ RunTime:0.000000s ]
INFO: Run Behavior\CheckLangBehavior [ RunTime:0.002000s ]
NOTIC: [8] Constant LANG_SET already defined D:\phpStudy\WWW\btc\pc\ThinkPHP\Library\Behavior\CheckLangBehavior.class.php 第 55 行.
INFO: Run Behavior\CheckLangBehavior [ RunTime:0.002000s ]
INFO: [ app_begin ] --END-- [ RunTime:0.004000s ]
SQL: SHOW COLUMNS FROM `btc_user` [ RunTime:0.0090s ]
SQL: SELECT `user_id` FROM `btc_user` WHERE `email` = '3151904400@qq.com' AND `password` = '73d1dece464c30926c302aadcd55c773' LIMIT 1   [ RunTime:0.0000s ]
INFO: [ view_parse ] --START--
INFO: [ template_filter ] --START--
INFO: Run Behavior\ContentReplaceBehavior [ RunTime:0.001000s ]
INFO: [ template_filter ] --END-- [ RunTime:0.001000s ]
INFO: Run Behavior\ParseTemplateBehavior [ RunTime:0.009000s ]
INFO: [ view_parse ] --END-- [ RunTime:0.009000s ]
INFO: [ view_filter ] --START--
INFO: Run Behavior\WriteHtmlCacheBehavior [ RunTime:0.000000s ]
INFO: [ view_filter ] --END-- [ RunTime:0.000000s ]
INFO: [ app_end ] --START--
INFO: Run Behavior\ShowPageTraceBehavior [ RunTime:0.001000s ]
INFO: [ app_end ] --END-- [ RunTime:0.001000s ]

[ 2018-10-17T11:59:14+08:00 ] 192.168.0.128 /Home/Bocai/getbalance
INFO: [ app_init ] --START--
INFO: Run Behavior\BuildLiteBehavior [ RunTime:0.000000s ]
INFO: [ app_init ] --END-- [ RunTime:0.000000s ]
INFO: [ app_begin ] --START--
INFO: Run Behavior\ReadHtmlCacheBehavior [ RunTime:0.001000s ]
INFO: Run Behavior\CheckLangBehavior [ RunTime:0.001000s ]
NOTIC: [8] Constant LANG_SET already defined D:\phpStudy\WWW\btc\pc\ThinkPHP\Library\Behavior\CheckLangBehavior.class.php 第 55 行.
INFO: Run Behavior\CheckLangBehavior [ RunTime:0.002000s ]
INFO: [ app_begin ] --END-- [ RunTime:0.004000s ]
SQL: SHOW COLUMNS FROM `btc_user` [ RunTime:0.0090s ]
SQL: SELECT `user_id` FROM `btc_user` WHERE `email` = '3151904400@qq.com' AND `password` = '73d1dece464c30926c302aadcd55c773' LIMIT 1   [ RunTime:0.0000s ]
SQL: SHOW COLUMNS FROM `btc_user_account` [ RunTime:0.0090s ]
SQL: SELECT `extract_balance` FROM `btc_user_account` WHERE `user_id` = 'q2018090611234315362042232669474' LIMIT 1   [ RunTime:0.0010s ]

[ 2018-10-17T11:59:18+08:00 ] 192.168.0.128 /Home/Bocai/getbalance
INFO: [ app_init ] --START--
INFO: Run Behavior\BuildLiteBehavior [ RunTime:0.000000s ]
INFO: [ app_init ] --END-- [ RunTime:0.000000s ]
INFO: [ app_begin ] --START--
INFO: Run Behavior\ReadHtmlCacheBehavior [ RunTime:0.001000s ]
INFO: Run Behavior\CheckLangBehavior [ RunTime:0.002000s ]
NOTIC: [8] Constant LANG_SET already defined D:\phpStudy\WWW\btc\pc\ThinkPHP\Library\Behavior\CheckLangBehavior.class.php 第 55 行.
INFO: Run Behavior\CheckLangBehavior [ RunTime:0.003000s ]
INFO: [ app_begin ] --END-- [ RunTime:0.006000s ]
SQL: SHOW COLUMNS FROM `btc_user` [ RunTime:0.0100s ]
SQL: SELECT `user_id` FROM `btc_user` WHERE `email` = '3151904400@qq.com' AND `password` = '73d1dece464c30926c302aadcd55c773' LIMIT 1   [ RunTime:0.0000s ]
SQL: SHOW COLUMNS FROM `btc_user_account` [ RunTime:0.0070s ]
SQL: SELECT `extract_balance` FROM `btc_user_account` WHERE `user_id` = 'q2018090611234315362042232669474' LIMIT 1   [ RunTime:0.0000s ]

