[ 2018-10-25T15:49:45+08:00 ] 127.0.0.1 /
INFO: [ app_init ] --START--
INFO: Run Behavior\BuildLiteBehavior [ RunTime:0.000025s ]
INFO: [ app_init ] --END-- [ RunTime:0.001131s ]
INFO: [ app_begin ] --START--
INFO: Run Behavior\ReadHtmlCacheBehavior [ RunTime:0.001947s ]
INFO: Run Behavior\CheckLangBehavior [ RunTime:0.006827s ]
NOTIC: [8] Constant LANG_SET already defined D:\phpStudy\WWW\btc\pc\ThinkPHP\Library\Behavior\CheckLangBehavior.class.php 第 55 行.
INFO: Run Behavior\CheckLangBehavior [ RunTime:0.003641s ]
INFO: [ app_begin ] --END-- [ RunTime:0.012625s ]
SQL: SHOW COLUMNS FROM `btc_user` [ RunTime:0.0151s ]
INFO: [ view_parse ] --START--
NOTIC: [2] file_get_contents(__TEMPLATE__/home/header.html): failed to open stream: No such file or directory D:\phpStudy\WWW\btc\pc\ThinkPHP\Library\Think\Template.class.php 第 696 行.
NOTIC: [2] file_get_contents(__TEMPLATE__/home/header.html): failed to open stream: No such file or directory D:\phpStudy\WWW\btc\pc\ThinkPHP\Library\Think\Template.class.php 第 696 行.
INFO: [ template_filter ] --START--
INFO: Run Behavior\ContentReplaceBehavior [ RunTime:0.000534s ]
INFO: [ template_filter ] --END-- [ RunTime:0.000577s ]
NOTIC: [8] Undefined variable: email D:\phpStudy\WWW\btc\pc\Application\Runtime\Cache\Home\2a94b8bda04ff446dcedd42276fc99ee.php 第 1057 行.
NOTIC: [8] Undefined variable: maincoin_id D:\phpStudy\WWW\btc\pc\Application\Runtime\Cache\Home\2a94b8bda04ff446dcedd42276fc99ee.php 第 1150 行.
INFO: Run Behavior\ParseTemplateBehavior [ RunTime:0.029591s ]
INFO: [ view_parse ] --END-- [ RunTime:0.029642s ]
INFO: [ view_filter ] --START--
INFO: Run Behavior\WriteHtmlCacheBehavior [ RunTime:0.000943s ]
INFO: [ view_filter ] --END-- [ RunTime:0.000973s ]
INFO: [ app_end ] --START--
INFO: Run Behavior\ShowPageTraceBehavior [ RunTime:0.001645s ]
INFO: [ app_end ] --END-- [ RunTime:0.001712s ]

[ 2018-10-25T15:49:45+08:00 ] 192.168.0.128 /Home/Login/index
INFO: [ app_init ] --START--
INFO: Run Behavior\BuildLiteBehavior [ RunTime:0.000011s ]
INFO: [ app_init ] --END-- [ RunTime:0.000532s ]
INFO: [ app_begin ] --START--
INFO: Run Behavior\ReadHtmlCacheBehavior [ RunTime:0.000516s ]
INFO: Run Behavior\CheckLangBehavior [ RunTime:0.002022s ]
NOTIC: [8] Constant LANG_SET already defined D:\phpStudy\WWW\btc\pc\ThinkPHP\Library\Behavior\CheckLangBehavior.class.php 第 55 行.
INFO: Run Behavior\CheckLangBehavior [ RunTime:0.001691s ]
INFO: [ app_begin ] --END-- [ RunTime:0.004322s ]
INFO: [ view_parse ] --START--
NOTIC: [2] file_get_contents(__TEMPLATE__/home/header.html): failed to open stream: No such file or directory D:\phpStudy\WWW\btc\pc\ThinkPHP\Library\Think\Template.class.php 第 696 行.
NOTIC: [2] file_get_contents(__TEMPLATE__/home/header.html): failed to open stream: No such file or directory D:\phpStudy\WWW\btc\pc\ThinkPHP\Library\Think\Template.class.php 第 696 行.
INFO: [ template_filter ] --START--
INFO: Run Behavior\ContentReplaceBehavior [ RunTime:0.000517s ]
INFO: [ template_filter ] --END-- [ RunTime:0.000566s ]
INFO: Run Behavior\ParseTemplateBehavior [ RunTime:0.016892s ]
INFO: [ view_parse ] --END-- [ RunTime:0.016947s ]
INFO: [ view_filter ] --START--
INFO: Run Behavior\WriteHtmlCacheBehavior [ RunTime:0.000586s ]
INFO: [ view_filter ] --END-- [ RunTime:0.000626s ]
INFO: [ app_end ] --START--
INFO: Run Behavior\ShowPageTraceBehavior [ RunTime:0.001344s ]
INFO: [ app_end ] --END-- [ RunTime:0.001412s ]

[ 2018-10-25T20:46:27+08:00 ] 127.0.0.1 /
INFO: [ app_init ] --START--
INFO: Run Behavior\BuildLiteBehavior [ RunTime:0.000016s ]
INFO: [ app_init ] --END-- [ RunTime:0.001260s ]
INFO: [ app_begin ] --START--
INFO: Run Behavior\ReadHtmlCacheBehavior [ RunTime:0.002008s ]
INFO: Run Behavior\CheckLangBehavior [ RunTime:0.006355s ]
NOTIC: [8] Constant LANG_SET already defined D:\phpStudy\WWW\btc\pc\ThinkPHP\Library\Behavior\CheckLangBehavior.class.php 第 55 行.
INFO: Run Behavior\CheckLangBehavior [ RunTime:0.003410s ]
INFO: [ app_begin ] --END-- [ RunTime:0.011952s ]
SQL: SHOW COLUMNS FROM `btc_user` [ RunTime:0.0224s ]
INFO: [ view_parse ] --START--
NOTIC: [2] file_get_contents(__TEMPLATE__/home/header.html): failed to open stream: No such file or directory D:\phpStudy\WWW\btc\pc\ThinkPHP\Library\Think\Template.class.php 第 696 行.
NOTIC: [2] file_get_contents(__TEMPLATE__/home/header.html): failed to open stream: No such file or directory D:\phpStudy\WWW\btc\pc\ThinkPHP\Library\Think\Template.class.php 第 696 行.
INFO: [ template_filter ] --START--
INFO: Run Behavior\ContentReplaceBehavior [ RunTime:0.000669s ]
INFO: [ template_filter ] --END-- [ RunTime:0.000743s ]
NOTIC: [8] Undefined variable: email D:\phpStudy\WWW\btc\pc\Application\Runtime\Cache\Home\2a94b8bda04ff446dcedd42276fc99ee.php 第 1057 行.
NOTIC: [8] Undefined variable: maincoin_id D:\phpStudy\WWW\btc\pc\Application\Runtime\Cache\Home\2a94b8bda04ff446dcedd42276fc99ee.php 第 1150 行.
INFO: Run Behavior\ParseTemplateBehavior [ RunTime:0.041590s ]
INFO: [ view_parse ] --END-- [ RunTime:0.041886s ]
INFO: [ view_filter ] --START--
INFO: Run Behavior\WriteHtmlCacheBehavior [ RunTime:0.001248s ]
INFO: [ view_filter ] --END-- [ RunTime:0.001305s ]
INFO: [ app_end ] --START--
INFO: Run Behavior\ShowPageTraceBehavior [ RunTime:0.001688s ]
INFO: [ app_end ] --END-- [ RunTime:0.001752s ]

[ 2018-10-25T20:46:27+08:00 ] 192.168.0.128 /Home/Login/index
INFO: [ app_init ] --START--
INFO: Run Behavior\BuildLiteBehavior [ RunTime:0.000015s ]
INFO: [ app_init ] --END-- [ RunTime:0.003273s ]
INFO: [ app_begin ] --START--
INFO: Run Behavior\ReadHtmlCacheBehavior [ RunTime:0.001606s ]
INFO: Run Behavior\CheckLangBehavior [ RunTime:0.004460s ]
NOTIC: [8] Constant LANG_SET already defined D:\phpStudy\WWW\btc\pc\ThinkPHP\Library\Behavior\CheckLangBehavior.class.php 第 55 行.
INFO: Run Behavior\CheckLangBehavior [ RunTime:0.003907s ]
INFO: [ app_begin ] --END-- [ RunTime:0.010145s ]
INFO: [ view_parse ] --START--
NOTIC: [2] file_get_contents(__TEMPLATE__/home/header.html): failed to open stream: No such file or directory D:\phpStudy\WWW\btc\pc\ThinkPHP\Library\Think\Template.class.php 第 696 行.
NOTIC: [2] file_get_contents(__TEMPLATE__/home/header.html): failed to open stream: No such file or directory D:\phpStudy\WWW\btc\pc\ThinkPHP\Library\Think\Template.class.php 第 696 行.
INFO: [ template_filter ] --START--
INFO: Run Behavior\ContentReplaceBehavior [ RunTime:0.000563s ]
INFO: [ template_filter ] --END-- [ RunTime:0.000634s ]
INFO: Run Behavior\ParseTemplateBehavior [ RunTime:0.032393s ]
INFO: [ view_parse ] --END-- [ RunTime:0.032483s ]
INFO: [ view_filter ] --START--
INFO: Run Behavior\WriteHtmlCacheBehavior [ RunTime:0.000896s ]
INFO: [ view_filter ] --END-- [ RunTime:0.000964s ]
INFO: [ app_end ] --START--
INFO: Run Behavior\ShowPageTraceBehavior [ RunTime:0.001356s ]
INFO: [ app_end ] --END-- [ RunTime:0.001432s ]

[ 2018-10-25T20:46:31+08:00 ] 192.168.0.128 /Home/Login/getupdateLogo
INFO: [ app_init ] --START--
INFO: Run Behavior\BuildLiteBehavior [ RunTime:0.000060s ]
INFO: [ app_init ] --END-- [ RunTime:0.002629s ]
INFO: [ app_begin ] --START--
INFO: Run Behavior\ReadHtmlCacheBehavior [ RunTime:0.018908s ]
INFO: Run Behavior\CheckLangBehavior [ RunTime:0.017194s ]
NOTIC: [8] Constant LANG_SET already defined D:\phpStudy\WWW\btc\pc\ThinkPHP\Library\Behavior\CheckLangBehavior.class.php 第 55 行.
INFO: Run Behavior\CheckLangBehavior [ RunTime:0.011922s ]
INFO: [ app_begin ] --END-- [ RunTime:0.048208s ]
SQL: SHOW COLUMNS FROM `btc_home_info` [ RunTime:0.0149s ]
NOTIC: [8192] Non-static method StatusCode::code() should not be called statically D:\phpStudy\WWW\btc\pc\Application\Home\Controller\LoginController.class.php 第 129 行.

[ 2018-10-25T20:46:32+08:00 ] 192.168.0.128 /Home/Login/getBasics
INFO: [ app_init ] --START--
INFO: Run Behavior\BuildLiteBehavior [ RunTime:0.000015s ]
INFO: [ app_init ] --END-- [ RunTime:0.001309s ]
INFO: [ app_begin ] --START--
INFO: Run Behavior\ReadHtmlCacheBehavior [ RunTime:0.001223s ]
INFO: Run Behavior\CheckLangBehavior [ RunTime:0.008017s ]
NOTIC: [8] Constant LANG_SET already defined D:\phpStudy\WWW\btc\pc\ThinkPHP\Library\Behavior\CheckLangBehavior.class.php 第 55 行.
INFO: Run Behavior\CheckLangBehavior [ RunTime:0.003586s ]
INFO: [ app_begin ] --END-- [ RunTime:0.012970s ]
NOTIC: [2] Declaration of Home\Controller\EmailController::register($email) should be compatible with Home\Controller\LoginController::register() D:\phpStudy\WWW\btc\pc\Application\Home\Controller\EmailController.class.php 第 255 行.
NOTIC: [8192] Non-static method Home\Controller\EmailController::receive() should not be called statically D:\phpStudy\WWW\btc\pc\Application\Home\Controller\LoginController.class.php 第 115 行.
SQL: SHOW COLUMNS FROM `btc_home_info` [ RunTime:0.0074s ]
SQL: SELECT `name`,`company_email`,`company_tel`,`logo_url` FROM `btc_home_info` WHERE ( id=10000000000000000000000000000000 ) LIMIT 1   [ RunTime:0.0090s ]

[ 2018-10-25T20:46:33+08:00 ] 192.168.0.128 /Home/Question/getCommonProblemFive
INFO: [ app_init ] --START--
INFO: Run Behavior\BuildLiteBehavior [ RunTime:0.000016s ]
INFO: [ app_init ] --END-- [ RunTime:0.002337s ]
INFO: [ app_begin ] --START--
INFO: Run Behavior\ReadHtmlCacheBehavior [ RunTime:0.002437s ]
INFO: Run Behavior\CheckLangBehavior [ RunTime:0.003836s ]
NOTIC: [8] Constant LANG_SET already defined D:\phpStudy\WWW\btc\pc\ThinkPHP\Library\Behavior\CheckLangBehavior.class.php 第 55 行.
INFO: Run Behavior\CheckLangBehavior [ RunTime:0.002302s ]
INFO: [ app_begin ] --END-- [ RunTime:0.008734s ]
SQL: SHOW COLUMNS FROM `btc_common_problem` [ RunTime:0.0109s ]
SQL: SHOW COLUMNS FROM `btc_i18n` [ RunTime:0.0122s ]
SQL: SELECT `title_i18n_id`,`type` FROM `btc_common_problem` WHERE `is_deleted` = 0 ORDER BY common_problem_id desc LIMIT 6   [ RunTime:0.0007s ]
SQL: SELECT `tw_content` FROM `btc_i18n` WHERE `i18n_id` = 'D2018051000411715258840778715581' LIMIT 1   [ RunTime:0.0006s ]
SQL: SELECT `tw_content` FROM `btc_i18n` WHERE `i18n_id` = 'c2018051000312115258834819759238' LIMIT 1   [ RunTime:0.0002s ]
SQL: SELECT `tw_content` FROM `btc_i18n` WHERE `i18n_id` = 'G2018051000281615258832966404707' LIMIT 1   [ RunTime:0.0006s ]
SQL: SELECT `tw_content` FROM `btc_i18n` WHERE `i18n_id` = 'A2018051000210715258828675346581' LIMIT 1   [ RunTime:0.0003s ]
SQL: SELECT `tw_content` FROM `btc_i18n` WHERE `i18n_id` = 'B2018051000233015258830104844442' LIMIT 1   [ RunTime:0.0004s ]
SQL: SELECT `tw_content` FROM `btc_i18n` WHERE `i18n_id` = 'D2018051000384515258839253990379' LIMIT 1   [ RunTime:0.0002s ]
NOTIC: [8192] Non-static method StatusCode::code() should not be called statically D:\phpStudy\WWW\btc\pc\Application\Home\Controller\QuestionController.class.php 第 132 行.

[ 2018-10-25T20:46:34+08:00 ] 192.168.0.128 /Home/Login/getContactUs
INFO: [ app_init ] --START--
INFO: Run Behavior\BuildLiteBehavior [ RunTime:0.000014s ]
INFO: [ app_init ] --END-- [ RunTime:0.000611s ]
INFO: [ app_begin ] --START--
INFO: Run Behavior\ReadHtmlCacheBehavior [ RunTime:0.000682s ]
INFO: Run Behavior\CheckLangBehavior [ RunTime:0.004664s ]
NOTIC: [8] Constant LANG_SET already defined D:\phpStudy\WWW\btc\pc\ThinkPHP\Library\Behavior\CheckLangBehavior.class.php 第 55 行.
INFO: Run Behavior\CheckLangBehavior [ RunTime:0.002075s ]
INFO: [ app_begin ] --END-- [ RunTime:0.007572s ]
SQL: SHOW COLUMNS FROM `btc_home_info` [ RunTime:0.0107s ]
SQL: SHOW COLUMNS FROM `btc_i18n` [ RunTime:0.0086s ]
SQL: SELECT `i18n_id`,`company_tel`,`company_email` FROM `btc_home_info` WHERE `id` = '10000000000000000000000000000000' LIMIT 1   [ RunTime:0.0004s ]
SQL: SELECT `TW_content` FROM `btc_i18n` WHERE `i18n_id` = 'z2018051614152915264513298476213' LIMIT 1   [ RunTime:0.0002s ]

[ 2018-10-25T20:46:35+08:00 ] 192.168.0.128 /Home/Login/getupdateLogo
INFO: [ app_init ] --START--
INFO: Run Behavior\BuildLiteBehavior [ RunTime:0.000012s ]
INFO: [ app_init ] --END-- [ RunTime:0.000955s ]
INFO: [ app_begin ] --START--
INFO: Run Behavior\ReadHtmlCacheBehavior [ RunTime:0.000659s ]
INFO: Run Behavior\CheckLangBehavior [ RunTime:0.002730s ]
NOTIC: [8] Constant LANG_SET already defined D:\phpStudy\WWW\btc\pc\ThinkPHP\Library\Behavior\CheckLangBehavior.class.php 第 55 行.
INFO: Run Behavior\CheckLangBehavior [ RunTime:0.004155s ]
INFO: [ app_begin ] --END-- [ RunTime:0.007675s ]
SQL: SHOW COLUMNS FROM `btc_home_info` [ RunTime:0.0088s ]
NOTIC: [8192] Non-static method StatusCode::code() should not be called statically D:\phpStudy\WWW\btc\pc\Application\Home\Controller\LoginController.class.php 第 129 行.

[ 2018-10-25T20:46:36+08:00 ] 192.168.0.128 /Home/Login/getupdateLogo
INFO: [ app_init ] --START--
INFO: Run Behavior\BuildLiteBehavior [ RunTime:0.000015s ]
INFO: [ app_init ] --END-- [ RunTime:0.000999s ]
INFO: [ app_begin ] --START--
INFO: Run Behavior\ReadHtmlCacheBehavior [ RunTime:0.000877s ]
INFO: Run Behavior\CheckLangBehavior [ RunTime:0.005466s ]
NOTIC: [8] Constant LANG_SET already defined D:\phpStudy\WWW\btc\pc\ThinkPHP\Library\Behavior\CheckLangBehavior.class.php 第 55 行.
INFO: Run Behavior\CheckLangBehavior [ RunTime:0.006587s ]
INFO: [ app_begin ] --END-- [ RunTime:0.013164s ]
SQL: SHOW COLUMNS FROM `btc_home_info` [ RunTime:0.0072s ]
NOTIC: [8192] Non-static method StatusCode::code() should not be called statically D:\phpStudy\WWW\btc\pc\Application\Home\Controller\LoginController.class.php 第 129 行.

[ 2018-10-25T20:46:48+08:00 ] 192.168.0.128 /Home/Login/login
INFO: [ app_init ] --START--
INFO: Run Behavior\BuildLiteBehavior [ RunTime:0.000014s ]
INFO: [ app_init ] --END-- [ RunTime:0.000720s ]
INFO: [ app_begin ] --START--
INFO: Run Behavior\ReadHtmlCacheBehavior [ RunTime:0.001015s ]
INFO: Run Behavior\CheckLangBehavior [ RunTime:0.003494s ]
NOTIC: [8] Constant LANG_SET already defined D:\phpStudy\WWW\btc\pc\ThinkPHP\Library\Behavior\CheckLangBehavior.class.php 第 55 行.
INFO: Run Behavior\CheckLangBehavior [ RunTime:0.003336s ]
INFO: [ app_begin ] --END-- [ RunTime:0.008038s ]
SQL: SHOW COLUMNS FROM `btc_user` [ RunTime:0.0090s ]
NOTIC: [8192] Non-static method Common::verifyMd5() should not be called statically D:\phpStudy\WWW\btc\pc\Application\Home\Controller\LoginController.class.php 第 209 行.
SQL: SELECT COUNT(*) AS tp_count FROM `btc_user` WHERE `email` = '3151904400@qq.com' LIMIT 1   [ RunTime:0.0033s ]
SQL: SELECT COUNT(*) AS tp_count FROM `btc_user` WHERE `email` = '3151904400@qq.com' AND `password` = '4192d21d2e09a8f2b97c5467e8e5d3ce' LIMIT 1   [ RunTime:0.0002s ]
SQL: SELECT `status` FROM `btc_user` WHERE `email` = '3151904400@qq.com' LIMIT 1   [ RunTime:0.0002s ]
NOTIC: [8192] Non-static method Common::getIP() should not be called statically D:\phpStudy\WWW\btc\pc\Application\Home\Controller\LoginController.class.php 第 229 行.
SQL: SELECT `user_id` FROM `btc_user` WHERE `email` = '3151904400@qq.com' LIMIT 1   [ RunTime:0.0002s ]
NOTIC: [2] Illegal offset type in isset or empty D:\phpStudy\WWW\btc\pc\ThinkPHP\Library\Think\Model.class.php 第 445 行.
SQL: UPDATE `btc_user` SET `login_ip`='192.168.0.128' WHERE `user_id` = 'q2018090611234315362042232669474' [ RunTime:0.0091s ]
SQL: SHOW COLUMNS FROM `btc_user_set` [ RunTime:0.0097s ]
SQL: SELECT `user_id` FROM `btc_user` WHERE `email` = '3151904400@qq.com' LIMIT 1   [ RunTime:0.0003s ]
SQL: SELECT `email_login` FROM `btc_user_set` WHERE `user_id` = 'q2018090611234315362042232669474'  [ RunTime:0.0003s ]
SQL: SELECT * FROM `btc_user` WHERE `user_id` = 'q2018090611234315362042232669474'  [ RunTime:0.0003s ]
NOTIC: [2] Declaration of Home\Controller\EmailController::register($email) should be compatible with Home\Controller\LoginController::register() D:\phpStudy\WWW\btc\pc\Application\Home\Controller\EmailController.class.php 第 255 行.
NOTIC: [8192] Non-static method Home\Controller\EmailController::receive() should not be called statically D:\phpStudy\WWW\btc\pc\Application\Home\Controller\LoginController.class.php 第 385 行.
SQL: SHOW COLUMNS FROM `btc_home_info` [ RunTime:0.0072s ]
SQL: SELECT `name`,`company_email`,`company_tel`,`logo_url` FROM `btc_home_info` WHERE ( id=10000000000000000000000000000000 ) LIMIT 1   [ RunTime:0.0003s ]
SQL: SELECT `email_type`,`email_account`,`email_password` FROM `btc_home_info` LIMIT 1   [ RunTime:0.0002s ]
NOTIC: [8192] Non-static method StatusCode::code() should not be called statically D:\phpStudy\WWW\btc\pc\Application\Common\Common\SendEmail.class.php 第 53 行.
NOTIC: [8192] Non-static method StatusCode::code() should not be called statically D:\phpStudy\WWW\btc\pc\Application\Home\Controller\LoginController.class.php 第 251 行.

[ 2018-10-25T20:46:51+08:00 ] 192.168.0.128 /
INFO: [ app_init ] --START--
INFO: Run Behavior\BuildLiteBehavior [ RunTime:0.000014s ]
INFO: [ app_init ] --END-- [ RunTime:0.000723s ]
INFO: [ app_begin ] --START--
INFO: Run Behavior\ReadHtmlCacheBehavior [ RunTime:0.002118s ]
INFO: Run Behavior\CheckLangBehavior [ RunTime:0.006907s ]
NOTIC: [8] Constant LANG_SET already defined D:\phpStudy\WWW\btc\pc\ThinkPHP\Library\Behavior\CheckLangBehavior.class.php 第 55 行.
INFO: Run Behavior\CheckLangBehavior [ RunTime:0.008065s ]
INFO: [ app_begin ] --END-- [ RunTime:0.017510s ]
SQL: SHOW COLUMNS FROM `btc_user` [ RunTime:0.0072s ]
SQL: SELECT `user_id` FROM `btc_user` WHERE `email` = '3151904400@qq.com' AND `password` = '4192d21d2e09a8f2b97c5467e8e5d3ce' LIMIT 1   [ RunTime:0.0003s ]
SQL: SELECT `maincoin_id`,`email` FROM `btc_user` WHERE `user_id` = 'q2018090611234315362042232669474' LIMIT 1   [ RunTime:0.0002s ]
INFO: [ view_parse ] --START--
NOTIC: [2] file_get_contents(__TEMPLATE__/home/header.html): failed to open stream: No such file or directory D:\phpStudy\WWW\btc\pc\ThinkPHP\Library\Think\Template.class.php 第 696 行.
NOTIC: [2] file_get_contents(__TEMPLATE__/home/header.html): failed to open stream: No such file or directory D:\phpStudy\WWW\btc\pc\ThinkPHP\Library\Think\Template.class.php 第 696 行.
INFO: [ template_filter ] --START--
INFO: Run Behavior\ContentReplaceBehavior [ RunTime:0.000612s ]
INFO: [ template_filter ] --END-- [ RunTime:0.000683s ]
INFO: Run Behavior\ParseTemplateBehavior [ RunTime:0.026051s ]
INFO: [ view_parse ] --END-- [ RunTime:0.026124s ]
INFO: [ view_filter ] --START--
INFO: Run Behavior\WriteHtmlCacheBehavior [ RunTime:0.001159s ]
INFO: [ view_filter ] --END-- [ RunTime:0.001228s ]
INFO: [ app_end ] --START--
INFO: Run Behavior\ShowPageTraceBehavior [ RunTime:0.001236s ]
INFO: [ app_end ] --END-- [ RunTime:0.001292s ]

[ 2018-10-25T20:46:57+08:00 ] 192.168.0.128 /Home/PopupWindow/getBulletin
INFO: [ app_init ] --START--
INFO: Run Behavior\BuildLiteBehavior [ RunTime:0.000010s ]
INFO: [ app_init ] --END-- [ RunTime:0.000490s ]
INFO: [ app_begin ] --START--
INFO: Run Behavior\ReadHtmlCacheBehavior [ RunTime:0.000642s ]
INFO: Run Behavior\CheckLangBehavior [ RunTime:0.007525s ]
NOTIC: [8] Constant LANG_SET already defined D:\phpStudy\WWW\btc\pc\ThinkPHP\Library\Behavior\CheckLangBehavior.class.php 第 55 行.
INFO: Run Behavior\CheckLangBehavior [ RunTime:0.002846s ]
INFO: [ app_begin ] --END-- [ RunTime:0.011206s ]
SQL: SHOW COLUMNS FROM `btc_user` [ RunTime:0.0105s ]
SQL: SELECT `user_id` FROM `btc_user` WHERE `email` = '3151904400@qq.com' AND `password` = '4192d21d2e09a8f2b97c5467e8e5d3ce' LIMIT 1   [ RunTime:0.0005s ]
SQL: SHOW COLUMNS FROM `btc_bulletin` [ RunTime:0.0227s ]
SQL: SHOW COLUMNS FROM `btc_i18n` [ RunTime:0.0087s ]
SQL: SELECT b.bulletin_id,b.create_time,b.bulletin_title_i18n FROM btc_bulletin as b WHERE b.is_deleted = 0 AND b.status = 1 ORDER BY create_time desc  [ RunTime:0.0025s ]
SQL: SELECT `tw_content` FROM `btc_i18n` WHERE `i18n_id` = 'H2018062513490815299057485152429' LIMIT 1   [ RunTime:0.0009s ]
SQL: SELECT `tw_content` FROM `btc_i18n` WHERE `i18n_id` = 'b2018062222284415296777242420191' LIMIT 1   [ RunTime:0.0003s ]
SQL: SELECT `tw_content` FROM `btc_i18n` WHERE `i18n_id` = 'z2018052020191515268187554345747' LIMIT 1   [ RunTime:0.0003s ]
NOTIC: [8192] Non-static method StatusCode::code() should not be called statically D:\phpStudy\WWW\btc\pc\Application\Home\Controller\PopupWindowController.class.php 第 36 行.

[ 2018-10-25T20:46:58+08:00 ] 192.168.0.128 /Home/PopupWindow/getCallCenter
INFO: [ app_init ] --START--
INFO: Run Behavior\BuildLiteBehavior [ RunTime:0.000017s ]
INFO: [ app_init ] --END-- [ RunTime:0.002653s ]
INFO: [ app_begin ] --START--
INFO: Run Behavior\ReadHtmlCacheBehavior [ RunTime:0.000970s ]
INFO: Run Behavior\CheckLangBehavior [ RunTime:0.011089s ]
NOTIC: [8] Constant LANG_SET already defined D:\phpStudy\WWW\btc\pc\ThinkPHP\Library\Behavior\CheckLangBehavior.class.php 第 55 行.
INFO: Run Behavior\CheckLangBehavior [ RunTime:0.017501s ]
INFO: [ app_begin ] --END-- [ RunTime:0.030004s ]
SQL: SHOW COLUMNS FROM `btc_user` [ RunTime:0.0098s ]
SQL: SELECT `user_id` FROM `btc_user` WHERE `email` = '3151904400@qq.com' AND `password` = '4192d21d2e09a8f2b97c5467e8e5d3ce' LIMIT 1   [ RunTime:0.0007s ]
SQL: SHOW COLUMNS FROM `btc_service` [ RunTime:0.0121s ]
SQL: SELECT `name` FROM `btc_service`  [ RunTime:0.0003s ]

[ 2018-10-25T20:46:59+08:00 ] 192.168.0.128 /home/PopupWindow/isSvClose
INFO: [ app_init ] --START--
INFO: Run Behavior\BuildLiteBehavior [ RunTime:0.000018s ]
INFO: [ app_init ] --END-- [ RunTime:0.002256s ]
INFO: [ app_begin ] --START--
INFO: Run Behavior\ReadHtmlCacheBehavior [ RunTime:0.000920s ]
INFO: Run Behavior\CheckLangBehavior [ RunTime:0.004410s ]
NOTIC: [8] Constant LANG_SET already defined D:\phpStudy\WWW\btc\pc\ThinkPHP\Library\Behavior\CheckLangBehavior.class.php 第 55 行.
INFO: Run Behavior\CheckLangBehavior [ RunTime:0.003649s ]
INFO: [ app_begin ] --END-- [ RunTime:0.009136s ]
SQL: SHOW COLUMNS FROM `btc_user` [ RunTime:0.0103s ]
SQL: SELECT `user_id` FROM `btc_user` WHERE `email` = '3151904400@qq.com' AND `password` = '4192d21d2e09a8f2b97c5467e8e5d3ce' LIMIT 1   [ RunTime:0.0007s ]
SQL: SHOW COLUMNS FROM `btc_home_info` [ RunTime:0.0088s ]
SQL: SELECT `service_status` FROM `btc_home_info`  [ RunTime:0.0003s ]

[ 2018-10-25T20:47:02+08:00 ] 192.168.0.128 /Home/Index/getTopInfo
INFO: [ app_init ] --START--
INFO: Run Behavior\BuildLiteBehavior [ RunTime:0.000014s ]
INFO: [ app_init ] --END-- [ RunTime:0.000596s ]
INFO: [ app_begin ] --START--
INFO: Run Behavior\ReadHtmlCacheBehavior [ RunTime:0.000639s ]
INFO: Run Behavior\CheckLangBehavior [ RunTime:0.004735s ]
NOTIC: [8] Constant LANG_SET already defined D:\phpStudy\WWW\btc\pc\ThinkPHP\Library\Behavior\CheckLangBehavior.class.php 第 55 行.
INFO: Run Behavior\CheckLangBehavior [ RunTime:0.004006s ]
INFO: [ app_begin ] --END-- [ RunTime:0.009503s ]
SQL: SHOW COLUMNS FROM `btc_user` [ RunTime:0.0088s ]
SQL: SELECT `user_id` FROM `btc_user` WHERE `email` = '3151904400@qq.com' AND `password` = '4192d21d2e09a8f2b97c5467e8e5d3ce' LIMIT 1   [ RunTime:0.0004s ]
SQL: SELECT `user_name`,`maincoin_id` FROM `btc_user` WHERE `user_id` = 'q2018090611234315362042232669474' LIMIT 1   [ RunTime:0.0002s ]
NOTIC: [8192] Non-static method StatusCode::code() should not be called statically D:\phpStudy\WWW\btc\pc\Application\Home\Controller\IndexController.class.php 第 61 行.
SQL: SHOW COLUMNS FROM `btc_information` [ RunTime:0.0118s ]
SQL: SELECT COUNT(*) AS tp_count FROM `btc_information` WHERE `maincoin_id` = null LIMIT 1   [ RunTime:0.0008s ]

[ 2018-10-25T20:47:03+08:00 ] 192.168.0.128 /Home/Login/getupdateLogo
INFO: [ app_init ] --START--
INFO: Run Behavior\BuildLiteBehavior [ RunTime:0.000013s ]
INFO: [ app_init ] --END-- [ RunTime:0.000735s ]
INFO: [ app_begin ] --START--
INFO: Run Behavior\ReadHtmlCacheBehavior [ RunTime:0.001268s ]
INFO: Run Behavior\CheckLangBehavior [ RunTime:0.006038s ]
NOTIC: [8] Constant LANG_SET already defined D:\phpStudy\WWW\btc\pc\ThinkPHP\Library\Behavior\CheckLangBehavior.class.php 第 55 行.
INFO: Run Behavior\CheckLangBehavior [ RunTime:0.004343s ]
INFO: [ app_begin ] --END-- [ RunTime:0.011811s ]
SQL: SHOW COLUMNS FROM `btc_home_info` [ RunTime:0.0089s ]
NOTIC: [8192] Non-static method StatusCode::code() should not be called statically D:\phpStudy\WWW\btc\pc\Application\Home\Controller\LoginController.class.php 第 129 行.

[ 2018-10-25T20:47:04+08:00 ] 192.168.0.128 /Home/Login/getupdateLogo
INFO: [ app_init ] --START--
INFO: Run Behavior\BuildLiteBehavior [ RunTime:0.000017s ]
INFO: [ app_init ] --END-- [ RunTime:0.000880s ]
INFO: [ app_begin ] --START--
INFO: Run Behavior\ReadHtmlCacheBehavior [ RunTime:0.001066s ]
INFO: Run Behavior\CheckLangBehavior [ RunTime:0.003834s ]
NOTIC: [8] Constant LANG_SET already defined D:\phpStudy\WWW\btc\pc\ThinkPHP\Library\Behavior\CheckLangBehavior.class.php 第 55 行.
INFO: Run Behavior\CheckLangBehavior [ RunTime:0.003835s ]
INFO: [ app_begin ] --END-- [ RunTime:0.008891s ]
SQL: SHOW COLUMNS FROM `btc_home_info` [ RunTime:0.1485s ]
NOTIC: [8192] Non-static method StatusCode::code() should not be called statically D:\phpStudy\WWW\btc\pc\Application\Home\Controller\LoginController.class.php 第 129 行.

[ 2018-10-25T20:47:05+08:00 ] 192.168.0.128 /Home/Index/getAccount
INFO: [ app_init ] --START--
INFO: Run Behavior\BuildLiteBehavior [ RunTime:0.000015s ]
INFO: [ app_init ] --END-- [ RunTime:0.000974s ]
INFO: [ app_begin ] --START--
INFO: Run Behavior\ReadHtmlCacheBehavior [ RunTime:0.000934s ]
INFO: Run Behavior\CheckLangBehavior [ RunTime:0.094629s ]
NOTIC: [8] Constant LANG_SET already defined D:\phpStudy\WWW\btc\pc\ThinkPHP\Library\Behavior\CheckLangBehavior.class.php 第 55 行.
INFO: Run Behavior\CheckLangBehavior [ RunTime:0.041135s ]
INFO: [ app_begin ] --END-- [ RunTime:0.136906s ]
SQL: SHOW COLUMNS FROM `btc_user` [ RunTime:0.0137s ]
SQL: SELECT `user_id` FROM `btc_user` WHERE `email` = '3151904400@qq.com' AND `password` = '4192d21d2e09a8f2b97c5467e8e5d3ce' LIMIT 1   [ RunTime:0.0005s ]
SQL: SHOW COLUMNS FROM `btc_user_account` [ RunTime:0.0136s ]
SQL: SELECT `btc_balance`,`eth_balance`,`freeze_balance`,`extract_balance` FROM `btc_user_account` WHERE `user_id` = 'q2018090611234315362042232669474' AND `is_deleted` = 0 AND `status` = 0 LIMIT 1   [ RunTime:0.0004s ]

[ 2018-10-25T20:47:07+08:00 ] 192.168.0.128 /Home/PopupWindow/getBulletin
INFO: [ app_init ] --START--
INFO: Run Behavior\BuildLiteBehavior [ RunTime:0.000013s ]
INFO: [ app_init ] --END-- [ RunTime:0.000908s ]
INFO: [ app_begin ] --START--
INFO: Run Behavior\ReadHtmlCacheBehavior [ RunTime:0.000899s ]
INFO: Run Behavior\CheckLangBehavior [ RunTime:0.012248s ]
NOTIC: [8] Constant LANG_SET already defined D:\phpStudy\WWW\btc\pc\ThinkPHP\Library\Behavior\CheckLangBehavior.class.php 第 55 行.
INFO: Run Behavior\CheckLangBehavior [ RunTime:0.003366s ]
INFO: [ app_begin ] --END-- [ RunTime:0.016660s ]
SQL: SHOW COLUMNS FROM `btc_user` [ RunTime:0.0103s ]
SQL: SELECT `user_id` FROM `btc_user` WHERE `email` = '3151904400@qq.com' AND `password` = '4192d21d2e09a8f2b97c5467e8e5d3ce' LIMIT 1   [ RunTime:0.0006s ]
SQL: SHOW COLUMNS FROM `btc_bulletin` [ RunTime:0.0084s ]
SQL: SHOW COLUMNS FROM `btc_i18n` [ RunTime:0.0099s ]
SQL: SELECT b.bulletin_id,b.create_time,b.bulletin_title_i18n FROM btc_bulletin as b WHERE b.is_deleted = 0 AND b.status = 1 ORDER BY create_time desc  [ RunTime:0.0005s ]
SQL: SELECT `tw_content` FROM `btc_i18n` WHERE `i18n_id` = 'H2018062513490815299057485152429' LIMIT 1   [ RunTime:0.0003s ]
SQL: SELECT `tw_content` FROM `btc_i18n` WHERE `i18n_id` = 'b2018062222284415296777242420191' LIMIT 1   [ RunTime:0.0003s ]
SQL: SELECT `tw_content` FROM `btc_i18n` WHERE `i18n_id` = 'z2018052020191515268187554345747' LIMIT 1   [ RunTime:0.0010s ]
NOTIC: [8192] Non-static method StatusCode::code() should not be called statically D:\phpStudy\WWW\btc\pc\Application\Home\Controller\PopupWindowController.class.php 第 36 行.

[ 2018-10-25T20:47:08+08:00 ] 192.168.0.128 /Home/PopupWindow/getCallCenter
INFO: [ app_init ] --START--
INFO: Run Behavior\BuildLiteBehavior [ RunTime:0.000017s ]
INFO: [ app_init ] --END-- [ RunTime:0.005136s ]
INFO: [ app_begin ] --START--
INFO: Run Behavior\ReadHtmlCacheBehavior [ RunTime:0.007113s ]
INFO: Run Behavior\CheckLangBehavior [ RunTime:0.008890s ]
NOTIC: [8] Constant LANG_SET already defined D:\phpStudy\WWW\btc\pc\ThinkPHP\Library\Behavior\CheckLangBehavior.class.php 第 55 行.
INFO: Run Behavior\CheckLangBehavior [ RunTime:0.010817s ]
INFO: [ app_begin ] --END-- [ RunTime:0.027493s ]
SQL: SHOW COLUMNS FROM `btc_user` [ RunTime:0.0118s ]
SQL: SELECT `user_id` FROM `btc_user` WHERE `email` = '3151904400@qq.com' AND `password` = '4192d21d2e09a8f2b97c5467e8e5d3ce' LIMIT 1   [ RunTime:0.0005s ]
SQL: SHOW COLUMNS FROM `btc_service` [ RunTime:0.0125s ]
SQL: SELECT `name` FROM `btc_service`  [ RunTime:0.0003s ]

[ 2018-10-25T20:47:11+08:00 ] 192.168.0.128 /Home/Bocai/index
INFO: [ app_init ] --START--
INFO: Run Behavior\BuildLiteBehavior [ RunTime:0.000017s ]
INFO: [ app_init ] --END-- [ RunTime:0.000872s ]
INFO: [ app_begin ] --START--
INFO: Run Behavior\ReadHtmlCacheBehavior [ RunTime:0.004763s ]
INFO: Run Behavior\CheckLangBehavior [ RunTime:0.032497s ]
NOTIC: [8] Constant LANG_SET already defined D:\phpStudy\WWW\btc\pc\ThinkPHP\Library\Behavior\CheckLangBehavior.class.php 第 55 行.
INFO: Run Behavior\CheckLangBehavior [ RunTime:0.003833s ]
INFO: [ app_begin ] --END-- [ RunTime:0.041643s ]
SQL: SHOW COLUMNS FROM `btc_user` [ RunTime:0.0087s ]
SQL: SELECT `user_id` FROM `btc_user` WHERE `email` = '3151904400@qq.com' AND `password` = '4192d21d2e09a8f2b97c5467e8e5d3ce' LIMIT 1   [ RunTime:0.0004s ]
INFO: [ view_parse ] --START--
INFO: [ template_filter ] --START--
INFO: Run Behavior\ContentReplaceBehavior [ RunTime:0.000070s ]
INFO: [ template_filter ] --END-- [ RunTime:0.000139s ]
INFO: Run Behavior\ParseTemplateBehavior [ RunTime:0.010846s ]
INFO: [ view_parse ] --END-- [ RunTime:0.010913s ]
INFO: [ view_filter ] --START--
INFO: Run Behavior\WriteHtmlCacheBehavior [ RunTime:0.000682s ]
INFO: [ view_filter ] --END-- [ RunTime:0.000725s ]
INFO: [ app_end ] --START--
INFO: Run Behavior\ShowPageTraceBehavior [ RunTime:0.001003s ]
INFO: [ app_end ] --END-- [ RunTime:0.001060s ]

[ 2018-10-25T20:47:48+08:00 ] 192.168.0.128 /Home/Bocai/deal/type/1
INFO: [ app_init ] --START--
INFO: Run Behavior\BuildLiteBehavior [ RunTime:0.000019s ]
INFO: [ app_init ] --END-- [ RunTime:0.000759s ]
INFO: [ app_begin ] --START--
INFO: Run Behavior\ReadHtmlCacheBehavior [ RunTime:0.000860s ]
INFO: Run Behavior\CheckLangBehavior [ RunTime:0.004263s ]
NOTIC: [8] Constant LANG_SET already defined D:\phpStudy\WWW\btc\pc\ThinkPHP\Library\Behavior\CheckLangBehavior.class.php 第 55 行.
INFO: Run Behavior\CheckLangBehavior [ RunTime:0.002184s ]
INFO: [ app_begin ] --END-- [ RunTime:0.007454s ]
SQL: SHOW COLUMNS FROM `btc_user` [ RunTime:0.0090s ]
SQL: SELECT `user_id` FROM `btc_user` WHERE `email` = '3151904400@qq.com' AND `password` = '4192d21d2e09a8f2b97c5467e8e5d3ce' LIMIT 1   [ RunTime:0.0003s ]
INFO: [ view_parse ] --START--
INFO: [ template_filter ] --START--
INFO: Run Behavior\ContentReplaceBehavior [ RunTime:0.000076s ]
INFO: [ template_filter ] --END-- [ RunTime:0.000129s ]
INFO: Run Behavior\ParseTemplateBehavior [ RunTime:0.010673s ]
INFO: [ view_parse ] --END-- [ RunTime:0.010732s ]
INFO: [ view_filter ] --START--
INFO: Run Behavior\WriteHtmlCacheBehavior [ RunTime:0.000922s ]
INFO: [ view_filter ] --END-- [ RunTime:0.000981s ]
INFO: [ app_end ] --START--
INFO: Run Behavior\ShowPageTraceBehavior [ RunTime:0.001141s ]
INFO: [ app_end ] --END-- [ RunTime:0.001182s ]

[ 2018-10-25T20:47:50+08:00 ] 192.168.0.128 /Home/Bocai/getbalance
INFO: [ app_init ] --START--
INFO: Run Behavior\BuildLiteBehavior [ RunTime:0.000018s ]
INFO: [ app_init ] --END-- [ RunTime:0.002038s ]
INFO: [ app_begin ] --START--
INFO: Run Behavior\ReadHtmlCacheBehavior [ RunTime:0.002526s ]
INFO: Run Behavior\CheckLangBehavior [ RunTime:0.005528s ]
NOTIC: [8] Constant LANG_SET already defined D:\phpStudy\WWW\btc\pc\ThinkPHP\Library\Behavior\CheckLangBehavior.class.php 第 55 行.
INFO: Run Behavior\CheckLangBehavior [ RunTime:0.014778s ]
INFO: [ app_begin ] --END-- [ RunTime:0.023026s ]
SQL: SHOW COLUMNS FROM `btc_user` [ RunTime:0.0080s ]
SQL: SELECT `user_id` FROM `btc_user` WHERE `email` = '3151904400@qq.com' AND `password` = '4192d21d2e09a8f2b97c5467e8e5d3ce' LIMIT 1   [ RunTime:0.0003s ]
SQL: SHOW COLUMNS FROM `btc_user_account` [ RunTime:0.0063s ]
SQL: SELECT `extract_balance` FROM `btc_user_account` WHERE `user_id` = 'q2018090611234315362042232669474' LIMIT 1   [ RunTime:0.0002s ]

