[ 2019-02-28T18:27:00+08:00 ] 127.0.0.1 /
INFO: [ app_init ] --START--
INFO: Run Behavior\BuildLiteBehavior [ RunTime:0.000017s ]
INFO: [ app_init ] --END-- [ RunTime:0.001176s ]
INFO: [ app_begin ] --START--
INFO: Run Behavior\ReadHtmlCacheBehavior [ RunTime:0.000651s ]
INFO: Run Behavior\CheckLangBehavior [ RunTime:0.002736s ]
NOTIC: [8] Constant LANG_SET already defined D:\phpStudy\WWW\btc\pc\ThinkPHP\Library\Behavior\CheckLangBehavior.class.php 第 55 行.
INFO: Run Behavior\CheckLangBehavior [ RunTime:0.001640s ]
INFO: [ app_begin ] --END-- [ RunTime:0.005130s ]
SQL: SHOW COLUMNS FROM `btc_user` [ RunTime:0.0061s ]
INFO: [ view_parse ] --START--
NOTIC: [2] file_get_contents(__TEMPLATE__/home/header.html): failed to open stream: No such file or directory D:\phpStudy\WWW\btc\pc\ThinkPHP\Library\Think\Template.class.php 第 696 行.
NOTIC: [2] file_get_contents(__TEMPLATE__/home/header.html): failed to open stream: No such file or directory D:\phpStudy\WWW\btc\pc\ThinkPHP\Library\Think\Template.class.php 第 696 行.
INFO: [ template_filter ] --START--
INFO: Run Behavior\ContentReplaceBehavior [ RunTime:0.000501s ]
INFO: [ template_filter ] --END-- [ RunTime:0.000537s ]
NOTIC: [8] Undefined variable: email D:\phpStudy\WWW\btc\pc\Application\Runtime\Cache\Home\2a94b8bda04ff446dcedd42276fc99ee.php 第 1036 行.
NOTIC: [8] Undefined variable: maincoin_id D:\phpStudy\WWW\btc\pc\Application\Runtime\Cache\Home\2a94b8bda04ff446dcedd42276fc99ee.php 第 1129 行.
INFO: Run Behavior\ParseTemplateBehavior [ RunTime:0.018108s ]
INFO: [ view_parse ] --END-- [ RunTime:0.018145s ]
INFO: [ view_filter ] --START--
INFO: Run Behavior\WriteHtmlCacheBehavior [ RunTime:0.000403s ]
INFO: [ view_filter ] --END-- [ RunTime:0.000423s ]
INFO: [ app_end ] --START--
INFO: Run Behavior\ShowPageTraceBehavior [ RunTime:0.000501s ]
INFO: [ app_end ] --END-- [ RunTime:0.000542s ]

[ 2019-02-28T18:27:00+08:00 ] 127.0.0.1 /Home/Login/index
INFO: [ app_init ] --START--
INFO: Run Behavior\BuildLiteBehavior [ RunTime:0.000006s ]
INFO: [ app_init ] --END-- [ RunTime:0.000290s ]
INFO: [ app_begin ] --START--
INFO: Run Behavior\ReadHtmlCacheBehavior [ RunTime:0.000515s ]
INFO: Run Behavior\CheckLangBehavior [ RunTime:0.001745s ]
NOTIC: [8] Constant LANG_SET already defined D:\phpStudy\WWW\btc\pc\ThinkPHP\Library\Behavior\CheckLangBehavior.class.php 第 55 行.
INFO: Run Behavior\CheckLangBehavior [ RunTime:0.001418s ]
INFO: [ app_begin ] --END-- [ RunTime:0.003739s ]
INFO: [ view_parse ] --START--
NOTIC: [2] file_get_contents(__TEMPLATE__/home/header.html): failed to open stream: No such file or directory D:\phpStudy\WWW\btc\pc\ThinkPHP\Library\Think\Template.class.php 第 696 行.
NOTIC: [2] file_get_contents(__TEMPLATE__/home/header.html): failed to open stream: No such file or directory D:\phpStudy\WWW\btc\pc\ThinkPHP\Library\Think\Template.class.php 第 696 行.
INFO: [ template_filter ] --START--
INFO: Run Behavior\ContentReplaceBehavior [ RunTime:0.000439s ]
INFO: [ template_filter ] --END-- [ RunTime:0.000472s ]
INFO: Run Behavior\ParseTemplateBehavior [ RunTime:0.015146s ]
INFO: [ view_parse ] --END-- [ RunTime:0.015203s ]
INFO: [ view_filter ] --START--
INFO: Run Behavior\WriteHtmlCacheBehavior [ RunTime:0.000464s ]
INFO: [ view_filter ] --END-- [ RunTime:0.000492s ]
INFO: [ app_end ] --START--
INFO: Run Behavior\ShowPageTraceBehavior [ RunTime:0.000444s ]
INFO: [ app_end ] --END-- [ RunTime:0.000473s ]

[ 2019-02-28T18:27:03+08:00 ] 127.0.0.1 /Home/Login/getupdateLogo
INFO: [ app_init ] --START--
INFO: Run Behavior\BuildLiteBehavior [ RunTime:0.000013s ]
INFO: [ app_init ] --END-- [ RunTime:0.000540s ]
INFO: [ app_begin ] --START--
INFO: Run Behavior\ReadHtmlCacheBehavior [ RunTime:0.000817s ]
INFO: Run Behavior\CheckLangBehavior [ RunTime:0.003099s ]
NOTIC: [8] Constant LANG_SET already defined D:\phpStudy\WWW\btc\pc\ThinkPHP\Library\Behavior\CheckLangBehavior.class.php 第 55 行.
INFO: Run Behavior\CheckLangBehavior [ RunTime:0.002503s ]
INFO: [ app_begin ] --END-- [ RunTime:0.006518s ]
SQL: SHOW COLUMNS FROM `btc_home_info` [ RunTime:0.0069s ]
SQL: SELECT `background_url`,`logo_url`,`name` FROM `btc_home_info` WHERE `id` = '10000000000000000000000000000000'  [ RunTime:0.0007s ]
NOTIC: [8192] Non-static method StatusCode::code() should not be called statically D:\phpStudy\WWW\btc\pc\Application\Home\Controller\LoginController.class.php 第 129 行.

[ 2019-02-28T18:27:04+08:00 ] 127.0.0.1 /Home/Question/getCommonProblemFive
INFO: [ app_init ] --START--
INFO: Run Behavior\BuildLiteBehavior [ RunTime:0.000007s ]
INFO: [ app_init ] --END-- [ RunTime:0.000265s ]
INFO: [ app_begin ] --START--
INFO: Run Behavior\ReadHtmlCacheBehavior [ RunTime:0.000482s ]
INFO: Run Behavior\CheckLangBehavior [ RunTime:0.001709s ]
NOTIC: [8] Constant LANG_SET already defined D:\phpStudy\WWW\btc\pc\ThinkPHP\Library\Behavior\CheckLangBehavior.class.php 第 55 行.
INFO: Run Behavior\CheckLangBehavior [ RunTime:0.001407s ]
INFO: [ app_begin ] --END-- [ RunTime:0.003648s ]
SQL: SHOW COLUMNS FROM `btc_common_problem` [ RunTime:0.0058s ]
SQL: SHOW COLUMNS FROM `btc_i18n` [ RunTime:0.0056s ]
SQL: SELECT `title_i18n_id`,`type` FROM `btc_common_problem` WHERE `is_deleted` = 0 ORDER BY common_problem_id desc LIMIT 6   [ RunTime:0.0003s ]
SQL: SELECT `tw_content` FROM `btc_i18n` WHERE `i18n_id` = 'D2018051000411715258840778715581' LIMIT 1   [ RunTime:0.0004s ]
SQL: SELECT `tw_content` FROM `btc_i18n` WHERE `i18n_id` = 'c2018051000312115258834819759238' LIMIT 1   [ RunTime:0.0002s ]
SQL: SELECT `tw_content` FROM `btc_i18n` WHERE `i18n_id` = 'G2018051000281615258832966404707' LIMIT 1   [ RunTime:0.0002s ]
SQL: SELECT `tw_content` FROM `btc_i18n` WHERE `i18n_id` = 'A2018051000210715258828675346581' LIMIT 1   [ RunTime:0.0002s ]
SQL: SELECT `tw_content` FROM `btc_i18n` WHERE `i18n_id` = 'B2018051000233015258830104844442' LIMIT 1   [ RunTime:0.0003s ]
SQL: SELECT `tw_content` FROM `btc_i18n` WHERE `i18n_id` = 'D2018051000384515258839253990379' LIMIT 1   [ RunTime:0.0002s ]
NOTIC: [8192] Non-static method StatusCode::code() should not be called statically D:\phpStudy\WWW\btc\pc\Application\Home\Controller\QuestionController.class.php 第 132 行.

[ 2019-02-28T18:27:05+08:00 ] 127.0.0.1 /Home/Login/getBasics
INFO: [ app_init ] --START--
INFO: Run Behavior\BuildLiteBehavior [ RunTime:0.000007s ]
INFO: [ app_init ] --END-- [ RunTime:0.000271s ]
INFO: [ app_begin ] --START--
INFO: Run Behavior\ReadHtmlCacheBehavior [ RunTime:0.000490s ]
INFO: Run Behavior\CheckLangBehavior [ RunTime:0.001721s ]
NOTIC: [8] Constant LANG_SET already defined D:\phpStudy\WWW\btc\pc\ThinkPHP\Library\Behavior\CheckLangBehavior.class.php 第 55 行.
INFO: Run Behavior\CheckLangBehavior [ RunTime:0.001502s ]
INFO: [ app_begin ] --END-- [ RunTime:0.003768s ]
NOTIC: [2] Declaration of Home\Controller\EmailController::register($email) should be compatible with Home\Controller\LoginController::register() D:\phpStudy\WWW\btc\pc\Application\Home\Controller\EmailController.class.php 第 255 行.
NOTIC: [8192] Non-static method Home\Controller\EmailController::receive() should not be called statically D:\phpStudy\WWW\btc\pc\Application\Home\Controller\LoginController.class.php 第 115 行.
SQL: SHOW COLUMNS FROM `btc_home_info` [ RunTime:0.0059s ]
SQL: SELECT `name`,`company_email`,`company_tel`,`logo_url` FROM `btc_home_info` WHERE ( id=10000000000000000000000000000000 ) LIMIT 1   [ RunTime:0.0004s ]

[ 2019-02-28T18:27:06+08:00 ] 127.0.0.1 /Home/Login/getContactUs
INFO: [ app_init ] --START--
INFO: Run Behavior\BuildLiteBehavior [ RunTime:0.000007s ]
INFO: [ app_init ] --END-- [ RunTime:0.000350s ]
INFO: [ app_begin ] --START--
INFO: Run Behavior\ReadHtmlCacheBehavior [ RunTime:0.000526s ]
INFO: Run Behavior\CheckLangBehavior [ RunTime:0.001658s ]
NOTIC: [8] Constant LANG_SET already defined D:\phpStudy\WWW\btc\pc\ThinkPHP\Library\Behavior\CheckLangBehavior.class.php 第 55 行.
INFO: Run Behavior\CheckLangBehavior [ RunTime:0.001410s ]
INFO: [ app_begin ] --END-- [ RunTime:0.003649s ]
SQL: SHOW COLUMNS FROM `btc_home_info` [ RunTime:0.0058s ]
SQL: SHOW COLUMNS FROM `btc_i18n` [ RunTime:0.0054s ]
SQL: SELECT `i18n_id`,`company_tel`,`company_email` FROM `btc_home_info` WHERE `id` = '10000000000000000000000000000000' LIMIT 1   [ RunTime:0.0003s ]
SQL: SELECT `TW_content` FROM `btc_i18n` WHERE `i18n_id` = 'z2018051614152915264513298476213' LIMIT 1   [ RunTime:0.0002s ]

[ 2019-02-28T18:27:06+08:00 ] 127.0.0.1 /Home/Login/favicon.ico
INFO: [ app_init ] --START--
INFO: Run Behavior\BuildLiteBehavior [ RunTime:0.000007s ]
INFO: [ app_init ] --END-- [ RunTime:0.000358s ]

[ 2019-02-28T18:27:07+08:00 ] 127.0.0.1 /Home/Login/getupdateLogo
INFO: [ app_init ] --START--
INFO: Run Behavior\BuildLiteBehavior [ RunTime:0.000013s ]
INFO: [ app_init ] --END-- [ RunTime:0.000620s ]
INFO: [ app_begin ] --START--
INFO: Run Behavior\ReadHtmlCacheBehavior [ RunTime:0.000793s ]
INFO: Run Behavior\CheckLangBehavior [ RunTime:0.003064s ]
NOTIC: [8] Constant LANG_SET already defined D:\phpStudy\WWW\btc\pc\ThinkPHP\Library\Behavior\CheckLangBehavior.class.php 第 55 行.
INFO: Run Behavior\CheckLangBehavior [ RunTime:0.001688s ]
INFO: [ app_begin ] --END-- [ RunTime:0.005643s ]
SQL: SHOW COLUMNS FROM `btc_home_info` [ RunTime:0.0055s ]
NOTIC: [8192] Non-static method StatusCode::code() should not be called statically D:\phpStudy\WWW\btc\pc\Application\Home\Controller\LoginController.class.php 第 129 行.

[ 2019-02-28T18:27:08+08:00 ] 127.0.0.1 /Home/Login/getupdateLogo
INFO: [ app_init ] --START--
INFO: Run Behavior\BuildLiteBehavior [ RunTime:0.000008s ]
INFO: [ app_init ] --END-- [ RunTime:0.000302s ]
INFO: [ app_begin ] --START--
INFO: Run Behavior\ReadHtmlCacheBehavior [ RunTime:0.000544s ]
INFO: Run Behavior\CheckLangBehavior [ RunTime:0.001815s ]
NOTIC: [8] Constant LANG_SET already defined D:\phpStudy\WWW\btc\pc\ThinkPHP\Library\Behavior\CheckLangBehavior.class.php 第 55 行.
INFO: Run Behavior\CheckLangBehavior [ RunTime:0.001445s ]
INFO: [ app_begin ] --END-- [ RunTime:0.003867s ]
SQL: SHOW COLUMNS FROM `btc_home_info` [ RunTime:0.0060s ]
NOTIC: [8192] Non-static method StatusCode::code() should not be called statically D:\phpStudy\WWW\btc\pc\Application\Home\Controller\LoginController.class.php 第 129 行.

[ 2019-02-28T18:27:26+08:00 ] 127.0.0.1 /Home/Login/login
INFO: [ app_init ] --START--
INFO: Run Behavior\BuildLiteBehavior [ RunTime:0.000007s ]
INFO: [ app_init ] --END-- [ RunTime:0.000302s ]
INFO: [ app_begin ] --START--
INFO: Run Behavior\ReadHtmlCacheBehavior [ RunTime:0.000530s ]
INFO: Run Behavior\CheckLangBehavior [ RunTime:0.002329s ]
NOTIC: [8] Constant LANG_SET already defined D:\phpStudy\WWW\btc\pc\ThinkPHP\Library\Behavior\CheckLangBehavior.class.php 第 55 行.
INFO: Run Behavior\CheckLangBehavior [ RunTime:0.002314s ]
INFO: [ app_begin ] --END-- [ RunTime:0.005276s ]
SQL: SHOW COLUMNS FROM `btc_user` [ RunTime:0.0059s ]
NOTIC: [8192] Non-static method Common::verifyMd5() should not be called statically D:\phpStudy\WWW\btc\pc\Application\Home\Controller\LoginController.class.php 第 209 行.
SQL: SELECT COUNT(*) AS tp_count FROM `btc_user` WHERE `email` = '3151904400@qq.com' LIMIT 1   [ RunTime:0.0004s ]
SQL: SELECT COUNT(*) AS tp_count FROM `btc_user` WHERE `email` = '3151904400@qq.com' AND `password` = '4192d21d2e09a8f2b97c5467e8e5d3ce' LIMIT 1   [ RunTime:0.0002s ]
SQL: SELECT `status` FROM `btc_user` WHERE `email` = '3151904400@qq.com' LIMIT 1   [ RunTime:0.0002s ]
NOTIC: [8192] Non-static method Common::getIP() should not be called statically D:\phpStudy\WWW\btc\pc\Application\Home\Controller\LoginController.class.php 第 229 行.
SQL: SELECT `user_id` FROM `btc_user` WHERE `email` = '3151904400@qq.com' LIMIT 1   [ RunTime:0.0002s ]
NOTIC: [2] Illegal offset type in isset or empty D:\phpStudy\WWW\btc\pc\ThinkPHP\Library\Think\Model.class.php 第 445 行.
SQL: UPDATE `btc_user` SET `login_ip`='127.0.0.1' WHERE `user_id` = 'q2018090611234315362042232669474' [ RunTime:0.0016s ]
SQL: SHOW COLUMNS FROM `btc_user_set` [ RunTime:0.0071s ]
SQL: SELECT `user_id` FROM `btc_user` WHERE `email` = '3151904400@qq.com' LIMIT 1   [ RunTime:0.0002s ]
SQL: SELECT `email_login` FROM `btc_user_set` WHERE `user_id` = 'q2018090611234315362042232669474'  [ RunTime:0.0003s ]
SQL: SELECT * FROM `btc_user` WHERE `user_id` = 'q2018090611234315362042232669474'  [ RunTime:0.0002s ]
NOTIC: [2] Declaration of Home\Controller\EmailController::register($email) should be compatible with Home\Controller\LoginController::register() D:\phpStudy\WWW\btc\pc\Application\Home\Controller\EmailController.class.php 第 255 行.
NOTIC: [8192] Non-static method Home\Controller\EmailController::receive() should not be called statically D:\phpStudy\WWW\btc\pc\Application\Home\Controller\LoginController.class.php 第 385 行.
SQL: SHOW COLUMNS FROM `btc_home_info` [ RunTime:0.0060s ]
SQL: SELECT `name`,`company_email`,`company_tel`,`logo_url` FROM `btc_home_info` WHERE ( id=10000000000000000000000000000000 ) LIMIT 1   [ RunTime:0.0002s ]
SQL: SELECT `email_type`,`email_account`,`email_password` FROM `btc_home_info` LIMIT 1   [ RunTime:0.0002s ]
NOTIC: [8192] Non-static method StatusCode::code() should not be called statically D:\phpStudy\WWW\btc\pc\Application\Common\Common\SendEmail.class.php 第 53 行.
NOTIC: [8192] Non-static method StatusCode::code() should not be called statically D:\phpStudy\WWW\btc\pc\Application\Home\Controller\LoginController.class.php 第 251 行.

[ 2019-02-28T18:27:29+08:00 ] 127.0.0.1 /
INFO: [ app_init ] --START--
INFO: Run Behavior\BuildLiteBehavior [ RunTime:0.000007s ]
INFO: [ app_init ] --END-- [ RunTime:0.000273s ]
INFO: [ app_begin ] --START--
INFO: Run Behavior\ReadHtmlCacheBehavior [ RunTime:0.000616s ]
INFO: Run Behavior\CheckLangBehavior [ RunTime:0.002203s ]
NOTIC: [8] Constant LANG_SET already defined D:\phpStudy\WWW\btc\pc\ThinkPHP\Library\Behavior\CheckLangBehavior.class.php 第 55 行.
INFO: Run Behavior\CheckLangBehavior [ RunTime:0.001414s ]
INFO: [ app_begin ] --END-- [ RunTime:0.004313s ]
SQL: SHOW COLUMNS FROM `btc_user` [ RunTime:0.0057s ]
SQL: SELECT `user_id` FROM `btc_user` WHERE `email` = '3151904400@qq.com' AND `password` = '4192d21d2e09a8f2b97c5467e8e5d3ce' LIMIT 1   [ RunTime:0.0003s ]
SQL: SELECT `maincoin_id`,`email` FROM `btc_user` WHERE `user_id` = 'q2018090611234315362042232669474' LIMIT 1   [ RunTime:0.0002s ]
INFO: [ view_parse ] --START--
NOTIC: [2] file_get_contents(__TEMPLATE__/home/header.html): failed to open stream: No such file or directory D:\phpStudy\WWW\btc\pc\ThinkPHP\Library\Think\Template.class.php 第 696 行.
NOTIC: [2] file_get_contents(__TEMPLATE__/home/header.html): failed to open stream: No such file or directory D:\phpStudy\WWW\btc\pc\ThinkPHP\Library\Think\Template.class.php 第 696 行.
INFO: [ template_filter ] --START--
INFO: Run Behavior\ContentReplaceBehavior [ RunTime:0.000581s ]
INFO: [ template_filter ] --END-- [ RunTime:0.000628s ]
INFO: Run Behavior\ParseTemplateBehavior [ RunTime:0.013780s ]
INFO: [ view_parse ] --END-- [ RunTime:0.013819s ]
INFO: [ view_filter ] --START--
INFO: Run Behavior\WriteHtmlCacheBehavior [ RunTime:0.000396s ]
INFO: [ view_filter ] --END-- [ RunTime:0.000416s ]
INFO: [ app_end ] --START--
INFO: Run Behavior\ShowPageTraceBehavior [ RunTime:0.000417s ]
INFO: [ app_end ] --END-- [ RunTime:0.000454s ]

[ 2019-02-28T18:27:31+08:00 ] 127.0.0.1 /Home/PopupWindow/getBulletin
INFO: [ app_init ] --START--
INFO: Run Behavior\BuildLiteBehavior [ RunTime:0.000010s ]
INFO: [ app_init ] --END-- [ RunTime:0.000424s ]
INFO: [ app_begin ] --START--
INFO: Run Behavior\ReadHtmlCacheBehavior [ RunTime:0.000574s ]
INFO: Run Behavior\CheckLangBehavior [ RunTime:0.001871s ]
NOTIC: [8] Constant LANG_SET already defined D:\phpStudy\WWW\btc\pc\ThinkPHP\Library\Behavior\CheckLangBehavior.class.php 第 55 行.
INFO: Run Behavior\CheckLangBehavior [ RunTime:0.002490s ]
INFO: [ app_begin ] --END-- [ RunTime:0.005024s ]
SQL: SHOW COLUMNS FROM `btc_user` [ RunTime:0.0066s ]
SQL: SELECT `user_id` FROM `btc_user` WHERE `email` = '3151904400@qq.com' AND `password` = '4192d21d2e09a8f2b97c5467e8e5d3ce' LIMIT 1   [ RunTime:0.0003s ]
SQL: SHOW COLUMNS FROM `btc_bulletin` [ RunTime:0.0060s ]
SQL: SHOW COLUMNS FROM `btc_i18n` [ RunTime:0.0060s ]
SQL: SELECT b.bulletin_id,b.create_time,b.bulletin_title_i18n FROM btc_bulletin as b WHERE b.is_deleted = 0 AND b.status = 1 ORDER BY create_time desc  [ RunTime:0.0005s ]
SQL: SELECT `tw_content` FROM `btc_i18n` WHERE `i18n_id` = 'H2018062513490815299057485152429' LIMIT 1   [ RunTime:0.0004s ]
SQL: SELECT `tw_content` FROM `btc_i18n` WHERE `i18n_id` = 'b2018062222284415296777242420191' LIMIT 1   [ RunTime:0.0003s ]
SQL: SELECT `tw_content` FROM `btc_i18n` WHERE `i18n_id` = 'z2018052020191515268187554345747' LIMIT 1   [ RunTime:0.0002s ]
NOTIC: [8192] Non-static method StatusCode::code() should not be called statically D:\phpStudy\WWW\btc\pc\Application\Home\Controller\PopupWindowController.class.php 第 36 行.

[ 2019-02-28T18:27:32+08:00 ] 127.0.0.1 /Home/PopupWindow/getCallCenter
INFO: [ app_init ] --START--
INFO: Run Behavior\BuildLiteBehavior [ RunTime:0.000009s ]
INFO: [ app_init ] --END-- [ RunTime:0.000389s ]
INFO: [ app_begin ] --START--
INFO: Run Behavior\ReadHtmlCacheBehavior [ RunTime:0.000714s ]
INFO: Run Behavior\CheckLangBehavior [ RunTime:0.002207s ]
NOTIC: [8] Constant LANG_SET already defined D:\phpStudy\WWW\btc\pc\ThinkPHP\Library\Behavior\CheckLangBehavior.class.php 第 55 行.
INFO: Run Behavior\CheckLangBehavior [ RunTime:0.002033s ]
INFO: [ app_begin ] --END-- [ RunTime:0.005094s ]
SQL: SHOW COLUMNS FROM `btc_user` [ RunTime:0.0058s ]
SQL: SELECT `user_id` FROM `btc_user` WHERE `email` = '3151904400@qq.com' AND `password` = '4192d21d2e09a8f2b97c5467e8e5d3ce' LIMIT 1   [ RunTime:0.0003s ]
SQL: SHOW COLUMNS FROM `btc_service` [ RunTime:0.0058s ]
SQL: SELECT `name` FROM `btc_service`  [ RunTime:0.0003s ]

[ 2019-02-28T18:27:33+08:00 ] 127.0.0.1 /home/PopupWindow/isSvClose
INFO: [ app_init ] --START--
INFO: Run Behavior\BuildLiteBehavior [ RunTime:0.000010s ]
INFO: [ app_init ] --END-- [ RunTime:0.000406s ]
INFO: [ app_begin ] --START--
INFO: Run Behavior\ReadHtmlCacheBehavior [ RunTime:0.000529s ]
INFO: Run Behavior\CheckLangBehavior [ RunTime:0.001683s ]
NOTIC: [8] Constant LANG_SET already defined D:\phpStudy\WWW\btc\pc\ThinkPHP\Library\Behavior\CheckLangBehavior.class.php 第 55 行.
INFO: Run Behavior\CheckLangBehavior [ RunTime:0.001399s ]
INFO: [ app_begin ] --END-- [ RunTime:0.003675s ]
SQL: SHOW COLUMNS FROM `btc_user` [ RunTime:0.0057s ]
SQL: SELECT `user_id` FROM `btc_user` WHERE `email` = '3151904400@qq.com' AND `password` = '4192d21d2e09a8f2b97c5467e8e5d3ce' LIMIT 1   [ RunTime:0.0003s ]
SQL: SHOW COLUMNS FROM `btc_home_info` [ RunTime:0.0056s ]
SQL: SELECT `service_status` FROM `btc_home_info`  [ RunTime:0.0003s ]

[ 2019-02-28T18:27:35+08:00 ] 127.0.0.1 /Home/Index/getTopInfo
INFO: [ app_init ] --START--
INFO: Run Behavior\BuildLiteBehavior [ RunTime:0.000011s ]
INFO: [ app_init ] --END-- [ RunTime:0.000426s ]
INFO: [ app_begin ] --START--
INFO: Run Behavior\ReadHtmlCacheBehavior [ RunTime:0.000594s ]
INFO: Run Behavior\CheckLangBehavior [ RunTime:0.001951s ]
NOTIC: [8] Constant LANG_SET already defined D:\phpStudy\WWW\btc\pc\ThinkPHP\Library\Behavior\CheckLangBehavior.class.php 第 55 行.
INFO: Run Behavior\CheckLangBehavior [ RunTime:0.001591s ]
INFO: [ app_begin ] --END-- [ RunTime:0.004246s ]
SQL: SHOW COLUMNS FROM `btc_user` [ RunTime:0.0056s ]
SQL: SELECT `user_id` FROM `btc_user` WHERE `email` = '3151904400@qq.com' AND `password` = '4192d21d2e09a8f2b97c5467e8e5d3ce' LIMIT 1   [ RunTime:0.0003s ]
SQL: SELECT `user_name`,`maincoin_id` FROM `btc_user` WHERE `user_id` = 'q2018090611234315362042232669474' LIMIT 1   [ RunTime:0.0002s ]
NOTIC: [8192] Non-static method StatusCode::code() should not be called statically D:\phpStudy\WWW\btc\pc\Application\Home\Controller\IndexController.class.php 第 61 行.
SQL: SHOW COLUMNS FROM `btc_information` [ RunTime:0.0063s ]
SQL: SELECT COUNT(*) AS tp_count FROM `btc_information` WHERE `maincoin_id` = null LIMIT 1   [ RunTime:0.0003s ]

[ 2019-02-28T18:27:36+08:00 ] 127.0.0.1 /Home/Login/getupdateLogo
INFO: [ app_init ] --START--
INFO: Run Behavior\BuildLiteBehavior [ RunTime:0.000013s ]
INFO: [ app_init ] --END-- [ RunTime:0.000503s ]
INFO: [ app_begin ] --START--
INFO: Run Behavior\ReadHtmlCacheBehavior [ RunTime:0.000581s ]
INFO: Run Behavior\CheckLangBehavior [ RunTime:0.001845s ]
NOTIC: [8] Constant LANG_SET already defined D:\phpStudy\WWW\btc\pc\ThinkPHP\Library\Behavior\CheckLangBehavior.class.php 第 55 行.
INFO: Run Behavior\CheckLangBehavior [ RunTime:0.001493s ]
INFO: [ app_begin ] --END-- [ RunTime:0.003996s ]
SQL: SHOW COLUMNS FROM `btc_home_info` [ RunTime:0.0059s ]
NOTIC: [8192] Non-static method StatusCode::code() should not be called statically D:\phpStudy\WWW\btc\pc\Application\Home\Controller\LoginController.class.php 第 129 行.

[ 2019-02-28T18:27:37+08:00 ] 127.0.0.1 /Home/Index/getAccount
INFO: [ app_init ] --START--
INFO: Run Behavior\BuildLiteBehavior [ RunTime:0.000006s ]
INFO: [ app_init ] --END-- [ RunTime:0.000263s ]
INFO: [ app_begin ] --START--
INFO: Run Behavior\ReadHtmlCacheBehavior [ RunTime:0.000478s ]
INFO: Run Behavior\CheckLangBehavior [ RunTime:0.001758s ]
NOTIC: [8] Constant LANG_SET already defined D:\phpStudy\WWW\btc\pc\ThinkPHP\Library\Behavior\CheckLangBehavior.class.php 第 55 行.
INFO: Run Behavior\CheckLangBehavior [ RunTime:0.001400s ]
INFO: [ app_begin ] --END-- [ RunTime:0.003704s ]
SQL: SHOW COLUMNS FROM `btc_user` [ RunTime:0.0057s ]
SQL: SELECT `user_id` FROM `btc_user` WHERE `email` = '3151904400@qq.com' AND `password` = '4192d21d2e09a8f2b97c5467e8e5d3ce' LIMIT 1   [ RunTime:0.0003s ]
SQL: SHOW COLUMNS FROM `btc_user_account` [ RunTime:0.0059s ]
SQL: SELECT `btc_balance`,`eth_balance`,`freeze_balance`,`extract_balance` FROM `btc_user_account` WHERE `user_id` = 'q2018090611234315362042232669474' AND `is_deleted` = 0 AND `status` = 0 LIMIT 1   [ RunTime:0.0004s ]

[ 2019-02-28T18:27:38+08:00 ] 127.0.0.1 /Home/PopupWindow/getBulletin
INFO: [ app_init ] --START--
INFO: Run Behavior\BuildLiteBehavior [ RunTime:0.000007s ]
INFO: [ app_init ] --END-- [ RunTime:0.000292s ]
INFO: [ app_begin ] --START--
INFO: Run Behavior\ReadHtmlCacheBehavior [ RunTime:0.000509s ]
INFO: Run Behavior\CheckLangBehavior [ RunTime:0.001683s ]
NOTIC: [8] Constant LANG_SET already defined D:\phpStudy\WWW\btc\pc\ThinkPHP\Library\Behavior\CheckLangBehavior.class.php 第 55 行.
INFO: Run Behavior\CheckLangBehavior [ RunTime:0.001405s ]
INFO: [ app_begin ] --END-- [ RunTime:0.003652s ]
SQL: SHOW COLUMNS FROM `btc_user` [ RunTime:0.0062s ]
SQL: SELECT `user_id` FROM `btc_user` WHERE `email` = '3151904400@qq.com' AND `password` = '4192d21d2e09a8f2b97c5467e8e5d3ce' LIMIT 1   [ RunTime:0.0003s ]
SQL: SHOW COLUMNS FROM `btc_bulletin` [ RunTime:0.0057s ]
SQL: SHOW COLUMNS FROM `btc_i18n` [ RunTime:0.0054s ]
SQL: SELECT b.bulletin_id,b.create_time,b.bulletin_title_i18n FROM btc_bulletin as b WHERE b.is_deleted = 0 AND b.status = 1 ORDER BY create_time desc  [ RunTime:0.0003s ]
SQL: SELECT `tw_content` FROM `btc_i18n` WHERE `i18n_id` = 'H2018062513490815299057485152429' LIMIT 1   [ RunTime:0.0002s ]
SQL: SELECT `tw_content` FROM `btc_i18n` WHERE `i18n_id` = 'b2018062222284415296777242420191' LIMIT 1   [ RunTime:0.0002s ]
SQL: SELECT `tw_content` FROM `btc_i18n` WHERE `i18n_id` = 'z2018052020191515268187554345747' LIMIT 1   [ RunTime:0.0002s ]
NOTIC: [8192] Non-static method StatusCode::code() should not be called statically D:\phpStudy\WWW\btc\pc\Application\Home\Controller\PopupWindowController.class.php 第 36 行.

[ 2019-02-28T18:27:40+08:00 ] 127.0.0.1 /Home/PopupWindow/getCallCenter
INFO: [ app_init ] --START--
INFO: Run Behavior\BuildLiteBehavior [ RunTime:0.000006s ]
INFO: [ app_init ] --END-- [ RunTime:0.000288s ]
INFO: [ app_begin ] --START--
INFO: Run Behavior\ReadHtmlCacheBehavior [ RunTime:0.000511s ]
INFO: Run Behavior\CheckLangBehavior [ RunTime:0.001906s ]
NOTIC: [8] Constant LANG_SET already defined D:\phpStudy\WWW\btc\pc\ThinkPHP\Library\Behavior\CheckLangBehavior.class.php 第 55 行.
INFO: Run Behavior\CheckLangBehavior [ RunTime:0.001552s ]
INFO: [ app_begin ] --END-- [ RunTime:0.004045s ]
SQL: SHOW COLUMNS FROM `btc_user` [ RunTime:0.0059s ]
SQL: SELECT `user_id` FROM `btc_user` WHERE `email` = '3151904400@qq.com' AND `password` = '4192d21d2e09a8f2b97c5467e8e5d3ce' LIMIT 1   [ RunTime:0.0003s ]
SQL: SHOW COLUMNS FROM `btc_service` [ RunTime:0.0055s ]
SQL: SELECT `name` FROM `btc_service`  [ RunTime:0.0002s ]

[ 2019-02-28T18:27:42+08:00 ] 127.0.0.1 /Home/Login/getupdateLogo
INFO: [ app_init ] --START--
INFO: Run Behavior\BuildLiteBehavior [ RunTime:0.000011s ]
INFO: [ app_init ] --END-- [ RunTime:0.000457s ]
INFO: [ app_begin ] --START--
INFO: Run Behavior\ReadHtmlCacheBehavior [ RunTime:0.000757s ]
INFO: Run Behavior\CheckLangBehavior [ RunTime:0.002728s ]
NOTIC: [8] Constant LANG_SET already defined D:\phpStudy\WWW\btc\pc\ThinkPHP\Library\Behavior\CheckLangBehavior.class.php 第 55 行.
INFO: Run Behavior\CheckLangBehavior [ RunTime:0.002224s ]
INFO: [ app_begin ] --END-- [ RunTime:0.005800s ]
SQL: SHOW COLUMNS FROM `btc_home_info` [ RunTime:0.0056s ]
NOTIC: [8192] Non-static method StatusCode::code() should not be called statically D:\phpStudy\WWW\btc\pc\Application\Home\Controller\LoginController.class.php 第 129 行.

[ 2019-02-28T18:29:46+08:00 ] 127.0.0.1 /Home/Bocai/index
INFO: [ app_init ] --START--
INFO: Run Behavior\BuildLiteBehavior [ RunTime:0.000011s ]
INFO: [ app_init ] --END-- [ RunTime:0.000536s ]
INFO: [ app_begin ] --START--
INFO: Run Behavior\ReadHtmlCacheBehavior [ RunTime:0.000502s ]
INFO: Run Behavior\CheckLangBehavior [ RunTime:0.005117s ]
NOTIC: [8] Constant LANG_SET already defined D:\phpStudy\WWW\btc\pc\ThinkPHP\Library\Behavior\CheckLangBehavior.class.php 第 55 行.
INFO: Run Behavior\CheckLangBehavior [ RunTime:0.001591s ]
INFO: [ app_begin ] --END-- [ RunTime:0.007279s ]
SQL: SHOW COLUMNS FROM `btc_user` [ RunTime:0.0063s ]
SQL: SELECT `user_id` FROM `btc_user` WHERE `email` = '3151904400@qq.com' AND `password` = '4192d21d2e09a8f2b97c5467e8e5d3ce' LIMIT 1   [ RunTime:0.0003s ]
INFO: [ view_parse ] --START--
INFO: [ template_filter ] --START--
INFO: Run Behavior\ContentReplaceBehavior [ RunTime:0.000044s ]
INFO: [ template_filter ] --END-- [ RunTime:0.000078s ]
INFO: Run Behavior\ParseTemplateBehavior [ RunTime:0.008582s ]
INFO: [ view_parse ] --END-- [ RunTime:0.008615s ]
INFO: [ view_filter ] --START--
INFO: Run Behavior\WriteHtmlCacheBehavior [ RunTime:0.000447s ]
INFO: [ view_filter ] --END-- [ RunTime:0.000475s ]
INFO: [ app_end ] --START--
INFO: Run Behavior\ShowPageTraceBehavior [ RunTime:0.000676s ]
INFO: [ app_end ] --END-- [ RunTime:0.000720s ]

[ 2019-02-28T18:35:31+08:00 ] 127.0.0.1 /Home/Bocai/deal/type/1
INFO: [ app_init ] --START--
INFO: Run Behavior\BuildLiteBehavior [ RunTime:0.000007s ]
INFO: [ app_init ] --END-- [ RunTime:0.000298s ]
INFO: [ app_begin ] --START--
INFO: Run Behavior\ReadHtmlCacheBehavior [ RunTime:0.000391s ]
INFO: Run Behavior\CheckLangBehavior [ RunTime:0.001877s ]
NOTIC: [8] Constant LANG_SET already defined D:\phpStudy\WWW\btc\pc\ThinkPHP\Library\Behavior\CheckLangBehavior.class.php 第 55 行.
INFO: Run Behavior\CheckLangBehavior [ RunTime:0.001301s ]
INFO: [ app_begin ] --END-- [ RunTime:0.003638s ]
SQL: SHOW COLUMNS FROM `btc_user` [ RunTime:0.0063s ]
SQL: SELECT `user_id` FROM `btc_user` WHERE `email` = '3151904400@qq.com' AND `password` = '4192d21d2e09a8f2b97c5467e8e5d3ce' LIMIT 1   [ RunTime:0.0003s ]
INFO: [ view_parse ] --START--
INFO: [ template_filter ] --START--
INFO: Run Behavior\ContentReplaceBehavior [ RunTime:0.000057s ]
INFO: [ template_filter ] --END-- [ RunTime:0.000094s ]
INFO: Run Behavior\ParseTemplateBehavior [ RunTime:0.008272s ]
INFO: [ view_parse ] --END-- [ RunTime:0.008332s ]
INFO: [ view_filter ] --START--
INFO: Run Behavior\WriteHtmlCacheBehavior [ RunTime:0.000652s ]
INFO: [ view_filter ] --END-- [ RunTime:0.000698s ]
INFO: [ app_end ] --START--
INFO: Run Behavior\ShowPageTraceBehavior [ RunTime:0.000778s ]
INFO: [ app_end ] --END-- [ RunTime:0.000808s ]

[ 2019-02-28T18:35:33+08:00 ] 127.0.0.1 /Home/Bocai/getbalance
INFO: [ app_init ] --START--
INFO: Run Behavior\BuildLiteBehavior [ RunTime:0.000010s ]
INFO: [ app_init ] --END-- [ RunTime:0.000450s ]
INFO: [ app_begin ] --START--
INFO: Run Behavior\ReadHtmlCacheBehavior [ RunTime:0.000542s ]
INFO: Run Behavior\CheckLangBehavior [ RunTime:0.001725s ]
NOTIC: [8] Constant LANG_SET already defined D:\phpStudy\WWW\btc\pc\ThinkPHP\Library\Behavior\CheckLangBehavior.class.php 第 55 行.
INFO: Run Behavior\CheckLangBehavior [ RunTime:0.001682s ]
INFO: [ app_begin ] --END-- [ RunTime:0.004060s ]
SQL: SHOW COLUMNS FROM `btc_user` [ RunTime:0.0061s ]
SQL: SELECT `user_id` FROM `btc_user` WHERE `email` = '3151904400@qq.com' AND `password` = '4192d21d2e09a8f2b97c5467e8e5d3ce' LIMIT 1   [ RunTime:0.0003s ]
SQL: SHOW COLUMNS FROM `btc_user_account` [ RunTime:0.0080s ]
SQL: SELECT `extract_balance` FROM `btc_user_account` WHERE `user_id` = 'q2018090611234315362042232669474' LIMIT 1   [ RunTime:0.0002s ]

[ 2019-02-28T18:35:34+08:00 ] 127.0.0.1 /home/bocai/open
INFO: [ app_init ] --START--
INFO: Run Behavior\BuildLiteBehavior [ RunTime:0.000006s ]
INFO: [ app_init ] --END-- [ RunTime:0.000267s ]
INFO: [ app_begin ] --START--
INFO: Run Behavior\ReadHtmlCacheBehavior [ RunTime:0.001122s ]
INFO: Run Behavior\CheckLangBehavior [ RunTime:0.003597s ]
NOTIC: [8] Constant LANG_SET already defined D:\phpStudy\WWW\btc\pc\ThinkPHP\Library\Behavior\CheckLangBehavior.class.php 第 55 行.
INFO: Run Behavior\CheckLangBehavior [ RunTime:0.001464s ]
INFO: [ app_begin ] --END-- [ RunTime:0.006385s ]
SQL: SHOW COLUMNS FROM `btc_user` [ RunTime:0.0065s ]
SQL: SELECT `user_id` FROM `btc_user` WHERE `email` = '3151904400@qq.com' AND `password` = '4192d21d2e09a8f2b97c5467e8e5d3ce' LIMIT 1   [ RunTime:0.0003s ]
SQL: SHOW COLUMNS FROM `btc_w_minlog` [ RunTime:0.0062s ]
SQL: SHOW COLUMNS FROM `btc_w_openset` [ RunTime:0.0070s ]
SQL: SHOW COLUMNS FROM `btc_user_account` [ RunTime:0.0057s ]
SQL: SELECT `id`,`buy_number` FROM `btc_w_minlog` WHERE `last_direction` = -1 AND `buy_time` < 1551350100 GROUP BY buy_number  [ RunTime:0.0006s ]

[ 2019-02-28T18:35:37+08:00 ] 127.0.0.1 /Home/Bocai/getrecord?limit=10
INFO: [ app_init ] --START--
INFO: Run Behavior\BuildLiteBehavior [ RunTime:0.000009s ]
INFO: [ app_init ] --END-- [ RunTime:0.000436s ]
INFO: [ app_begin ] --START--
INFO: Run Behavior\ReadHtmlCacheBehavior [ RunTime:0.000430s ]
INFO: Run Behavior\CheckLangBehavior [ RunTime:0.001626s ]
NOTIC: [8] Constant LANG_SET already defined D:\phpStudy\WWW\btc\pc\ThinkPHP\Library\Behavior\CheckLangBehavior.class.php 第 55 行.
INFO: Run Behavior\CheckLangBehavior [ RunTime:0.001291s ]
INFO: [ app_begin ] --END-- [ RunTime:0.003404s ]
SQL: SHOW COLUMNS FROM `btc_user` [ RunTime:0.0101s ]
SQL: SELECT `user_id` FROM `btc_user` WHERE `email` = '3151904400@qq.com' AND `password` = '4192d21d2e09a8f2b97c5467e8e5d3ce' LIMIT 1   [ RunTime:0.0004s ]
SQL: SHOW COLUMNS FROM `btc_w_minlog` [ RunTime:0.0087s ]
SQL: SELECT `id`,`order_id`,`buy_direction`,`last_direction`,`money`,`last_money`,`buy_number`,`buy_time`,`execute_price`,`last_price`,`deleted_time` FROM `btc_w_minlog` WHERE `create_time` > 1551090937 ORDER BY create_time desc LIMIT 0,10   [ RunTime:0.0004s ]
SQL: SHOW COLUMNS FROM `btc_w_openset` [ RunTime:0.0088s ]
SQL: SELECT `set` FROM `btc_w_openset` WHERE `number` = 223 LIMIT 1   [ RunTime:0.0004s ]
SQL: SELECT COUNT(*) AS tp_count FROM `btc_w_minlog` WHERE `create_time` > 1551090937 LIMIT 0,10   [ RunTime:0.0003s ]

[ 2019-02-28T18:46:45+08:00 ] 127.0.0.1 /Home/Bocai/index
INFO: [ app_init ] --START--
INFO: Run Behavior\BuildLiteBehavior [ RunTime:0.000006s ]
INFO: [ app_init ] --END-- [ RunTime:0.000264s ]
INFO: [ app_begin ] --START--
INFO: Run Behavior\ReadHtmlCacheBehavior [ RunTime:0.000394s ]
INFO: Run Behavior\CheckLangBehavior [ RunTime:0.001653s ]
NOTIC: [8] Constant LANG_SET already defined D:\phpStudy\WWW\btc\pc\ThinkPHP\Library\Behavior\CheckLangBehavior.class.php 第 55 行.
INFO: Run Behavior\CheckLangBehavior [ RunTime:0.001433s ]
INFO: [ app_begin ] --END-- [ RunTime:0.003547s ]
SQL: SHOW COLUMNS FROM `btc_user` [ RunTime:0.0072s ]
SQL: SELECT `user_id` FROM `btc_user` WHERE `email` = '3151904400@qq.com' AND `password` = '4192d21d2e09a8f2b97c5467e8e5d3ce' LIMIT 1   [ RunTime:0.0004s ]
INFO: [ view_parse ] --START--
INFO: [ template_filter ] --START--
INFO: Run Behavior\ContentReplaceBehavior [ RunTime:0.000060s ]
INFO: [ template_filter ] --END-- [ RunTime:0.000123s ]
INFO: Run Behavior\ParseTemplateBehavior [ RunTime:0.008188s ]
INFO: [ view_parse ] --END-- [ RunTime:0.008220s ]
INFO: [ view_filter ] --START--
INFO: Run Behavior\WriteHtmlCacheBehavior [ RunTime:0.000374s ]
INFO: [ view_filter ] --END-- [ RunTime:0.000395s ]
INFO: [ app_end ] --START--
INFO: Run Behavior\ShowPageTraceBehavior [ RunTime:0.000426s ]
INFO: [ app_end ] --END-- [ RunTime:0.000447s ]

[ 2019-02-28T18:47:10+08:00 ] 127.0.0.1 /Home/Bocai/index
INFO: [ app_init ] --START--
INFO: Run Behavior\BuildLiteBehavior [ RunTime:0.000010s ]
INFO: [ app_init ] --END-- [ RunTime:0.000439s ]
INFO: [ app_begin ] --START--
INFO: Run Behavior\ReadHtmlCacheBehavior [ RunTime:0.000679s ]
INFO: Run Behavior\CheckLangBehavior [ RunTime:0.003119s ]
NOTIC: [8] Constant LANG_SET already defined D:\phpStudy\WWW\btc\pc\ThinkPHP\Library\Behavior\CheckLangBehavior.class.php 第 55 行.
INFO: Run Behavior\CheckLangBehavior [ RunTime:0.001456s ]
INFO: [ app_begin ] --END-- [ RunTime:0.005439s ]
SQL: SHOW COLUMNS FROM `btc_user` [ RunTime:0.0064s ]
SQL: SELECT `user_id` FROM `btc_user` WHERE `email` = '3151904400@qq.com' AND `password` = '4192d21d2e09a8f2b97c5467e8e5d3ce' LIMIT 1   [ RunTime:0.0003s ]
INFO: [ view_parse ] --START--
INFO: [ template_filter ] --START--
INFO: Run Behavior\ContentReplaceBehavior [ RunTime:0.000043s ]
INFO: [ template_filter ] --END-- [ RunTime:0.000075s ]
INFO: Run Behavior\ParseTemplateBehavior [ RunTime:0.004899s ]
INFO: [ view_parse ] --END-- [ RunTime:0.004932s ]
INFO: [ view_filter ] --START--
INFO: Run Behavior\WriteHtmlCacheBehavior [ RunTime:0.000411s ]
INFO: [ view_filter ] --END-- [ RunTime:0.000434s ]
INFO: [ app_end ] --START--
INFO: Run Behavior\ShowPageTraceBehavior [ RunTime:0.000654s ]
INFO: [ app_end ] --END-- [ RunTime:0.000678s ]

[ 2019-02-28T18:47:14+08:00 ] 127.0.0.1 /Home/Bocai/index
INFO: [ app_init ] --START--
INFO: Run Behavior\BuildLiteBehavior [ RunTime:0.000010s ]
INFO: [ app_init ] --END-- [ RunTime:0.000387s ]
INFO: [ app_begin ] --START--
INFO: Run Behavior\ReadHtmlCacheBehavior [ RunTime:0.000427s ]
INFO: Run Behavior\CheckLangBehavior [ RunTime:0.001689s ]
NOTIC: [8] Constant LANG_SET already defined D:\phpStudy\WWW\btc\pc\ThinkPHP\Library\Behavior\CheckLangBehavior.class.php 第 55 行.
INFO: Run Behavior\CheckLangBehavior [ RunTime:0.001337s ]
INFO: [ app_begin ] --END-- [ RunTime:0.003522s ]
SQL: SHOW COLUMNS FROM `btc_user` [ RunTime:0.0056s ]
SQL: SELECT `user_id` FROM `btc_user` WHERE `email` = '3151904400@qq.com' AND `password` = '4192d21d2e09a8f2b97c5467e8e5d3ce' LIMIT 1   [ RunTime:0.0003s ]
INFO: [ view_parse ] --START--
INFO: [ template_filter ] --START--
INFO: Run Behavior\ContentReplaceBehavior [ RunTime:0.000067s ]
INFO: [ template_filter ] --END-- [ RunTime:0.000128s ]
INFO: Run Behavior\ParseTemplateBehavior [ RunTime:0.008381s ]
INFO: [ view_parse ] --END-- [ RunTime:0.008426s ]
INFO: [ view_filter ] --START--
INFO: Run Behavior\WriteHtmlCacheBehavior [ RunTime:0.000413s ]
INFO: [ view_filter ] --END-- [ RunTime:0.000437s ]
INFO: [ app_end ] --START--
INFO: Run Behavior\ShowPageTraceBehavior [ RunTime:0.000428s ]
INFO: [ app_end ] --END-- [ RunTime:0.000452s ]

[ 2019-02-28T18:47:20+08:00 ] 127.0.0.1 /Home/Bocai/index
INFO: [ app_init ] --START--
INFO: Run Behavior\BuildLiteBehavior [ RunTime:0.000021s ]
INFO: [ app_init ] --END-- [ RunTime:0.000535s ]
INFO: [ app_begin ] --START--
INFO: Run Behavior\ReadHtmlCacheBehavior [ RunTime:0.000718s ]
INFO: Run Behavior\CheckLangBehavior [ RunTime:0.002483s ]
NOTIC: [8] Constant LANG_SET already defined D:\phpStudy\WWW\btc\pc\ThinkPHP\Library\Behavior\CheckLangBehavior.class.php 第 55 行.
INFO: Run Behavior\CheckLangBehavior [ RunTime:0.004394s ]
INFO: [ app_begin ] --END-- [ RunTime:0.007807s ]
SQL: SHOW COLUMNS FROM `btc_user` [ RunTime:0.0063s ]
SQL: SELECT `user_id` FROM `btc_user` WHERE `email` = '3151904400@qq.com' AND `password` = '4192d21d2e09a8f2b97c5467e8e5d3ce' LIMIT 1   [ RunTime:0.0004s ]
INFO: [ view_parse ] --START--
INFO: [ template_filter ] --START--
INFO: Run Behavior\ContentReplaceBehavior [ RunTime:0.000043s ]
INFO: [ template_filter ] --END-- [ RunTime:0.000073s ]
INFO: Run Behavior\ParseTemplateBehavior [ RunTime:0.005859s ]
INFO: [ view_parse ] --END-- [ RunTime:0.005917s ]
INFO: [ view_filter ] --START--
INFO: Run Behavior\WriteHtmlCacheBehavior [ RunTime:0.000728s ]
INFO: [ view_filter ] --END-- [ RunTime:0.000774s ]
INFO: [ app_end ] --START--
INFO: Run Behavior\ShowPageTraceBehavior [ RunTime:0.000878s ]
INFO: [ app_end ] --END-- [ RunTime:0.000933s ]

[ 2019-02-28T18:47:31+08:00 ] 127.0.0.1 /Home/Bocai/index
INFO: [ app_init ] --START--
INFO: Run Behavior\BuildLiteBehavior [ RunTime:0.000009s ]
INFO: [ app_init ] --END-- [ RunTime:0.000341s ]
INFO: [ app_begin ] --START--
INFO: Run Behavior\ReadHtmlCacheBehavior [ RunTime:0.000443s ]
INFO: Run Behavior\CheckLangBehavior [ RunTime:0.001926s ]
NOTIC: [8] Constant LANG_SET already defined D:\phpStudy\WWW\btc\pc\ThinkPHP\Library\Behavior\CheckLangBehavior.class.php 第 55 行.
INFO: Run Behavior\CheckLangBehavior [ RunTime:0.003224s ]
INFO: [ app_begin ] --END-- [ RunTime:0.005703s ]
SQL: SHOW COLUMNS FROM `btc_user` [ RunTime:0.0076s ]
SQL: SELECT `user_id` FROM `btc_user` WHERE `email` = '3151904400@qq.com' AND `password` = '4192d21d2e09a8f2b97c5467e8e5d3ce' LIMIT 1   [ RunTime:0.0003s ]
INFO: [ view_parse ] --START--
INFO: [ template_filter ] --START--
INFO: Run Behavior\ContentReplaceBehavior [ RunTime:0.000043s ]
INFO: [ template_filter ] --END-- [ RunTime:0.000074s ]
INFO: Run Behavior\ParseTemplateBehavior [ RunTime:0.010147s ]
INFO: [ view_parse ] --END-- [ RunTime:0.010200s ]
INFO: [ view_filter ] --START--
INFO: Run Behavior\WriteHtmlCacheBehavior [ RunTime:0.000651s ]
INFO: [ view_filter ] --END-- [ RunTime:0.000692s ]
INFO: [ app_end ] --START--
INFO: Run Behavior\ShowPageTraceBehavior [ RunTime:0.000965s ]
INFO: [ app_end ] --END-- [ RunTime:0.001021s ]

[ 2019-02-28T18:47:35+08:00 ] 127.0.0.1 /Home/Bocai/index
INFO: [ app_init ] --START--
INFO: Run Behavior\BuildLiteBehavior [ RunTime:0.000010s ]
INFO: [ app_init ] --END-- [ RunTime:0.000434s ]
INFO: [ app_begin ] --START--
INFO: Run Behavior\ReadHtmlCacheBehavior [ RunTime:0.000784s ]
INFO: Run Behavior\CheckLangBehavior [ RunTime:0.003943s ]
NOTIC: [8] Constant LANG_SET already defined D:\phpStudy\WWW\btc\pc\ThinkPHP\Library\Behavior\CheckLangBehavior.class.php 第 55 行.
INFO: Run Behavior\CheckLangBehavior [ RunTime:0.002930s ]
INFO: [ app_begin ] --END-- [ RunTime:0.007825s ]
SQL: SHOW COLUMNS FROM `btc_user` [ RunTime:0.0067s ]
SQL: SELECT `user_id` FROM `btc_user` WHERE `email` = '3151904400@qq.com' AND `password` = '4192d21d2e09a8f2b97c5467e8e5d3ce' LIMIT 1   [ RunTime:0.0003s ]
INFO: [ view_parse ] --START--
INFO: [ template_filter ] --START--
INFO: Run Behavior\ContentReplaceBehavior [ RunTime:0.000072s ]
INFO: [ template_filter ] --END-- [ RunTime:0.000140s ]
INFO: Run Behavior\ParseTemplateBehavior [ RunTime:0.006970s ]
INFO: [ view_parse ] --END-- [ RunTime:0.007018s ]
INFO: [ view_filter ] --START--
INFO: Run Behavior\WriteHtmlCacheBehavior [ RunTime:0.000515s ]
INFO: [ view_filter ] --END-- [ RunTime:0.000546s ]
INFO: [ app_end ] --START--
INFO: Run Behavior\ShowPageTraceBehavior [ RunTime:0.000607s ]
INFO: [ app_end ] --END-- [ RunTime:0.000641s ]

[ 2019-02-28T18:49:59+08:00 ] 127.0.0.1 /Home/Bocai/index
INFO: [ app_init ] --START--
INFO: Run Behavior\BuildLiteBehavior [ RunTime:0.000008s ]
INFO: [ app_init ] --END-- [ RunTime:0.000308s ]
INFO: [ app_begin ] --START--
INFO: Run Behavior\ReadHtmlCacheBehavior [ RunTime:0.000437s ]
INFO: Run Behavior\CheckLangBehavior [ RunTime:0.002498s ]
NOTIC: [8] Constant LANG_SET already defined D:\phpStudy\WWW\btc\pc\ThinkPHP\Library\Behavior\CheckLangBehavior.class.php 第 55 行.
INFO: Run Behavior\CheckLangBehavior [ RunTime:0.001403s ]
INFO: [ app_begin ] --END-- [ RunTime:0.004414s ]
SQL: SHOW COLUMNS FROM `btc_user` [ RunTime:0.0059s ]
SQL: SELECT `user_id` FROM `btc_user` WHERE `email` = '3151904400@qq.com' AND `password` = '4192d21d2e09a8f2b97c5467e8e5d3ce' LIMIT 1   [ RunTime:0.0004s ]
INFO: [ view_parse ] --START--
INFO: [ template_filter ] --START--
INFO: Run Behavior\ContentReplaceBehavior [ RunTime:0.000042s ]
INFO: [ template_filter ] --END-- [ RunTime:0.000069s ]
INFO: Run Behavior\ParseTemplateBehavior [ RunTime:0.005112s ]
INFO: [ view_parse ] --END-- [ RunTime:0.005151s ]
INFO: [ view_filter ] --START--
INFO: Run Behavior\WriteHtmlCacheBehavior [ RunTime:0.000542s ]
INFO: [ view_filter ] --END-- [ RunTime:0.000573s ]
INFO: [ app_end ] --START--
INFO: Run Behavior\ShowPageTraceBehavior [ RunTime:0.000494s ]
INFO: [ app_end ] --END-- [ RunTime:0.000516s ]

[ 2019-02-28T18:50:24+08:00 ] 127.0.0.1 /Home/Bocai/index
INFO: [ app_init ] --START--
INFO: Run Behavior\BuildLiteBehavior [ RunTime:0.000010s ]
INFO: [ app_init ] --END-- [ RunTime:0.000472s ]
INFO: [ app_begin ] --START--
INFO: Run Behavior\ReadHtmlCacheBehavior [ RunTime:0.000534s ]
INFO: Run Behavior\CheckLangBehavior [ RunTime:0.003699s ]
NOTIC: [8] Constant LANG_SET already defined D:\phpStudy\WWW\btc\pc\ThinkPHP\Library\Behavior\CheckLangBehavior.class.php 第 55 行.
INFO: Run Behavior\CheckLangBehavior [ RunTime:0.002677s ]
INFO: [ app_begin ] --END-- [ RunTime:0.007020s ]
SQL: SHOW COLUMNS FROM `btc_user` [ RunTime:0.0077s ]
SQL: SELECT `user_id` FROM `btc_user` WHERE `email` = '3151904400@qq.com' AND `password` = '4192d21d2e09a8f2b97c5467e8e5d3ce' LIMIT 1   [ RunTime:0.0003s ]
INFO: [ view_parse ] --START--
INFO: [ template_filter ] --START--
INFO: Run Behavior\ContentReplaceBehavior [ RunTime:0.000060s ]
INFO: [ template_filter ] --END-- [ RunTime:0.000112s ]
INFO: Run Behavior\ParseTemplateBehavior [ RunTime:0.012532s ]
INFO: [ view_parse ] --END-- [ RunTime:0.012570s ]
INFO: [ view_filter ] --START--
INFO: Run Behavior\WriteHtmlCacheBehavior [ RunTime:0.000497s ]
INFO: [ view_filter ] --END-- [ RunTime:0.000526s ]
INFO: [ app_end ] --START--
INFO: Run Behavior\ShowPageTraceBehavior [ RunTime:0.000561s ]
INFO: [ app_end ] --END-- [ RunTime:0.000602s ]

[ 2019-02-28T18:51:02+08:00 ] 127.0.0.1 /Home/Bocai/index
INFO: [ app_init ] --START--
INFO: Run Behavior\BuildLiteBehavior [ RunTime:0.000015s ]
INFO: [ app_init ] --END-- [ RunTime:0.000584s ]
INFO: [ app_begin ] --START--
INFO: Run Behavior\ReadHtmlCacheBehavior [ RunTime:0.000607s ]
INFO: Run Behavior\CheckLangBehavior [ RunTime:0.003381s ]
NOTIC: [8] Constant LANG_SET already defined D:\phpStudy\WWW\btc\pc\ThinkPHP\Library\Behavior\CheckLangBehavior.class.php 第 55 行.
INFO: Run Behavior\CheckLangBehavior [ RunTime:0.010988s ]
INFO: [ app_begin ] --END-- [ RunTime:0.015109s ]
SQL: SHOW COLUMNS FROM `btc_user` [ RunTime:0.0058s ]
SQL: SELECT `user_id` FROM `btc_user` WHERE `email` = '3151904400@qq.com' AND `password` = '4192d21d2e09a8f2b97c5467e8e5d3ce' LIMIT 1   [ RunTime:0.0003s ]
INFO: [ view_parse ] --START--
INFO: [ template_filter ] --START--
INFO: Run Behavior\ContentReplaceBehavior [ RunTime:0.000043s ]
INFO: [ template_filter ] --END-- [ RunTime:0.000074s ]
INFO: Run Behavior\ParseTemplateBehavior [ RunTime:0.005032s ]
INFO: [ view_parse ] --END-- [ RunTime:0.005067s ]
INFO: [ view_filter ] --START--
INFO: Run Behavior\WriteHtmlCacheBehavior [ RunTime:0.000584s ]
INFO: [ view_filter ] --END-- [ RunTime:0.000614s ]
INFO: [ app_end ] --START--
INFO: Run Behavior\ShowPageTraceBehavior [ RunTime:0.000743s ]
INFO: [ app_end ] --END-- [ RunTime:0.000775s ]

[ 2019-02-28T18:51:31+08:00 ] 127.0.0.1 /Home/Bocai/index
INFO: [ app_init ] --START--
INFO: Run Behavior\BuildLiteBehavior [ RunTime:0.000012s ]
INFO: [ app_init ] --END-- [ RunTime:0.000642s ]
INFO: [ app_begin ] --START--
INFO: Run Behavior\ReadHtmlCacheBehavior [ RunTime:0.000904s ]
INFO: Run Behavior\CheckLangBehavior [ RunTime:0.004377s ]
NOTIC: [8] Constant LANG_SET already defined D:\phpStudy\WWW\btc\pc\ThinkPHP\Library\Behavior\CheckLangBehavior.class.php 第 55 行.
INFO: Run Behavior\CheckLangBehavior [ RunTime:0.002826s ]
INFO: [ app_begin ] --END-- [ RunTime:0.008326s ]
SQL: SHOW COLUMNS FROM `btc_user` [ RunTime:0.0096s ]
SQL: SELECT `user_id` FROM `btc_user` WHERE `email` = '3151904400@qq.com' AND `password` = '4192d21d2e09a8f2b97c5467e8e5d3ce' LIMIT 1   [ RunTime:0.0005s ]
INFO: [ view_parse ] --START--
INFO: [ template_filter ] --START--
INFO: Run Behavior\ContentReplaceBehavior [ RunTime:0.000064s ]
INFO: [ template_filter ] --END-- [ RunTime:0.000121s ]
INFO: Run Behavior\ParseTemplateBehavior [ RunTime:0.007910s ]
INFO: [ view_parse ] --END-- [ RunTime:0.007984s ]
INFO: [ view_filter ] --START--
INFO: Run Behavior\WriteHtmlCacheBehavior [ RunTime:0.000587s ]
INFO: [ view_filter ] --END-- [ RunTime:0.000615s ]
INFO: [ app_end ] --START--
INFO: Run Behavior\ShowPageTraceBehavior [ RunTime:0.000628s ]
INFO: [ app_end ] --END-- [ RunTime:0.000698s ]

[ 2019-02-28T18:52:53+08:00 ] 127.0.0.1 /Home/Bocai/index
INFO: [ app_init ] --START--
INFO: Run Behavior\BuildLiteBehavior [ RunTime:0.000007s ]
INFO: [ app_init ] --END-- [ RunTime:0.000307s ]
INFO: [ app_begin ] --START--
INFO: Run Behavior\ReadHtmlCacheBehavior [ RunTime:0.000638s ]
INFO: Run Behavior\CheckLangBehavior [ RunTime:0.003134s ]
NOTIC: [8] Constant LANG_SET already defined D:\phpStudy\WWW\btc\pc\ThinkPHP\Library\Behavior\CheckLangBehavior.class.php 第 55 行.
INFO: Run Behavior\CheckLangBehavior [ RunTime:0.002637s ]
INFO: [ app_begin ] --END-- [ RunTime:0.006551s ]
SQL: SHOW COLUMNS FROM `btc_user` [ RunTime:0.0060s ]
SQL: SELECT `user_id` FROM `btc_user` WHERE `email` = '3151904400@qq.com' AND `password` = '4192d21d2e09a8f2b97c5467e8e5d3ce' LIMIT 1   [ RunTime:0.0004s ]
INFO: [ view_parse ] --START--
INFO: [ template_filter ] --START--
INFO: Run Behavior\ContentReplaceBehavior [ RunTime:0.000043s ]
INFO: [ template_filter ] --END-- [ RunTime:0.000073s ]
INFO: Run Behavior\ParseTemplateBehavior [ RunTime:0.004797s ]
INFO: [ view_parse ] --END-- [ RunTime:0.004827s ]
INFO: [ view_filter ] --START--
INFO: Run Behavior\WriteHtmlCacheBehavior [ RunTime:0.000384s ]
INFO: [ view_filter ] --END-- [ RunTime:0.000404s ]
INFO: [ app_end ] --START--
INFO: Run Behavior\ShowPageTraceBehavior [ RunTime:0.000453s ]
INFO: [ app_end ] --END-- [ RunTime:0.000474s ]

[ 2019-02-28T18:53:49+08:00 ] 127.0.0.1 /Home/Bocai/index
INFO: [ app_init ] --START--
INFO: Run Behavior\BuildLiteBehavior [ RunTime:0.000011s ]
INFO: [ app_init ] --END-- [ RunTime:0.000445s ]
INFO: [ app_begin ] --START--
INFO: Run Behavior\ReadHtmlCacheBehavior [ RunTime:0.000667s ]
INFO: Run Behavior\CheckLangBehavior [ RunTime:0.003198s ]
NOTIC: [8] Constant LANG_SET already defined D:\phpStudy\WWW\btc\pc\ThinkPHP\Library\Behavior\CheckLangBehavior.class.php 第 55 行.
INFO: Run Behavior\CheckLangBehavior [ RunTime:0.003114s ]
INFO: [ app_begin ] --END-- [ RunTime:0.007125s ]
SQL: SHOW COLUMNS FROM `btc_user` [ RunTime:0.0053s ]
SQL: SELECT `user_id` FROM `btc_user` WHERE `email` = '3151904400@qq.com' AND `password` = '4192d21d2e09a8f2b97c5467e8e5d3ce' LIMIT 1   [ RunTime:0.0003s ]
INFO: [ view_parse ] --START--
INFO: [ template_filter ] --START--
INFO: Run Behavior\ContentReplaceBehavior [ RunTime:0.000056s ]
INFO: [ template_filter ] --END-- [ RunTime:0.000086s ]
INFO: Run Behavior\ParseTemplateBehavior [ RunTime:0.006460s ]
INFO: [ view_parse ] --END-- [ RunTime:0.006521s ]
INFO: [ view_filter ] --START--
INFO: Run Behavior\WriteHtmlCacheBehavior [ RunTime:0.000568s ]
INFO: [ view_filter ] --END-- [ RunTime:0.000598s ]
INFO: [ app_end ] --START--
INFO: Run Behavior\ShowPageTraceBehavior [ RunTime:0.000594s ]
INFO: [ app_end ] --END-- [ RunTime:0.000617s ]

[ 2019-02-28T19:36:09+08:00 ] 127.0.0.1 /Home/Bocai/index
INFO: [ app_init ] --START--
INFO: Run Behavior\BuildLiteBehavior [ RunTime:0.000017s ]
INFO: [ app_init ] --END-- [ RunTime:0.000547s ]
INFO: [ app_begin ] --START--
INFO: Run Behavior\ReadHtmlCacheBehavior [ RunTime:0.000680s ]
INFO: Run Behavior\CheckLangBehavior [ RunTime:0.003729s ]
NOTIC: [8] Constant LANG_SET already defined D:\phpStudy\WWW\btc\pc\ThinkPHP\Library\Behavior\CheckLangBehavior.class.php 第 55 行.
INFO: Run Behavior\CheckLangBehavior [ RunTime:0.004366s ]
INFO: [ app_begin ] --END-- [ RunTime:0.008945s ]
SQL: SHOW COLUMNS FROM `btc_user` [ RunTime:0.0069s ]
SQL: SELECT `user_id` FROM `btc_user` WHERE `email` = '3151904400@qq.com' AND `password` = '4192d21d2e09a8f2b97c5467e8e5d3ce' LIMIT 1   [ RunTime:0.0004s ]
INFO: [ view_parse ] --START--
INFO: [ template_filter ] --START--
INFO: Run Behavior\ContentReplaceBehavior [ RunTime:0.000097s ]
INFO: [ template_filter ] --END-- [ RunTime:0.000197s ]
INFO: Run Behavior\ParseTemplateBehavior [ RunTime:0.006779s ]
INFO: [ view_parse ] --END-- [ RunTime:0.006831s ]
INFO: [ view_filter ] --START--
INFO: Run Behavior\WriteHtmlCacheBehavior [ RunTime:0.003595s ]
INFO: [ view_filter ] --END-- [ RunTime:0.003638s ]
INFO: [ app_end ] --START--
INFO: Run Behavior\ShowPageTraceBehavior [ RunTime:0.000824s ]
INFO: [ app_end ] --END-- [ RunTime:0.000869s ]

[ 2019-02-28T19:36:41+08:00 ] 127.0.0.1 /Home/Bocai/index
INFO: [ app_init ] --START--
INFO: Run Behavior\BuildLiteBehavior [ RunTime:0.000013s ]
INFO: [ app_init ] --END-- [ RunTime:0.001092s ]
INFO: [ app_begin ] --START--
INFO: Run Behavior\ReadHtmlCacheBehavior [ RunTime:0.000585s ]
INFO: Run Behavior\CheckLangBehavior [ RunTime:0.001718s ]
NOTIC: [8] Constant LANG_SET already defined D:\phpStudy\WWW\btc\pc\ThinkPHP\Library\Behavior\CheckLangBehavior.class.php 第 55 行.
INFO: Run Behavior\CheckLangBehavior [ RunTime:0.001354s ]
INFO: [ app_begin ] --END-- [ RunTime:0.003727s ]
SQL: SHOW COLUMNS FROM `btc_user` [ RunTime:0.0058s ]
SQL: SELECT `user_id` FROM `btc_user` WHERE `email` = '3151904400@qq.com' AND `password` = '4192d21d2e09a8f2b97c5467e8e5d3ce' LIMIT 1   [ RunTime:0.0003s ]
INFO: [ view_parse ] --START--
INFO: [ template_filter ] --START--
INFO: Run Behavior\ContentReplaceBehavior [ RunTime:0.000042s ]
INFO: [ template_filter ] --END-- [ RunTime:0.000068s ]
INFO: Run Behavior\ParseTemplateBehavior [ RunTime:0.004673s ]
INFO: [ view_parse ] --END-- [ RunTime:0.004703s ]
INFO: [ view_filter ] --START--
INFO: Run Behavior\WriteHtmlCacheBehavior [ RunTime:0.000364s ]
INFO: [ view_filter ] --END-- [ RunTime:0.000385s ]
INFO: [ app_end ] --START--
INFO: Run Behavior\ShowPageTraceBehavior [ RunTime:0.000400s ]
INFO: [ app_end ] --END-- [ RunTime:0.000430s ]

[ 2019-02-28T19:36:56+08:00 ] 127.0.0.1 /Home/Bocai/index
INFO: [ app_init ] --START--
INFO: Run Behavior\BuildLiteBehavior [ RunTime:0.000013s ]
INFO: [ app_init ] --END-- [ RunTime:0.000690s ]
INFO: [ app_begin ] --START--
INFO: Run Behavior\ReadHtmlCacheBehavior [ RunTime:0.000619s ]
INFO: Run Behavior\CheckLangBehavior [ RunTime:0.002944s ]
NOTIC: [8] Constant LANG_SET already defined D:\phpStudy\WWW\btc\pc\ThinkPHP\Library\Behavior\CheckLangBehavior.class.php 第 55 行.
INFO: Run Behavior\CheckLangBehavior [ RunTime:0.002586s ]
INFO: [ app_begin ] --END-- [ RunTime:0.006268s ]
SQL: SHOW COLUMNS FROM `btc_user` [ RunTime:0.0055s ]
SQL: SELECT `user_id` FROM `btc_user` WHERE `email` = '3151904400@qq.com' AND `password` = '4192d21d2e09a8f2b97c5467e8e5d3ce' LIMIT 1   [ RunTime:0.0003s ]
INFO: [ view_parse ] --START--
INFO: [ template_filter ] --START--
INFO: Run Behavior\ContentReplaceBehavior [ RunTime:0.000044s ]
INFO: [ template_filter ] --END-- [ RunTime:0.000077s ]
INFO: Run Behavior\ParseTemplateBehavior [ RunTime:0.005497s ]
INFO: [ view_parse ] --END-- [ RunTime:0.005538s ]
INFO: [ view_filter ] --START--
INFO: Run Behavior\WriteHtmlCacheBehavior [ RunTime:0.000400s ]
INFO: [ view_filter ] --END-- [ RunTime:0.000420s ]
INFO: [ app_end ] --START--
INFO: Run Behavior\ShowPageTraceBehavior [ RunTime:0.000389s ]
INFO: [ app_end ] --END-- [ RunTime:0.000409s ]

[ 2019-02-28T19:37:02+08:00 ] 127.0.0.1 /Home/Bocai/index
INFO: [ app_init ] --START--
INFO: Run Behavior\BuildLiteBehavior [ RunTime:0.000007s ]
INFO: [ app_init ] --END-- [ RunTime:0.000321s ]
INFO: [ app_begin ] --START--
INFO: Run Behavior\ReadHtmlCacheBehavior [ RunTime:0.000395s ]
INFO: Run Behavior\CheckLangBehavior [ RunTime:0.001745s ]
NOTIC: [8] Constant LANG_SET already defined D:\phpStudy\WWW\btc\pc\ThinkPHP\Library\Behavior\CheckLangBehavior.class.php 第 55 行.
INFO: Run Behavior\CheckLangBehavior [ RunTime:0.001826s ]
INFO: [ app_begin ] --END-- [ RunTime:0.004058s ]
SQL: SHOW COLUMNS FROM `btc_user` [ RunTime:0.0076s ]
SQL: SELECT `user_id` FROM `btc_user` WHERE `email` = '3151904400@qq.com' AND `password` = '4192d21d2e09a8f2b97c5467e8e5d3ce' LIMIT 1   [ RunTime:0.0004s ]
INFO: [ view_parse ] --START--
INFO: [ template_filter ] --START--
INFO: Run Behavior\ContentReplaceBehavior [ RunTime:0.000044s ]
INFO: [ template_filter ] --END-- [ RunTime:0.000080s ]
INFO: Run Behavior\ParseTemplateBehavior [ RunTime:0.017382s ]
INFO: [ view_parse ] --END-- [ RunTime:0.017425s ]
INFO: [ view_filter ] --START--
INFO: Run Behavior\WriteHtmlCacheBehavior [ RunTime:0.000392s ]
INFO: [ view_filter ] --END-- [ RunTime:0.000416s ]
INFO: [ app_end ] --START--
INFO: Run Behavior\ShowPageTraceBehavior [ RunTime:0.000414s ]
INFO: [ app_end ] --END-- [ RunTime:0.000437s ]

[ 2019-02-28T19:38:19+08:00 ] 127.0.0.1 /Home/Bocai/index
INFO: [ app_init ] --START--
INFO: Run Behavior\BuildLiteBehavior [ RunTime:0.000012s ]
INFO: [ app_init ] --END-- [ RunTime:0.000497s ]
INFO: [ app_begin ] --START--
INFO: Run Behavior\ReadHtmlCacheBehavior [ RunTime:0.000514s ]
INFO: Run Behavior\CheckLangBehavior [ RunTime:0.002006s ]
NOTIC: [8] Constant LANG_SET already defined D:\phpStudy\WWW\btc\pc\ThinkPHP\Library\Behavior\CheckLangBehavior.class.php 第 55 行.
INFO: Run Behavior\CheckLangBehavior [ RunTime:0.001651s ]
INFO: [ app_begin ] --END-- [ RunTime:0.004265s ]
SQL: SHOW COLUMNS FROM `btc_user` [ RunTime:0.0059s ]
SQL: SELECT `user_id` FROM `btc_user` WHERE `email` = '3151904400@qq.com' AND `password` = '4192d21d2e09a8f2b97c5467e8e5d3ce' LIMIT 1   [ RunTime:0.0003s ]
INFO: [ view_parse ] --START--
INFO: [ template_filter ] --START--
INFO: Run Behavior\ContentReplaceBehavior [ RunTime:0.000061s ]
INFO: [ template_filter ] --END-- [ RunTime:0.000120s ]
INFO: Run Behavior\ParseTemplateBehavior [ RunTime:0.007787s ]
INFO: [ view_parse ] --END-- [ RunTime:0.007858s ]
INFO: [ view_filter ] --START--
INFO: Run Behavior\WriteHtmlCacheBehavior [ RunTime:0.000773s ]
INFO: [ view_filter ] --END-- [ RunTime:0.000827s ]
INFO: [ app_end ] --START--
INFO: Run Behavior\ShowPageTraceBehavior [ RunTime:0.001184s ]
INFO: [ app_end ] --END-- [ RunTime:0.001258s ]

[ 2019-02-28T19:38:47+08:00 ] 127.0.0.1 /Home/Bocai/index
INFO: [ app_init ] --START--
INFO: Run Behavior\BuildLiteBehavior [ RunTime:0.000009s ]
INFO: [ app_init ] --END-- [ RunTime:0.000337s ]
INFO: [ app_begin ] --START--
INFO: Run Behavior\ReadHtmlCacheBehavior [ RunTime:0.000401s ]
INFO: Run Behavior\CheckLangBehavior [ RunTime:0.001603s ]
NOTIC: [8] Constant LANG_SET already defined D:\phpStudy\WWW\btc\pc\ThinkPHP\Library\Behavior\CheckLangBehavior.class.php 第 55 行.
INFO: Run Behavior\CheckLangBehavior [ RunTime:0.001750s ]
INFO: [ app_begin ] --END-- [ RunTime:0.003821s ]
SQL: SHOW COLUMNS FROM `btc_user` [ RunTime:0.0056s ]
SQL: SELECT `user_id` FROM `btc_user` WHERE `email` = '3151904400@qq.com' AND `password` = '4192d21d2e09a8f2b97c5467e8e5d3ce' LIMIT 1   [ RunTime:0.0003s ]
INFO: [ view_parse ] --START--
INFO: [ template_filter ] --START--
INFO: Run Behavior\ContentReplaceBehavior [ RunTime:0.000042s ]
INFO: [ template_filter ] --END-- [ RunTime:0.000072s ]
INFO: Run Behavior\ParseTemplateBehavior [ RunTime:0.004838s ]
INFO: [ view_parse ] --END-- [ RunTime:0.004886s ]
INFO: [ view_filter ] --START--
INFO: Run Behavior\WriteHtmlCacheBehavior [ RunTime:0.000568s ]
INFO: [ view_filter ] --END-- [ RunTime:0.000606s ]
INFO: [ app_end ] --START--
INFO: Run Behavior\ShowPageTraceBehavior [ RunTime:0.000525s ]
INFO: [ app_end ] --END-- [ RunTime:0.000559s ]

[ 2019-02-28T19:38:57+08:00 ] 127.0.0.1 /Home/Bocai/index
INFO: [ app_init ] --START--
INFO: Run Behavior\BuildLiteBehavior [ RunTime:0.000013s ]
INFO: [ app_init ] --END-- [ RunTime:0.000491s ]
INFO: [ app_begin ] --START--
INFO: Run Behavior\ReadHtmlCacheBehavior [ RunTime:0.000649s ]
INFO: Run Behavior\CheckLangBehavior [ RunTime:0.003584s ]
NOTIC: [8] Constant LANG_SET already defined D:\phpStudy\WWW\btc\pc\ThinkPHP\Library\Behavior\CheckLangBehavior.class.php 第 55 行.
INFO: Run Behavior\CheckLangBehavior [ RunTime:0.003787s ]
INFO: [ app_begin ] --END-- [ RunTime:0.008173s ]
SQL: SHOW COLUMNS FROM `btc_user` [ RunTime:0.0077s ]
SQL: SELECT `user_id` FROM `btc_user` WHERE `email` = '3151904400@qq.com' AND `password` = '4192d21d2e09a8f2b97c5467e8e5d3ce' LIMIT 1   [ RunTime:0.0004s ]
INFO: [ view_parse ] --START--
INFO: [ template_filter ] --START--
INFO: Run Behavior\ContentReplaceBehavior [ RunTime:0.000043s ]
INFO: [ template_filter ] --END-- [ RunTime:0.000071s ]
INFO: Run Behavior\ParseTemplateBehavior [ RunTime:0.004823s ]
INFO: [ view_parse ] --END-- [ RunTime:0.004852s ]
INFO: [ view_filter ] --START--
INFO: Run Behavior\WriteHtmlCacheBehavior [ RunTime:0.000356s ]
INFO: [ view_filter ] --END-- [ RunTime:0.000377s ]
INFO: [ app_end ] --START--
INFO: Run Behavior\ShowPageTraceBehavior [ RunTime:0.000450s ]
INFO: [ app_end ] --END-- [ RunTime:0.000473s ]

[ 2019-02-28T19:49:53+08:00 ] 127.0.0.1 /Home/Bocai/index
INFO: [ app_init ] --START--
INFO: Run Behavior\BuildLiteBehavior [ RunTime:0.000017s ]
INFO: [ app_init ] --END-- [ RunTime:0.000895s ]
INFO: [ app_begin ] --START--
INFO: Run Behavior\ReadHtmlCacheBehavior [ RunTime:0.000767s ]
INFO: Run Behavior\CheckLangBehavior [ RunTime:0.003038s ]
NOTIC: [8] Constant LANG_SET already defined D:\phpStudy\WWW\btc\pc\ThinkPHP\Library\Behavior\CheckLangBehavior.class.php 第 55 行.
INFO: Run Behavior\CheckLangBehavior [ RunTime:0.003157s ]
INFO: [ app_begin ] --END-- [ RunTime:0.007120s ]
SQL: SHOW COLUMNS FROM `btc_user` [ RunTime:0.0094s ]
SQL: SELECT `user_id` FROM `btc_user` WHERE `email` = '3151904400@qq.com' AND `password` = '4192d21d2e09a8f2b97c5467e8e5d3ce' LIMIT 1   [ RunTime:0.0005s ]
INFO: [ view_parse ] --START--
INFO: [ template_filter ] --START--
INFO: Run Behavior\ContentReplaceBehavior [ RunTime:0.000105s ]
INFO: [ template_filter ] --END-- [ RunTime:0.000171s ]
INFO: Run Behavior\ParseTemplateBehavior [ RunTime:0.011640s ]
INFO: [ view_parse ] --END-- [ RunTime:0.011708s ]
INFO: [ view_filter ] --START--
INFO: Run Behavior\WriteHtmlCacheBehavior [ RunTime:0.000652s ]
INFO: [ view_filter ] --END-- [ RunTime:0.000697s ]
INFO: [ app_end ] --START--
INFO: Run Behavior\ShowPageTraceBehavior [ RunTime:0.000730s ]
INFO: [ app_end ] --END-- [ RunTime:0.000782s ]

[ 2019-02-28T19:50:33+08:00 ] 127.0.0.1 /Home/Bocai/index
INFO: [ app_init ] --START--
INFO: Run Behavior\BuildLiteBehavior [ RunTime:0.000011s ]
INFO: [ app_init ] --END-- [ RunTime:0.001390s ]
INFO: [ app_begin ] --START--
INFO: Run Behavior\ReadHtmlCacheBehavior [ RunTime:0.000607s ]
INFO: Run Behavior\CheckLangBehavior [ RunTime:0.003248s ]
NOTIC: [8] Constant LANG_SET already defined D:\phpStudy\WWW\btc\pc\ThinkPHP\Library\Behavior\CheckLangBehavior.class.php 第 55 行.
INFO: Run Behavior\CheckLangBehavior [ RunTime:0.002277s ]
INFO: [ app_begin ] --END-- [ RunTime:0.006267s ]
SQL: SHOW COLUMNS FROM `btc_user` [ RunTime:0.0056s ]
SQL: SELECT `user_id` FROM `btc_user` WHERE `email` = '3151904400@qq.com' AND `password` = '4192d21d2e09a8f2b97c5467e8e5d3ce' LIMIT 1   [ RunTime:0.0003s ]
INFO: [ view_parse ] --START--
INFO: [ template_filter ] --START--
INFO: Run Behavior\ContentReplaceBehavior [ RunTime:0.000044s ]
INFO: [ template_filter ] --END-- [ RunTime:0.000080s ]
INFO: Run Behavior\ParseTemplateBehavior [ RunTime:0.006795s ]
INFO: [ view_parse ] --END-- [ RunTime:0.006841s ]
INFO: [ view_filter ] --START--
INFO: Run Behavior\WriteHtmlCacheBehavior [ RunTime:0.000533s ]
INFO: [ view_filter ] --END-- [ RunTime:0.000558s ]
INFO: [ app_end ] --START--
INFO: Run Behavior\ShowPageTraceBehavior [ RunTime:0.000423s ]
INFO: [ app_end ] --END-- [ RunTime:0.000446s ]

[ 2019-02-28T19:50:50+08:00 ] 127.0.0.1 /Home/Bocai/index
INFO: [ app_init ] --START--
INFO: Run Behavior\BuildLiteBehavior [ RunTime:0.000010s ]
INFO: [ app_init ] --END-- [ RunTime:0.000402s ]
INFO: [ app_begin ] --START--
INFO: Run Behavior\ReadHtmlCacheBehavior [ RunTime:0.000537s ]
INFO: Run Behavior\CheckLangBehavior [ RunTime:0.002613s ]
NOTIC: [8] Constant LANG_SET already defined D:\phpStudy\WWW\btc\pc\ThinkPHP\Library\Behavior\CheckLangBehavior.class.php 第 55 行.
INFO: Run Behavior\CheckLangBehavior [ RunTime:0.002718s ]
INFO: [ app_begin ] --END-- [ RunTime:0.005974s ]
SQL: SHOW COLUMNS FROM `btc_user` [ RunTime:0.0058s ]
SQL: SELECT `user_id` FROM `btc_user` WHERE `email` = '3151904400@qq.com' AND `password` = '4192d21d2e09a8f2b97c5467e8e5d3ce' LIMIT 1   [ RunTime:0.0003s ]
INFO: [ view_parse ] --START--
INFO: [ template_filter ] --START--
INFO: Run Behavior\ContentReplaceBehavior [ RunTime:0.000056s ]
INFO: [ template_filter ] --END-- [ RunTime:0.000106s ]
INFO: Run Behavior\ParseTemplateBehavior [ RunTime:0.011515s ]
INFO: [ view_parse ] --END-- [ RunTime:0.011554s ]
INFO: [ view_filter ] --START--
INFO: Run Behavior\WriteHtmlCacheBehavior [ RunTime:0.000412s ]
INFO: [ view_filter ] --END-- [ RunTime:0.000435s ]
INFO: [ app_end ] --START--
INFO: Run Behavior\ShowPageTraceBehavior [ RunTime:0.000439s ]
INFO: [ app_end ] --END-- [ RunTime:0.000461s ]

[ 2019-02-28T19:52:06+08:00 ] 127.0.0.1 /Home/Bocai/index
INFO: [ app_init ] --START--
INFO: Run Behavior\BuildLiteBehavior [ RunTime:0.000012s ]
INFO: [ app_init ] --END-- [ RunTime:0.000603s ]
INFO: [ app_begin ] --START--
INFO: Run Behavior\ReadHtmlCacheBehavior [ RunTime:0.001067s ]
INFO: Run Behavior\CheckLangBehavior [ RunTime:0.002529s ]
NOTIC: [8] Constant LANG_SET already defined D:\phpStudy\WWW\btc\pc\ThinkPHP\Library\Behavior\CheckLangBehavior.class.php 第 55 行.
INFO: Run Behavior\CheckLangBehavior [ RunTime:0.002524s ]
INFO: [ app_begin ] --END-- [ RunTime:0.006261s ]
SQL: SHOW COLUMNS FROM `btc_user` [ RunTime:0.0093s ]
SQL: SELECT `user_id` FROM `btc_user` WHERE `email` = '3151904400@qq.com' AND `password` = '4192d21d2e09a8f2b97c5467e8e5d3ce' LIMIT 1   [ RunTime:0.0005s ]
INFO: [ view_parse ] --START--
INFO: [ template_filter ] --START--
INFO: Run Behavior\ContentReplaceBehavior [ RunTime:0.000069s ]
INFO: [ template_filter ] --END-- [ RunTime:0.000138s ]
INFO: Run Behavior\ParseTemplateBehavior [ RunTime:0.011687s ]
INFO: [ view_parse ] --END-- [ RunTime:0.011758s ]
INFO: [ view_filter ] --START--
INFO: Run Behavior\WriteHtmlCacheBehavior [ RunTime:0.000594s ]
INFO: [ view_filter ] --END-- [ RunTime:0.000634s ]
INFO: [ app_end ] --START--
INFO: Run Behavior\ShowPageTraceBehavior [ RunTime:0.000976s ]
INFO: [ app_end ] --END-- [ RunTime:0.001037s ]

[ 2019-02-28T19:52:41+08:00 ] 127.0.0.1 /Home/Bocai/index
INFO: [ app_init ] --START--
INFO: Run Behavior\BuildLiteBehavior [ RunTime:0.000012s ]
INFO: [ app_init ] --END-- [ RunTime:0.002614s ]
INFO: [ app_begin ] --START--
INFO: Run Behavior\ReadHtmlCacheBehavior [ RunTime:0.001252s ]
INFO: Run Behavior\CheckLangBehavior [ RunTime:0.003274s ]
NOTIC: [8] Constant LANG_SET already defined D:\phpStudy\WWW\btc\pc\ThinkPHP\Library\Behavior\CheckLangBehavior.class.php 第 55 行.
INFO: Run Behavior\CheckLangBehavior [ RunTime:0.003000s ]
INFO: [ app_begin ] --END-- [ RunTime:0.007675s ]
SQL: SHOW COLUMNS FROM `btc_user` [ RunTime:0.0084s ]
SQL: SELECT `user_id` FROM `btc_user` WHERE `email` = '3151904400@qq.com' AND `password` = '4192d21d2e09a8f2b97c5467e8e5d3ce' LIMIT 1   [ RunTime:0.0004s ]
INFO: [ view_parse ] --START--
INFO: [ template_filter ] --START--
INFO: Run Behavior\ContentReplaceBehavior [ RunTime:0.000062s ]
INFO: [ template_filter ] --END-- [ RunTime:0.000118s ]
INFO: Run Behavior\ParseTemplateBehavior [ RunTime:0.017931s ]
INFO: [ view_parse ] --END-- [ RunTime:0.017998s ]
INFO: [ view_filter ] --START--
INFO: Run Behavior\WriteHtmlCacheBehavior [ RunTime:0.000682s ]
INFO: [ view_filter ] --END-- [ RunTime:0.000724s ]
INFO: [ app_end ] --START--
INFO: Run Behavior\ShowPageTraceBehavior [ RunTime:0.000456s ]
INFO: [ app_end ] --END-- [ RunTime:0.000480s ]

[ 2019-02-28T20:00:23+08:00 ] 127.0.0.1 /Home/Bocai/index
INFO: [ app_init ] --START--
INFO: Run Behavior\BuildLiteBehavior [ RunTime:0.000014s ]
INFO: [ app_init ] --END-- [ RunTime:0.000657s ]
INFO: [ app_begin ] --START--
INFO: Run Behavior\ReadHtmlCacheBehavior [ RunTime:0.000574s ]
INFO: Run Behavior\CheckLangBehavior [ RunTime:0.001679s ]
NOTIC: [8] Constant LANG_SET already defined D:\phpStudy\WWW\btc\pc\ThinkPHP\Library\Behavior\CheckLangBehavior.class.php 第 55 行.
INFO: Run Behavior\CheckLangBehavior [ RunTime:0.001817s ]
INFO: [ app_begin ] --END-- [ RunTime:0.004166s ]
SQL: SHOW COLUMNS FROM `btc_user` [ RunTime:0.0058s ]
SQL: SELECT `user_id` FROM `btc_user` WHERE `email` = '3151904400@qq.com' AND `password` = '4192d21d2e09a8f2b97c5467e8e5d3ce' LIMIT 1   [ RunTime:0.0003s ]
INFO: [ view_parse ] --START--
INFO: [ template_filter ] --START--
INFO: Run Behavior\ContentReplaceBehavior [ RunTime:0.000095s ]
INFO: [ template_filter ] --END-- [ RunTime:0.000160s ]
INFO: Run Behavior\ParseTemplateBehavior [ RunTime:0.021677s ]
INFO: [ view_parse ] --END-- [ RunTime:0.021723s ]
INFO: [ view_filter ] --START--
INFO: Run Behavior\WriteHtmlCacheBehavior [ RunTime:0.000508s ]
INFO: [ view_filter ] --END-- [ RunTime:0.000539s ]
INFO: [ app_end ] --START--
INFO: Run Behavior\ShowPageTraceBehavior [ RunTime:0.000711s ]
INFO: [ app_end ] --END-- [ RunTime:0.000742s ]

[ 2019-02-28T20:01:42+08:00 ] 127.0.0.1 /Home/Bocai/index
INFO: [ app_init ] --START--
INFO: Run Behavior\BuildLiteBehavior [ RunTime:0.000014s ]
INFO: [ app_init ] --END-- [ RunTime:0.000630s ]
INFO: [ app_begin ] --START--
INFO: Run Behavior\ReadHtmlCacheBehavior [ RunTime:0.000405s ]
INFO: Run Behavior\CheckLangBehavior [ RunTime:0.001711s ]
NOTIC: [8] Constant LANG_SET already defined D:\phpStudy\WWW\btc\pc\ThinkPHP\Library\Behavior\CheckLangBehavior.class.php 第 55 行.
INFO: Run Behavior\CheckLangBehavior [ RunTime:0.001309s ]
INFO: [ app_begin ] --END-- [ RunTime:0.003492s ]
SQL: SHOW COLUMNS FROM `btc_user` [ RunTime:0.0061s ]
SQL: SELECT `user_id` FROM `btc_user` WHERE `email` = '3151904400@qq.com' AND `password` = '4192d21d2e09a8f2b97c5467e8e5d3ce' LIMIT 1   [ RunTime:0.0003s ]
INFO: [ view_parse ] --START--
INFO: [ template_filter ] --START--
INFO: Run Behavior\ContentReplaceBehavior [ RunTime:0.000109s ]
INFO: [ template_filter ] --END-- [ RunTime:0.000181s ]
INFO: Run Behavior\ParseTemplateBehavior [ RunTime:0.006242s ]
INFO: [ view_parse ] --END-- [ RunTime:0.006293s ]
INFO: [ view_filter ] --START--
INFO: Run Behavior\WriteHtmlCacheBehavior [ RunTime:0.000589s ]
INFO: [ view_filter ] --END-- [ RunTime:0.000627s ]
INFO: [ app_end ] --START--
INFO: Run Behavior\ShowPageTraceBehavior [ RunTime:0.000874s ]
INFO: [ app_end ] --END-- [ RunTime:0.000925s ]

[ 2019-02-28T20:03:14+08:00 ] 127.0.0.1 /Home/Bocai/index
INFO: [ app_init ] --START--
INFO: Run Behavior\BuildLiteBehavior [ RunTime:0.000008s ]
INFO: [ app_init ] --END-- [ RunTime:0.000317s ]
INFO: [ app_begin ] --START--
INFO: Run Behavior\ReadHtmlCacheBehavior [ RunTime:0.001056s ]
INFO: Run Behavior\CheckLangBehavior [ RunTime:0.003398s ]
NOTIC: [8] Constant LANG_SET already defined D:\phpStudy\WWW\btc\pc\ThinkPHP\Library\Behavior\CheckLangBehavior.class.php 第 55 行.
INFO: Run Behavior\CheckLangBehavior [ RunTime:0.002575s ]
INFO: [ app_begin ] --END-- [ RunTime:0.007210s ]
SQL: SHOW COLUMNS FROM `btc_user` [ RunTime:0.0060s ]
SQL: SELECT `user_id` FROM `btc_user` WHERE `email` = '3151904400@qq.com' AND `password` = '4192d21d2e09a8f2b97c5467e8e5d3ce' LIMIT 1   [ RunTime:0.0003s ]
INFO: [ view_parse ] --START--
INFO: [ template_filter ] --START--
INFO: Run Behavior\ContentReplaceBehavior [ RunTime:0.000050s ]
INFO: [ template_filter ] --END-- [ RunTime:0.000091s ]
INFO: Run Behavior\ParseTemplateBehavior [ RunTime:0.019374s ]
INFO: [ view_parse ] --END-- [ RunTime:0.019449s ]
INFO: [ view_filter ] --START--
INFO: Run Behavior\WriteHtmlCacheBehavior [ RunTime:0.000711s ]
INFO: [ view_filter ] --END-- [ RunTime:0.000779s ]
INFO: [ app_end ] --START--
INFO: Run Behavior\ShowPageTraceBehavior [ RunTime:0.000606s ]
INFO: [ app_end ] --END-- [ RunTime:0.000634s ]

[ 2019-02-28T20:03:53+08:00 ] 127.0.0.1 /Home/Bocai/index
INFO: [ app_init ] --START--
INFO: Run Behavior\BuildLiteBehavior [ RunTime:0.000012s ]
INFO: [ app_init ] --END-- [ RunTime:0.000582s ]
INFO: [ app_begin ] --START--
INFO: Run Behavior\ReadHtmlCacheBehavior [ RunTime:0.000716s ]
INFO: Run Behavior\CheckLangBehavior [ RunTime:0.003061s ]
NOTIC: [8] Constant LANG_SET already defined D:\phpStudy\WWW\btc\pc\ThinkPHP\Library\Behavior\CheckLangBehavior.class.php 第 55 行.
INFO: Run Behavior\CheckLangBehavior [ RunTime:0.002751s ]
INFO: [ app_begin ] --END-- [ RunTime:0.006679s ]
SQL: SHOW COLUMNS FROM `btc_user` [ RunTime:0.0085s ]
SQL: SELECT `user_id` FROM `btc_user` WHERE `email` = '3151904400@qq.com' AND `password` = '4192d21d2e09a8f2b97c5467e8e5d3ce' LIMIT 1   [ RunTime:0.0004s ]
INFO: [ view_parse ] --START--
INFO: [ template_filter ] --START--
INFO: Run Behavior\ContentReplaceBehavior [ RunTime:0.000044s ]
INFO: [ template_filter ] --END-- [ RunTime:0.000082s ]
INFO: Run Behavior\ParseTemplateBehavior [ RunTime:0.018129s ]
INFO: [ view_parse ] --END-- [ RunTime:0.018170s ]
INFO: [ view_filter ] --START--
INFO: Run Behavior\WriteHtmlCacheBehavior [ RunTime:0.000392s ]
INFO: [ view_filter ] --END-- [ RunTime:0.000414s ]
INFO: [ app_end ] --START--
INFO: Run Behavior\ShowPageTraceBehavior [ RunTime:0.000552s ]
INFO: [ app_end ] --END-- [ RunTime:0.000578s ]

[ 2019-02-28T20:04:59+08:00 ] 127.0.0.1 /Home/Bocai/index
INFO: [ app_init ] --START--
INFO: Run Behavior\BuildLiteBehavior [ RunTime:0.000006s ]
INFO: [ app_init ] --END-- [ RunTime:0.000270s ]
INFO: [ app_begin ] --START--
INFO: Run Behavior\ReadHtmlCacheBehavior [ RunTime:0.000530s ]
INFO: Run Behavior\CheckLangBehavior [ RunTime:0.001885s ]
NOTIC: [8] Constant LANG_SET already defined D:\phpStudy\WWW\btc\pc\ThinkPHP\Library\Behavior\CheckLangBehavior.class.php 第 55 行.
INFO: Run Behavior\CheckLangBehavior [ RunTime:0.001407s ]
INFO: [ app_begin ] --END-- [ RunTime:0.003907s ]
SQL: SHOW COLUMNS FROM `btc_user` [ RunTime:0.0060s ]
SQL: SELECT `user_id` FROM `btc_user` WHERE `email` = '3151904400@qq.com' AND `password` = '4192d21d2e09a8f2b97c5467e8e5d3ce' LIMIT 1   [ RunTime:0.0003s ]
INFO: [ view_parse ] --START--
INFO: [ template_filter ] --START--
INFO: Run Behavior\ContentReplaceBehavior [ RunTime:0.000041s ]
INFO: [ template_filter ] --END-- [ RunTime:0.000074s ]
INFO: Run Behavior\ParseTemplateBehavior [ RunTime:0.012435s ]
INFO: [ view_parse ] --END-- [ RunTime:0.012463s ]
INFO: [ view_filter ] --START--
INFO: Run Behavior\WriteHtmlCacheBehavior [ RunTime:0.000366s ]
INFO: [ view_filter ] --END-- [ RunTime:0.000386s ]
INFO: [ app_end ] --START--
INFO: Run Behavior\ShowPageTraceBehavior [ RunTime:0.000521s ]
INFO: [ app_end ] --END-- [ RunTime:0.000544s ]

[ 2019-02-28T20:07:56+08:00 ] 127.0.0.1 /Home/Bocai/index
INFO: [ app_init ] --START--
INFO: Run Behavior\BuildLiteBehavior [ RunTime:0.000008s ]
INFO: [ app_init ] --END-- [ RunTime:0.000374s ]
INFO: [ app_begin ] --START--
INFO: Run Behavior\ReadHtmlCacheBehavior [ RunTime:0.000380s ]
INFO: Run Behavior\CheckLangBehavior [ RunTime:0.001600s ]
NOTIC: [8] Constant LANG_SET already defined D:\phpStudy\WWW\btc\pc\ThinkPHP\Library\Behavior\CheckLangBehavior.class.php 第 55 行.
INFO: Run Behavior\CheckLangBehavior [ RunTime:0.001524s ]
INFO: [ app_begin ] --END-- [ RunTime:0.003576s ]
SQL: SHOW COLUMNS FROM `btc_user` [ RunTime:0.0077s ]
SQL: SELECT `user_id` FROM `btc_user` WHERE `email` = '3151904400@qq.com' AND `password` = '4192d21d2e09a8f2b97c5467e8e5d3ce' LIMIT 1   [ RunTime:0.0003s ]
INFO: [ view_parse ] --START--
INFO: [ template_filter ] --START--
INFO: Run Behavior\ContentReplaceBehavior [ RunTime:0.000044s ]
INFO: [ template_filter ] --END-- [ RunTime:0.000077s ]
INFO: Run Behavior\ParseTemplateBehavior [ RunTime:0.008145s ]
INFO: [ view_parse ] --END-- [ RunTime:0.008176s ]
INFO: [ view_filter ] --START--
INFO: Run Behavior\WriteHtmlCacheBehavior [ RunTime:0.002479s ]
INFO: [ view_filter ] --END-- [ RunTime:0.002563s ]
INFO: [ app_end ] --START--
INFO: Run Behavior\ShowPageTraceBehavior [ RunTime:0.001354s ]
INFO: [ app_end ] --END-- [ RunTime:0.001399s ]

[ 2019-02-28T20:07:58+08:00 ] 127.0.0.1 /Home/Bocai/index
INFO: [ app_init ] --START--
INFO: Run Behavior\BuildLiteBehavior [ RunTime:0.000007s ]
INFO: [ app_init ] --END-- [ RunTime:0.000301s ]
INFO: [ app_begin ] --START--
INFO: Run Behavior\ReadHtmlCacheBehavior [ RunTime:0.000360s ]
INFO: Run Behavior\CheckLangBehavior [ RunTime:0.002348s ]
NOTIC: [8] Constant LANG_SET already defined D:\phpStudy\WWW\btc\pc\ThinkPHP\Library\Behavior\CheckLangBehavior.class.php 第 55 行.
INFO: Run Behavior\CheckLangBehavior [ RunTime:0.002737s ]
INFO: [ app_begin ] --END-- [ RunTime:0.005569s ]
SQL: SHOW COLUMNS FROM `btc_user` [ RunTime:0.0071s ]
SQL: SELECT `user_id` FROM `btc_user` WHERE `email` = '3151904400@qq.com' AND `password` = '4192d21d2e09a8f2b97c5467e8e5d3ce' LIMIT 1   [ RunTime:0.0003s ]
INFO: [ view_parse ] --START--
INFO: [ template_filter ] --START--
INFO: Run Behavior\ContentReplaceBehavior [ RunTime:0.000041s ]
INFO: [ template_filter ] --END-- [ RunTime:0.000069s ]
INFO: Run Behavior\ParseTemplateBehavior [ RunTime:0.004558s ]
INFO: [ view_parse ] --END-- [ RunTime:0.004587s ]
INFO: [ view_filter ] --START--
INFO: Run Behavior\WriteHtmlCacheBehavior [ RunTime:0.000357s ]
INFO: [ view_filter ] --END-- [ RunTime:0.000377s ]
INFO: [ app_end ] --START--
INFO: Run Behavior\ShowPageTraceBehavior [ RunTime:0.000555s ]
INFO: [ app_end ] --END-- [ RunTime:0.000576s ]

[ 2019-02-28T20:11:19+08:00 ] 127.0.0.1 /Home/Bocai/index
INFO: [ app_init ] --START--
INFO: Run Behavior\BuildLiteBehavior [ RunTime:0.000009s ]
INFO: [ app_init ] --END-- [ RunTime:0.000304s ]
INFO: [ app_begin ] --START--
INFO: Run Behavior\ReadHtmlCacheBehavior [ RunTime:0.000459s ]
INFO: Run Behavior\CheckLangBehavior [ RunTime:0.002575s ]
NOTIC: [8] Constant LANG_SET already defined D:\phpStudy\WWW\btc\pc\ThinkPHP\Library\Behavior\CheckLangBehavior.class.php 第 55 行.
INFO: Run Behavior\CheckLangBehavior [ RunTime:0.001486s ]
INFO: [ app_begin ] --END-- [ RunTime:0.004621s ]
SQL: SHOW COLUMNS FROM `btc_user` [ RunTime:0.0060s ]
SQL: SELECT `user_id` FROM `btc_user` WHERE `email` = '3151904400@qq.com' AND `password` = '4192d21d2e09a8f2b97c5467e8e5d3ce' LIMIT 1   [ RunTime:0.0003s ]
INFO: [ view_parse ] --START--
INFO: [ template_filter ] --START--
INFO: Run Behavior\ContentReplaceBehavior [ RunTime:0.000055s ]
INFO: [ template_filter ] --END-- [ RunTime:0.000089s ]
INFO: Run Behavior\ParseTemplateBehavior [ RunTime:0.006682s ]
INFO: [ view_parse ] --END-- [ RunTime:0.006718s ]
INFO: [ view_filter ] --START--
INFO: Run Behavior\WriteHtmlCacheBehavior [ RunTime:0.000411s ]
INFO: [ view_filter ] --END-- [ RunTime:0.000431s ]
INFO: [ app_end ] --START--
INFO: Run Behavior\ShowPageTraceBehavior [ RunTime:0.000517s ]
INFO: [ app_end ] --END-- [ RunTime:0.000538s ]

[ 2019-02-28T20:13:03+08:00 ] 127.0.0.1 /Home/Bocai/index
INFO: [ app_init ] --START--
INFO: Run Behavior\BuildLiteBehavior [ RunTime:0.000009s ]
INFO: [ app_init ] --END-- [ RunTime:0.000336s ]
INFO: [ app_begin ] --START--
INFO: Run Behavior\ReadHtmlCacheBehavior [ RunTime:0.000572s ]
INFO: Run Behavior\CheckLangBehavior [ RunTime:0.003631s ]
NOTIC: [8] Constant LANG_SET already defined D:\phpStudy\WWW\btc\pc\ThinkPHP\Library\Behavior\CheckLangBehavior.class.php 第 55 行.
INFO: Run Behavior\CheckLangBehavior [ RunTime:0.003146s ]
INFO: [ app_begin ] --END-- [ RunTime:0.007483s ]
SQL: SHOW COLUMNS FROM `btc_user` [ RunTime:0.0062s ]
SQL: SELECT `user_id` FROM `btc_user` WHERE `email` = '3151904400@qq.com' AND `password` = '4192d21d2e09a8f2b97c5467e8e5d3ce' LIMIT 1   [ RunTime:0.0004s ]
INFO: [ view_parse ] --START--
INFO: [ template_filter ] --START--
INFO: Run Behavior\ContentReplaceBehavior [ RunTime:0.000042s ]
INFO: [ template_filter ] --END-- [ RunTime:0.000074s ]
INFO: Run Behavior\ParseTemplateBehavior [ RunTime:0.008028s ]
INFO: [ view_parse ] --END-- [ RunTime:0.008076s ]
INFO: [ view_filter ] --START--
INFO: Run Behavior\WriteHtmlCacheBehavior [ RunTime:0.000487s ]
INFO: [ view_filter ] --END-- [ RunTime:0.000508s ]
INFO: [ app_end ] --START--
INFO: Run Behavior\ShowPageTraceBehavior [ RunTime:0.007129s ]
INFO: [ app_end ] --END-- [ RunTime:0.007180s ]

[ 2019-02-28T20:15:30+08:00 ] 127.0.0.1 /Home/Bocai/index
INFO: [ app_init ] --START--
INFO: Run Behavior\BuildLiteBehavior [ RunTime:0.000008s ]
INFO: [ app_init ] --END-- [ RunTime:0.000279s ]
INFO: [ app_begin ] --START--
INFO: Run Behavior\ReadHtmlCacheBehavior [ RunTime:0.000712s ]
INFO: Run Behavior\CheckLangBehavior [ RunTime:0.002363s ]
NOTIC: [8] Constant LANG_SET already defined D:\phpStudy\WWW\btc\pc\ThinkPHP\Library\Behavior\CheckLangBehavior.class.php 第 55 行.
INFO: Run Behavior\CheckLangBehavior [ RunTime:0.001525s ]
INFO: [ app_begin ] --END-- [ RunTime:0.004723s ]
SQL: SHOW COLUMNS FROM `btc_user` [ RunTime:0.0081s ]
SQL: SELECT `user_id` FROM `btc_user` WHERE `email` = '3151904400@qq.com' AND `password` = '4192d21d2e09a8f2b97c5467e8e5d3ce' LIMIT 1   [ RunTime:0.0003s ]
INFO: [ view_parse ] --START--
INFO: [ template_filter ] --START--
INFO: Run Behavior\ContentReplaceBehavior [ RunTime:0.000059s ]
INFO: [ template_filter ] --END-- [ RunTime:0.000124s ]
INFO: Run Behavior\ParseTemplateBehavior [ RunTime:0.018392s ]
INFO: [ view_parse ] --END-- [ RunTime:0.018443s ]
INFO: [ view_filter ] --START--
INFO: Run Behavior\WriteHtmlCacheBehavior [ RunTime:0.000621s ]
INFO: [ view_filter ] --END-- [ RunTime:0.000656s ]
INFO: [ app_end ] --START--
INFO: Run Behavior\ShowPageTraceBehavior [ RunTime:0.000813s ]
INFO: [ app_end ] --END-- [ RunTime:0.000851s ]

[ 2019-02-28T20:16:35+08:00 ] 127.0.0.1 /Home/Bocai/index
INFO: [ app_init ] --START--
INFO: Run Behavior\BuildLiteBehavior [ RunTime:0.000019s ]
INFO: [ app_init ] --END-- [ RunTime:0.000894s ]
INFO: [ app_begin ] --START--
INFO: Run Behavior\ReadHtmlCacheBehavior [ RunTime:0.000707s ]
INFO: Run Behavior\CheckLangBehavior [ RunTime:0.003558s ]
NOTIC: [8] Constant LANG_SET already defined D:\phpStudy\WWW\btc\pc\ThinkPHP\Library\Behavior\CheckLangBehavior.class.php 第 55 行.
INFO: Run Behavior\CheckLangBehavior [ RunTime:0.003062s ]
INFO: [ app_begin ] --END-- [ RunTime:0.007452s ]
SQL: SHOW COLUMNS FROM `btc_user` [ RunTime:0.0059s ]
SQL: SELECT `user_id` FROM `btc_user` WHERE `email` = '3151904400@qq.com' AND `password` = '4192d21d2e09a8f2b97c5467e8e5d3ce' LIMIT 1   [ RunTime:0.0003s ]
INFO: [ view_parse ] --START--
INFO: [ template_filter ] --START--
INFO: Run Behavior\ContentReplaceBehavior [ RunTime:0.000043s ]
INFO: [ template_filter ] --END-- [ RunTime:0.000077s ]
INFO: Run Behavior\ParseTemplateBehavior [ RunTime:0.015362s ]
INFO: [ view_parse ] --END-- [ RunTime:0.015403s ]
INFO: [ view_filter ] --START--
INFO: Run Behavior\WriteHtmlCacheBehavior [ RunTime:0.000467s ]
INFO: [ view_filter ] --END-- [ RunTime:0.000489s ]
INFO: [ app_end ] --START--
INFO: Run Behavior\ShowPageTraceBehavior [ RunTime:0.000559s ]
INFO: [ app_end ] --END-- [ RunTime:0.000580s ]

[ 2019-02-28T20:21:08+08:00 ] 127.0.0.1 /Home/Bocai/index
INFO: [ app_init ] --START--
INFO: Run Behavior\BuildLiteBehavior [ RunTime:0.000009s ]
INFO: [ app_init ] --END-- [ RunTime:0.000435s ]
INFO: [ app_begin ] --START--
INFO: Run Behavior\ReadHtmlCacheBehavior [ RunTime:0.000435s ]
INFO: Run Behavior\CheckLangBehavior [ RunTime:0.001771s ]
NOTIC: [8] Constant LANG_SET already defined D:\phpStudy\WWW\btc\pc\ThinkPHP\Library\Behavior\CheckLangBehavior.class.php 第 55 行.
INFO: Run Behavior\CheckLangBehavior [ RunTime:0.001307s ]
INFO: [ app_begin ] --END-- [ RunTime:0.003585s ]
SQL: SHOW COLUMNS FROM `btc_user` [ RunTime:0.0072s ]
SQL: SELECT `user_id` FROM `btc_user` WHERE `email` = '3151904400@qq.com' AND `password` = '4192d21d2e09a8f2b97c5467e8e5d3ce' LIMIT 1   [ RunTime:0.0003s ]
INFO: [ view_parse ] --START--
INFO: [ template_filter ] --START--
INFO: Run Behavior\ContentReplaceBehavior [ RunTime:0.000079s ]
INFO: [ template_filter ] --END-- [ RunTime:0.000140s ]
INFO: Run Behavior\ParseTemplateBehavior [ RunTime:0.018965s ]
INFO: [ view_parse ] --END-- [ RunTime:0.019023s ]
INFO: [ view_filter ] --START--
INFO: Run Behavior\WriteHtmlCacheBehavior [ RunTime:0.000650s ]
INFO: [ view_filter ] --END-- [ RunTime:0.000677s ]
INFO: [ app_end ] --START--
INFO: Run Behavior\ShowPageTraceBehavior [ RunTime:0.000564s ]
INFO: [ app_end ] --END-- [ RunTime:0.000585s ]

[ 2019-02-28T20:21:54+08:00 ] 127.0.0.1 /Home/Bocai/index
INFO: [ app_init ] --START--
INFO: Run Behavior\BuildLiteBehavior [ RunTime:0.000007s ]
INFO: [ app_init ] --END-- [ RunTime:0.000346s ]
INFO: [ app_begin ] --START--
INFO: Run Behavior\ReadHtmlCacheBehavior [ RunTime:0.000362s ]
INFO: Run Behavior\CheckLangBehavior [ RunTime:0.001615s ]
NOTIC: [8] Constant LANG_SET already defined D:\phpStudy\WWW\btc\pc\ThinkPHP\Library\Behavior\CheckLangBehavior.class.php 第 55 行.
INFO: Run Behavior\CheckLangBehavior [ RunTime:0.001288s ]
INFO: [ app_begin ] --END-- [ RunTime:0.003319s ]
SQL: SHOW COLUMNS FROM `btc_user` [ RunTime:0.0063s ]
SQL: SELECT `user_id` FROM `btc_user` WHERE `email` = '3151904400@qq.com' AND `password` = '4192d21d2e09a8f2b97c5467e8e5d3ce' LIMIT 1   [ RunTime:0.0003s ]
INFO: [ view_parse ] --START--
INFO: [ template_filter ] --START--
INFO: Run Behavior\ContentReplaceBehavior [ RunTime:0.000042s ]
INFO: [ template_filter ] --END-- [ RunTime:0.000078s ]
INFO: Run Behavior\ParseTemplateBehavior [ RunTime:0.017817s ]
INFO: [ view_parse ] --END-- [ RunTime:0.017853s ]
INFO: [ view_filter ] --START--
INFO: Run Behavior\WriteHtmlCacheBehavior [ RunTime:0.000431s ]
INFO: [ view_filter ] --END-- [ RunTime:0.000451s ]
INFO: [ app_end ] --START--
INFO: Run Behavior\ShowPageTraceBehavior [ RunTime:0.000549s ]
INFO: [ app_end ] --END-- [ RunTime:0.000570s ]

[ 2019-02-28T20:22:21+08:00 ] 127.0.0.1 /Home/Bocai/index
INFO: [ app_init ] --START--
INFO: Run Behavior\BuildLiteBehavior [ RunTime:0.000013s ]
INFO: [ app_init ] --END-- [ RunTime:0.000596s ]
INFO: [ app_begin ] --START--
INFO: Run Behavior\ReadHtmlCacheBehavior [ RunTime:0.000444s ]
INFO: Run Behavior\CheckLangBehavior [ RunTime:0.002552s ]
NOTIC: [8] Constant LANG_SET already defined D:\phpStudy\WWW\btc\pc\ThinkPHP\Library\Behavior\CheckLangBehavior.class.php 第 55 行.
INFO: Run Behavior\CheckLangBehavior [ RunTime:0.001749s ]
INFO: [ app_begin ] --END-- [ RunTime:0.004841s ]
SQL: SHOW COLUMNS FROM `btc_user` [ RunTime:0.0074s ]
SQL: SELECT `user_id` FROM `btc_user` WHERE `email` = '3151904400@qq.com' AND `password` = '4192d21d2e09a8f2b97c5467e8e5d3ce' LIMIT 1   [ RunTime:0.0010s ]
INFO: [ view_parse ] --START--
INFO: [ template_filter ] --START--
INFO: Run Behavior\ContentReplaceBehavior [ RunTime:0.000066s ]
INFO: [ template_filter ] --END-- [ RunTime:0.000137s ]
INFO: Run Behavior\ParseTemplateBehavior [ RunTime:0.008750s ]
INFO: [ view_parse ] --END-- [ RunTime:0.008822s ]
INFO: [ view_filter ] --START--
INFO: Run Behavior\WriteHtmlCacheBehavior [ RunTime:0.000493s ]
INFO: [ view_filter ] --END-- [ RunTime:0.000518s ]
INFO: [ app_end ] --START--
INFO: Run Behavior\ShowPageTraceBehavior [ RunTime:0.000579s ]
INFO: [ app_end ] --END-- [ RunTime:0.000603s ]

[ 2019-02-28T20:23:40+08:00 ] 127.0.0.1 /Home/Bocai/index
INFO: [ app_init ] --START--
INFO: Run Behavior\BuildLiteBehavior [ RunTime:0.000014s ]
INFO: [ app_init ] --END-- [ RunTime:0.000563s ]
INFO: [ app_begin ] --START--
INFO: Run Behavior\ReadHtmlCacheBehavior [ RunTime:0.000774s ]
INFO: Run Behavior\CheckLangBehavior [ RunTime:0.003835s ]
NOTIC: [8] Constant LANG_SET already defined D:\phpStudy\WWW\btc\pc\ThinkPHP\Library\Behavior\CheckLangBehavior.class.php 第 55 行.
INFO: Run Behavior\CheckLangBehavior [ RunTime:0.004577s ]
INFO: [ app_begin ] --END-- [ RunTime:0.009373s ]
SQL: SHOW COLUMNS FROM `btc_user` [ RunTime:0.0057s ]
SQL: SELECT `user_id` FROM `btc_user` WHERE `email` = '3151904400@qq.com' AND `password` = '4192d21d2e09a8f2b97c5467e8e5d3ce' LIMIT 1   [ RunTime:0.0003s ]
INFO: [ view_parse ] --START--
INFO: [ template_filter ] --START--
INFO: Run Behavior\ContentReplaceBehavior [ RunTime:0.000048s ]
INFO: [ template_filter ] --END-- [ RunTime:0.000087s ]
INFO: Run Behavior\ParseTemplateBehavior [ RunTime:0.005291s ]
INFO: [ view_parse ] --END-- [ RunTime:0.005345s ]
INFO: [ view_filter ] --START--
INFO: Run Behavior\WriteHtmlCacheBehavior [ RunTime:0.000437s ]
INFO: [ view_filter ] --END-- [ RunTime:0.000466s ]
INFO: [ app_end ] --START--
INFO: Run Behavior\ShowPageTraceBehavior [ RunTime:0.000756s ]
INFO: [ app_end ] --END-- [ RunTime:0.000801s ]

[ 2019-02-28T20:25:03+08:00 ] 127.0.0.1 /Home/Bocai/index
INFO: [ app_init ] --START--
INFO: Run Behavior\BuildLiteBehavior [ RunTime:0.000010s ]
INFO: [ app_init ] --END-- [ RunTime:0.000475s ]
INFO: [ app_begin ] --START--
INFO: Run Behavior\ReadHtmlCacheBehavior [ RunTime:0.000625s ]
INFO: Run Behavior\CheckLangBehavior [ RunTime:0.002603s ]
NOTIC: [8] Constant LANG_SET already defined D:\phpStudy\WWW\btc\pc\ThinkPHP\Library\Behavior\CheckLangBehavior.class.php 第 55 行.
INFO: Run Behavior\CheckLangBehavior [ RunTime:0.003829s ]
INFO: [ app_begin ] --END-- [ RunTime:0.007186s ]
SQL: SHOW COLUMNS FROM `btc_user` [ RunTime:0.0151s ]
SQL: SELECT `user_id` FROM `btc_user` WHERE `email` = '3151904400@qq.com' AND `password` = '4192d21d2e09a8f2b97c5467e8e5d3ce' LIMIT 1   [ RunTime:0.0006s ]
INFO: [ view_parse ] --START--
INFO: [ template_filter ] --START--
INFO: Run Behavior\ContentReplaceBehavior [ RunTime:0.000068s ]
INFO: [ template_filter ] --END-- [ RunTime:0.000136s ]
INFO: Run Behavior\ParseTemplateBehavior [ RunTime:0.010814s ]
INFO: [ view_parse ] --END-- [ RunTime:0.010918s ]
INFO: [ view_filter ] --START--
INFO: Run Behavior\WriteHtmlCacheBehavior [ RunTime:0.001336s ]
INFO: [ view_filter ] --END-- [ RunTime:0.001422s ]
INFO: [ app_end ] --START--
INFO: Run Behavior\ShowPageTraceBehavior [ RunTime:0.001228s ]
INFO: [ app_end ] --END-- [ RunTime:0.001293s ]

[ 2019-02-28T20:26:28+08:00 ] 127.0.0.1 /Home/Bocai/index
INFO: [ app_init ] --START--
INFO: Run Behavior\BuildLiteBehavior [ RunTime:0.000010s ]
INFO: [ app_init ] --END-- [ RunTime:0.000416s ]
INFO: [ app_begin ] --START--
INFO: Run Behavior\ReadHtmlCacheBehavior [ RunTime:0.000654s ]
INFO: Run Behavior\CheckLangBehavior [ RunTime:0.003176s ]
NOTIC: [8] Constant LANG_SET already defined D:\phpStudy\WWW\btc\pc\ThinkPHP\Library\Behavior\CheckLangBehavior.class.php 第 55 行.
INFO: Run Behavior\CheckLangBehavior [ RunTime:0.007639s ]
INFO: [ app_begin ] --END-- [ RunTime:0.011623s ]
SQL: SHOW COLUMNS FROM `btc_user` [ RunTime:0.0067s ]
SQL: SELECT `user_id` FROM `btc_user` WHERE `email` = '3151904400@qq.com' AND `password` = '4192d21d2e09a8f2b97c5467e8e5d3ce' LIMIT 1   [ RunTime:0.0003s ]
INFO: [ view_parse ] --START--
INFO: [ template_filter ] --START--
INFO: Run Behavior\ContentReplaceBehavior [ RunTime:0.000090s ]
INFO: [ template_filter ] --END-- [ RunTime:0.000148s ]
INFO: Run Behavior\ParseTemplateBehavior [ RunTime:0.010137s ]
INFO: [ view_parse ] --END-- [ RunTime:0.010183s ]
INFO: [ view_filter ] --START--
INFO: Run Behavior\WriteHtmlCacheBehavior [ RunTime:0.000622s ]
INFO: [ view_filter ] --END-- [ RunTime:0.000663s ]
INFO: [ app_end ] --START--
INFO: Run Behavior\ShowPageTraceBehavior [ RunTime:0.000941s ]
INFO: [ app_end ] --END-- [ RunTime:0.000987s ]

[ 2019-02-28T20:27:17+08:00 ] 127.0.0.1 /Home/Bocai/index
INFO: [ app_init ] --START--
INFO: Run Behavior\BuildLiteBehavior [ RunTime:0.000010s ]
INFO: [ app_init ] --END-- [ RunTime:0.000421s ]
INFO: [ app_begin ] --START--
INFO: Run Behavior\ReadHtmlCacheBehavior [ RunTime:0.000408s ]
INFO: Run Behavior\CheckLangBehavior [ RunTime:0.001809s ]
NOTIC: [8] Constant LANG_SET already defined D:\phpStudy\WWW\btc\pc\ThinkPHP\Library\Behavior\CheckLangBehavior.class.php 第 55 行.
INFO: Run Behavior\CheckLangBehavior [ RunTime:0.001976s ]
INFO: [ app_begin ] --END-- [ RunTime:0.004290s ]
SQL: SHOW COLUMNS FROM `btc_user` [ RunTime:0.0057s ]
SQL: SELECT `user_id` FROM `btc_user` WHERE `email` = '3151904400@qq.com' AND `password` = '4192d21d2e09a8f2b97c5467e8e5d3ce' LIMIT 1   [ RunTime:0.0003s ]
INFO: [ view_parse ] --START--
INFO: [ template_filter ] --START--
INFO: Run Behavior\ContentReplaceBehavior [ RunTime:0.000043s ]
INFO: [ template_filter ] --END-- [ RunTime:0.000075s ]
INFO: Run Behavior\ParseTemplateBehavior [ RunTime:0.005324s ]
INFO: [ view_parse ] --END-- [ RunTime:0.005379s ]
INFO: [ view_filter ] --START--
INFO: Run Behavior\WriteHtmlCacheBehavior [ RunTime:0.000431s ]
INFO: [ view_filter ] --END-- [ RunTime:0.000453s ]
INFO: [ app_end ] --START--
INFO: Run Behavior\ShowPageTraceBehavior [ RunTime:0.000546s ]
INFO: [ app_end ] --END-- [ RunTime:0.000567s ]

[ 2019-02-28T20:27:55+08:00 ] 127.0.0.1 /Home/Bocai/index
INFO: [ app_init ] --START--
INFO: Run Behavior\BuildLiteBehavior [ RunTime:0.000010s ]
INFO: [ app_init ] --END-- [ RunTime:0.000429s ]
INFO: [ app_begin ] --START--
INFO: Run Behavior\ReadHtmlCacheBehavior [ RunTime:0.000578s ]
INFO: Run Behavior\CheckLangBehavior [ RunTime:0.001716s ]
NOTIC: [8] Constant LANG_SET already defined D:\phpStudy\WWW\btc\pc\ThinkPHP\Library\Behavior\CheckLangBehavior.class.php 第 55 行.
INFO: Run Behavior\CheckLangBehavior [ RunTime:0.001477s ]
INFO: [ app_begin ] --END-- [ RunTime:0.003877s ]
SQL: SHOW COLUMNS FROM `btc_user` [ RunTime:0.0065s ]
SQL: SELECT `user_id` FROM `btc_user` WHERE `email` = '3151904400@qq.com' AND `password` = '4192d21d2e09a8f2b97c5467e8e5d3ce' LIMIT 1   [ RunTime:0.0003s ]
INFO: [ view_parse ] --START--
INFO: [ template_filter ] --START--
INFO: Run Behavior\ContentReplaceBehavior [ RunTime:0.000047s ]
INFO: [ template_filter ] --END-- [ RunTime:0.000083s ]
INFO: Run Behavior\ParseTemplateBehavior [ RunTime:0.005553s ]
INFO: [ view_parse ] --END-- [ RunTime:0.005592s ]
INFO: [ view_filter ] --START--
INFO: Run Behavior\WriteHtmlCacheBehavior [ RunTime:0.000413s ]
INFO: [ view_filter ] --END-- [ RunTime:0.000435s ]
INFO: [ app_end ] --START--
INFO: Run Behavior\ShowPageTraceBehavior [ RunTime:0.000540s ]
INFO: [ app_end ] --END-- [ RunTime:0.000566s ]

[ 2019-02-28T20:28:10+08:00 ] 127.0.0.1 /Home/Bocai/getlog
INFO: [ app_init ] --START--
INFO: Run Behavior\BuildLiteBehavior [ RunTime:0.000008s ]
INFO: [ app_init ] --END-- [ RunTime:0.000387s ]
INFO: [ app_begin ] --START--
INFO: Run Behavior\ReadHtmlCacheBehavior [ RunTime:0.000403s ]
INFO: Run Behavior\CheckLangBehavior [ RunTime:0.001943s ]
NOTIC: [8] Constant LANG_SET already defined D:\phpStudy\WWW\btc\pc\ThinkPHP\Library\Behavior\CheckLangBehavior.class.php 第 55 行.
INFO: Run Behavior\CheckLangBehavior [ RunTime:0.001418s ]
INFO: [ app_begin ] --END-- [ RunTime:0.003842s ]
SQL: SHOW COLUMNS FROM `btc_user` [ RunTime:0.0059s ]
SQL: SELECT `user_id` FROM `btc_user` WHERE `email` = '3151904400@qq.com' AND `password` = '4192d21d2e09a8f2b97c5467e8e5d3ce' LIMIT 1   [ RunTime:0.0003s ]
SQL: SHOW COLUMNS FROM `btc_w_minlog` [ RunTime:0.0064s ]
SQL: SELECT * FROM `btc_w_minlog` WHERE `create_time` > 1551097690 AND `uid` = 'q2018090611234315362042232669474'  [ RunTime:0.0003s ]
INFO: [ view_parse ] --START--
INFO: [ template_filter ] --START--
INFO: Run Behavior\ContentReplaceBehavior [ RunTime:0.000036s ]
INFO: [ template_filter ] --END-- [ RunTime:0.000067s ]
INFO: Run Behavior\ParseTemplateBehavior [ RunTime:0.006239s ]
INFO: [ view_parse ] --END-- [ RunTime:0.006272s ]
INFO: [ view_filter ] --START--
INFO: Run Behavior\WriteHtmlCacheBehavior [ RunTime:0.000403s ]
INFO: [ view_filter ] --END-- [ RunTime:0.000423s ]
INFO: [ app_end ] --START--
INFO: Run Behavior\ShowPageTraceBehavior [ RunTime:0.000521s ]
INFO: [ app_end ] --END-- [ RunTime:0.000542s ]

