[ 2019-03-03T09:32:37+08:00 ] 127.0.0.1 /
INFO: [ app_init ] --START--
INFO: Run Behavior\BuildLiteBehavior [ RunTime:0.000013s ]
INFO: [ app_init ] --END-- [ RunTime:0.001204s ]
INFO: [ app_begin ] --START--
INFO: Run Behavior\ReadHtmlCacheBehavior [ RunTime:0.001504s ]
INFO: Run Behavior\CheckLangBehavior [ RunTime:0.005676s ]
NOTIC: [8] Constant LANG_SET already defined D:\phpStudy\WWW\btc\pc\ThinkPHP\Library\Behavior\CheckLangBehavior.class.php 第 55 行.
INFO: Run Behavior\CheckLangBehavior [ RunTime:0.002816s ]
INFO: [ app_begin ] --END-- [ RunTime:0.010173s ]
SQL: SHOW COLUMNS FROM `btc_user` [ RunTime:0.0090s ]
SQL: SELECT `user_id` FROM `btc_user` WHERE `email` = '3151904400@qq.com' AND `password` = '4192d21d2e09a8f2b97c5467e8e5d3ce' LIMIT 1   [ RunTime:0.0006s ]
SQL: SELECT `maincoin_id`,`email` FROM `btc_user` WHERE `user_id` = 'q2018090611234315362042232669474' LIMIT 1   [ RunTime:0.0003s ]
INFO: [ view_parse ] --START--
NOTIC: [2] file_get_contents(__TEMPLATE__/home/header.html): failed to open stream: No such file or directory D:\phpStudy\WWW\btc\pc\ThinkPHP\Library\Think\Template.class.php 第 696 行.
NOTIC: [2] file_get_contents(__TEMPLATE__/home/header.html): failed to open stream: No such file or directory D:\phpStudy\WWW\btc\pc\ThinkPHP\Library\Think\Template.class.php 第 696 行.
INFO: [ template_filter ] --START--
INFO: Run Behavior\ContentReplaceBehavior [ RunTime:0.000471s ]
INFO: [ template_filter ] --END-- [ RunTime:0.000503s ]
INFO: Run Behavior\ParseTemplateBehavior [ RunTime:0.023138s ]
INFO: [ view_parse ] --END-- [ RunTime:0.023175s ]
INFO: [ view_filter ] --START--
INFO: Run Behavior\WriteHtmlCacheBehavior [ RunTime:0.000801s ]
INFO: [ view_filter ] --END-- [ RunTime:0.000833s ]
INFO: [ app_end ] --START--
INFO: Run Behavior\ShowPageTraceBehavior [ RunTime:0.001053s ]
INFO: [ app_end ] --END-- [ RunTime:0.001098s ]

[ 2019-03-03T09:32:39+08:00 ] 127.0.0.1 /Home/PopupWindow/getBulletin
INFO: [ app_init ] --START--
INFO: Run Behavior\BuildLiteBehavior [ RunTime:0.000012s ]
INFO: [ app_init ] --END-- [ RunTime:0.000628s ]
INFO: [ app_begin ] --START--
INFO: Run Behavior\ReadHtmlCacheBehavior [ RunTime:0.000670s ]
INFO: Run Behavior\CheckLangBehavior [ RunTime:0.004288s ]
NOTIC: [8] Constant LANG_SET already defined D:\phpStudy\WWW\btc\pc\ThinkPHP\Library\Behavior\CheckLangBehavior.class.php 第 55 行.
INFO: Run Behavior\CheckLangBehavior [ RunTime:0.002846s ]
INFO: [ app_begin ] --END-- [ RunTime:0.007948s ]
SQL: SHOW COLUMNS FROM `btc_user` [ RunTime:0.0105s ]
SQL: SELECT `user_id` FROM `btc_user` WHERE `email` = '3151904400@qq.com' AND `password` = '4192d21d2e09a8f2b97c5467e8e5d3ce' LIMIT 1   [ RunTime:0.0004s ]
SQL: SHOW COLUMNS FROM `btc_bulletin` [ RunTime:0.0103s ]
SQL: SHOW COLUMNS FROM `btc_i18n` [ RunTime:0.0096s ]
SQL: SELECT b.bulletin_id,b.create_time,b.bulletin_title_i18n FROM btc_bulletin as b WHERE b.is_deleted = 0 AND b.status = 1 ORDER BY create_time desc  [ RunTime:0.0007s ]
SQL: SELECT `tw_content` FROM `btc_i18n` WHERE `i18n_id` = 'H2018062513490815299057485152429' LIMIT 1   [ RunTime:0.0004s ]
SQL: SELECT `tw_content` FROM `btc_i18n` WHERE `i18n_id` = 'b2018062222284415296777242420191' LIMIT 1   [ RunTime:0.0002s ]
SQL: SELECT `tw_content` FROM `btc_i18n` WHERE `i18n_id` = 'z2018052020191515268187554345747' LIMIT 1   [ RunTime:0.0002s ]
NOTIC: [8192] Non-static method StatusCode::code() should not be called statically D:\phpStudy\WWW\btc\pc\Application\Home\Controller\PopupWindowController.class.php 第 36 行.

[ 2019-03-03T09:32:40+08:00 ] 127.0.0.1 /Home/PopupWindow/getCallCenter
INFO: [ app_init ] --START--
INFO: Run Behavior\BuildLiteBehavior [ RunTime:0.000007s ]
INFO: [ app_init ] --END-- [ RunTime:0.000317s ]
INFO: [ app_begin ] --START--
INFO: Run Behavior\ReadHtmlCacheBehavior [ RunTime:0.000531s ]
INFO: Run Behavior\CheckLangBehavior [ RunTime:0.002659s ]
NOTIC: [8] Constant LANG_SET already defined D:\phpStudy\WWW\btc\pc\ThinkPHP\Library\Behavior\CheckLangBehavior.class.php 第 55 行.
INFO: Run Behavior\CheckLangBehavior [ RunTime:0.002418s ]
INFO: [ app_begin ] --END-- [ RunTime:0.005707s ]
SQL: SHOW COLUMNS FROM `btc_user` [ RunTime:0.0077s ]
SQL: SELECT `user_id` FROM `btc_user` WHERE `email` = '3151904400@qq.com' AND `password` = '4192d21d2e09a8f2b97c5467e8e5d3ce' LIMIT 1   [ RunTime:0.0003s ]
SQL: SHOW COLUMNS FROM `btc_service` [ RunTime:0.0064s ]
SQL: SELECT `name` FROM `btc_service`  [ RunTime:0.0003s ]

[ 2019-03-03T09:32:41+08:00 ] 127.0.0.1 /home/PopupWindow/isSvClose
INFO: [ app_init ] --START--
INFO: Run Behavior\BuildLiteBehavior [ RunTime:0.000013s ]
INFO: [ app_init ] --END-- [ RunTime:0.000718s ]
INFO: [ app_begin ] --START--
INFO: Run Behavior\ReadHtmlCacheBehavior [ RunTime:0.001383s ]
INFO: Run Behavior\CheckLangBehavior [ RunTime:0.003074s ]
NOTIC: [8] Constant LANG_SET already defined D:\phpStudy\WWW\btc\pc\ThinkPHP\Library\Behavior\CheckLangBehavior.class.php 第 55 行.
INFO: Run Behavior\CheckLangBehavior [ RunTime:0.002628s ]
INFO: [ app_begin ] --END-- [ RunTime:0.007201s ]
SQL: SHOW COLUMNS FROM `btc_user` [ RunTime:0.0079s ]
SQL: SELECT `user_id` FROM `btc_user` WHERE `email` = '3151904400@qq.com' AND `password` = '4192d21d2e09a8f2b97c5467e8e5d3ce' LIMIT 1   [ RunTime:0.0003s ]
SQL: SHOW COLUMNS FROM `btc_home_info` [ RunTime:0.0095s ]
SQL: SELECT `service_status` FROM `btc_home_info`  [ RunTime:0.0004s ]

[ 2019-03-03T09:32:42+08:00 ] 127.0.0.1 /Home/Index/getTopInfo
INFO: [ app_init ] --START--
INFO: Run Behavior\BuildLiteBehavior [ RunTime:0.000012s ]
INFO: [ app_init ] --END-- [ RunTime:0.000552s ]
INFO: [ app_begin ] --START--
INFO: Run Behavior\ReadHtmlCacheBehavior [ RunTime:0.000465s ]
INFO: Run Behavior\CheckLangBehavior [ RunTime:0.002364s ]
NOTIC: [8] Constant LANG_SET already defined D:\phpStudy\WWW\btc\pc\ThinkPHP\Library\Behavior\CheckLangBehavior.class.php 第 55 行.
INFO: Run Behavior\CheckLangBehavior [ RunTime:0.002267s ]
INFO: [ app_begin ] --END-- [ RunTime:0.005205s ]
SQL: SHOW COLUMNS FROM `btc_user` [ RunTime:0.0062s ]
SQL: SELECT `user_id` FROM `btc_user` WHERE `email` = '3151904400@qq.com' AND `password` = '4192d21d2e09a8f2b97c5467e8e5d3ce' LIMIT 1   [ RunTime:0.0003s ]
SQL: SELECT `user_name`,`maincoin_id` FROM `btc_user` WHERE `user_id` = 'q2018090611234315362042232669474' LIMIT 1   [ RunTime:0.0002s ]
NOTIC: [8192] Non-static method StatusCode::code() should not be called statically D:\phpStudy\WWW\btc\pc\Application\Home\Controller\IndexController.class.php 第 61 行.
SQL: SHOW COLUMNS FROM `btc_information` [ RunTime:0.0064s ]
SQL: SELECT COUNT(*) AS tp_count FROM `btc_information` WHERE `maincoin_id` = 'luUyjcLN' LIMIT 1   [ RunTime:0.0003s ]

[ 2019-03-03T09:32:44+08:00 ] 127.0.0.1 /Home/Login/getupdateLogo
INFO: [ app_init ] --START--
INFO: Run Behavior\BuildLiteBehavior [ RunTime:0.000006s ]
INFO: [ app_init ] --END-- [ RunTime:0.000315s ]
INFO: [ app_begin ] --START--
INFO: Run Behavior\ReadHtmlCacheBehavior [ RunTime:0.000417s ]
INFO: Run Behavior\CheckLangBehavior [ RunTime:0.001880s ]
NOTIC: [8] Constant LANG_SET already defined D:\phpStudy\WWW\btc\pc\ThinkPHP\Library\Behavior\CheckLangBehavior.class.php 第 55 行.
INFO: Run Behavior\CheckLangBehavior [ RunTime:0.001967s ]
INFO: [ app_begin ] --END-- [ RunTime:0.004343s ]
SQL: SHOW COLUMNS FROM `btc_home_info` [ RunTime:0.0064s ]
NOTIC: [8192] Non-static method StatusCode::code() should not be called statically D:\phpStudy\WWW\btc\pc\Application\Home\Controller\LoginController.class.php 第 129 行.

[ 2019-03-03T09:32:46+08:00 ] 127.0.0.1 /Home/Index/getAccount
INFO: [ app_init ] --START--
INFO: Run Behavior\BuildLiteBehavior [ RunTime:0.000008s ]
INFO: [ app_init ] --END-- [ RunTime:0.000324s ]
INFO: [ app_begin ] --START--
INFO: Run Behavior\ReadHtmlCacheBehavior [ RunTime:0.000383s ]
INFO: Run Behavior\CheckLangBehavior [ RunTime:0.001666s ]
NOTIC: [8] Constant LANG_SET already defined D:\phpStudy\WWW\btc\pc\ThinkPHP\Library\Behavior\CheckLangBehavior.class.php 第 55 行.
INFO: Run Behavior\CheckLangBehavior [ RunTime:0.001319s ]
INFO: [ app_begin ] --END-- [ RunTime:0.003421s ]
SQL: SHOW COLUMNS FROM `btc_user` [ RunTime:0.0061s ]
SQL: SELECT `user_id` FROM `btc_user` WHERE `email` = '3151904400@qq.com' AND `password` = '4192d21d2e09a8f2b97c5467e8e5d3ce' LIMIT 1   [ RunTime:0.0003s ]
SQL: SHOW COLUMNS FROM `btc_user_account` [ RunTime:0.0063s ]
SQL: SELECT `btc_balance`,`eth_balance`,`freeze_balance`,`extract_balance` FROM `btc_user_account` WHERE `user_id` = 'q2018090611234315362042232669474' AND `is_deleted` = 0 AND `status` = 0 LIMIT 1   [ RunTime:0.0003s ]

[ 2019-03-03T09:32:47+08:00 ] 127.0.0.1 /Home/PopupWindow/getBulletin
INFO: [ app_init ] --START--
INFO: Run Behavior\BuildLiteBehavior [ RunTime:0.000007s ]
INFO: [ app_init ] --END-- [ RunTime:0.000320s ]
INFO: [ app_begin ] --START--
INFO: Run Behavior\ReadHtmlCacheBehavior [ RunTime:0.000404s ]
INFO: Run Behavior\CheckLangBehavior [ RunTime:0.001737s ]
NOTIC: [8] Constant LANG_SET already defined D:\phpStudy\WWW\btc\pc\ThinkPHP\Library\Behavior\CheckLangBehavior.class.php 第 55 行.
INFO: Run Behavior\CheckLangBehavior [ RunTime:0.001923s ]
INFO: [ app_begin ] --END-- [ RunTime:0.004133s ]
SQL: SHOW COLUMNS FROM `btc_user` [ RunTime:0.0062s ]
SQL: SELECT `user_id` FROM `btc_user` WHERE `email` = '3151904400@qq.com' AND `password` = '4192d21d2e09a8f2b97c5467e8e5d3ce' LIMIT 1   [ RunTime:0.0003s ]
SQL: SHOW COLUMNS FROM `btc_bulletin` [ RunTime:0.0059s ]
SQL: SHOW COLUMNS FROM `btc_i18n` [ RunTime:0.0059s ]
SQL: SELECT b.bulletin_id,b.create_time,b.bulletin_title_i18n FROM btc_bulletin as b WHERE b.is_deleted = 0 AND b.status = 1 ORDER BY create_time desc  [ RunTime:0.0003s ]
SQL: SELECT `tw_content` FROM `btc_i18n` WHERE `i18n_id` = 'H2018062513490815299057485152429' LIMIT 1   [ RunTime:0.0002s ]
SQL: SELECT `tw_content` FROM `btc_i18n` WHERE `i18n_id` = 'b2018062222284415296777242420191' LIMIT 1   [ RunTime:0.0002s ]
SQL: SELECT `tw_content` FROM `btc_i18n` WHERE `i18n_id` = 'z2018052020191515268187554345747' LIMIT 1   [ RunTime:0.0002s ]
NOTIC: [8192] Non-static method StatusCode::code() should not be called statically D:\phpStudy\WWW\btc\pc\Application\Home\Controller\PopupWindowController.class.php 第 36 行.

[ 2019-03-03T09:32:48+08:00 ] 127.0.0.1 /Home/PopupWindow/getCallCenter
INFO: [ app_init ] --START--
INFO: Run Behavior\BuildLiteBehavior [ RunTime:0.000007s ]
INFO: [ app_init ] --END-- [ RunTime:0.000278s ]
INFO: [ app_begin ] --START--
INFO: Run Behavior\ReadHtmlCacheBehavior [ RunTime:0.000396s ]
INFO: Run Behavior\CheckLangBehavior [ RunTime:0.001635s ]
NOTIC: [8] Constant LANG_SET already defined D:\phpStudy\WWW\btc\pc\ThinkPHP\Library\Behavior\CheckLangBehavior.class.php 第 55 行.
INFO: Run Behavior\CheckLangBehavior [ RunTime:0.001676s ]
INFO: [ app_begin ] --END-- [ RunTime:0.003772s ]
SQL: SHOW COLUMNS FROM `btc_user` [ RunTime:0.0070s ]
SQL: SELECT `user_id` FROM `btc_user` WHERE `email` = '3151904400@qq.com' AND `password` = '4192d21d2e09a8f2b97c5467e8e5d3ce' LIMIT 1   [ RunTime:0.0003s ]
SQL: SHOW COLUMNS FROM `btc_service` [ RunTime:0.0083s ]
SQL: SELECT `name` FROM `btc_service`  [ RunTime:0.0002s ]

[ 2019-03-03T09:32:50+08:00 ] 127.0.0.1 /Home/Login/getupdateLogo
INFO: [ app_init ] --START--
INFO: Run Behavior\BuildLiteBehavior [ RunTime:0.000009s ]
INFO: [ app_init ] --END-- [ RunTime:0.000389s ]
INFO: [ app_begin ] --START--
INFO: Run Behavior\ReadHtmlCacheBehavior [ RunTime:0.000584s ]
INFO: Run Behavior\CheckLangBehavior [ RunTime:0.002044s ]
NOTIC: [8] Constant LANG_SET already defined D:\phpStudy\WWW\btc\pc\ThinkPHP\Library\Behavior\CheckLangBehavior.class.php 第 55 行.
INFO: Run Behavior\CheckLangBehavior [ RunTime:0.001506s ]
INFO: [ app_begin ] --END-- [ RunTime:0.004222s ]
SQL: SHOW COLUMNS FROM `btc_home_info` [ RunTime:0.0063s ]
NOTIC: [8192] Non-static method StatusCode::code() should not be called statically D:\phpStudy\WWW\btc\pc\Application\Home\Controller\LoginController.class.php 第 129 行.

[ 2019-03-03T09:32:51+08:00 ] 127.0.0.1 /Home/Bocai/index
INFO: [ app_init ] --START--
INFO: Run Behavior\BuildLiteBehavior [ RunTime:0.000007s ]
INFO: [ app_init ] --END-- [ RunTime:0.000279s ]
INFO: [ app_begin ] --START--
INFO: Run Behavior\ReadHtmlCacheBehavior [ RunTime:0.000365s ]
INFO: Run Behavior\CheckLangBehavior [ RunTime:0.002077s ]
NOTIC: [8] Constant LANG_SET already defined D:\phpStudy\WWW\btc\pc\ThinkPHP\Library\Behavior\CheckLangBehavior.class.php 第 55 行.
INFO: Run Behavior\CheckLangBehavior [ RunTime:0.001998s ]
INFO: [ app_begin ] --END-- [ RunTime:0.004564s ]
SQL: SHOW COLUMNS FROM `btc_user` [ RunTime:0.0063s ]
SQL: SELECT `user_id` FROM `btc_user` WHERE `email` = '3151904400@qq.com' AND `password` = '4192d21d2e09a8f2b97c5467e8e5d3ce' LIMIT 1   [ RunTime:0.0003s ]
INFO: [ view_parse ] --START--
INFO: [ template_filter ] --START--
INFO: Run Behavior\ContentReplaceBehavior [ RunTime:0.000494s ]
INFO: [ template_filter ] --END-- [ RunTime:0.000541s ]
INFO: Run Behavior\ParseTemplateBehavior [ RunTime:0.006026s ]
INFO: [ view_parse ] --END-- [ RunTime:0.006055s ]
INFO: [ view_filter ] --START--
INFO: Run Behavior\WriteHtmlCacheBehavior [ RunTime:0.000433s ]
INFO: [ view_filter ] --END-- [ RunTime:0.000453s ]
INFO: [ app_end ] --START--
INFO: Run Behavior\ShowPageTraceBehavior [ RunTime:0.000411s ]
INFO: [ app_end ] --END-- [ RunTime:0.000436s ]

[ 2019-03-03T09:33:09+08:00 ] 127.0.0.1 /Home/Bocai/deal/type/1
INFO: [ app_init ] --START--
INFO: Run Behavior\BuildLiteBehavior [ RunTime:0.000008s ]
INFO: [ app_init ] --END-- [ RunTime:0.000350s ]
INFO: [ app_begin ] --START--
INFO: Run Behavior\ReadHtmlCacheBehavior [ RunTime:0.000691s ]
INFO: Run Behavior\CheckLangBehavior [ RunTime:0.002939s ]
NOTIC: [8] Constant LANG_SET already defined D:\phpStudy\WWW\btc\pc\ThinkPHP\Library\Behavior\CheckLangBehavior.class.php 第 55 行.
INFO: Run Behavior\CheckLangBehavior [ RunTime:0.001643s ]
INFO: [ app_begin ] --END-- [ RunTime:0.005400s ]
SQL: SHOW COLUMNS FROM `btc_user` [ RunTime:0.0060s ]
SQL: SELECT `user_id` FROM `btc_user` WHERE `email` = '3151904400@qq.com' AND `password` = '4192d21d2e09a8f2b97c5467e8e5d3ce' LIMIT 1   [ RunTime:0.0003s ]
INFO: [ view_parse ] --START--
INFO: [ template_filter ] --START--
INFO: Run Behavior\ContentReplaceBehavior [ RunTime:0.000044s ]
INFO: [ template_filter ] --END-- [ RunTime:0.000081s ]
INFO: Run Behavior\ParseTemplateBehavior [ RunTime:0.021647s ]
INFO: [ view_parse ] --END-- [ RunTime:0.021686s ]
INFO: [ view_filter ] --START--
INFO: Run Behavior\WriteHtmlCacheBehavior [ RunTime:0.000469s ]
INFO: [ view_filter ] --END-- [ RunTime:0.000492s ]
INFO: [ app_end ] --START--
INFO: Run Behavior\ShowPageTraceBehavior [ RunTime:0.000578s ]
INFO: [ app_end ] --END-- [ RunTime:0.000604s ]

[ 2019-03-03T09:33:11+08:00 ] 127.0.0.1 /Home/Bocai/getbalance
INFO: [ app_init ] --START--
INFO: Run Behavior\BuildLiteBehavior [ RunTime:0.000011s ]
INFO: [ app_init ] --END-- [ RunTime:0.000582s ]
INFO: [ app_begin ] --START--
INFO: Run Behavior\ReadHtmlCacheBehavior [ RunTime:0.000497s ]
INFO: Run Behavior\CheckLangBehavior [ RunTime:0.001838s ]
NOTIC: [8] Constant LANG_SET already defined D:\phpStudy\WWW\btc\pc\ThinkPHP\Library\Behavior\CheckLangBehavior.class.php 第 55 行.
INFO: Run Behavior\CheckLangBehavior [ RunTime:0.001350s ]
INFO: [ app_begin ] --END-- [ RunTime:0.003764s ]
SQL: SHOW COLUMNS FROM `btc_user` [ RunTime:0.0066s ]
SQL: SELECT `user_id` FROM `btc_user` WHERE `email` = '3151904400@qq.com' AND `password` = '4192d21d2e09a8f2b97c5467e8e5d3ce' LIMIT 1   [ RunTime:0.0003s ]
SQL: SHOW COLUMNS FROM `btc_user_account` [ RunTime:0.0064s ]
SQL: SELECT `extract_balance` FROM `btc_user_account` WHERE `user_id` = 'q2018090611234315362042232669474' LIMIT 1   [ RunTime:0.0003s ]

[ 2019-03-03T09:33:13+08:00 ] 127.0.0.1 /home/bocai/open
INFO: [ app_init ] --START--
INFO: Run Behavior\BuildLiteBehavior [ RunTime:0.000007s ]
INFO: [ app_init ] --END-- [ RunTime:0.000293s ]
INFO: [ app_begin ] --START--
INFO: Run Behavior\ReadHtmlCacheBehavior [ RunTime:0.000375s ]
INFO: Run Behavior\CheckLangBehavior [ RunTime:0.001673s ]
NOTIC: [8] Constant LANG_SET already defined D:\phpStudy\WWW\btc\pc\ThinkPHP\Library\Behavior\CheckLangBehavior.class.php 第 55 行.
INFO: Run Behavior\CheckLangBehavior [ RunTime:0.001415s ]
INFO: [ app_begin ] --END-- [ RunTime:0.003517s ]
SQL: SHOW COLUMNS FROM `btc_user` [ RunTime:0.0064s ]
SQL: SELECT `user_id` FROM `btc_user` WHERE `email` = '3151904400@qq.com' AND `password` = '4192d21d2e09a8f2b97c5467e8e5d3ce' LIMIT 1   [ RunTime:0.0003s ]
SQL: SHOW COLUMNS FROM `btc_w_minlog` [ RunTime:0.0081s ]
SQL: SHOW COLUMNS FROM `btc_w_openset` [ RunTime:0.0087s ]
SQL: SHOW COLUMNS FROM `btc_user_account` [ RunTime:0.0062s ]
SQL: SELECT `id`,`buy_number` FROM `btc_w_minlog` WHERE `last_direction` = -1 AND `buy_time` < 1551576600 GROUP BY buy_number  [ RunTime:0.0012s ]

[ 2019-03-03T09:33:14+08:00 ] 127.0.0.1 /Home/Bocai/getrecord?limit=20
INFO: [ app_init ] --START--
INFO: Run Behavior\BuildLiteBehavior [ RunTime:0.000011s ]
INFO: [ app_init ] --END-- [ RunTime:0.000338s ]
INFO: [ app_begin ] --START--
INFO: Run Behavior\ReadHtmlCacheBehavior [ RunTime:0.000639s ]
INFO: Run Behavior\CheckLangBehavior [ RunTime:0.002530s ]
NOTIC: [8] Constant LANG_SET already defined D:\phpStudy\WWW\btc\pc\ThinkPHP\Library\Behavior\CheckLangBehavior.class.php 第 55 行.
INFO: Run Behavior\CheckLangBehavior [ RunTime:0.001492s ]
INFO: [ app_begin ] --END-- [ RunTime:0.004763s ]
SQL: SHOW COLUMNS FROM `btc_user` [ RunTime:0.0068s ]
SQL: SELECT `user_id` FROM `btc_user` WHERE `email` = '3151904400@qq.com' AND `password` = '4192d21d2e09a8f2b97c5467e8e5d3ce' LIMIT 1   [ RunTime:0.0003s ]
SQL: SHOW COLUMNS FROM `btc_w_openlog` [ RunTime:0.0098s ]
SQL: SELECT * FROM `btc_w_openlog` ORDER BY create_time desc LIMIT 0,20   [ RunTime:0.0007s ]
SQL: SELECT COUNT(*) AS tp_count FROM `btc_w_openlog` LIMIT 0,20   [ RunTime:0.0002s ]

[ 2019-03-03T19:22:57+08:00 ] 127.0.0.1 /Home/Bocai/deal/type/1
INFO: [ app_init ] --START--
INFO: Run Behavior\BuildLiteBehavior [ RunTime:0.000007s ]
INFO: [ app_init ] --END-- [ RunTime:0.000317s ]
INFO: [ app_begin ] --START--
INFO: Run Behavior\ReadHtmlCacheBehavior [ RunTime:0.000520s ]
INFO: Run Behavior\CheckLangBehavior [ RunTime:0.002774s ]
NOTIC: [8] Constant LANG_SET already defined D:\phpStudy\WWW\btc\pc\ThinkPHP\Library\Behavior\CheckLangBehavior.class.php 第 55 行.
INFO: Run Behavior\CheckLangBehavior [ RunTime:0.002418s ]
INFO: [ app_begin ] --END-- [ RunTime:0.005819s ]
SQL: SHOW COLUMNS FROM `btc_user` [ RunTime:0.0071s ]
SQL: SELECT `user_id` FROM `btc_user` WHERE `email` = '3151904400@qq.com' AND `password` = '4192d21d2e09a8f2b97c5467e8e5d3ce' LIMIT 1   [ RunTime:0.0003s ]
INFO: [ view_parse ] --START--
INFO: [ template_filter ] --START--
INFO: Run Behavior\ContentReplaceBehavior [ RunTime:0.000052s ]
INFO: [ template_filter ] --END-- [ RunTime:0.000089s ]
INFO: Run Behavior\ParseTemplateBehavior [ RunTime:0.005212s ]
INFO: [ view_parse ] --END-- [ RunTime:0.005246s ]
INFO: [ view_filter ] --START--
INFO: Run Behavior\WriteHtmlCacheBehavior [ RunTime:0.000422s ]
INFO: [ view_filter ] --END-- [ RunTime:0.000444s ]
INFO: [ app_end ] --START--
INFO: Run Behavior\ShowPageTraceBehavior [ RunTime:0.000555s ]
INFO: [ app_end ] --END-- [ RunTime:0.000576s ]

[ 2019-03-03T19:22:58+08:00 ] 127.0.0.1 /Home/Bocai/getbalance
INFO: [ app_init ] --START--
INFO: Run Behavior\BuildLiteBehavior [ RunTime:0.000010s ]
INFO: [ app_init ] --END-- [ RunTime:0.000480s ]
INFO: [ app_begin ] --START--
INFO: Run Behavior\ReadHtmlCacheBehavior [ RunTime:0.000660s ]
INFO: Run Behavior\CheckLangBehavior [ RunTime:0.001814s ]
NOTIC: [8] Constant LANG_SET already defined D:\phpStudy\WWW\btc\pc\ThinkPHP\Library\Behavior\CheckLangBehavior.class.php 第 55 行.
INFO: Run Behavior\CheckLangBehavior [ RunTime:0.001356s ]
INFO: [ app_begin ] --END-- [ RunTime:0.003900s ]
SQL: SHOW COLUMNS FROM `btc_user` [ RunTime:0.0064s ]
SQL: SELECT `user_id` FROM `btc_user` WHERE `email` = '3151904400@qq.com' AND `password` = '4192d21d2e09a8f2b97c5467e8e5d3ce' LIMIT 1   [ RunTime:0.0004s ]
SQL: SHOW COLUMNS FROM `btc_user_account` [ RunTime:0.0076s ]
SQL: SELECT `extract_balance` FROM `btc_user_account` WHERE `user_id` = 'q2018090611234315362042232669474' LIMIT 1   [ RunTime:0.0003s ]

[ 2019-03-03T19:22:59+08:00 ] 127.0.0.1 /home/bocai/open
INFO: [ app_init ] --START--
INFO: Run Behavior\BuildLiteBehavior [ RunTime:0.000008s ]
INFO: [ app_init ] --END-- [ RunTime:0.000344s ]
INFO: [ app_begin ] --START--
INFO: Run Behavior\ReadHtmlCacheBehavior [ RunTime:0.000576s ]
INFO: Run Behavior\CheckLangBehavior [ RunTime:0.002406s ]
NOTIC: [8] Constant LANG_SET already defined D:\phpStudy\WWW\btc\pc\ThinkPHP\Library\Behavior\CheckLangBehavior.class.php 第 55 行.
INFO: Run Behavior\CheckLangBehavior [ RunTime:0.001460s ]
INFO: [ app_begin ] --END-- [ RunTime:0.004527s ]
SQL: SHOW COLUMNS FROM `btc_user` [ RunTime:0.0077s ]
SQL: SELECT `user_id` FROM `btc_user` WHERE `email` = '3151904400@qq.com' AND `password` = '4192d21d2e09a8f2b97c5467e8e5d3ce' LIMIT 1   [ RunTime:0.0003s ]
SQL: SHOW COLUMNS FROM `btc_w_minlog` [ RunTime:0.0090s ]
SQL: SHOW COLUMNS FROM `btc_w_openset` [ RunTime:0.0088s ]
SQL: SHOW COLUMNS FROM `btc_user_account` [ RunTime:0.0075s ]
SQL: SELECT `id`,`buy_number` FROM `btc_w_minlog` WHERE `last_direction` = -1 AND `buy_time` < 1551612000 GROUP BY buy_number  [ RunTime:0.0007s ]
SQL: SELECT `set` FROM `btc_w_openset` WHERE `number` = 152 LIMIT 1   [ RunTime:0.0002s ]
ERR: 1054:Unknown column 'buy_price' in 'field list'
 [ SQL语句 ] : SELECT MAX(buy_price) AS tp_max FROM `btc_w_minlog` WHERE `buy_number` = 152 LIMIT 1  
ERR: 1054:Unknown column 'buy_price' in 'field list'
 [ SQL语句 ] : SELECT MAX(buy_price) AS tp_max FROM `btc_w_minlog` WHERE `buy_number` = 152 LIMIT 1  

[ 2019-03-03T19:24:37+08:00 ] 127.0.0.1 /Home/Bocai/deal/type/1
INFO: [ app_init ] --START--
INFO: Run Behavior\BuildLiteBehavior [ RunTime:0.000010s ]
INFO: [ app_init ] --END-- [ RunTime:0.000409s ]
INFO: [ app_begin ] --START--
INFO: Run Behavior\ReadHtmlCacheBehavior [ RunTime:0.000429s ]
INFO: Run Behavior\CheckLangBehavior [ RunTime:0.001715s ]
NOTIC: [8] Constant LANG_SET already defined D:\phpStudy\WWW\btc\pc\ThinkPHP\Library\Behavior\CheckLangBehavior.class.php 第 55 行.
INFO: Run Behavior\CheckLangBehavior [ RunTime:0.001461s ]
INFO: [ app_begin ] --END-- [ RunTime:0.003685s ]
SQL: SHOW COLUMNS FROM `btc_user` [ RunTime:0.0067s ]
SQL: SELECT `user_id` FROM `btc_user` WHERE `email` = '3151904400@qq.com' AND `password` = '4192d21d2e09a8f2b97c5467e8e5d3ce' LIMIT 1   [ RunTime:0.0004s ]
INFO: [ view_parse ] --START--
INFO: [ template_filter ] --START--
INFO: Run Behavior\ContentReplaceBehavior [ RunTime:0.000042s ]
INFO: [ template_filter ] --END-- [ RunTime:0.000071s ]
INFO: Run Behavior\ParseTemplateBehavior [ RunTime:0.005670s ]
INFO: [ view_parse ] --END-- [ RunTime:0.005714s ]
INFO: [ view_filter ] --START--
INFO: Run Behavior\WriteHtmlCacheBehavior [ RunTime:0.000439s ]
INFO: [ view_filter ] --END-- [ RunTime:0.000460s ]
INFO: [ app_end ] --START--
INFO: Run Behavior\ShowPageTraceBehavior [ RunTime:0.000567s ]
INFO: [ app_end ] --END-- [ RunTime:0.000595s ]

[ 2019-03-03T19:24:38+08:00 ] 127.0.0.1 /Home/Bocai/getbalance
INFO: [ app_init ] --START--
INFO: Run Behavior\BuildLiteBehavior [ RunTime:0.000007s ]
INFO: [ app_init ] --END-- [ RunTime:0.000297s ]
INFO: [ app_begin ] --START--
INFO: Run Behavior\ReadHtmlCacheBehavior [ RunTime:0.000403s ]
INFO: Run Behavior\CheckLangBehavior [ RunTime:0.002218s ]
NOTIC: [8] Constant LANG_SET already defined D:\phpStudy\WWW\btc\pc\ThinkPHP\Library\Behavior\CheckLangBehavior.class.php 第 55 行.
INFO: Run Behavior\CheckLangBehavior [ RunTime:0.001623s ]
INFO: [ app_begin ] --END-- [ RunTime:0.004325s ]
SQL: SHOW COLUMNS FROM `btc_user` [ RunTime:0.0073s ]
SQL: SELECT `user_id` FROM `btc_user` WHERE `email` = '3151904400@qq.com' AND `password` = '4192d21d2e09a8f2b97c5467e8e5d3ce' LIMIT 1   [ RunTime:0.0003s ]
SQL: SHOW COLUMNS FROM `btc_user_account` [ RunTime:0.0059s ]
SQL: SELECT `extract_balance` FROM `btc_user_account` WHERE `user_id` = 'q2018090611234315362042232669474' LIMIT 1   [ RunTime:0.0002s ]

[ 2019-03-03T19:24:39+08:00 ] 127.0.0.1 /home/bocai/open
INFO: [ app_init ] --START--
INFO: Run Behavior\BuildLiteBehavior [ RunTime:0.000007s ]
INFO: [ app_init ] --END-- [ RunTime:0.000281s ]
INFO: [ app_begin ] --START--
INFO: Run Behavior\ReadHtmlCacheBehavior [ RunTime:0.000419s ]
INFO: Run Behavior\CheckLangBehavior [ RunTime:0.002050s ]
NOTIC: [8] Constant LANG_SET already defined D:\phpStudy\WWW\btc\pc\ThinkPHP\Library\Behavior\CheckLangBehavior.class.php 第 55 行.
INFO: Run Behavior\CheckLangBehavior [ RunTime:0.002082s ]
INFO: [ app_begin ] --END-- [ RunTime:0.004645s ]
SQL: SHOW COLUMNS FROM `btc_user` [ RunTime:0.0067s ]
SQL: SELECT `user_id` FROM `btc_user` WHERE `email` = '3151904400@qq.com' AND `password` = '4192d21d2e09a8f2b97c5467e8e5d3ce' LIMIT 1   [ RunTime:0.0003s ]
SQL: SHOW COLUMNS FROM `btc_w_minlog` [ RunTime:0.0064s ]
SQL: SHOW COLUMNS FROM `btc_w_openset` [ RunTime:0.0062s ]
SQL: SHOW COLUMNS FROM `btc_user_account` [ RunTime:0.0062s ]

[ 2019-03-03T19:24:41+08:00 ] 127.0.0.1 /Home/Bocai/getrecord?limit=20
INFO: [ app_init ] --START--
INFO: Run Behavior\BuildLiteBehavior [ RunTime:0.000007s ]
INFO: [ app_init ] --END-- [ RunTime:0.000297s ]
INFO: [ app_begin ] --START--
INFO: Run Behavior\ReadHtmlCacheBehavior [ RunTime:0.000405s ]
INFO: Run Behavior\CheckLangBehavior [ RunTime:0.001658s ]
NOTIC: [8] Constant LANG_SET already defined D:\phpStudy\WWW\btc\pc\ThinkPHP\Library\Behavior\CheckLangBehavior.class.php 第 55 行.
INFO: Run Behavior\CheckLangBehavior [ RunTime:0.001648s ]
INFO: [ app_begin ] --END-- [ RunTime:0.003772s ]
SQL: SHOW COLUMNS FROM `btc_user` [ RunTime:0.0063s ]
SQL: SELECT `user_id` FROM `btc_user` WHERE `email` = '3151904400@qq.com' AND `password` = '4192d21d2e09a8f2b97c5467e8e5d3ce' LIMIT 1   [ RunTime:0.0003s ]
SQL: SHOW COLUMNS FROM `btc_w_openlog` [ RunTime:0.0072s ]
SQL: SELECT * FROM `btc_w_openlog` ORDER BY create_time desc LIMIT 0,20   [ RunTime:0.0003s ]
SQL: SELECT COUNT(*) AS tp_count FROM `btc_w_openlog` LIMIT 0,20   [ RunTime:0.0002s ]

[ 2019-03-03T19:24:47+08:00 ] 127.0.0.1 /Home/Bocai/getbalance
INFO: [ app_init ] --START--
INFO: Run Behavior\BuildLiteBehavior [ RunTime:0.000007s ]
INFO: [ app_init ] --END-- [ RunTime:0.000365s ]
INFO: [ app_begin ] --START--
INFO: Run Behavior\ReadHtmlCacheBehavior [ RunTime:0.000414s ]
INFO: Run Behavior\CheckLangBehavior [ RunTime:0.002207s ]
NOTIC: [8] Constant LANG_SET already defined D:\phpStudy\WWW\btc\pc\ThinkPHP\Library\Behavior\CheckLangBehavior.class.php 第 55 行.
INFO: Run Behavior\CheckLangBehavior [ RunTime:0.001332s ]
INFO: [ app_begin ] --END-- [ RunTime:0.004015s ]
SQL: SHOW COLUMNS FROM `btc_user` [ RunTime:0.0067s ]
SQL: SELECT `user_id` FROM `btc_user` WHERE `email` = '3151904400@qq.com' AND `password` = '4192d21d2e09a8f2b97c5467e8e5d3ce' LIMIT 1   [ RunTime:0.0003s ]
SQL: SHOW COLUMNS FROM `btc_user_account` [ RunTime:0.0061s ]
SQL: SELECT `extract_balance` FROM `btc_user_account` WHERE `user_id` = 'q2018090611234315362042232669474' LIMIT 1   [ RunTime:0.0002s ]

[ 2019-03-03T19:24:48+08:00 ] 127.0.0.1 /home/bocai/open
INFO: [ app_init ] --START--
INFO: Run Behavior\BuildLiteBehavior [ RunTime:0.000007s ]
INFO: [ app_init ] --END-- [ RunTime:0.000292s ]
INFO: [ app_begin ] --START--
INFO: Run Behavior\ReadHtmlCacheBehavior [ RunTime:0.000510s ]
INFO: Run Behavior\CheckLangBehavior [ RunTime:0.002206s ]
NOTIC: [8] Constant LANG_SET already defined D:\phpStudy\WWW\btc\pc\ThinkPHP\Library\Behavior\CheckLangBehavior.class.php 第 55 行.
INFO: Run Behavior\CheckLangBehavior [ RunTime:0.001441s ]
INFO: [ app_begin ] --END-- [ RunTime:0.004227s ]
SQL: SHOW COLUMNS FROM `btc_user` [ RunTime:0.0063s ]
SQL: SELECT `user_id` FROM `btc_user` WHERE `email` = '3151904400@qq.com' AND `password` = '4192d21d2e09a8f2b97c5467e8e5d3ce' LIMIT 1   [ RunTime:0.0003s ]
SQL: SHOW COLUMNS FROM `btc_w_minlog` [ RunTime:0.0060s ]
SQL: SHOW COLUMNS FROM `btc_w_openset` [ RunTime:0.0055s ]
SQL: SHOW COLUMNS FROM `btc_user_account` [ RunTime:0.0065s ]

[ 2019-03-03T19:24:49+08:00 ] 127.0.0.1 /Home/Bocai/getrecord?limit=20
INFO: [ app_init ] --START--
INFO: Run Behavior\BuildLiteBehavior [ RunTime:0.000007s ]
INFO: [ app_init ] --END-- [ RunTime:0.000318s ]
INFO: [ app_begin ] --START--
INFO: Run Behavior\ReadHtmlCacheBehavior [ RunTime:0.000382s ]
INFO: Run Behavior\CheckLangBehavior [ RunTime:0.001661s ]
NOTIC: [8] Constant LANG_SET already defined D:\phpStudy\WWW\btc\pc\ThinkPHP\Library\Behavior\CheckLangBehavior.class.php 第 55 行.
INFO: Run Behavior\CheckLangBehavior [ RunTime:0.001350s ]
INFO: [ app_begin ] --END-- [ RunTime:0.003448s ]
SQL: SHOW COLUMNS FROM `btc_user` [ RunTime:0.0079s ]
SQL: SELECT `user_id` FROM `btc_user` WHERE `email` = '3151904400@qq.com' AND `password` = '4192d21d2e09a8f2b97c5467e8e5d3ce' LIMIT 1   [ RunTime:0.0003s ]
SQL: SHOW COLUMNS FROM `btc_w_openlog` [ RunTime:0.0063s ]
SQL: SELECT * FROM `btc_w_openlog` ORDER BY create_time desc LIMIT 0,20   [ RunTime:0.0002s ]
SQL: SELECT COUNT(*) AS tp_count FROM `btc_w_openlog` LIMIT 0,20   [ RunTime:0.0001s ]

[ 2019-03-03T19:25:36+08:00 ] 127.0.0.1 /Home/Bocai/okorder
INFO: [ app_init ] --START--
INFO: Run Behavior\BuildLiteBehavior [ RunTime:0.000007s ]
INFO: [ app_init ] --END-- [ RunTime:0.000331s ]
INFO: [ app_begin ] --START--
INFO: Run Behavior\ReadHtmlCacheBehavior [ RunTime:0.000407s ]
INFO: Run Behavior\CheckLangBehavior [ RunTime:0.001691s ]
NOTIC: [8] Constant LANG_SET already defined D:\phpStudy\WWW\btc\pc\ThinkPHP\Library\Behavior\CheckLangBehavior.class.php 第 55 行.
INFO: Run Behavior\CheckLangBehavior [ RunTime:0.001346s ]
INFO: [ app_begin ] --END-- [ RunTime:0.003500s ]
SQL: SHOW COLUMNS FROM `btc_user` [ RunTime:0.0067s ]
SQL: SELECT `user_id` FROM `btc_user` WHERE `email` = '3151904400@qq.com' AND `password` = '4192d21d2e09a8f2b97c5467e8e5d3ce' LIMIT 1   [ RunTime:0.0003s ]
SQL: SHOW COLUMNS FROM `btc_w_set` [ RunTime:0.0063s ]
SQL: SELECT `set` FROM `btc_w_set` WHERE `id` = 1 LIMIT 1   [ RunTime:0.0003s ]

