[ 2018-09-29T11:00:13+08:00 ] 127.0.0.1 /Float/Index/getdata?type=twd
INFO: [ app_begin ] --START--
INFO: Run Behavior\ReadHtmlCacheBehavior [ RunTime:0.010001s ]
INFO: Run Behavior\CheckLangBehavior [ RunTime:0.017001s ]
INFO: [ app_begin ] --END-- [ RunTime:0.027002s ]
SQL: SHOW COLUMNS FROM `btc_exchange` [ RunTime:0.0040s ]

[ 2018-09-29T11:00:15+08:00 ] 127.0.0.1 /Float/Index/getdata?type=twd
INFO: [ app_begin ] --START--
INFO: Run Behavior\ReadHtmlCacheBehavior [ RunTime:0.000000s ]
INFO: Run Behavior\CheckLangBehavior [ RunTime:0.003001s ]
INFO: [ app_begin ] --END-- [ RunTime:0.004001s ]
SQL: SHOW COLUMNS FROM `btc_exchange` [ RunTime:0.0040s ]

[ 2018-09-29T11:00:17+08:00 ] 127.0.0.1 /Float/Index/getdata?type=twd
INFO: [ app_begin ] --START--
INFO: Run Behavior\ReadHtmlCacheBehavior [ RunTime:0.000000s ]
INFO: Run Behavior\CheckLangBehavior [ RunTime:0.003001s ]
INFO: [ app_begin ] --END-- [ RunTime:0.004001s ]
SQL: SHOW COLUMNS FROM `btc_exchange` [ RunTime:0.0030s ]

[ 2018-09-29T11:00:21+08:00 ] 127.0.0.1 /Float/Index/getdata?type=twd
INFO: [ app_begin ] --START--
INFO: Run Behavior\ReadHtmlCacheBehavior [ RunTime:0.000000s ]
INFO: Run Behavior\CheckLangBehavior [ RunTime:0.002000s ]
INFO: [ app_begin ] --END-- [ RunTime:0.002000s ]
SQL: SHOW COLUMNS FROM `btc_exchange` [ RunTime:0.0050s ]

[ 2018-09-29T11:00:25+08:00 ] 127.0.0.1 /Float/Index/getdata?type=twd
INFO: [ app_begin ] --START--
INFO: Run Behavior\ReadHtmlCacheBehavior [ RunTime:0.001000s ]
INFO: Run Behavior\CheckLangBehavior [ RunTime:0.002000s ]
INFO: [ app_begin ] --END-- [ RunTime:0.004000s ]
SQL: SHOW COLUMNS FROM `btc_exchange` [ RunTime:0.0030s ]

[ 2018-09-29T11:00:31+08:00 ] 127.0.0.1 /Float/Index/getdata?type=twd
INFO: [ app_begin ] --START--
INFO: Run Behavior\ReadHtmlCacheBehavior [ RunTime:0.000000s ]
INFO: Run Behavior\CheckLangBehavior [ RunTime:0.002001s ]
INFO: [ app_begin ] --END-- [ RunTime:0.002001s ]
SQL: SHOW COLUMNS FROM `btc_exchange` [ RunTime:0.0030s ]

[ 2018-09-29T11:00:39+08:00 ] 127.0.0.1 /Float/Index/getdata?type=twd
INFO: [ app_begin ] --START--
INFO: Run Behavior\ReadHtmlCacheBehavior [ RunTime:0.000000s ]
INFO: Run Behavior\CheckLangBehavior [ RunTime:0.002000s ]
INFO: [ app_begin ] --END-- [ RunTime:0.003000s ]
SQL: SHOW COLUMNS FROM `btc_exchange` [ RunTime:0.0030s ]

[ 2018-09-29T11:00:40+08:00 ] 127.0.0.1 /Float/Index/getdata?type=twd
INFO: [ app_begin ] --START--
INFO: Run Behavior\ReadHtmlCacheBehavior [ RunTime:0.001000s ]
INFO: Run Behavior\CheckLangBehavior [ RunTime:0.003000s ]
INFO: [ app_begin ] --END-- [ RunTime:0.004000s ]
SQL: SHOW COLUMNS FROM `btc_exchange` [ RunTime:0.0020s ]

