[ 2018-10-25T20:46:30+08:00 ] 192.168.0.128 /Float/Index/getdata?type=twd
INFO: [ app_init ] --START--
INFO: Run Behavior\BuildLiteBehavior [ RunTime:0.000014s ]
INFO: [ app_init ] --END-- [ RunTime:0.000637s ]
INFO: [ app_begin ] --START--
INFO: Run Behavior\ReadHtmlCacheBehavior [ RunTime:0.001037s ]
INFO: Run Behavior\CheckLangBehavior [ RunTime:0.012736s ]
INFO: [ app_begin ] --END-- [ RunTime:0.013890s ]
SQL: SHOW COLUMNS FROM `btc_exchange` [ RunTime:0.0135s ]

[ 2018-10-25T20:46:38+08:00 ] 192.168.0.128 /Float/Index/getdata?type=twd
INFO: [ app_init ] --START--
INFO: Run Behavior\BuildLiteBehavior [ RunTime:0.000010s ]
INFO: [ app_init ] --END-- [ RunTime:0.000462s ]
INFO: [ app_begin ] --START--
INFO: Run Behavior\ReadHtmlCacheBehavior [ RunTime:0.001001s ]
INFO: Run Behavior\CheckLangBehavior [ RunTime:0.004811s ]
INFO: [ app_begin ] --END-- [ RunTime:0.005919s ]
SQL: SHOW COLUMNS FROM `btc_exchange` [ RunTime:0.0093s ]

[ 2018-10-25T20:46:39+08:00 ] 192.168.0.128 /Float/Index/getdata?type=twd
INFO: [ app_init ] --START--
INFO: Run Behavior\BuildLiteBehavior [ RunTime:0.000012s ]
INFO: [ app_init ] --END-- [ RunTime:0.000806s ]
INFO: [ app_begin ] --START--
INFO: Run Behavior\ReadHtmlCacheBehavior [ RunTime:0.000872s ]
INFO: Run Behavior\CheckLangBehavior [ RunTime:0.002574s ]
INFO: [ app_begin ] --END-- [ RunTime:0.003523s ]
SQL: SHOW COLUMNS FROM `btc_exchange` [ RunTime:0.0094s ]

[ 2018-10-25T20:46:41+08:00 ] 192.168.0.128 /Float/Index/getdata?type=twd
INFO: [ app_init ] --START--
INFO: Run Behavior\BuildLiteBehavior [ RunTime:0.000015s ]
INFO: [ app_init ] --END-- [ RunTime:0.000781s ]
INFO: [ app_begin ] --START--
INFO: Run Behavior\ReadHtmlCacheBehavior [ RunTime:0.001280s ]
INFO: Run Behavior\CheckLangBehavior [ RunTime:0.008704s ]
INFO: [ app_begin ] --END-- [ RunTime:0.010127s ]
SQL: SHOW COLUMNS FROM `btc_exchange` [ RunTime:0.0085s ]

[ 2018-10-25T20:46:43+08:00 ] 192.168.0.128 /Float/Index/getdata?type=twd
INFO: [ app_init ] --START--
INFO: Run Behavior\BuildLiteBehavior [ RunTime:0.000009s ]
INFO: [ app_init ] --END-- [ RunTime:0.000441s ]
INFO: [ app_begin ] --START--
INFO: Run Behavior\ReadHtmlCacheBehavior [ RunTime:0.001186s ]
INFO: Run Behavior\CheckLangBehavior [ RunTime:0.003410s ]
INFO: [ app_begin ] --END-- [ RunTime:0.004700s ]
SQL: SHOW COLUMNS FROM `btc_exchange` [ RunTime:0.0079s ]

[ 2018-10-25T20:46:49+08:00 ] 192.168.0.128 /Float/Index/getdata?type=twd
INFO: [ app_init ] --START--
INFO: Run Behavior\BuildLiteBehavior [ RunTime:0.000011s ]
INFO: [ app_init ] --END-- [ RunTime:0.000571s ]
INFO: [ app_begin ] --START--
INFO: Run Behavior\ReadHtmlCacheBehavior [ RunTime:0.001136s ]
INFO: Run Behavior\CheckLangBehavior [ RunTime:0.011241s ]
INFO: [ app_begin ] --END-- [ RunTime:0.012493s ]
SQL: SHOW COLUMNS FROM `btc_exchange` [ RunTime:0.0069s ]

[ 2018-10-25T20:46:50+08:00 ] 192.168.0.128 /Float/Index/getdata?type=twd
INFO: [ app_init ] --START--
INFO: Run Behavior\BuildLiteBehavior [ RunTime:0.000009s ]
INFO: [ app_init ] --END-- [ RunTime:0.000484s ]
INFO: [ app_begin ] --START--
INFO: Run Behavior\ReadHtmlCacheBehavior [ RunTime:0.000802s ]
INFO: Run Behavior\CheckLangBehavior [ RunTime:0.003305s ]
INFO: [ app_begin ] --END-- [ RunTime:0.004207s ]
SQL: SHOW COLUMNS FROM `btc_exchange` [ RunTime:0.0101s ]

[ 2018-10-25T20:46:56+08:00 ] 192.168.0.128 /Float/Index/getdata?type=twd
INFO: [ app_init ] --START--
INFO: Run Behavior\BuildLiteBehavior [ RunTime:0.000014s ]
INFO: [ app_init ] --END-- [ RunTime:0.000705s ]
INFO: [ app_begin ] --START--
INFO: Run Behavior\ReadHtmlCacheBehavior [ RunTime:0.001559s ]
INFO: Run Behavior\CheckLangBehavior [ RunTime:0.010118s ]
INFO: [ app_begin ] --END-- [ RunTime:0.012099s ]
SQL: SHOW COLUMNS FROM `btc_exchange` [ RunTime:0.0062s ]

[ 2018-10-25T20:47:01+08:00 ] 192.168.0.128 /Float/Index/getdata?type=twd
INFO: [ app_init ] --START--
INFO: Run Behavior\BuildLiteBehavior [ RunTime:0.000017s ]
INFO: [ app_init ] --END-- [ RunTime:0.006332s ]
INFO: [ app_begin ] --START--
INFO: Run Behavior\ReadHtmlCacheBehavior [ RunTime:0.000989s ]
INFO: Run Behavior\CheckLangBehavior [ RunTime:0.004065s ]
INFO: [ app_begin ] --END-- [ RunTime:0.005171s ]
SQL: SHOW COLUMNS FROM `btc_exchange` [ RunTime:0.0081s ]

[ 2018-10-25T20:47:10+08:00 ] 192.168.0.128 /Float/Index/getdata?type=twd
INFO: [ app_init ] --START--
INFO: Run Behavior\BuildLiteBehavior [ RunTime:0.000016s ]
INFO: [ app_init ] --END-- [ RunTime:0.004798s ]
INFO: [ app_begin ] --START--
INFO: Run Behavior\ReadHtmlCacheBehavior [ RunTime:0.001795s ]
INFO: Run Behavior\CheckLangBehavior [ RunTime:0.024398s ]
INFO: [ app_begin ] --END-- [ RunTime:0.026318s ]
SQL: SHOW COLUMNS FROM `btc_exchange` [ RunTime:0.0126s ]

[ 2018-10-25T20:47:12+08:00 ] 192.168.0.128 /Float/Index/getdata?type=twd
INFO: [ app_init ] --START--
INFO: Run Behavior\BuildLiteBehavior [ RunTime:0.000015s ]
INFO: [ app_init ] --END-- [ RunTime:0.000803s ]
INFO: [ app_begin ] --START--
INFO: Run Behavior\ReadHtmlCacheBehavior [ RunTime:0.000968s ]
INFO: Run Behavior\CheckLangBehavior [ RunTime:0.025529s ]
INFO: [ app_begin ] --END-- [ RunTime:0.026610s ]
SQL: SHOW COLUMNS FROM `btc_exchange` [ RunTime:0.0085s ]

[ 2018-10-25T20:47:14+08:00 ] 192.168.0.128 /Float/Index/getdata?type=twd
INFO: [ app_init ] --START--
INFO: Run Behavior\BuildLiteBehavior [ RunTime:0.000015s ]
INFO: [ app_init ] --END-- [ RunTime:0.001287s ]
INFO: [ app_begin ] --START--
INFO: Run Behavior\ReadHtmlCacheBehavior [ RunTime:0.000929s ]
INFO: Run Behavior\CheckLangBehavior [ RunTime:0.003764s ]
INFO: [ app_begin ] --END-- [ RunTime:0.004798s ]
SQL: SHOW COLUMNS FROM `btc_exchange` [ RunTime:0.0110s ]

[ 2018-10-25T20:47:24+08:00 ] 192.168.0.128 /Float/Index/getdata?type=twd
INFO: [ app_init ] --START--
INFO: Run Behavior\BuildLiteBehavior [ RunTime:0.000013s ]
INFO: [ app_init ] --END-- [ RunTime:0.000697s ]
INFO: [ app_begin ] --START--
INFO: Run Behavior\ReadHtmlCacheBehavior [ RunTime:0.007379s ]
INFO: Run Behavior\CheckLangBehavior [ RunTime:0.012515s ]
INFO: [ app_begin ] --END-- [ RunTime:0.020038s ]
SQL: SHOW COLUMNS FROM `btc_exchange` [ RunTime:0.0087s ]

[ 2018-10-25T20:47:26+08:00 ] 192.168.0.128 /Float/Index/getdata?type=twd
INFO: [ app_init ] --START--
INFO: Run Behavior\BuildLiteBehavior [ RunTime:0.000014s ]
INFO: [ app_init ] --END-- [ RunTime:0.000764s ]
INFO: [ app_begin ] --START--
INFO: Run Behavior\ReadHtmlCacheBehavior [ RunTime:0.000739s ]
INFO: Run Behavior\CheckLangBehavior [ RunTime:0.002518s ]
INFO: [ app_begin ] --END-- [ RunTime:0.003322s ]
SQL: SHOW COLUMNS FROM `btc_exchange` [ RunTime:0.0101s ]

[ 2018-10-25T20:47:27+08:00 ] 192.168.0.128 /Float/Index/getdata?type=twd
INFO: [ app_init ] --START--
INFO: Run Behavior\BuildLiteBehavior [ RunTime:0.000058s ]
INFO: [ app_init ] --END-- [ RunTime:0.000671s ]
INFO: [ app_begin ] --START--
INFO: Run Behavior\ReadHtmlCacheBehavior [ RunTime:0.000791s ]
INFO: Run Behavior\CheckLangBehavior [ RunTime:0.008540s ]
INFO: [ app_begin ] --END-- [ RunTime:0.009416s ]
SQL: SHOW COLUMNS FROM `btc_exchange` [ RunTime:0.0071s ]

[ 2018-10-25T20:47:27+08:00 ] 192.168.0.128 /Float/Index/getkdata?type=5min
INFO: [ app_init ] --START--
INFO: Run Behavior\BuildLiteBehavior [ RunTime:0.000010s ]
INFO: [ app_init ] --END-- [ RunTime:0.000513s ]
INFO: [ app_begin ] --START--
INFO: Run Behavior\ReadHtmlCacheBehavior [ RunTime:0.001417s ]
INFO: Run Behavior\CheckLangBehavior [ RunTime:0.011628s ]
INFO: [ app_begin ] --END-- [ RunTime:0.013522s ]
NOTIC: [8192] Non-static method Request::httpGet() should not be called statically D:\phpStudy\WWW\btc\pc\Application\Float\Controller\IndexController.class.php 第 101 行.

[ 2018-10-25T20:47:29+08:00 ] 192.168.0.128 /Float/Index/getbtc
INFO: [ app_init ] --START--
INFO: Run Behavior\BuildLiteBehavior [ RunTime:0.000018s ]
INFO: [ app_init ] --END-- [ RunTime:0.001018s ]
INFO: [ app_begin ] --START--
INFO: Run Behavior\ReadHtmlCacheBehavior [ RunTime:0.001676s ]
INFO: Run Behavior\CheckLangBehavior [ RunTime:0.016639s ]
INFO: [ app_begin ] --END-- [ RunTime:0.018449s ]

[ 2018-10-25T20:47:30+08:00 ] 192.168.0.128 /Float/Index/getbtc
INFO: [ app_init ] --START--
INFO: Run Behavior\BuildLiteBehavior [ RunTime:0.000017s ]
INFO: [ app_init ] --END-- [ RunTime:0.001673s ]
INFO: [ app_begin ] --START--
INFO: Run Behavior\ReadHtmlCacheBehavior [ RunTime:0.001407s ]
INFO: Run Behavior\CheckLangBehavior [ RunTime:0.007911s ]
INFO: [ app_begin ] --END-- [ RunTime:0.009436s ]

[ 2018-10-25T20:47:31+08:00 ] 192.168.0.128 /Float/Index/getbtc
INFO: [ app_init ] --START--
INFO: Run Behavior\BuildLiteBehavior [ RunTime:0.000016s ]
INFO: [ app_init ] --END-- [ RunTime:0.001423s ]
INFO: [ app_begin ] --START--
INFO: Run Behavior\ReadHtmlCacheBehavior [ RunTime:0.001361s ]
INFO: Run Behavior\CheckLangBehavior [ RunTime:0.006462s ]
INFO: [ app_begin ] --END-- [ RunTime:0.008064s ]

[ 2018-10-25T20:47:32+08:00 ] 192.168.0.128 /Float/Index/getbtc
INFO: [ app_init ] --START--
INFO: Run Behavior\BuildLiteBehavior [ RunTime:0.000045s ]
INFO: [ app_init ] --END-- [ RunTime:0.002092s ]
INFO: [ app_begin ] --START--
INFO: Run Behavior\ReadHtmlCacheBehavior [ RunTime:0.001208s ]
INFO: Run Behavior\CheckLangBehavior [ RunTime:0.009424s ]
INFO: [ app_begin ] --END-- [ RunTime:0.010748s ]

[ 2018-10-25T20:47:33+08:00 ] 192.168.0.128 /Float/Index/getbtc
INFO: [ app_init ] --START--
INFO: Run Behavior\BuildLiteBehavior [ RunTime:0.000018s ]
INFO: [ app_init ] --END-- [ RunTime:0.000985s ]
INFO: [ app_begin ] --START--
INFO: Run Behavior\ReadHtmlCacheBehavior [ RunTime:0.001132s ]
INFO: Run Behavior\CheckLangBehavior [ RunTime:0.026894s ]
INFO: [ app_begin ] --END-- [ RunTime:0.028137s ]

[ 2018-10-25T20:47:44+08:00 ] 192.168.0.128 /Float/Index/getbtc
INFO: [ app_init ] --START--
INFO: Run Behavior\BuildLiteBehavior [ RunTime:0.000015s ]
INFO: [ app_init ] --END-- [ RunTime:0.000967s ]
INFO: [ app_begin ] --START--
INFO: Run Behavior\ReadHtmlCacheBehavior [ RunTime:0.001219s ]
INFO: Run Behavior\CheckLangBehavior [ RunTime:0.011547s ]
INFO: [ app_begin ] --END-- [ RunTime:0.017790s ]

[ 2018-10-25T20:47:45+08:00 ] 192.168.0.128 /Float/Index/getbtc
INFO: [ app_init ] --START--
INFO: Run Behavior\BuildLiteBehavior [ RunTime:0.000018s ]
INFO: [ app_init ] --END-- [ RunTime:0.001320s ]
INFO: [ app_begin ] --START--
INFO: Run Behavior\ReadHtmlCacheBehavior [ RunTime:0.001607s ]
INFO: Run Behavior\CheckLangBehavior [ RunTime:0.003240s ]
INFO: [ app_begin ] --END-- [ RunTime:0.004938s ]

[ 2018-10-25T20:47:45+08:00 ] 192.168.0.128 /Float/Index/getbtc
INFO: [ app_init ] --START--
INFO: Run Behavior\BuildLiteBehavior [ RunTime:0.000016s ]
INFO: [ app_init ] --END-- [ RunTime:0.002116s ]
INFO: [ app_begin ] --START--
INFO: Run Behavior\ReadHtmlCacheBehavior [ RunTime:0.001432s ]
INFO: Run Behavior\CheckLangBehavior [ RunTime:0.007905s ]
INFO: [ app_begin ] --END-- [ RunTime:0.009493s ]

[ 2018-10-25T20:47:45+08:00 ] 192.168.0.128 /Float/Index/getbtc
INFO: [ app_init ] --START--
INFO: Run Behavior\BuildLiteBehavior [ RunTime:0.000013s ]
INFO: [ app_init ] --END-- [ RunTime:0.000603s ]
INFO: [ app_begin ] --START--
INFO: Run Behavior\ReadHtmlCacheBehavior [ RunTime:0.000945s ]
INFO: Run Behavior\CheckLangBehavior [ RunTime:0.004298s ]
INFO: [ app_begin ] --END-- [ RunTime:0.005347s ]

[ 2018-10-25T20:47:45+08:00 ] 192.168.0.128 /Float/Index/getbtc
INFO: [ app_init ] --START--
INFO: Run Behavior\BuildLiteBehavior [ RunTime:0.000015s ]
INFO: [ app_init ] --END-- [ RunTime:0.000744s ]
INFO: [ app_begin ] --START--
INFO: Run Behavior\ReadHtmlCacheBehavior [ RunTime:0.001012s ]
INFO: Run Behavior\CheckLangBehavior [ RunTime:0.003833s ]
INFO: [ app_begin ] --END-- [ RunTime:0.004964s ]

[ 2018-10-25T20:47:45+08:00 ] 192.168.0.128 /Float/Index/getbtc
INFO: [ app_init ] --START--
INFO: Run Behavior\BuildLiteBehavior [ RunTime:0.000009s ]
INFO: [ app_init ] --END-- [ RunTime:0.000468s ]
INFO: [ app_begin ] --START--
INFO: Run Behavior\ReadHtmlCacheBehavior [ RunTime:0.000631s ]
INFO: Run Behavior\CheckLangBehavior [ RunTime:0.003676s ]
INFO: [ app_begin ] --END-- [ RunTime:0.004382s ]

[ 2018-10-25T20:47:46+08:00 ] 192.168.0.128 /Float/Index/getbtc
INFO: [ app_init ] --START--
INFO: Run Behavior\BuildLiteBehavior [ RunTime:0.000015s ]
INFO: [ app_init ] --END-- [ RunTime:0.000875s ]
INFO: [ app_begin ] --START--
INFO: Run Behavior\ReadHtmlCacheBehavior [ RunTime:0.002126s ]
INFO: Run Behavior\CheckLangBehavior [ RunTime:0.006084s ]
INFO: [ app_begin ] --END-- [ RunTime:0.008383s ]

[ 2018-10-25T20:47:46+08:00 ] 192.168.0.128 /Float/Index/getbtc
INFO: [ app_init ] --START--
INFO: Run Behavior\BuildLiteBehavior [ RunTime:0.000023s ]
INFO: [ app_init ] --END-- [ RunTime:0.000993s ]
INFO: [ app_begin ] --START--
INFO: Run Behavior\ReadHtmlCacheBehavior [ RunTime:0.001932s ]
INFO: Run Behavior\CheckLangBehavior [ RunTime:0.007140s ]
INFO: [ app_begin ] --END-- [ RunTime:0.009237s ]

[ 2018-10-25T20:47:46+08:00 ] 192.168.0.128 /Float/Index/getbtc
INFO: [ app_init ] --START--
INFO: Run Behavior\BuildLiteBehavior [ RunTime:0.000015s ]
INFO: [ app_init ] --END-- [ RunTime:0.000812s ]
INFO: [ app_begin ] --START--
INFO: Run Behavior\ReadHtmlCacheBehavior [ RunTime:0.001181s ]
INFO: Run Behavior\CheckLangBehavior [ RunTime:0.004532s ]
INFO: [ app_begin ] --END-- [ RunTime:0.005833s ]

[ 2018-10-25T20:47:47+08:00 ] 192.168.0.128 /Float/Index/getbtc
INFO: [ app_init ] --START--
INFO: Run Behavior\BuildLiteBehavior [ RunTime:0.000016s ]
INFO: [ app_init ] --END-- [ RunTime:0.000854s ]
INFO: [ app_begin ] --START--
INFO: Run Behavior\ReadHtmlCacheBehavior [ RunTime:0.001121s ]
INFO: Run Behavior\CheckLangBehavior [ RunTime:0.003877s ]
INFO: [ app_begin ] --END-- [ RunTime:0.005102s ]

[ 2018-10-25T20:47:47+08:00 ] 192.168.0.128 /Float/Index/getbtc
INFO: [ app_init ] --START--
INFO: Run Behavior\BuildLiteBehavior [ RunTime:0.000030s ]
INFO: [ app_init ] --END-- [ RunTime:0.001528s ]
INFO: [ app_begin ] --START--
INFO: Run Behavior\ReadHtmlCacheBehavior [ RunTime:0.003765s ]
INFO: Run Behavior\CheckLangBehavior [ RunTime:0.010870s ]
INFO: [ app_begin ] --END-- [ RunTime:0.014819s ]

[ 2018-10-25T20:47:48+08:00 ] 192.168.0.128 /Float/Index/getbtc
INFO: [ app_init ] --START--
INFO: Run Behavior\BuildLiteBehavior [ RunTime:0.000014s ]
INFO: [ app_init ] --END-- [ RunTime:0.000713s ]
INFO: [ app_begin ] --START--
INFO: Run Behavior\ReadHtmlCacheBehavior [ RunTime:0.001034s ]
INFO: Run Behavior\CheckLangBehavior [ RunTime:0.004849s ]
INFO: [ app_begin ] --END-- [ RunTime:0.006001s ]

[ 2018-10-25T20:47:48+08:00 ] 192.168.0.128 /Float/Index/getbtc
INFO: [ app_init ] --START--
INFO: Run Behavior\BuildLiteBehavior [ RunTime:0.000012s ]
INFO: [ app_init ] --END-- [ RunTime:0.000544s ]
INFO: [ app_begin ] --START--
INFO: Run Behavior\ReadHtmlCacheBehavior [ RunTime:0.000992s ]
INFO: Run Behavior\CheckLangBehavior [ RunTime:0.005716s ]
INFO: [ app_begin ] --END-- [ RunTime:0.006877s ]

[ 2018-10-25T20:47:48+08:00 ] 192.168.0.128 /Float/Index/getbtc
INFO: [ app_init ] --START--
INFO: Run Behavior\BuildLiteBehavior [ RunTime:0.000015s ]
INFO: [ app_init ] --END-- [ RunTime:0.001503s ]
INFO: [ app_begin ] --START--
INFO: Run Behavior\ReadHtmlCacheBehavior [ RunTime:0.001167s ]
INFO: Run Behavior\CheckLangBehavior [ RunTime:0.011402s ]
INFO: [ app_begin ] --END-- [ RunTime:0.013090s ]

[ 2018-10-25T20:47:49+08:00 ] 192.168.0.128 /Float/Index/getbtc
INFO: [ app_init ] --START--
INFO: Run Behavior\BuildLiteBehavior [ RunTime:0.000015s ]
INFO: [ app_init ] --END-- [ RunTime:0.001829s ]
INFO: [ app_begin ] --START--
INFO: Run Behavior\ReadHtmlCacheBehavior [ RunTime:0.001824s ]
INFO: Run Behavior\CheckLangBehavior [ RunTime:0.007335s ]
INFO: [ app_begin ] --END-- [ RunTime:0.009279s ]

[ 2018-10-25T20:47:50+08:00 ] 192.168.0.128 /Float/Index/getbtc
INFO: [ app_init ] --START--
INFO: Run Behavior\BuildLiteBehavior [ RunTime:0.000016s ]
INFO: [ app_init ] --END-- [ RunTime:0.001096s ]
INFO: [ app_begin ] --START--
INFO: Run Behavior\ReadHtmlCacheBehavior [ RunTime:0.001170s ]
INFO: Run Behavior\CheckLangBehavior [ RunTime:0.004396s ]
INFO: [ app_begin ] --END-- [ RunTime:0.005683s ]

[ 2018-10-25T20:47:50+08:00 ] 192.168.0.128 /Float/Index/getbtc
INFO: [ app_init ] --START--
INFO: Run Behavior\BuildLiteBehavior [ RunTime:0.000015s ]
INFO: [ app_init ] --END-- [ RunTime:0.000753s ]
INFO: [ app_begin ] --START--
INFO: Run Behavior\ReadHtmlCacheBehavior [ RunTime:0.001531s ]
INFO: Run Behavior\CheckLangBehavior [ RunTime:0.008227s ]
INFO: [ app_begin ] --END-- [ RunTime:0.009878s ]

[ 2018-10-25T20:47:51+08:00 ] 192.168.0.128 /Float/Index/getbtc
INFO: [ app_init ] --START--
INFO: Run Behavior\BuildLiteBehavior [ RunTime:0.000013s ]
INFO: [ app_init ] --END-- [ RunTime:0.000699s ]
INFO: [ app_begin ] --START--
INFO: Run Behavior\ReadHtmlCacheBehavior [ RunTime:0.002202s ]
INFO: Run Behavior\CheckLangBehavior [ RunTime:0.005726s ]
INFO: [ app_begin ] --END-- [ RunTime:0.010134s ]

[ 2018-10-25T20:47:51+08:00 ] 192.168.0.128 /Float/Index/getbtc
INFO: [ app_init ] --START--
INFO: Run Behavior\BuildLiteBehavior [ RunTime:0.000018s ]
INFO: [ app_init ] --END-- [ RunTime:0.000855s ]
INFO: [ app_begin ] --START--
INFO: Run Behavior\ReadHtmlCacheBehavior [ RunTime:0.001362s ]
INFO: Run Behavior\CheckLangBehavior [ RunTime:0.006552s ]
INFO: [ app_begin ] --END-- [ RunTime:0.008100s ]

[ 2018-10-25T20:47:51+08:00 ] 192.168.0.128 /Float/Index/getbtc
INFO: [ app_init ] --START--
INFO: Run Behavior\BuildLiteBehavior [ RunTime:0.000015s ]
INFO: [ app_init ] --END-- [ RunTime:0.000860s ]
INFO: [ app_begin ] --START--
INFO: Run Behavior\ReadHtmlCacheBehavior [ RunTime:0.000767s ]
INFO: Run Behavior\CheckLangBehavior [ RunTime:0.003824s ]
INFO: [ app_begin ] --END-- [ RunTime:0.004675s ]

[ 2018-10-25T20:47:51+08:00 ] 192.168.0.128 /Float/Index/getbtc
INFO: [ app_init ] --START--
INFO: Run Behavior\BuildLiteBehavior [ RunTime:0.000009s ]
INFO: [ app_init ] --END-- [ RunTime:0.000483s ]
INFO: [ app_begin ] --START--
INFO: Run Behavior\ReadHtmlCacheBehavior [ RunTime:0.000974s ]
INFO: Run Behavior\CheckLangBehavior [ RunTime:0.004938s ]
INFO: [ app_begin ] --END-- [ RunTime:0.006007s ]

[ 2018-10-25T20:47:53+08:00 ] 192.168.0.128 /Float/Index/getbtc
INFO: [ app_init ] --START--
INFO: Run Behavior\BuildLiteBehavior [ RunTime:0.000016s ]
INFO: [ app_init ] --END-- [ RunTime:0.002280s ]
INFO: [ app_begin ] --START--
INFO: Run Behavior\ReadHtmlCacheBehavior [ RunTime:0.003926s ]
INFO: Run Behavior\CheckLangBehavior [ RunTime:0.114913s ]
INFO: [ app_begin ] --END-- [ RunTime:0.121044s ]

[ 2018-10-25T20:47:56+08:00 ] 192.168.0.128 /Float/Index/getbtc
INFO: [ app_init ] --START--
INFO: Run Behavior\BuildLiteBehavior [ RunTime:0.000027s ]
INFO: [ app_init ] --END-- [ RunTime:0.002255s ]
INFO: [ app_begin ] --START--
INFO: Run Behavior\ReadHtmlCacheBehavior [ RunTime:0.004760s ]
INFO: Run Behavior\CheckLangBehavior [ RunTime:0.035313s ]
INFO: [ app_begin ] --END-- [ RunTime:0.041217s ]

[ 2018-10-25T20:47:58+08:00 ] 192.168.0.128 /Float/Index/getbtc
INFO: [ app_init ] --START--
INFO: Run Behavior\BuildLiteBehavior [ RunTime:0.000015s ]
INFO: [ app_init ] --END-- [ RunTime:0.001008s ]
INFO: [ app_begin ] --START--
INFO: Run Behavior\ReadHtmlCacheBehavior [ RunTime:0.000855s ]
INFO: Run Behavior\CheckLangBehavior [ RunTime:0.002785s ]
INFO: [ app_begin ] --END-- [ RunTime:0.003716s ]

[ 2018-10-25T20:47:58+08:00 ] 192.168.0.128 /Float/Index/getbtc
INFO: [ app_init ] --START--
INFO: Run Behavior\BuildLiteBehavior [ RunTime:0.000014s ]
INFO: [ app_init ] --END-- [ RunTime:0.000632s ]
INFO: [ app_begin ] --START--
INFO: Run Behavior\ReadHtmlCacheBehavior [ RunTime:0.000929s ]
INFO: Run Behavior\CheckLangBehavior [ RunTime:0.041274s ]
INFO: [ app_begin ] --END-- [ RunTime:0.042296s ]

[ 2018-10-25T20:47:58+08:00 ] 192.168.0.128 /Float/Index/getbtc
INFO: [ app_init ] --START--
INFO: Run Behavior\BuildLiteBehavior [ RunTime:0.000018s ]
INFO: [ app_init ] --END-- [ RunTime:0.001688s ]
INFO: [ app_begin ] --START--
INFO: Run Behavior\ReadHtmlCacheBehavior [ RunTime:0.009238s ]
INFO: Run Behavior\CheckLangBehavior [ RunTime:0.010538s ]
INFO: [ app_begin ] --END-- [ RunTime:0.019918s ]

[ 2018-10-25T20:47:59+08:00 ] 192.168.0.128 /Float/Index/getbtc
INFO: [ app_init ] --START--
INFO: Run Behavior\BuildLiteBehavior [ RunTime:0.000015s ]
INFO: [ app_init ] --END-- [ RunTime:0.000982s ]
INFO: [ app_begin ] --START--
INFO: Run Behavior\ReadHtmlCacheBehavior [ RunTime:0.019534s ]
INFO: Run Behavior\CheckLangBehavior [ RunTime:0.036769s ]
INFO: [ app_begin ] --END-- [ RunTime:0.056425s ]

[ 2018-10-25T20:47:59+08:00 ] 192.168.0.128 /Float/Index/getbtc
INFO: [ app_init ] --START--
INFO: Run Behavior\BuildLiteBehavior [ RunTime:0.000020s ]
INFO: [ app_init ] --END-- [ RunTime:0.003473s ]
INFO: [ app_begin ] --START--
INFO: Run Behavior\ReadHtmlCacheBehavior [ RunTime:0.002003s ]
INFO: Run Behavior\CheckLangBehavior [ RunTime:0.008539s ]
INFO: [ app_begin ] --END-- [ RunTime:0.011513s ]

[ 2018-10-25T20:48:02+08:00 ] 192.168.0.128 /Float/Index/getbtc
INFO: [ app_init ] --START--
INFO: Run Behavior\BuildLiteBehavior [ RunTime:0.000011s ]
INFO: [ app_init ] --END-- [ RunTime:0.000569s ]
INFO: [ app_begin ] --START--
INFO: Run Behavior\ReadHtmlCacheBehavior [ RunTime:0.002762s ]
INFO: Run Behavior\CheckLangBehavior [ RunTime:0.006607s ]
INFO: [ app_begin ] --END-- [ RunTime:0.009510s ]

[ 2018-10-25T20:48:03+08:00 ] 192.168.0.128 /Float/Index/getbtc
INFO: [ app_init ] --START--
INFO: Run Behavior\BuildLiteBehavior [ RunTime:0.000013s ]
INFO: [ app_init ] --END-- [ RunTime:0.000750s ]
INFO: [ app_begin ] --START--
INFO: Run Behavior\ReadHtmlCacheBehavior [ RunTime:0.000632s ]
INFO: Run Behavior\CheckLangBehavior [ RunTime:0.003957s ]
INFO: [ app_begin ] --END-- [ RunTime:0.004660s ]

[ 2018-10-25T20:48:03+08:00 ] 192.168.0.128 /Float/Index/getbtc
INFO: [ app_init ] --START--
INFO: Run Behavior\BuildLiteBehavior [ RunTime:0.000013s ]
INFO: [ app_init ] --END-- [ RunTime:0.000728s ]
INFO: [ app_begin ] --START--
INFO: Run Behavior\ReadHtmlCacheBehavior [ RunTime:0.002021s ]
INFO: Run Behavior\CheckLangBehavior [ RunTime:0.003734s ]
INFO: [ app_begin ] --END-- [ RunTime:0.005941s ]

[ 2018-10-25T20:48:03+08:00 ] 192.168.0.128 /Float/Index/getbtc
INFO: [ app_init ] --START--
INFO: Run Behavior\BuildLiteBehavior [ RunTime:0.000042s ]
INFO: [ app_init ] --END-- [ RunTime:0.001210s ]
INFO: [ app_begin ] --START--
INFO: Run Behavior\ReadHtmlCacheBehavior [ RunTime:0.001139s ]
INFO: Run Behavior\CheckLangBehavior [ RunTime:0.003801s ]
INFO: [ app_begin ] --END-- [ RunTime:0.005087s ]

[ 2018-10-25T20:48:03+08:00 ] 192.168.0.128 /Float/Index/getbtc
INFO: [ app_init ] --START--
INFO: Run Behavior\BuildLiteBehavior [ RunTime:0.000017s ]
INFO: [ app_init ] --END-- [ RunTime:0.000880s ]
INFO: [ app_begin ] --START--
INFO: Run Behavior\ReadHtmlCacheBehavior [ RunTime:0.002152s ]
INFO: Run Behavior\CheckLangBehavior [ RunTime:0.004613s ]
INFO: [ app_begin ] --END-- [ RunTime:0.006870s ]

[ 2018-10-25T20:48:03+08:00 ] 192.168.0.128 /Float/Index/getbtc
INFO: [ app_init ] --START--
INFO: Run Behavior\BuildLiteBehavior [ RunTime:0.000014s ]
INFO: [ app_init ] --END-- [ RunTime:0.000978s ]
INFO: [ app_begin ] --START--
INFO: Run Behavior\ReadHtmlCacheBehavior [ RunTime:0.001727s ]
INFO: Run Behavior\CheckLangBehavior [ RunTime:0.006672s ]
INFO: [ app_begin ] --END-- [ RunTime:0.008519s ]

[ 2018-10-25T20:48:03+08:00 ] 192.168.0.128 /Float/Index/getbtc
INFO: [ app_init ] --START--
INFO: Run Behavior\BuildLiteBehavior [ RunTime:0.000011s ]
INFO: [ app_init ] --END-- [ RunTime:0.000761s ]
INFO: [ app_begin ] --START--
INFO: Run Behavior\ReadHtmlCacheBehavior [ RunTime:0.000657s ]
INFO: Run Behavior\CheckLangBehavior [ RunTime:0.002627s ]
INFO: [ app_begin ] --END-- [ RunTime:0.003360s ]

[ 2018-10-25T20:48:04+08:00 ] 192.168.0.128 /Float/Index/getbtc
INFO: [ app_init ] --START--
INFO: Run Behavior\BuildLiteBehavior [ RunTime:0.000015s ]
INFO: [ app_init ] --END-- [ RunTime:0.001846s ]
INFO: [ app_begin ] --START--
INFO: Run Behavior\ReadHtmlCacheBehavior [ RunTime:0.000632s ]
INFO: Run Behavior\CheckLangBehavior [ RunTime:0.002752s ]
INFO: [ app_begin ] --END-- [ RunTime:0.003452s ]

[ 2018-10-25T20:48:07+08:00 ] 192.168.0.128 /Float/Index/getbtc
INFO: [ app_init ] --START--
INFO: Run Behavior\BuildLiteBehavior [ RunTime:0.000013s ]
INFO: [ app_init ] --END-- [ RunTime:0.000521s ]
INFO: [ app_begin ] --START--
INFO: Run Behavior\ReadHtmlCacheBehavior [ RunTime:0.000648s ]
INFO: Run Behavior\CheckLangBehavior [ RunTime:0.005311s ]
INFO: [ app_begin ] --END-- [ RunTime:0.006034s ]

[ 2018-10-25T20:48:07+08:00 ] 192.168.0.128 /Float/Index/getbtc
INFO: [ app_init ] --START--
INFO: Run Behavior\BuildLiteBehavior [ RunTime:0.000011s ]
INFO: [ app_init ] --END-- [ RunTime:0.000532s ]
INFO: [ app_begin ] --START--
INFO: Run Behavior\ReadHtmlCacheBehavior [ RunTime:0.000728s ]
INFO: Run Behavior\CheckLangBehavior [ RunTime:0.008308s ]
INFO: [ app_begin ] --END-- [ RunTime:0.009116s ]

[ 2018-10-25T20:48:07+08:00 ] 192.168.0.128 /Float/Index/getbtc
INFO: [ app_init ] --START--
INFO: Run Behavior\BuildLiteBehavior [ RunTime:0.000013s ]
INFO: [ app_init ] --END-- [ RunTime:0.000904s ]
INFO: [ app_begin ] --START--
INFO: Run Behavior\ReadHtmlCacheBehavior [ RunTime:0.000646s ]
INFO: Run Behavior\CheckLangBehavior [ RunTime:0.002883s ]
INFO: [ app_begin ] --END-- [ RunTime:0.003605s ]

