[ 2018-10-30T17:11:25+08:00 ] 192.168.0.128 /float/index/updatebtc
INFO: [ app_init ] --START--
INFO: Run Behavior\BuildLiteBehavior [ RunTime:0.000017s ]
INFO: [ app_init ] --END-- [ RunTime:0.001849s ]
INFO: [ app_begin ] --START--
INFO: Run Behavior\ReadHtmlCacheBehavior [ RunTime:0.001520s ]
INFO: Run Behavior\CheckLangBehavior [ RunTime:0.005111s ]
INFO: [ app_begin ] --END-- [ RunTime:0.006769s ]
SQL: SHOW COLUMNS FROM `btc_w_closeset` [ RunTime:0.0084s ]
SQL: UPDATE `btc_w_closeset` SET `last`='6357.98',`open`='6357.98',`low`='6314.89',`high`='6499.94',`update_time`='1540890685' WHERE ( id=1 ) [ RunTime:0.0003s ]
INFO: [ app_end ] --START--
INFO: Run Behavior\ShowPageTraceBehavior [ RunTime:0.022205s ]
INFO: [ app_end ] --END-- [ RunTime:0.022276s ]

[ 2018-10-30T17:12:04+08:00 ] 192.168.0.128 /Float/Index/getbtc
INFO: [ app_init ] --START--
INFO: Run Behavior\BuildLiteBehavior [ RunTime:0.000013s ]
INFO: [ app_init ] --END-- [ RunTime:0.000783s ]
INFO: [ app_begin ] --START--
INFO: Run Behavior\ReadHtmlCacheBehavior [ RunTime:0.001231s ]
INFO: Run Behavior\CheckLangBehavior [ RunTime:0.004974s ]
INFO: [ app_begin ] --END-- [ RunTime:0.006406s ]
SQL: SHOW COLUMNS FROM `btc_w_closeset` [ RunTime:0.0197s ]
SQL: SELECT `last`,`open`,`low`,`high`,`update_time` FROM `btc_w_closeset` WHERE ( id=1 ) LIMIT 1   [ RunTime:0.0006s ]

[ 2018-10-30T17:12:44+08:00 ] 192.168.0.128 /Float/Index/getbtc
INFO: [ app_init ] --START--
INFO: Run Behavior\BuildLiteBehavior [ RunTime:0.000020s ]
INFO: [ app_init ] --END-- [ RunTime:0.000908s ]
INFO: [ app_begin ] --START--
INFO: Run Behavior\ReadHtmlCacheBehavior [ RunTime:0.000882s ]
INFO: Run Behavior\CheckLangBehavior [ RunTime:0.004172s ]
INFO: [ app_begin ] --END-- [ RunTime:0.005156s ]
SQL: SHOW COLUMNS FROM `btc_w_closeset` [ RunTime:0.0198s ]
SQL: SELECT `last`,`open`,`low`,`high`,`update_time` FROM `btc_w_closeset` WHERE ( id=1 ) LIMIT 1   [ RunTime:0.0006s ]

[ 2018-10-30T17:13:20+08:00 ] 192.168.0.128 /Float/Index/getbtc
INFO: [ app_init ] --START--
INFO: Run Behavior\BuildLiteBehavior [ RunTime:0.000012s ]
INFO: [ app_init ] --END-- [ RunTime:0.000477s ]
INFO: [ app_begin ] --START--
INFO: Run Behavior\ReadHtmlCacheBehavior [ RunTime:0.000857s ]
INFO: Run Behavior\CheckLangBehavior [ RunTime:0.003834s ]
INFO: [ app_begin ] --END-- [ RunTime:0.004787s ]
SQL: SHOW COLUMNS FROM `btc_w_closeset` [ RunTime:0.0198s ]
SQL: SELECT `last`,`open`,`low`,`high`,`update_time` FROM `btc_w_closeset` WHERE ( id=1 ) LIMIT 1   [ RunTime:0.0007s ]

[ 2018-10-30T17:14:18+08:00 ] 192.168.0.128 /Float/Index/getbtc
INFO: [ app_init ] --START--
INFO: Run Behavior\BuildLiteBehavior [ RunTime:0.000013s ]
INFO: [ app_init ] --END-- [ RunTime:0.000650s ]
INFO: [ app_begin ] --START--
INFO: Run Behavior\ReadHtmlCacheBehavior [ RunTime:0.000934s ]
INFO: Run Behavior\CheckLangBehavior [ RunTime:0.004097s ]
INFO: [ app_begin ] --END-- [ RunTime:0.005137s ]
SQL: SHOW COLUMNS FROM `btc_w_closeset` [ RunTime:0.0093s ]
SQL: SELECT `last`,`open`,`low`,`high`,`update_time` FROM `btc_w_closeset` WHERE ( id=1 ) LIMIT 1   [ RunTime:0.0004s ]

[ 2018-10-30T17:15:37+08:00 ] 192.168.0.128 /Float/Index/getbtc
INFO: [ app_init ] --START--
INFO: Run Behavior\BuildLiteBehavior [ RunTime:0.000013s ]
INFO: [ app_init ] --END-- [ RunTime:0.000548s ]
INFO: [ app_begin ] --START--
INFO: Run Behavior\ReadHtmlCacheBehavior [ RunTime:0.000874s ]
INFO: Run Behavior\CheckLangBehavior [ RunTime:0.003572s ]
INFO: [ app_begin ] --END-- [ RunTime:0.004537s ]
SQL: SHOW COLUMNS FROM `btc_w_closeset` [ RunTime:0.0092s ]
SQL: SELECT `last`,`open`,`low`,`high`,`update_time` FROM `btc_w_closeset` WHERE ( id=1 ) LIMIT 1   [ RunTime:0.0003s ]

[ 2018-10-30T17:16:11+08:00 ] 192.168.0.128 /float/index/updatebtc
INFO: [ app_init ] --START--
INFO: Run Behavior\BuildLiteBehavior [ RunTime:0.000024s ]
INFO: [ app_init ] --END-- [ RunTime:0.000698s ]
INFO: [ app_begin ] --START--
INFO: Run Behavior\ReadHtmlCacheBehavior [ RunTime:0.002529s ]
INFO: Run Behavior\CheckLangBehavior [ RunTime:0.004560s ]
INFO: [ app_begin ] --END-- [ RunTime:0.007287s ]
SQL: SHOW COLUMNS FROM `btc_w_closeset` [ RunTime:0.0083s ]
SQL: UPDATE `btc_w_closeset` SET `last`='6353.88',`open`='6354.37',`low`='6314.89',`high`='6499.94',`update_time`='1540890971' WHERE ( id=1 ) [ RunTime:0.0005s ]
INFO: [ app_end ] --START--
INFO: Run Behavior\ShowPageTraceBehavior [ RunTime:0.001510s ]
INFO: [ app_end ] --END-- [ RunTime:0.001588s ]

[ 2018-10-30T17:16:12+08:00 ] 192.168.0.128 /Float/Index/getbtc
INFO: [ app_init ] --START--
INFO: Run Behavior\BuildLiteBehavior [ RunTime:0.000012s ]
INFO: [ app_init ] --END-- [ RunTime:0.000561s ]
INFO: [ app_begin ] --START--
INFO: Run Behavior\ReadHtmlCacheBehavior [ RunTime:0.000837s ]
INFO: Run Behavior\CheckLangBehavior [ RunTime:0.003982s ]
INFO: [ app_begin ] --END-- [ RunTime:0.004919s ]
SQL: SHOW COLUMNS FROM `btc_w_closeset` [ RunTime:0.0085s ]
SQL: SELECT `last`,`open`,`low`,`high`,`update_time` FROM `btc_w_closeset` WHERE ( id=1 ) LIMIT 1   [ RunTime:0.0003s ]

[ 2018-10-30T17:16:38+08:00 ] 192.168.0.128 /Float/Index/getbtc
INFO: [ app_init ] --START--
INFO: Run Behavior\BuildLiteBehavior [ RunTime:0.000013s ]
INFO: [ app_init ] --END-- [ RunTime:0.000734s ]
INFO: [ app_begin ] --START--
INFO: Run Behavior\ReadHtmlCacheBehavior [ RunTime:0.001125s ]
INFO: Run Behavior\CheckLangBehavior [ RunTime:0.004329s ]
INFO: [ app_begin ] --END-- [ RunTime:0.005571s ]
SQL: SHOW COLUMNS FROM `btc_w_closeset` [ RunTime:0.0104s ]
SQL: SELECT `last`,`open`,`low`,`high`,`update_time` FROM `btc_w_closeset` WHERE ( id=1 ) LIMIT 1   [ RunTime:0.0003s ]

[ 2018-10-30T17:17:11+08:00 ] 192.168.0.128 /Float/Index/getbtc
INFO: [ app_init ] --START--
INFO: Run Behavior\BuildLiteBehavior [ RunTime:0.000029s ]
INFO: [ app_init ] --END-- [ RunTime:0.002766s ]
INFO: [ app_begin ] --START--
INFO: Run Behavior\ReadHtmlCacheBehavior [ RunTime:0.003703s ]
INFO: Run Behavior\CheckLangBehavior [ RunTime:0.013885s ]
INFO: [ app_begin ] --END-- [ RunTime:0.017795s ]
SQL: SHOW COLUMNS FROM `btc_w_closeset` [ RunTime:0.0082s ]
SQL: SELECT `last`,`open`,`low`,`high`,`update_time` FROM `btc_w_closeset` WHERE ( id=1 ) LIMIT 1   [ RunTime:0.0003s ]

[ 2018-10-30T17:18:07+08:00 ] 192.168.0.128 /Float/Index/getbtc
INFO: [ app_init ] --START--
INFO: Run Behavior\BuildLiteBehavior [ RunTime:0.000016s ]
INFO: [ app_init ] --END-- [ RunTime:0.000807s ]
INFO: [ app_begin ] --START--
INFO: Run Behavior\ReadHtmlCacheBehavior [ RunTime:0.001178s ]
INFO: Run Behavior\CheckLangBehavior [ RunTime:0.004849s ]
INFO: [ app_begin ] --END-- [ RunTime:0.006314s ]
SQL: SHOW COLUMNS FROM `btc_w_closeset` [ RunTime:0.0086s ]
SQL: SELECT `last`,`open`,`low`,`high`,`update_time` FROM `btc_w_closeset` WHERE ( id=1 ) LIMIT 1   [ RunTime:0.0003s ]

[ 2018-10-30T17:18:46+08:00 ] 192.168.0.128 /Float/Index/getbtc
INFO: [ app_init ] --START--
INFO: Run Behavior\BuildLiteBehavior [ RunTime:0.000014s ]
INFO: [ app_init ] --END-- [ RunTime:0.001016s ]
INFO: [ app_begin ] --START--
INFO: Run Behavior\ReadHtmlCacheBehavior [ RunTime:0.001367s ]
INFO: Run Behavior\CheckLangBehavior [ RunTime:0.005642s ]
INFO: [ app_begin ] --END-- [ RunTime:0.007112s ]
SQL: SHOW COLUMNS FROM `btc_w_closeset` [ RunTime:0.0083s ]
SQL: SELECT `last`,`open`,`low`,`high`,`update_time` FROM `btc_w_closeset` WHERE ( id=1 ) LIMIT 1   [ RunTime:0.0003s ]

[ 2018-10-30T17:19:31+08:00 ] 192.168.0.128 /Float/Index/getbtc
INFO: [ app_init ] --START--
INFO: Run Behavior\BuildLiteBehavior [ RunTime:0.000014s ]
INFO: [ app_init ] --END-- [ RunTime:0.000583s ]
INFO: [ app_begin ] --START--
INFO: Run Behavior\ReadHtmlCacheBehavior [ RunTime:0.001225s ]
INFO: Run Behavior\CheckLangBehavior [ RunTime:0.006521s ]
INFO: [ app_begin ] --END-- [ RunTime:0.007905s ]
SQL: SHOW COLUMNS FROM `btc_w_closeset` [ RunTime:0.0097s ]
SQL: SELECT `last`,`open`,`low`,`high`,`update_time` FROM `btc_w_closeset` WHERE ( id=1 ) LIMIT 1   [ RunTime:0.0003s ]

[ 2018-10-30T17:20:15+08:00 ] 192.168.0.128 /float/index/updatebtc
INFO: [ app_init ] --START--
INFO: Run Behavior\BuildLiteBehavior [ RunTime:0.000012s ]
INFO: [ app_init ] --END-- [ RunTime:0.000505s ]
INFO: [ app_begin ] --START--
INFO: Run Behavior\ReadHtmlCacheBehavior [ RunTime:0.001183s ]
INFO: Run Behavior\CheckLangBehavior [ RunTime:0.004221s ]
INFO: [ app_begin ] --END-- [ RunTime:0.005541s ]
SQL: SHOW COLUMNS FROM `btc_w_closeset` [ RunTime:0.0102s ]
SQL: UPDATE `btc_w_closeset` SET `last`='6349.87',`open`='6349.87',`low`='6314.89',`high`='6499.94',`update_time`='1540891215' WHERE ( id=1 ) [ RunTime:0.0004s ]
INFO: [ app_end ] --START--
INFO: Run Behavior\ShowPageTraceBehavior [ RunTime:0.001387s ]
INFO: [ app_end ] --END-- [ RunTime:0.001442s ]

[ 2018-10-30T17:20:17+08:00 ] 192.168.0.128 /Float/Index/getbtc
INFO: [ app_init ] --START--
INFO: Run Behavior\BuildLiteBehavior [ RunTime:0.000014s ]
INFO: [ app_init ] --END-- [ RunTime:0.000563s ]
INFO: [ app_begin ] --START--
INFO: Run Behavior\ReadHtmlCacheBehavior [ RunTime:0.000951s ]
INFO: Run Behavior\CheckLangBehavior [ RunTime:0.004038s ]
INFO: [ app_begin ] --END-- [ RunTime:0.005086s ]
SQL: SHOW COLUMNS FROM `btc_w_closeset` [ RunTime:0.0096s ]
SQL: SELECT `last`,`open`,`low`,`high`,`update_time` FROM `btc_w_closeset` WHERE ( id=1 ) LIMIT 1   [ RunTime:0.0005s ]

[ 2018-10-30T17:20:56+08:00 ] 192.168.0.128 /Float/Index/getbtc
INFO: [ app_init ] --START--
INFO: Run Behavior\BuildLiteBehavior [ RunTime:0.000013s ]
INFO: [ app_init ] --END-- [ RunTime:0.000650s ]
INFO: [ app_begin ] --START--
INFO: Run Behavior\ReadHtmlCacheBehavior [ RunTime:0.001055s ]
INFO: Run Behavior\CheckLangBehavior [ RunTime:0.004444s ]
INFO: [ app_begin ] --END-- [ RunTime:0.005624s ]
SQL: SHOW COLUMNS FROM `btc_w_closeset` [ RunTime:0.0217s ]
SQL: SELECT `last`,`open`,`low`,`high`,`update_time` FROM `btc_w_closeset` WHERE ( id=1 ) LIMIT 1   [ RunTime:0.0007s ]

[ 2018-10-30T17:21:28+08:00 ] 192.168.0.128 /Float/Index/getbtc
INFO: [ app_init ] --START--
INFO: Run Behavior\BuildLiteBehavior [ RunTime:0.000015s ]
INFO: [ app_init ] --END-- [ RunTime:0.000585s ]
INFO: [ app_begin ] --START--
INFO: Run Behavior\ReadHtmlCacheBehavior [ RunTime:0.001605s ]
INFO: Run Behavior\CheckLangBehavior [ RunTime:0.004393s ]
INFO: [ app_begin ] --END-- [ RunTime:0.006111s ]
SQL: SHOW COLUMNS FROM `btc_w_closeset` [ RunTime:0.0091s ]
SQL: SELECT `last`,`open`,`low`,`high`,`update_time` FROM `btc_w_closeset` WHERE ( id=1 ) LIMIT 1   [ RunTime:0.0003s ]

[ 2018-10-30T17:22:07+08:00 ] 192.168.0.128 /Float/Index/getbtc
INFO: [ app_init ] --START--
INFO: Run Behavior\BuildLiteBehavior [ RunTime:0.000025s ]
INFO: [ app_init ] --END-- [ RunTime:0.002452s ]
INFO: [ app_begin ] --START--
INFO: Run Behavior\ReadHtmlCacheBehavior [ RunTime:0.003375s ]
INFO: Run Behavior\CheckLangBehavior [ RunTime:0.014171s ]
INFO: [ app_begin ] --END-- [ RunTime:0.017861s ]
SQL: SHOW COLUMNS FROM `btc_w_closeset` [ RunTime:0.0215s ]
SQL: SELECT `last`,`open`,`low`,`high`,`update_time` FROM `btc_w_closeset` WHERE ( id=1 ) LIMIT 1   [ RunTime:0.0012s ]

[ 2018-10-30T17:25:36+08:00 ] 192.168.0.128 /Float/Index/getbtc
INFO: [ app_init ] --START--
INFO: Run Behavior\BuildLiteBehavior [ RunTime:0.000017s ]
INFO: [ app_init ] --END-- [ RunTime:0.001095s ]
INFO: [ app_begin ] --START--
INFO: Run Behavior\ReadHtmlCacheBehavior [ RunTime:0.001386s ]
INFO: Run Behavior\CheckLangBehavior [ RunTime:0.005222s ]
INFO: [ app_begin ] --END-- [ RunTime:0.006722s ]
SQL: SHOW COLUMNS FROM `btc_w_closeset` [ RunTime:0.0099s ]
SQL: SELECT `last`,`open`,`low`,`high`,`update_time` FROM `btc_w_closeset` WHERE ( id=1 ) LIMIT 1   [ RunTime:0.0003s ]

[ 2018-10-30T17:26:38+08:00 ] 192.168.0.128 /float/index/updatebtc
INFO: [ app_init ] --START--
INFO: Run Behavior\BuildLiteBehavior [ RunTime:0.000038s ]
INFO: [ app_init ] --END-- [ RunTime:0.001585s ]
INFO: [ app_begin ] --START--
INFO: Run Behavior\ReadHtmlCacheBehavior [ RunTime:0.002847s ]
INFO: Run Behavior\CheckLangBehavior [ RunTime:0.040872s ]
INFO: [ app_begin ] --END-- [ RunTime:0.043970s ]
SQL: SHOW COLUMNS FROM `btc_w_closeset` [ RunTime:0.0214s ]
SQL: UPDATE `btc_w_closeset` SET `last`='6355.3',`open`='6355.26',`low`='6314.89',`high`='6499.94',`update_time`='1540891598' WHERE ( id=1 ) [ RunTime:0.0014s ]
INFO: [ app_end ] --START--
INFO: Run Behavior\ShowPageTraceBehavior [ RunTime:0.003276s ]
INFO: [ app_end ] --END-- [ RunTime:0.003418s ]

[ 2018-10-30T17:26:51+08:00 ] 192.168.0.128 /Float/Index/getbtc
INFO: [ app_init ] --START--
INFO: Run Behavior\BuildLiteBehavior [ RunTime:0.000012s ]
INFO: [ app_init ] --END-- [ RunTime:0.000492s ]
INFO: [ app_begin ] --START--
INFO: Run Behavior\ReadHtmlCacheBehavior [ RunTime:0.000967s ]
INFO: Run Behavior\CheckLangBehavior [ RunTime:0.004259s ]
INFO: [ app_begin ] --END-- [ RunTime:0.005345s ]
SQL: SHOW COLUMNS FROM `btc_w_closeset` [ RunTime:0.0089s ]
SQL: SELECT `last`,`open`,`low`,`high`,`update_time` FROM `btc_w_closeset` WHERE ( id=1 ) LIMIT 1   [ RunTime:0.0005s ]

[ 2018-10-30T17:30:55+08:00 ] 192.168.0.128 /Float/Index/getbtc
INFO: [ app_init ] --START--
INFO: Run Behavior\BuildLiteBehavior [ RunTime:0.000032s ]
INFO: [ app_init ] --END-- [ RunTime:0.002501s ]
INFO: [ app_begin ] --START--
INFO: Run Behavior\ReadHtmlCacheBehavior [ RunTime:0.001279s ]
INFO: Run Behavior\CheckLangBehavior [ RunTime:0.005571s ]
INFO: [ app_begin ] --END-- [ RunTime:0.006963s ]
SQL: SHOW COLUMNS FROM `btc_w_closeset` [ RunTime:0.0094s ]
SQL: SELECT `last`,`open`,`low`,`high`,`update_time` FROM `btc_w_closeset` WHERE ( id=1 ) LIMIT 1   [ RunTime:0.0003s ]

[ 2018-10-30T17:33:38+08:00 ] 192.168.0.128 /float/index/updatebtc
INFO: [ app_init ] --START--
INFO: Run Behavior\BuildLiteBehavior [ RunTime:0.000031s ]
INFO: [ app_init ] --END-- [ RunTime:0.002723s ]
INFO: [ app_begin ] --START--
INFO: Run Behavior\ReadHtmlCacheBehavior [ RunTime:0.002749s ]
INFO: Run Behavior\CheckLangBehavior [ RunTime:0.012171s ]
INFO: [ app_begin ] --END-- [ RunTime:0.015133s ]
SQL: SHOW COLUMNS FROM `btc_w_closeset` [ RunTime:0.0231s ]
SQL: UPDATE `btc_w_closeset` SET `last`='6351.36',`open`='6351.36',`low`='6314.89',`high`='6499.94',`update_time`='1540892018' WHERE ( id=1 ) [ RunTime:0.0008s ]
INFO: [ app_end ] --START--
INFO: Run Behavior\ShowPageTraceBehavior [ RunTime:0.002875s ]
INFO: [ app_end ] --END-- [ RunTime:0.002987s ]

[ 2018-10-30T17:33:40+08:00 ] 192.168.0.128 /Float/Index/getbtc
INFO: [ app_init ] --START--
INFO: Run Behavior\BuildLiteBehavior [ RunTime:0.000094s ]
INFO: [ app_init ] --END-- [ RunTime:0.001345s ]
INFO: [ app_begin ] --START--
INFO: Run Behavior\ReadHtmlCacheBehavior [ RunTime:0.013998s ]
INFO: Run Behavior\CheckLangBehavior [ RunTime:0.054944s ]
INFO: [ app_begin ] --END-- [ RunTime:0.071509s ]
SQL: SHOW COLUMNS FROM `btc_w_closeset` [ RunTime:0.0195s ]
SQL: SELECT `last`,`open`,`low`,`high`,`update_time` FROM `btc_w_closeset` WHERE ( id=1 ) LIMIT 1   [ RunTime:0.0006s ]

[ 2018-10-30T17:47:22+08:00 ] 192.168.0.128 /Float/Index/getbtc
INFO: [ app_init ] --START--
INFO: Run Behavior\BuildLiteBehavior [ RunTime:0.000037s ]
INFO: [ app_init ] --END-- [ RunTime:0.010745s ]
INFO: [ app_begin ] --START--
INFO: Run Behavior\ReadHtmlCacheBehavior [ RunTime:0.002776s ]
INFO: Run Behavior\CheckLangBehavior [ RunTime:0.011489s ]
INFO: [ app_begin ] --END-- [ RunTime:0.014473s ]
SQL: SHOW COLUMNS FROM `btc_w_closeset` [ RunTime:0.1534s ]
SQL: SELECT `last`,`open`,`low`,`high`,`update_time` FROM `btc_w_closeset` WHERE ( id=1 ) LIMIT 1   [ RunTime:0.0008s ]

[ 2018-10-30T17:49:20+08:00 ] 192.168.0.128 /float/index/updatebtc
INFO: [ app_init ] --START--
INFO: Run Behavior\BuildLiteBehavior [ RunTime:0.000030s ]
INFO: [ app_init ] --END-- [ RunTime:0.002024s ]
INFO: [ app_begin ] --START--
INFO: Run Behavior\ReadHtmlCacheBehavior [ RunTime:0.002402s ]
INFO: Run Behavior\CheckLangBehavior [ RunTime:0.010935s ]
INFO: [ app_begin ] --END-- [ RunTime:0.013545s ]
SQL: SHOW COLUMNS FROM `btc_w_closeset` [ RunTime:0.0081s ]
SQL: UPDATE `btc_w_closeset` SET `last`='6356.78',`open`='6356.78',`low`='6314.89',`high`='6496.21',`update_time`='1540892960' WHERE ( id=1 ) [ RunTime:0.0007s ]
INFO: [ app_end ] --START--
INFO: Run Behavior\ShowPageTraceBehavior [ RunTime:0.001588s ]
INFO: [ app_end ] --END-- [ RunTime:0.001639s ]

[ 2018-10-30T17:49:21+08:00 ] 192.168.0.128 /Float/Index/getbtc
INFO: [ app_init ] --START--
INFO: Run Behavior\BuildLiteBehavior [ RunTime:0.000013s ]
INFO: [ app_init ] --END-- [ RunTime:0.000521s ]
INFO: [ app_begin ] --START--
INFO: Run Behavior\ReadHtmlCacheBehavior [ RunTime:0.000962s ]
INFO: Run Behavior\CheckLangBehavior [ RunTime:0.004988s ]
INFO: [ app_begin ] --END-- [ RunTime:0.006058s ]
SQL: SHOW COLUMNS FROM `btc_w_closeset` [ RunTime:0.0099s ]
SQL: SELECT `last`,`open`,`low`,`high`,`update_time` FROM `btc_w_closeset` WHERE ( id=1 ) LIMIT 1   [ RunTime:0.0003s ]

[ 2018-10-30T17:49:56+08:00 ] 192.168.0.128 /Float/Index/getbtc
INFO: [ app_init ] --START--
INFO: Run Behavior\BuildLiteBehavior [ RunTime:0.000015s ]
INFO: [ app_init ] --END-- [ RunTime:0.001055s ]
INFO: [ app_begin ] --START--
INFO: Run Behavior\ReadHtmlCacheBehavior [ RunTime:0.001259s ]
INFO: Run Behavior\CheckLangBehavior [ RunTime:0.005015s ]
INFO: [ app_begin ] --END-- [ RunTime:0.006378s ]
ERR: SQLSTATE[HY000] [1045] Access denied for user 'root'@'localhost' (using password: YES)

[ 2018-10-30T17:54:24+08:00 ] 192.168.0.128 /float/index/updatebtc
INFO: [ app_init ] --START--
INFO: Run Behavior\BuildLiteBehavior [ RunTime:0.000016s ]
INFO: [ app_init ] --END-- [ RunTime:0.001172s ]
INFO: [ app_begin ] --START--
INFO: Run Behavior\ReadHtmlCacheBehavior [ RunTime:0.001301s ]
INFO: Run Behavior\CheckLangBehavior [ RunTime:0.005087s ]
INFO: [ app_begin ] --END-- [ RunTime:0.006494s ]
SQL: SHOW COLUMNS FROM `btc_w_closeset` [ RunTime:0.0089s ]
SQL: UPDATE `btc_w_closeset` SET `last`='6356.47',`open`='6356.28',`low`='6314.89',`high`='6496.21',`update_time`='1540893264' WHERE ( id=1 ) [ RunTime:0.0004s ]
INFO: [ app_end ] --START--
INFO: Run Behavior\ShowPageTraceBehavior [ RunTime:0.001919s ]
INFO: [ app_end ] --END-- [ RunTime:0.001981s ]

[ 2018-10-30T17:54:25+08:00 ] 192.168.0.128 /Float/Index/getbtc
INFO: [ app_init ] --START--
INFO: Run Behavior\BuildLiteBehavior [ RunTime:0.000015s ]
INFO: [ app_init ] --END-- [ RunTime:0.000770s ]
INFO: [ app_begin ] --START--
INFO: Run Behavior\ReadHtmlCacheBehavior [ RunTime:0.000912s ]
INFO: Run Behavior\CheckLangBehavior [ RunTime:0.004706s ]
INFO: [ app_begin ] --END-- [ RunTime:0.005718s ]
SQL: SHOW COLUMNS FROM `btc_w_closeset` [ RunTime:0.0081s ]
SQL: SELECT `last`,`open`,`low`,`high`,`update_time` FROM `btc_w_closeset` WHERE ( id=1 ) LIMIT 1   [ RunTime:0.0003s ]

[ 2018-10-30T17:55:26+08:00 ] 192.168.0.128 /Float/Index/getbtc
INFO: [ app_init ] --START--
INFO: Run Behavior\BuildLiteBehavior [ RunTime:0.000015s ]
INFO: [ app_init ] --END-- [ RunTime:0.000656s ]
INFO: [ app_begin ] --START--
INFO: Run Behavior\ReadHtmlCacheBehavior [ RunTime:0.000991s ]
INFO: Run Behavior\CheckLangBehavior [ RunTime:0.004486s ]
INFO: [ app_begin ] --END-- [ RunTime:0.005589s ]
SQL: SHOW COLUMNS FROM `btc_w_closeset` [ RunTime:0.0082s ]
SQL: SELECT `last`,`open`,`low`,`high`,`update_time` FROM `btc_w_closeset` WHERE ( id=1 ) LIMIT 1   [ RunTime:0.0003s ]

[ 2018-10-30T17:56:08+08:00 ] 192.168.0.128 /float/index/updatebtc
INFO: [ app_init ] --START--
INFO: Run Behavior\BuildLiteBehavior [ RunTime:0.000019s ]
INFO: [ app_init ] --END-- [ RunTime:0.000579s ]
INFO: [ app_begin ] --START--
INFO: Run Behavior\ReadHtmlCacheBehavior [ RunTime:0.000955s ]
INFO: Run Behavior\CheckLangBehavior [ RunTime:0.003988s ]
INFO: [ app_begin ] --END-- [ RunTime:0.005038s ]
SQL: SHOW COLUMNS FROM `btc_w_closeset` [ RunTime:0.0086s ]
SQL: UPDATE `btc_w_closeset` SET `last`='6356.47',`open`='6355.93',`low`='6314.89',`high`='6496.21',`update_time`='1540893368' WHERE ( id=1 ) [ RunTime:0.0004s ]
INFO: [ app_end ] --START--
INFO: Run Behavior\ShowPageTraceBehavior [ RunTime:0.003632s ]
INFO: [ app_end ] --END-- [ RunTime:0.003698s ]

[ 2018-10-30T17:56:10+08:00 ] 192.168.0.128 /Float/Index/getbtc
INFO: [ app_init ] --START--
INFO: Run Behavior\BuildLiteBehavior [ RunTime:0.000016s ]
INFO: [ app_init ] --END-- [ RunTime:0.000632s ]
INFO: [ app_begin ] --START--
INFO: Run Behavior\ReadHtmlCacheBehavior [ RunTime:0.000973s ]
INFO: Run Behavior\CheckLangBehavior [ RunTime:0.003587s ]
INFO: [ app_begin ] --END-- [ RunTime:0.004665s ]
SQL: SHOW COLUMNS FROM `btc_w_closeset` [ RunTime:0.0086s ]
SQL: SELECT `last`,`open`,`low`,`high`,`update_time` FROM `btc_w_closeset` WHERE ( id=1 ) LIMIT 1   [ RunTime:0.0003s ]

[ 2018-10-30T17:56:42+08:00 ] 192.168.0.128 /Float/Index/getbtc
INFO: [ app_init ] --START--
INFO: Run Behavior\BuildLiteBehavior [ RunTime:0.000018s ]
INFO: [ app_init ] --END-- [ RunTime:0.003410s ]
INFO: [ app_begin ] --START--
INFO: Run Behavior\ReadHtmlCacheBehavior [ RunTime:0.000989s ]
INFO: Run Behavior\CheckLangBehavior [ RunTime:0.003846s ]
INFO: [ app_begin ] --END-- [ RunTime:0.004939s ]
SQL: SHOW COLUMNS FROM `btc_w_closeset` [ RunTime:0.0084s ]
SQL: SELECT `last`,`open`,`low`,`high`,`update_time` FROM `btc_w_closeset` WHERE ( id=1 ) LIMIT 1   [ RunTime:0.0004s ]

[ 2018-10-30T17:57:15+08:00 ] 192.168.0.128 /Float/Index/getbtc
INFO: [ app_init ] --START--
INFO: Run Behavior\BuildLiteBehavior [ RunTime:0.000012s ]
INFO: [ app_init ] --END-- [ RunTime:0.000486s ]
INFO: [ app_begin ] --START--
INFO: Run Behavior\ReadHtmlCacheBehavior [ RunTime:0.001113s ]
INFO: Run Behavior\CheckLangBehavior [ RunTime:0.004090s ]
INFO: [ app_begin ] --END-- [ RunTime:0.005321s ]
SQL: SHOW COLUMNS FROM `btc_w_closeset` [ RunTime:0.0143s ]
SQL: SELECT `last`,`open`,`low`,`high`,`update_time` FROM `btc_w_closeset` WHERE ( id=1 ) LIMIT 1   [ RunTime:0.0004s ]

[ 2018-10-30T17:57:56+08:00 ] 192.168.0.128 /Float/Index/getbtc
INFO: [ app_init ] --START--
INFO: Run Behavior\BuildLiteBehavior [ RunTime:0.000029s ]
INFO: [ app_init ] --END-- [ RunTime:0.001557s ]
INFO: [ app_begin ] --START--
INFO: Run Behavior\ReadHtmlCacheBehavior [ RunTime:0.002487s ]
INFO: Run Behavior\CheckLangBehavior [ RunTime:0.011675s ]
INFO: [ app_begin ] --END-- [ RunTime:0.014375s ]
SQL: SHOW COLUMNS FROM `btc_w_closeset` [ RunTime:0.0207s ]
SQL: SELECT `last`,`open`,`low`,`high`,`update_time` FROM `btc_w_closeset` WHERE ( id=1 ) LIMIT 1   [ RunTime:0.0007s ]

[ 2018-10-30T18:04:57+08:00 ] 192.168.0.128 /Float/Index/getbtc
INFO: [ app_init ] --START--
INFO: Run Behavior\BuildLiteBehavior [ RunTime:0.000017s ]
INFO: [ app_init ] --END-- [ RunTime:0.001043s ]
INFO: [ app_begin ] --START--
INFO: Run Behavior\ReadHtmlCacheBehavior [ RunTime:0.001156s ]
INFO: Run Behavior\CheckLangBehavior [ RunTime:0.005291s ]
INFO: [ app_begin ] --END-- [ RunTime:0.006564s ]
SQL: SHOW COLUMNS FROM `btc_w_closeset` [ RunTime:0.0122s ]
SQL: SELECT `last`,`open`,`low`,`high`,`update_time` FROM `btc_w_closeset` WHERE ( id=1 ) LIMIT 1   [ RunTime:0.0004s ]

[ 2018-10-30T18:05:57+08:00 ] 192.168.0.128 /float/index/updatebtc
INFO: [ app_init ] --START--
INFO: Run Behavior\BuildLiteBehavior [ RunTime:0.000017s ]
INFO: [ app_init ] --END-- [ RunTime:0.002498s ]
INFO: [ app_begin ] --START--
INFO: Run Behavior\ReadHtmlCacheBehavior [ RunTime:0.002011s ]
INFO: Run Behavior\CheckLangBehavior [ RunTime:0.005975s ]
INFO: [ app_begin ] --END-- [ RunTime:0.008121s ]
SQL: SHOW COLUMNS FROM `btc_w_closeset` [ RunTime:0.0090s ]
SQL: UPDATE `btc_w_closeset` SET `last`='6347.21',`open`='6350.87',`low`='6314.89',`high`='6495.59',`update_time`='1540893957' WHERE ( id=1 ) [ RunTime:0.0005s ]
INFO: [ app_end ] --START--
INFO: Run Behavior\ShowPageTraceBehavior [ RunTime:0.001334s ]
INFO: [ app_end ] --END-- [ RunTime:0.001389s ]

[ 2018-10-30T18:05:58+08:00 ] 192.168.0.128 /Float/Index/getbtc
INFO: [ app_init ] --START--
INFO: Run Behavior\BuildLiteBehavior [ RunTime:0.000014s ]
INFO: [ app_init ] --END-- [ RunTime:0.000557s ]
INFO: [ app_begin ] --START--
INFO: Run Behavior\ReadHtmlCacheBehavior [ RunTime:0.000994s ]
INFO: Run Behavior\CheckLangBehavior [ RunTime:0.005267s ]
INFO: [ app_begin ] --END-- [ RunTime:0.006370s ]
SQL: SHOW COLUMNS FROM `btc_w_closeset` [ RunTime:0.0083s ]
SQL: SELECT `last`,`open`,`low`,`high`,`update_time` FROM `btc_w_closeset` WHERE ( id=1 ) LIMIT 1   [ RunTime:0.0003s ]

[ 2018-10-30T18:15:09+08:00 ] 192.168.0.128 /Float/Index/getbtc
INFO: [ app_init ] --START--
INFO: Run Behavior\BuildLiteBehavior [ RunTime:0.000015s ]
INFO: [ app_init ] --END-- [ RunTime:0.000954s ]
INFO: [ app_begin ] --START--
INFO: Run Behavior\ReadHtmlCacheBehavior [ RunTime:0.001204s ]
INFO: Run Behavior\CheckLangBehavior [ RunTime:0.004875s ]
INFO: [ app_begin ] --END-- [ RunTime:0.006188s ]
SQL: SHOW COLUMNS FROM `btc_w_closeset` [ RunTime:0.2091s ]
SQL: SELECT `last`,`open`,`low`,`high`,`update_time` FROM `btc_w_closeset` WHERE ( id=1 ) LIMIT 1   [ RunTime:0.0003s ]

[ 2018-10-30T18:15:41+08:00 ] 192.168.0.128 /float/index/updatebtc
INFO: [ app_init ] --START--
INFO: Run Behavior\BuildLiteBehavior [ RunTime:0.000027s ]
INFO: [ app_init ] --END-- [ RunTime:0.001573s ]
INFO: [ app_begin ] --START--
INFO: Run Behavior\ReadHtmlCacheBehavior [ RunTime:0.002184s ]
INFO: Run Behavior\CheckLangBehavior [ RunTime:0.009786s ]
INFO: [ app_begin ] --END-- [ RunTime:0.012187s ]
SQL: SHOW COLUMNS FROM `btc_w_closeset` [ RunTime:0.0090s ]
SQL: UPDATE `btc_w_closeset` SET `last`='6347.74',`open`='6349.19',`low`='6314.89',`high`='6493.61',`update_time`='1540894541' WHERE ( id=1 ) [ RunTime:0.0003s ]
INFO: [ app_end ] --START--
INFO: Run Behavior\ShowPageTraceBehavior [ RunTime:0.001310s ]
INFO: [ app_end ] --END-- [ RunTime:0.001358s ]

[ 2018-10-30T18:15:43+08:00 ] 192.168.0.128 /Float/Index/getbtc
INFO: [ app_init ] --START--
INFO: Run Behavior\BuildLiteBehavior [ RunTime:0.000014s ]
INFO: [ app_init ] --END-- [ RunTime:0.000520s ]
INFO: [ app_begin ] --START--
INFO: Run Behavior\ReadHtmlCacheBehavior [ RunTime:0.005204s ]
INFO: Run Behavior\CheckLangBehavior [ RunTime:0.004334s ]
INFO: [ app_begin ] --END-- [ RunTime:0.009661s ]
SQL: SHOW COLUMNS FROM `btc_w_closeset` [ RunTime:0.0078s ]
SQL: SELECT `last`,`open`,`low`,`high`,`update_time` FROM `btc_w_closeset` WHERE ( id=1 ) LIMIT 1   [ RunTime:0.0003s ]

[ 2018-10-30T18:16:09+08:00 ] 192.168.0.128 /Float/Index/getbtc
INFO: [ app_init ] --START--
INFO: Run Behavior\BuildLiteBehavior [ RunTime:0.000015s ]
INFO: [ app_init ] --END-- [ RunTime:0.000599s ]
INFO: [ app_begin ] --START--
INFO: Run Behavior\ReadHtmlCacheBehavior [ RunTime:0.001062s ]
INFO: Run Behavior\CheckLangBehavior [ RunTime:0.004333s ]
INFO: [ app_begin ] --END-- [ RunTime:0.005496s ]
SQL: SHOW COLUMNS FROM `btc_w_closeset` [ RunTime:0.0080s ]
SQL: SELECT `last`,`open`,`low`,`high`,`update_time` FROM `btc_w_closeset` WHERE ( id=1 ) LIMIT 1   [ RunTime:0.0003s ]

[ 2018-10-30T18:16:42+08:00 ] 192.168.0.128 /Float/Index/getbtc
INFO: [ app_init ] --START--
INFO: Run Behavior\BuildLiteBehavior [ RunTime:0.000014s ]
INFO: [ app_init ] --END-- [ RunTime:0.000545s ]
INFO: [ app_begin ] --START--
INFO: Run Behavior\ReadHtmlCacheBehavior [ RunTime:0.000927s ]
INFO: Run Behavior\CheckLangBehavior [ RunTime:0.003512s ]
INFO: [ app_begin ] --END-- [ RunTime:0.004524s ]
SQL: SHOW COLUMNS FROM `btc_w_closeset` [ RunTime:0.0079s ]
SQL: SELECT `last`,`open`,`low`,`high`,`update_time` FROM `btc_w_closeset` WHERE ( id=1 ) LIMIT 1   [ RunTime:0.0003s ]

[ 2018-10-30T18:17:10+08:00 ] 192.168.0.128 /Float/Index/getbtc
INFO: [ app_init ] --START--
INFO: Run Behavior\BuildLiteBehavior [ RunTime:0.000015s ]
INFO: [ app_init ] --END-- [ RunTime:0.000738s ]
INFO: [ app_begin ] --START--
INFO: Run Behavior\ReadHtmlCacheBehavior [ RunTime:0.000859s ]
INFO: Run Behavior\CheckLangBehavior [ RunTime:0.008691s ]
INFO: [ app_begin ] --END-- [ RunTime:0.009643s ]
SQL: SHOW COLUMNS FROM `btc_w_closeset` [ RunTime:0.0141s ]
SQL: SELECT `last`,`open`,`low`,`high`,`update_time` FROM `btc_w_closeset` WHERE ( id=1 ) LIMIT 1   [ RunTime:0.0003s ]

[ 2018-10-30T18:17:46+08:00 ] 192.168.0.128 /Float/Index/getbtc
INFO: [ app_init ] --START--
INFO: Run Behavior\BuildLiteBehavior [ RunTime:0.000015s ]
INFO: [ app_init ] --END-- [ RunTime:0.000623s ]
INFO: [ app_begin ] --START--
INFO: Run Behavior\ReadHtmlCacheBehavior [ RunTime:0.000926s ]
INFO: Run Behavior\CheckLangBehavior [ RunTime:0.003907s ]
INFO: [ app_begin ] --END-- [ RunTime:0.004922s ]
SQL: SHOW COLUMNS FROM `btc_w_closeset` [ RunTime:0.0085s ]
SQL: SELECT `last`,`open`,`low`,`high`,`update_time` FROM `btc_w_closeset` WHERE ( id=1 ) LIMIT 1   [ RunTime:0.0003s ]

[ 2018-10-30T18:18:14+08:00 ] 192.168.0.128 /Float/Index/getbtc
INFO: [ app_init ] --START--
INFO: Run Behavior\BuildLiteBehavior [ RunTime:0.000016s ]
INFO: [ app_init ] --END-- [ RunTime:0.000606s ]
INFO: [ app_begin ] --START--
INFO: Run Behavior\ReadHtmlCacheBehavior [ RunTime:0.001020s ]
INFO: Run Behavior\CheckLangBehavior [ RunTime:0.003960s ]
INFO: [ app_begin ] --END-- [ RunTime:0.005081s ]
SQL: SHOW COLUMNS FROM `btc_w_closeset` [ RunTime:0.0084s ]
SQL: SELECT `last`,`open`,`low`,`high`,`update_time` FROM `btc_w_closeset` WHERE ( id=1 ) LIMIT 1   [ RunTime:0.0003s ]

[ 2018-10-30T18:18:49+08:00 ] 192.168.0.128 /Float/Index/getbtc
INFO: [ app_init ] --START--
INFO: Run Behavior\BuildLiteBehavior [ RunTime:0.000016s ]
INFO: [ app_init ] --END-- [ RunTime:0.000657s ]
INFO: [ app_begin ] --START--
INFO: Run Behavior\ReadHtmlCacheBehavior [ RunTime:0.001355s ]
INFO: Run Behavior\CheckLangBehavior [ RunTime:0.004001s ]
INFO: [ app_begin ] --END-- [ RunTime:0.005473s ]
SQL: SHOW COLUMNS FROM `btc_w_closeset` [ RunTime:0.0079s ]
SQL: SELECT `last`,`open`,`low`,`high`,`update_time` FROM `btc_w_closeset` WHERE ( id=1 ) LIMIT 1   [ RunTime:0.0003s ]

[ 2018-10-30T18:19:16+08:00 ] 192.168.0.128 /Float/Index/getbtc
INFO: [ app_init ] --START--
INFO: Run Behavior\BuildLiteBehavior [ RunTime:0.000015s ]
INFO: [ app_init ] --END-- [ RunTime:0.000680s ]
INFO: [ app_begin ] --START--
INFO: Run Behavior\ReadHtmlCacheBehavior [ RunTime:0.001072s ]
INFO: Run Behavior\CheckLangBehavior [ RunTime:0.004148s ]
INFO: [ app_begin ] --END-- [ RunTime:0.005338s ]
SQL: SHOW COLUMNS FROM `btc_w_closeset` [ RunTime:0.0082s ]
SQL: SELECT `last`,`open`,`low`,`high`,`update_time` FROM `btc_w_closeset` WHERE ( id=1 ) LIMIT 1   [ RunTime:0.0004s ]

[ 2018-10-30T18:19:52+08:00 ] 192.168.0.128 /Float/Index/getbtc
INFO: [ app_init ] --START--
INFO: Run Behavior\BuildLiteBehavior [ RunTime:0.000016s ]
INFO: [ app_init ] --END-- [ RunTime:0.000711s ]
INFO: [ app_begin ] --START--
INFO: Run Behavior\ReadHtmlCacheBehavior [ RunTime:0.001004s ]
INFO: Run Behavior\CheckLangBehavior [ RunTime:0.004464s ]
INFO: [ app_begin ] --END-- [ RunTime:0.005579s ]
SQL: SHOW COLUMNS FROM `btc_w_closeset` [ RunTime:0.0084s ]
SQL: SELECT `last`,`open`,`low`,`high`,`update_time` FROM `btc_w_closeset` WHERE ( id=1 ) LIMIT 1   [ RunTime:0.0003s ]

[ 2018-10-30T18:20:21+08:00 ] 192.168.0.128 /float/index/updatebtc
INFO: [ app_init ] --START--
INFO: Run Behavior\BuildLiteBehavior [ RunTime:0.000012s ]
INFO: [ app_init ] --END-- [ RunTime:0.000462s ]
INFO: [ app_begin ] --START--
INFO: Run Behavior\ReadHtmlCacheBehavior [ RunTime:0.000885s ]
INFO: Run Behavior\CheckLangBehavior [ RunTime:0.003932s ]
INFO: [ app_begin ] --END-- [ RunTime:0.004912s ]
SQL: SHOW COLUMNS FROM `btc_w_closeset` [ RunTime:0.0084s ]
SQL: UPDATE `btc_w_closeset` SET `last`='6349.04',`open`='6349.04',`low`='6314.89',`high`='6493.61',`update_time`='1540894821' WHERE ( id=1 ) [ RunTime:0.0004s ]
INFO: [ app_end ] --START--
INFO: Run Behavior\ShowPageTraceBehavior [ RunTime:0.001074s ]
INFO: [ app_end ] --END-- [ RunTime:0.001121s ]

[ 2018-10-30T18:20:22+08:00 ] 192.168.0.128 /Float/Index/getbtc
INFO: [ app_init ] --START--
INFO: Run Behavior\BuildLiteBehavior [ RunTime:0.000014s ]
INFO: [ app_init ] --END-- [ RunTime:0.000659s ]
INFO: [ app_begin ] --START--
INFO: Run Behavior\ReadHtmlCacheBehavior [ RunTime:0.000995s ]
INFO: Run Behavior\CheckLangBehavior [ RunTime:0.004207s ]
INFO: [ app_begin ] --END-- [ RunTime:0.005312s ]
SQL: SHOW COLUMNS FROM `btc_w_closeset` [ RunTime:0.0089s ]
SQL: SELECT `last`,`open`,`low`,`high`,`update_time` FROM `btc_w_closeset` WHERE ( id=1 ) LIMIT 1   [ RunTime:0.0003s ]

[ 2018-10-30T18:20:56+08:00 ] 192.168.0.128 /Float/Index/getbtc
INFO: [ app_init ] --START--
INFO: Run Behavior\BuildLiteBehavior [ RunTime:0.000015s ]
INFO: [ app_init ] --END-- [ RunTime:0.000489s ]
INFO: [ app_begin ] --START--
INFO: Run Behavior\ReadHtmlCacheBehavior [ RunTime:0.000881s ]
INFO: Run Behavior\CheckLangBehavior [ RunTime:0.003526s ]
INFO: [ app_begin ] --END-- [ RunTime:0.004494s ]
SQL: SHOW COLUMNS FROM `btc_w_closeset` [ RunTime:0.0077s ]
SQL: SELECT `last`,`open`,`low`,`high`,`update_time` FROM `btc_w_closeset` WHERE ( id=1 ) LIMIT 1   [ RunTime:0.0003s ]

[ 2018-10-30T18:21:24+08:00 ] 192.168.0.128 /Float/Index/getbtc
INFO: [ app_init ] --START--
INFO: Run Behavior\BuildLiteBehavior [ RunTime:0.000013s ]
INFO: [ app_init ] --END-- [ RunTime:0.000617s ]
INFO: [ app_begin ] --START--
INFO: Run Behavior\ReadHtmlCacheBehavior [ RunTime:0.000855s ]
INFO: Run Behavior\CheckLangBehavior [ RunTime:0.004208s ]
INFO: [ app_begin ] --END-- [ RunTime:0.005160s ]
SQL: SHOW COLUMNS FROM `btc_w_closeset` [ RunTime:0.0088s ]
SQL: SELECT `last`,`open`,`low`,`high`,`update_time` FROM `btc_w_closeset` WHERE ( id=1 ) LIMIT 1   [ RunTime:0.0004s ]

[ 2018-10-30T18:21:54+08:00 ] 192.168.0.128 /Float/Index/getbtc
INFO: [ app_init ] --START--
INFO: Run Behavior\BuildLiteBehavior [ RunTime:0.000016s ]
INFO: [ app_init ] --END-- [ RunTime:0.000643s ]
INFO: [ app_begin ] --START--
INFO: Run Behavior\ReadHtmlCacheBehavior [ RunTime:0.000943s ]
INFO: Run Behavior\CheckLangBehavior [ RunTime:0.003694s ]
INFO: [ app_begin ] --END-- [ RunTime:0.004729s ]
SQL: SHOW COLUMNS FROM `btc_w_closeset` [ RunTime:0.0193s ]
SQL: SELECT `last`,`open`,`low`,`high`,`update_time` FROM `btc_w_closeset` WHERE ( id=1 ) LIMIT 1   [ RunTime:0.0006s ]

[ 2018-10-30T18:22:23+08:00 ] 192.168.0.128 /Float/Index/getbtc
INFO: [ app_init ] --START--
INFO: Run Behavior\BuildLiteBehavior [ RunTime:0.000014s ]
INFO: [ app_init ] --END-- [ RunTime:0.000576s ]
INFO: [ app_begin ] --START--
INFO: Run Behavior\ReadHtmlCacheBehavior [ RunTime:0.001012s ]
INFO: Run Behavior\CheckLangBehavior [ RunTime:0.003994s ]
INFO: [ app_begin ] --END-- [ RunTime:0.005121s ]
SQL: SHOW COLUMNS FROM `btc_w_closeset` [ RunTime:0.0075s ]
SQL: SELECT `last`,`open`,`low`,`high`,`update_time` FROM `btc_w_closeset` WHERE ( id=1 ) LIMIT 1   [ RunTime:0.0003s ]

[ 2018-10-30T18:22:57+08:00 ] 192.168.0.128 /Float/Index/getbtc
INFO: [ app_init ] --START--
INFO: Run Behavior\BuildLiteBehavior [ RunTime:0.000014s ]
INFO: [ app_init ] --END-- [ RunTime:0.000757s ]
INFO: [ app_begin ] --START--
INFO: Run Behavior\ReadHtmlCacheBehavior [ RunTime:0.000894s ]
INFO: Run Behavior\CheckLangBehavior [ RunTime:0.003901s ]
INFO: [ app_begin ] --END-- [ RunTime:0.004888s ]
SQL: SHOW COLUMNS FROM `btc_w_closeset` [ RunTime:0.0083s ]
SQL: SELECT `last`,`open`,`low`,`high`,`update_time` FROM `btc_w_closeset` WHERE ( id=1 ) LIMIT 1   [ RunTime:0.0003s ]

[ 2018-10-30T18:23:27+08:00 ] 192.168.0.128 /Float/Index/getbtc
INFO: [ app_init ] --START--
INFO: Run Behavior\BuildLiteBehavior [ RunTime:0.000014s ]
INFO: [ app_init ] --END-- [ RunTime:0.000783s ]
INFO: [ app_begin ] --START--
INFO: Run Behavior\ReadHtmlCacheBehavior [ RunTime:0.000899s ]
INFO: Run Behavior\CheckLangBehavior [ RunTime:0.007308s ]
INFO: [ app_begin ] --END-- [ RunTime:0.008308s ]
SQL: SHOW COLUMNS FROM `btc_w_closeset` [ RunTime:0.0079s ]
SQL: SELECT `last`,`open`,`low`,`high`,`update_time` FROM `btc_w_closeset` WHERE ( id=1 ) LIMIT 1   [ RunTime:0.0003s ]

[ 2018-10-30T18:23:59+08:00 ] 192.168.0.128 /Float/Index/getbtc
INFO: [ app_init ] --START--
INFO: Run Behavior\BuildLiteBehavior [ RunTime:0.000014s ]
INFO: [ app_init ] --END-- [ RunTime:0.000539s ]
INFO: [ app_begin ] --START--
INFO: Run Behavior\ReadHtmlCacheBehavior [ RunTime:0.000974s ]
INFO: Run Behavior\CheckLangBehavior [ RunTime:0.003922s ]
INFO: [ app_begin ] --END-- [ RunTime:0.004999s ]
SQL: SHOW COLUMNS FROM `btc_w_closeset` [ RunTime:0.0087s ]
SQL: SELECT `last`,`open`,`low`,`high`,`update_time` FROM `btc_w_closeset` WHERE ( id=1 ) LIMIT 1   [ RunTime:0.0003s ]

[ 2018-10-30T18:24:25+08:00 ] 192.168.0.128 /Float/Index/getbtc
INFO: [ app_init ] --START--
INFO: Run Behavior\BuildLiteBehavior [ RunTime:0.000013s ]
INFO: [ app_init ] --END-- [ RunTime:0.000563s ]
INFO: [ app_begin ] --START--
INFO: Run Behavior\ReadHtmlCacheBehavior [ RunTime:0.000825s ]
INFO: Run Behavior\CheckLangBehavior [ RunTime:0.003665s ]
INFO: [ app_begin ] --END-- [ RunTime:0.004571s ]
SQL: SHOW COLUMNS FROM `btc_w_closeset` [ RunTime:0.0103s ]
SQL: SELECT `last`,`open`,`low`,`high`,`update_time` FROM `btc_w_closeset` WHERE ( id=1 ) LIMIT 1   [ RunTime:0.0004s ]

[ 2018-10-30T18:24:55+08:00 ] 192.168.0.128 /Float/Index/getbtc
INFO: [ app_init ] --START--
INFO: Run Behavior\BuildLiteBehavior [ RunTime:0.000014s ]
INFO: [ app_init ] --END-- [ RunTime:0.000511s ]
INFO: [ app_begin ] --START--
INFO: Run Behavior\ReadHtmlCacheBehavior [ RunTime:0.000852s ]
INFO: Run Behavior\CheckLangBehavior [ RunTime:0.010277s ]
INFO: [ app_begin ] --END-- [ RunTime:0.011240s ]
SQL: SHOW COLUMNS FROM `btc_w_closeset` [ RunTime:0.0074s ]
SQL: SELECT `last`,`open`,`low`,`high`,`update_time` FROM `btc_w_closeset` WHERE ( id=1 ) LIMIT 1   [ RunTime:0.0003s ]

[ 2018-10-30T18:25:36+08:00 ] 192.168.0.128 /float/index/updatebtc
INFO: [ app_init ] --START--
INFO: Run Behavior\BuildLiteBehavior [ RunTime:0.000016s ]
INFO: [ app_init ] --END-- [ RunTime:0.000877s ]
INFO: [ app_begin ] --START--
INFO: Run Behavior\ReadHtmlCacheBehavior [ RunTime:0.001046s ]
INFO: Run Behavior\CheckLangBehavior [ RunTime:0.006123s ]
INFO: [ app_begin ] --END-- [ RunTime:0.007277s ]
SQL: SHOW COLUMNS FROM `btc_w_closeset` [ RunTime:0.0095s ]
SQL: UPDATE `btc_w_closeset` SET `last`='6353.76',`open`='6353.76',`low`='6314.89',`high`='6493.61',`update_time`='1540895136' WHERE ( id=1 ) [ RunTime:0.0005s ]
INFO: [ app_end ] --START--
INFO: Run Behavior\ShowPageTraceBehavior [ RunTime:0.008483s ]
INFO: [ app_end ] --END-- [ RunTime:0.008549s ]

[ 2018-10-30T18:25:37+08:00 ] 192.168.0.128 /Float/Index/getbtc
INFO: [ app_init ] --START--
INFO: Run Behavior\BuildLiteBehavior [ RunTime:0.000013s ]
INFO: [ app_init ] --END-- [ RunTime:0.000537s ]
INFO: [ app_begin ] --START--
INFO: Run Behavior\ReadHtmlCacheBehavior [ RunTime:0.000913s ]
INFO: Run Behavior\CheckLangBehavior [ RunTime:0.003759s ]
INFO: [ app_begin ] --END-- [ RunTime:0.004757s ]
SQL: SHOW COLUMNS FROM `btc_w_closeset` [ RunTime:0.0082s ]
SQL: SELECT `last`,`open`,`low`,`high`,`update_time` FROM `btc_w_closeset` WHERE ( id=1 ) LIMIT 1   [ RunTime:0.0003s ]

[ 2018-10-30T18:26:09+08:00 ] 192.168.0.128 /Float/Index/getbtc
INFO: [ app_init ] --START--
INFO: Run Behavior\BuildLiteBehavior [ RunTime:0.000012s ]
INFO: [ app_init ] --END-- [ RunTime:0.000468s ]
INFO: [ app_begin ] --START--
INFO: Run Behavior\ReadHtmlCacheBehavior [ RunTime:0.001127s ]
INFO: Run Behavior\CheckLangBehavior [ RunTime:0.003750s ]
INFO: [ app_begin ] --END-- [ RunTime:0.004969s ]
SQL: SHOW COLUMNS FROM `btc_w_closeset` [ RunTime:0.0086s ]
SQL: SELECT `last`,`open`,`low`,`high`,`update_time` FROM `btc_w_closeset` WHERE ( id=1 ) LIMIT 1   [ RunTime:0.0003s ]

[ 2018-10-30T18:26:37+08:00 ] 192.168.0.128 /Float/Index/getbtc
INFO: [ app_init ] --START--
INFO: Run Behavior\BuildLiteBehavior [ RunTime:0.000014s ]
INFO: [ app_init ] --END-- [ RunTime:0.000611s ]
INFO: [ app_begin ] --START--
INFO: Run Behavior\ReadHtmlCacheBehavior [ RunTime:0.001000s ]
INFO: Run Behavior\CheckLangBehavior [ RunTime:0.003799s ]
INFO: [ app_begin ] --END-- [ RunTime:0.004899s ]
SQL: SHOW COLUMNS FROM `btc_w_closeset` [ RunTime:0.0084s ]
SQL: SELECT `last`,`open`,`low`,`high`,`update_time` FROM `btc_w_closeset` WHERE ( id=1 ) LIMIT 1   [ RunTime:0.0003s ]

[ 2018-10-30T18:27:07+08:00 ] 192.168.0.128 /Float/Index/getbtc
INFO: [ app_init ] --START--
INFO: Run Behavior\BuildLiteBehavior [ RunTime:0.000015s ]
INFO: [ app_init ] --END-- [ RunTime:0.000560s ]
INFO: [ app_begin ] --START--
INFO: Run Behavior\ReadHtmlCacheBehavior [ RunTime:0.000929s ]
INFO: Run Behavior\CheckLangBehavior [ RunTime:0.004030s ]
INFO: [ app_begin ] --END-- [ RunTime:0.005071s ]
SQL: SHOW COLUMNS FROM `btc_w_closeset` [ RunTime:0.0085s ]
SQL: SELECT `last`,`open`,`low`,`high`,`update_time` FROM `btc_w_closeset` WHERE ( id=1 ) LIMIT 1   [ RunTime:0.0003s ]

[ 2018-10-30T18:27:40+08:00 ] 192.168.0.128 /Float/Index/getbtc
INFO: [ app_init ] --START--
INFO: Run Behavior\BuildLiteBehavior [ RunTime:0.000015s ]
INFO: [ app_init ] --END-- [ RunTime:0.000677s ]
INFO: [ app_begin ] --START--
INFO: Run Behavior\ReadHtmlCacheBehavior [ RunTime:0.000934s ]
INFO: Run Behavior\CheckLangBehavior [ RunTime:0.003575s ]
INFO: [ app_begin ] --END-- [ RunTime:0.004601s ]
SQL: SHOW COLUMNS FROM `btc_w_closeset` [ RunTime:0.0078s ]
SQL: SELECT `last`,`open`,`low`,`high`,`update_time` FROM `btc_w_closeset` WHERE ( id=1 ) LIMIT 1   [ RunTime:0.0003s ]

[ 2018-10-30T18:28:23+08:00 ] 192.168.0.128 /Float/Index/getbtc
INFO: [ app_init ] --START--
INFO: Run Behavior\BuildLiteBehavior [ RunTime:0.000018s ]
INFO: [ app_init ] --END-- [ RunTime:0.000724s ]
INFO: [ app_begin ] --START--
INFO: Run Behavior\ReadHtmlCacheBehavior [ RunTime:0.001004s ]
INFO: Run Behavior\CheckLangBehavior [ RunTime:0.003675s ]
INFO: [ app_begin ] --END-- [ RunTime:0.004779s ]
SQL: SHOW COLUMNS FROM `btc_w_closeset` [ RunTime:0.0081s ]
SQL: SELECT `last`,`open`,`low`,`high`,`update_time` FROM `btc_w_closeset` WHERE ( id=1 ) LIMIT 1   [ RunTime:0.0003s ]

[ 2018-10-30T18:28:52+08:00 ] 192.168.0.128 /Float/Index/getbtc
INFO: [ app_init ] --START--
INFO: Run Behavior\BuildLiteBehavior [ RunTime:0.000015s ]
INFO: [ app_init ] --END-- [ RunTime:0.000546s ]
INFO: [ app_begin ] --START--
INFO: Run Behavior\ReadHtmlCacheBehavior [ RunTime:0.000919s ]
INFO: Run Behavior\CheckLangBehavior [ RunTime:0.003862s ]
INFO: [ app_begin ] --END-- [ RunTime:0.004870s ]
SQL: SHOW COLUMNS FROM `btc_w_closeset` [ RunTime:0.0081s ]
SQL: SELECT `last`,`open`,`low`,`high`,`update_time` FROM `btc_w_closeset` WHERE ( id=1 ) LIMIT 1   [ RunTime:0.0003s ]

[ 2018-10-30T18:29:42+08:00 ] 192.168.0.128 /Float/Index/getbtc
INFO: [ app_init ] --START--
INFO: Run Behavior\BuildLiteBehavior [ RunTime:0.000014s ]
INFO: [ app_init ] --END-- [ RunTime:0.000720s ]
INFO: [ app_begin ] --START--
INFO: Run Behavior\ReadHtmlCacheBehavior [ RunTime:0.000814s ]
INFO: Run Behavior\CheckLangBehavior [ RunTime:0.003762s ]
INFO: [ app_begin ] --END-- [ RunTime:0.004662s ]
SQL: SHOW COLUMNS FROM `btc_w_closeset` [ RunTime:0.0080s ]
SQL: SELECT `last`,`open`,`low`,`high`,`update_time` FROM `btc_w_closeset` WHERE ( id=1 ) LIMIT 1   [ RunTime:0.0003s ]

[ 2018-10-30T18:30:07+08:00 ] 192.168.0.128 /float/index/updatebtc
INFO: [ app_init ] --START--
INFO: Run Behavior\BuildLiteBehavior [ RunTime:0.000012s ]
INFO: [ app_init ] --END-- [ RunTime:0.000475s ]
INFO: [ app_begin ] --START--
INFO: Run Behavior\ReadHtmlCacheBehavior [ RunTime:0.001016s ]
INFO: Run Behavior\CheckLangBehavior [ RunTime:0.003938s ]
INFO: [ app_begin ] --END-- [ RunTime:0.005061s ]
SQL: SHOW COLUMNS FROM `btc_w_closeset` [ RunTime:0.0087s ]
SQL: UPDATE `btc_w_closeset` SET `last`='6353.38',`open`='6353.7',`low`='6314.89',`high`='6493.61',`update_time`='1540895407' WHERE ( id=1 ) [ RunTime:0.0005s ]
INFO: [ app_end ] --START--
INFO: Run Behavior\ShowPageTraceBehavior [ RunTime:0.004757s ]
INFO: [ app_end ] --END-- [ RunTime:0.004830s ]

[ 2018-10-30T18:30:09+08:00 ] 192.168.0.128 /Float/Index/getbtc
INFO: [ app_init ] --START--
INFO: Run Behavior\BuildLiteBehavior [ RunTime:0.000015s ]
INFO: [ app_init ] --END-- [ RunTime:0.000552s ]
INFO: [ app_begin ] --START--
INFO: Run Behavior\ReadHtmlCacheBehavior [ RunTime:0.000891s ]
INFO: Run Behavior\CheckLangBehavior [ RunTime:0.003425s ]
INFO: [ app_begin ] --END-- [ RunTime:0.004405s ]
SQL: SHOW COLUMNS FROM `btc_w_closeset` [ RunTime:0.0077s ]
SQL: SELECT `last`,`open`,`low`,`high`,`update_time` FROM `btc_w_closeset` WHERE ( id=1 ) LIMIT 1   [ RunTime:0.0003s ]

[ 2018-10-30T18:30:37+08:00 ] 192.168.0.128 /Float/Index/getbtc
INFO: [ app_init ] --START--
INFO: Run Behavior\BuildLiteBehavior [ RunTime:0.000014s ]
INFO: [ app_init ] --END-- [ RunTime:0.000559s ]
INFO: [ app_begin ] --START--
INFO: Run Behavior\ReadHtmlCacheBehavior [ RunTime:0.000965s ]
INFO: Run Behavior\CheckLangBehavior [ RunTime:0.003996s ]
INFO: [ app_begin ] --END-- [ RunTime:0.005050s ]
SQL: SHOW COLUMNS FROM `btc_w_closeset` [ RunTime:0.0084s ]
SQL: SELECT `last`,`open`,`low`,`high`,`update_time` FROM `btc_w_closeset` WHERE ( id=1 ) LIMIT 1   [ RunTime:0.0003s ]

[ 2018-10-30T18:31:01+08:00 ] 192.168.0.128 /Float/Index/getbtc
INFO: [ app_init ] --START--
INFO: Run Behavior\BuildLiteBehavior [ RunTime:0.000015s ]
INFO: [ app_init ] --END-- [ RunTime:0.000595s ]
INFO: [ app_begin ] --START--
INFO: Run Behavior\ReadHtmlCacheBehavior [ RunTime:0.000964s ]
INFO: Run Behavior\CheckLangBehavior [ RunTime:0.003483s ]
INFO: [ app_begin ] --END-- [ RunTime:0.004532s ]
SQL: SHOW COLUMNS FROM `btc_w_closeset` [ RunTime:0.0076s ]
SQL: SELECT `last`,`open`,`low`,`high`,`update_time` FROM `btc_w_closeset` WHERE ( id=1 ) LIMIT 1   [ RunTime:0.0003s ]

[ 2018-10-30T18:31:33+08:00 ] 192.168.0.128 /Float/Index/getbtc
INFO: [ app_init ] --START--
INFO: Run Behavior\BuildLiteBehavior [ RunTime:0.000014s ]
INFO: [ app_init ] --END-- [ RunTime:0.000495s ]
INFO: [ app_begin ] --START--
INFO: Run Behavior\ReadHtmlCacheBehavior [ RunTime:0.000867s ]
INFO: Run Behavior\CheckLangBehavior [ RunTime:0.003349s ]
INFO: [ app_begin ] --END-- [ RunTime:0.004297s ]
SQL: SHOW COLUMNS FROM `btc_w_closeset` [ RunTime:0.0077s ]
SQL: SELECT `last`,`open`,`low`,`high`,`update_time` FROM `btc_w_closeset` WHERE ( id=1 ) LIMIT 1   [ RunTime:0.0003s ]

[ 2018-10-30T18:31:58+08:00 ] 192.168.0.128 /Float/Index/getbtc
INFO: [ app_init ] --START--
INFO: Run Behavior\BuildLiteBehavior [ RunTime:0.000013s ]
INFO: [ app_init ] --END-- [ RunTime:0.000800s ]
INFO: [ app_begin ] --START--
INFO: Run Behavior\ReadHtmlCacheBehavior [ RunTime:0.000860s ]
INFO: Run Behavior\CheckLangBehavior [ RunTime:0.004498s ]
INFO: [ app_begin ] --END-- [ RunTime:0.005455s ]
SQL: SHOW COLUMNS FROM `btc_w_closeset` [ RunTime:0.0078s ]
SQL: SELECT `last`,`open`,`low`,`high`,`update_time` FROM `btc_w_closeset` WHERE ( id=1 ) LIMIT 1   [ RunTime:0.0003s ]

[ 2018-10-30T18:32:25+08:00 ] 192.168.0.128 /Float/Index/getbtc
INFO: [ app_init ] --START--
INFO: Run Behavior\BuildLiteBehavior [ RunTime:0.000015s ]
INFO: [ app_init ] --END-- [ RunTime:0.000548s ]
INFO: [ app_begin ] --START--
INFO: Run Behavior\ReadHtmlCacheBehavior [ RunTime:0.001058s ]
INFO: Run Behavior\CheckLangBehavior [ RunTime:0.004064s ]
INFO: [ app_begin ] --END-- [ RunTime:0.005230s ]
SQL: SHOW COLUMNS FROM `btc_w_closeset` [ RunTime:0.0083s ]
SQL: SELECT `last`,`open`,`low`,`high`,`update_time` FROM `btc_w_closeset` WHERE ( id=1 ) LIMIT 1   [ RunTime:0.0003s ]

[ 2018-10-30T18:32:51+08:00 ] 192.168.0.128 /Float/Index/getbtc
INFO: [ app_init ] --START--
INFO: Run Behavior\BuildLiteBehavior [ RunTime:0.000013s ]
INFO: [ app_init ] --END-- [ RunTime:0.000508s ]
INFO: [ app_begin ] --START--
INFO: Run Behavior\ReadHtmlCacheBehavior [ RunTime:0.000876s ]
INFO: Run Behavior\CheckLangBehavior [ RunTime:0.003362s ]
INFO: [ app_begin ] --END-- [ RunTime:0.004322s ]
SQL: SHOW COLUMNS FROM `btc_w_closeset` [ RunTime:0.0079s ]
SQL: SELECT `last`,`open`,`low`,`high`,`update_time` FROM `btc_w_closeset` WHERE ( id=1 ) LIMIT 1   [ RunTime:0.0003s ]

[ 2018-10-30T18:33:23+08:00 ] 192.168.0.128 /Float/Index/getbtc
INFO: [ app_init ] --START--
INFO: Run Behavior\BuildLiteBehavior [ RunTime:0.000012s ]
INFO: [ app_init ] --END-- [ RunTime:0.000499s ]
INFO: [ app_begin ] --START--
INFO: Run Behavior\ReadHtmlCacheBehavior [ RunTime:0.000830s ]
INFO: Run Behavior\CheckLangBehavior [ RunTime:0.003571s ]
INFO: [ app_begin ] --END-- [ RunTime:0.004495s ]
SQL: SHOW COLUMNS FROM `btc_w_closeset` [ RunTime:0.0090s ]
SQL: SELECT `last`,`open`,`low`,`high`,`update_time` FROM `btc_w_closeset` WHERE ( id=1 ) LIMIT 1   [ RunTime:0.0003s ]

[ 2018-10-30T18:33:34+08:00 ] 192.168.0.128 /Float/Index/getbtc
INFO: [ app_init ] --START--
INFO: Run Behavior\BuildLiteBehavior [ RunTime:0.000015s ]
INFO: [ app_init ] --END-- [ RunTime:0.000561s ]
INFO: [ app_begin ] --START--
INFO: Run Behavior\ReadHtmlCacheBehavior [ RunTime:0.000934s ]
INFO: Run Behavior\CheckLangBehavior [ RunTime:0.004492s ]
INFO: [ app_begin ] --END-- [ RunTime:0.005543s ]
SQL: SHOW COLUMNS FROM `btc_w_closeset` [ RunTime:0.0075s ]
SQL: SELECT `last`,`open`,`low`,`high`,`update_time` FROM `btc_w_closeset` WHERE ( id=1 ) LIMIT 1   [ RunTime:0.0003s ]

[ 2018-10-30T18:34:03+08:00 ] 192.168.0.128 /Float/Index/getbtc
INFO: [ app_init ] --START--
INFO: Run Behavior\BuildLiteBehavior [ RunTime:0.000013s ]
INFO: [ app_init ] --END-- [ RunTime:0.000680s ]
INFO: [ app_begin ] --START--
INFO: Run Behavior\ReadHtmlCacheBehavior [ RunTime:0.000972s ]
INFO: Run Behavior\CheckLangBehavior [ RunTime:0.004002s ]
INFO: [ app_begin ] --END-- [ RunTime:0.005087s ]
SQL: SHOW COLUMNS FROM `btc_w_closeset` [ RunTime:0.0101s ]
SQL: SELECT `last`,`open`,`low`,`high`,`update_time` FROM `btc_w_closeset` WHERE ( id=1 ) LIMIT 1   [ RunTime:0.0004s ]

[ 2018-10-30T18:34:17+08:00 ] 192.168.0.128 /Float/Index/getbtc
INFO: [ app_init ] --START--
INFO: Run Behavior\BuildLiteBehavior [ RunTime:0.000014s ]
INFO: [ app_init ] --END-- [ RunTime:0.000592s ]
INFO: [ app_begin ] --START--
INFO: Run Behavior\ReadHtmlCacheBehavior [ RunTime:0.001031s ]
INFO: Run Behavior\CheckLangBehavior [ RunTime:0.004039s ]
INFO: [ app_begin ] --END-- [ RunTime:0.005178s ]
SQL: SHOW COLUMNS FROM `btc_w_closeset` [ RunTime:0.0083s ]
SQL: SELECT `last`,`open`,`low`,`high`,`update_time` FROM `btc_w_closeset` WHERE ( id=1 ) LIMIT 1   [ RunTime:0.0003s ]

[ 2018-10-30T18:34:44+08:00 ] 192.168.0.128 /Float/Index/getbtc
INFO: [ app_init ] --START--
INFO: Run Behavior\BuildLiteBehavior [ RunTime:0.000012s ]
INFO: [ app_init ] --END-- [ RunTime:0.000534s ]
INFO: [ app_begin ] --START--
INFO: Run Behavior\ReadHtmlCacheBehavior [ RunTime:0.001025s ]
INFO: Run Behavior\CheckLangBehavior [ RunTime:0.004354s ]
INFO: [ app_begin ] --END-- [ RunTime:0.005481s ]
SQL: SHOW COLUMNS FROM `btc_w_closeset` [ RunTime:0.0083s ]
SQL: SELECT `last`,`open`,`low`,`high`,`update_time` FROM `btc_w_closeset` WHERE ( id=1 ) LIMIT 1   [ RunTime:0.0003s ]

[ 2018-10-30T18:35:10+08:00 ] 192.168.0.128 /float/index/updatebtc
INFO: [ app_init ] --START--
INFO: Run Behavior\BuildLiteBehavior [ RunTime:0.000013s ]
INFO: [ app_init ] --END-- [ RunTime:0.000498s ]
INFO: [ app_begin ] --START--
INFO: Run Behavior\ReadHtmlCacheBehavior [ RunTime:0.000871s ]
INFO: Run Behavior\CheckLangBehavior [ RunTime:0.007235s ]
INFO: [ app_begin ] --END-- [ RunTime:0.008199s ]
SQL: SHOW COLUMNS FROM `btc_w_closeset` [ RunTime:0.0077s ]
SQL: UPDATE `btc_w_closeset` SET `last`='6348.92',`open`='6351.14',`low`='6314.89',`high`='6493.61',`update_time`='1540895710' WHERE ( id=1 ) [ RunTime:0.0005s ]
INFO: [ app_end ] --START--
INFO: Run Behavior\ShowPageTraceBehavior [ RunTime:0.000995s ]
INFO: [ app_end ] --END-- [ RunTime:0.001042s ]

[ 2018-10-30T18:35:11+08:00 ] 192.168.0.128 /Float/Index/getbtc
INFO: [ app_init ] --START--
INFO: Run Behavior\BuildLiteBehavior [ RunTime:0.000012s ]
INFO: [ app_init ] --END-- [ RunTime:0.000542s ]
INFO: [ app_begin ] --START--
INFO: Run Behavior\ReadHtmlCacheBehavior [ RunTime:0.000986s ]
INFO: Run Behavior\CheckLangBehavior [ RunTime:0.003663s ]
INFO: [ app_begin ] --END-- [ RunTime:0.004751s ]
SQL: SHOW COLUMNS FROM `btc_w_closeset` [ RunTime:0.0957s ]
SQL: SELECT `last`,`open`,`low`,`high`,`update_time` FROM `btc_w_closeset` WHERE ( id=1 ) LIMIT 1   [ RunTime:0.0003s ]

[ 2018-10-30T18:35:41+08:00 ] 192.168.0.128 /Float/Index/getbtc
INFO: [ app_init ] --START--
INFO: Run Behavior\BuildLiteBehavior [ RunTime:0.000017s ]
INFO: [ app_init ] --END-- [ RunTime:0.000711s ]
INFO: [ app_begin ] --START--
INFO: Run Behavior\ReadHtmlCacheBehavior [ RunTime:0.000872s ]
INFO: Run Behavior\CheckLangBehavior [ RunTime:0.003738s ]
INFO: [ app_begin ] --END-- [ RunTime:0.004705s ]
SQL: SHOW COLUMNS FROM `btc_w_closeset` [ RunTime:0.0089s ]
SQL: SELECT `last`,`open`,`low`,`high`,`update_time` FROM `btc_w_closeset` WHERE ( id=1 ) LIMIT 1   [ RunTime:0.0003s ]

[ 2018-10-30T18:36:06+08:00 ] 192.168.0.128 /Float/Index/getbtc
INFO: [ app_init ] --START--
INFO: Run Behavior\BuildLiteBehavior [ RunTime:0.000013s ]
INFO: [ app_init ] --END-- [ RunTime:0.000727s ]
INFO: [ app_begin ] --START--
INFO: Run Behavior\ReadHtmlCacheBehavior [ RunTime:0.001107s ]
INFO: Run Behavior\CheckLangBehavior [ RunTime:0.004375s ]
INFO: [ app_begin ] --END-- [ RunTime:0.005593s ]
SQL: SHOW COLUMNS FROM `btc_w_closeset` [ RunTime:0.0072s ]
SQL: SELECT `last`,`open`,`low`,`high`,`update_time` FROM `btc_w_closeset` WHERE ( id=1 ) LIMIT 1   [ RunTime:0.0003s ]

[ 2018-10-30T18:36:45+08:00 ] 192.168.0.128 /Float/Index/getbtc
INFO: [ app_init ] --START--
INFO: Run Behavior\BuildLiteBehavior [ RunTime:0.000012s ]
INFO: [ app_init ] --END-- [ RunTime:0.000543s ]
INFO: [ app_begin ] --START--
INFO: Run Behavior\ReadHtmlCacheBehavior [ RunTime:0.000992s ]
INFO: Run Behavior\CheckLangBehavior [ RunTime:0.004142s ]
INFO: [ app_begin ] --END-- [ RunTime:0.005241s ]
SQL: SHOW COLUMNS FROM `btc_w_closeset` [ RunTime:0.0081s ]
SQL: SELECT `last`,`open`,`low`,`high`,`update_time` FROM `btc_w_closeset` WHERE ( id=1 ) LIMIT 1   [ RunTime:0.0003s ]

[ 2018-10-30T18:37:09+08:00 ] 192.168.0.128 /Float/Index/getbtc
INFO: [ app_init ] --START--
INFO: Run Behavior\BuildLiteBehavior [ RunTime:0.000011s ]
INFO: [ app_init ] --END-- [ RunTime:0.000479s ]
INFO: [ app_begin ] --START--
INFO: Run Behavior\ReadHtmlCacheBehavior [ RunTime:0.000775s ]
INFO: Run Behavior\CheckLangBehavior [ RunTime:0.003654s ]
INFO: [ app_begin ] --END-- [ RunTime:0.004511s ]
SQL: SHOW COLUMNS FROM `btc_w_closeset` [ RunTime:0.0081s ]
SQL: SELECT `last`,`open`,`low`,`high`,`update_time` FROM `btc_w_closeset` WHERE ( id=1 ) LIMIT 1   [ RunTime:0.0003s ]

[ 2018-10-30T18:37:47+08:00 ] 192.168.0.128 /Float/Index/getbtc
INFO: [ app_init ] --START--
INFO: Run Behavior\BuildLiteBehavior [ RunTime:0.000013s ]
INFO: [ app_init ] --END-- [ RunTime:0.000514s ]
INFO: [ app_begin ] --START--
INFO: Run Behavior\ReadHtmlCacheBehavior [ RunTime:0.000894s ]
INFO: Run Behavior\CheckLangBehavior [ RunTime:0.007193s ]
INFO: [ app_begin ] --END-- [ RunTime:0.008172s ]
SQL: SHOW COLUMNS FROM `btc_w_closeset` [ RunTime:0.0095s ]
SQL: SELECT `last`,`open`,`low`,`high`,`update_time` FROM `btc_w_closeset` WHERE ( id=1 ) LIMIT 1   [ RunTime:0.0003s ]

[ 2018-10-30T18:38:17+08:00 ] 192.168.0.128 /Float/Index/getbtc
INFO: [ app_init ] --START--
INFO: Run Behavior\BuildLiteBehavior [ RunTime:0.000012s ]
INFO: [ app_init ] --END-- [ RunTime:0.000601s ]
INFO: [ app_begin ] --START--
INFO: Run Behavior\ReadHtmlCacheBehavior [ RunTime:0.000990s ]
INFO: Run Behavior\CheckLangBehavior [ RunTime:0.004999s ]
INFO: [ app_begin ] --END-- [ RunTime:0.006123s ]
SQL: SHOW COLUMNS FROM `btc_w_closeset` [ RunTime:0.0076s ]
SQL: SELECT `last`,`open`,`low`,`high`,`update_time` FROM `btc_w_closeset` WHERE ( id=1 ) LIMIT 1   [ RunTime:0.0003s ]

[ 2018-10-30T18:38:52+08:00 ] 192.168.0.128 /Float/Index/getbtc
INFO: [ app_init ] --START--
INFO: Run Behavior\BuildLiteBehavior [ RunTime:0.000013s ]
INFO: [ app_init ] --END-- [ RunTime:0.000530s ]
INFO: [ app_begin ] --START--
INFO: Run Behavior\ReadHtmlCacheBehavior [ RunTime:0.000935s ]
INFO: Run Behavior\CheckLangBehavior [ RunTime:0.004279s ]
INFO: [ app_begin ] --END-- [ RunTime:0.005313s ]
SQL: SHOW COLUMNS FROM `btc_w_closeset` [ RunTime:0.0093s ]
SQL: SELECT `last`,`open`,`low`,`high`,`update_time` FROM `btc_w_closeset` WHERE ( id=1 ) LIMIT 1   [ RunTime:0.0003s ]

[ 2018-10-30T18:39:20+08:00 ] 192.168.0.128 /Float/Index/getbtc
INFO: [ app_init ] --START--
INFO: Run Behavior\BuildLiteBehavior [ RunTime:0.000013s ]
INFO: [ app_init ] --END-- [ RunTime:0.000477s ]
INFO: [ app_begin ] --START--
INFO: Run Behavior\ReadHtmlCacheBehavior [ RunTime:0.000846s ]
INFO: Run Behavior\CheckLangBehavior [ RunTime:0.003556s ]
INFO: [ app_begin ] --END-- [ RunTime:0.004490s ]
SQL: SHOW COLUMNS FROM `btc_w_closeset` [ RunTime:0.0080s ]
SQL: SELECT `last`,`open`,`low`,`high`,`update_time` FROM `btc_w_closeset` WHERE ( id=1 ) LIMIT 1   [ RunTime:0.0003s ]

[ 2018-10-30T18:39:48+08:00 ] 192.168.0.128 /Float/Index/getbtc
INFO: [ app_init ] --START--
INFO: Run Behavior\BuildLiteBehavior [ RunTime:0.000011s ]
INFO: [ app_init ] --END-- [ RunTime:0.000536s ]
INFO: [ app_begin ] --START--
INFO: Run Behavior\ReadHtmlCacheBehavior [ RunTime:0.000872s ]
INFO: Run Behavior\CheckLangBehavior [ RunTime:0.003578s ]
INFO: [ app_begin ] --END-- [ RunTime:0.004545s ]
SQL: SHOW COLUMNS FROM `btc_w_closeset` [ RunTime:0.0085s ]
SQL: SELECT `last`,`open`,`low`,`high`,`update_time` FROM `btc_w_closeset` WHERE ( id=1 ) LIMIT 1   [ RunTime:0.0003s ]

[ 2018-10-30T18:40:15+08:00 ] 192.168.0.128 /float/index/updatebtc
INFO: [ app_init ] --START--
INFO: Run Behavior\BuildLiteBehavior [ RunTime:0.000013s ]
INFO: [ app_init ] --END-- [ RunTime:0.000508s ]
INFO: [ app_begin ] --START--
INFO: Run Behavior\ReadHtmlCacheBehavior [ RunTime:0.000861s ]
INFO: Run Behavior\CheckLangBehavior [ RunTime:0.003455s ]
INFO: [ app_begin ] --END-- [ RunTime:0.004398s ]
SQL: SHOW COLUMNS FROM `btc_w_closeset` [ RunTime:0.0085s ]
SQL: UPDATE `btc_w_closeset` SET `last`='6350.04',`open`='6351.14',`low`='6314.89',`high`='6493.61',`update_time`='1540896015' WHERE ( id=1 ) [ RunTime:0.0004s ]
INFO: [ app_end ] --START--
INFO: Run Behavior\ShowPageTraceBehavior [ RunTime:0.001038s ]
INFO: [ app_end ] --END-- [ RunTime:0.001092s ]

[ 2018-10-30T18:40:45+08:00 ] 192.168.0.128 /Float/Index/getbtc
INFO: [ app_init ] --START--
INFO: Run Behavior\BuildLiteBehavior [ RunTime:0.000013s ]
INFO: [ app_init ] --END-- [ RunTime:0.000602s ]
INFO: [ app_begin ] --START--
INFO: Run Behavior\ReadHtmlCacheBehavior [ RunTime:0.001620s ]
INFO: Run Behavior\CheckLangBehavior [ RunTime:0.004729s ]
INFO: [ app_begin ] --END-- [ RunTime:0.006518s ]
SQL: SHOW COLUMNS FROM `btc_w_closeset` [ RunTime:0.0081s ]
SQL: SELECT `last`,`open`,`low`,`high`,`update_time` FROM `btc_w_closeset` WHERE ( id=1 ) LIMIT 1   [ RunTime:0.0003s ]

[ 2018-10-30T18:41:20+08:00 ] 192.168.0.128 /Float/Index/getbtc
INFO: [ app_init ] --START--
INFO: Run Behavior\BuildLiteBehavior [ RunTime:0.000012s ]
INFO: [ app_init ] --END-- [ RunTime:0.000514s ]
INFO: [ app_begin ] --START--
INFO: Run Behavior\ReadHtmlCacheBehavior [ RunTime:0.000984s ]
INFO: Run Behavior\CheckLangBehavior [ RunTime:0.004965s ]
INFO: [ app_begin ] --END-- [ RunTime:0.006060s ]
SQL: SHOW COLUMNS FROM `btc_w_closeset` [ RunTime:0.0110s ]
SQL: SELECT `last`,`open`,`low`,`high`,`update_time` FROM `btc_w_closeset` WHERE ( id=1 ) LIMIT 1   [ RunTime:0.0006s ]

[ 2018-10-30T18:42:35+08:00 ] 192.168.0.128 /Float/Index/getbtc
INFO: [ app_init ] --START--
INFO: Run Behavior\BuildLiteBehavior [ RunTime:0.000014s ]
INFO: [ app_init ] --END-- [ RunTime:0.000581s ]
INFO: [ app_begin ] --START--
INFO: Run Behavior\ReadHtmlCacheBehavior [ RunTime:0.004182s ]
INFO: Run Behavior\CheckLangBehavior [ RunTime:0.007233s ]
INFO: [ app_begin ] --END-- [ RunTime:0.011541s ]
SQL: SHOW COLUMNS FROM `btc_w_closeset` [ RunTime:0.0100s ]
SQL: SELECT `last`,`open`,`low`,`high`,`update_time` FROM `btc_w_closeset` WHERE ( id=1 ) LIMIT 1   [ RunTime:0.0004s ]

[ 2018-10-30T18:46:01+08:00 ] 192.168.0.128 /Float/Index/getbtc
INFO: [ app_init ] --START--
INFO: Run Behavior\BuildLiteBehavior [ RunTime:0.000017s ]
INFO: [ app_init ] --END-- [ RunTime:0.001086s ]
INFO: [ app_begin ] --START--
INFO: Run Behavior\ReadHtmlCacheBehavior [ RunTime:0.001247s ]
INFO: Run Behavior\CheckLangBehavior [ RunTime:0.012132s ]
INFO: [ app_begin ] --END-- [ RunTime:0.013630s ]
SQL: SHOW COLUMNS FROM `btc_w_closeset` [ RunTime:0.0084s ]
SQL: SELECT `last`,`open`,`low`,`high`,`update_time` FROM `btc_w_closeset` WHERE ( id=1 ) LIMIT 1   [ RunTime:0.0004s ]

[ 2018-10-30T18:46:30+08:00 ] 192.168.0.128 /float/index/updatebtc
INFO: [ app_init ] --START--
INFO: Run Behavior\BuildLiteBehavior [ RunTime:0.000015s ]
INFO: [ app_init ] --END-- [ RunTime:0.000595s ]
INFO: [ app_begin ] --START--
INFO: Run Behavior\ReadHtmlCacheBehavior [ RunTime:0.001040s ]
INFO: Run Behavior\CheckLangBehavior [ RunTime:0.003891s ]
INFO: [ app_begin ] --END-- [ RunTime:0.005044s ]
SQL: SHOW COLUMNS FROM `btc_w_closeset` [ RunTime:0.0090s ]
SQL: UPDATE `btc_w_closeset` SET `last`='6353.11',`open`='6355.22',`low`='6314.89',`high`='6492.54',`update_time`='1540896390' WHERE ( id=1 ) [ RunTime:0.0010s ]
INFO: [ app_end ] --START--
INFO: Run Behavior\ShowPageTraceBehavior [ RunTime:0.001495s ]
INFO: [ app_end ] --END-- [ RunTime:0.001561s ]

[ 2018-10-30T18:46:31+08:00 ] 192.168.0.128 /Float/Index/getbtc
INFO: [ app_init ] --START--
INFO: Run Behavior\BuildLiteBehavior [ RunTime:0.000015s ]
INFO: [ app_init ] --END-- [ RunTime:0.000714s ]
INFO: [ app_begin ] --START--
INFO: Run Behavior\ReadHtmlCacheBehavior [ RunTime:0.000948s ]
INFO: Run Behavior\CheckLangBehavior [ RunTime:0.004783s ]
INFO: [ app_begin ] --END-- [ RunTime:0.005841s ]
SQL: SHOW COLUMNS FROM `btc_w_closeset` [ RunTime:0.0127s ]
SQL: SELECT `last`,`open`,`low`,`high`,`update_time` FROM `btc_w_closeset` WHERE ( id=1 ) LIMIT 1   [ RunTime:0.0005s ]

[ 2018-10-30T18:46:33+08:00 ] 192.168.0.128 /Float/Index/getbtc
INFO: [ app_init ] --START--
INFO: Run Behavior\BuildLiteBehavior [ RunTime:0.000121s ]
INFO: [ app_init ] --END-- [ RunTime:0.001344s ]
INFO: [ app_begin ] --START--
INFO: Run Behavior\ReadHtmlCacheBehavior [ RunTime:0.016234s ]
INFO: Run Behavior\CheckLangBehavior [ RunTime:0.041679s ]
INFO: [ app_begin ] --END-- [ RunTime:0.058045s ]
SQL: SHOW COLUMNS FROM `btc_w_closeset` [ RunTime:0.0119s ]
SQL: SELECT `last`,`open`,`low`,`high`,`update_time` FROM `btc_w_closeset` WHERE ( id=1 ) LIMIT 1   [ RunTime:0.0004s ]

[ 2018-10-30T18:46:34+08:00 ] 192.168.0.128 /Float/Index/getbtc
INFO: [ app_init ] --START--
INFO: Run Behavior\BuildLiteBehavior [ RunTime:0.000015s ]
INFO: [ app_init ] --END-- [ RunTime:0.000665s ]
INFO: [ app_begin ] --START--
INFO: Run Behavior\ReadHtmlCacheBehavior [ RunTime:0.001710s ]
INFO: Run Behavior\CheckLangBehavior [ RunTime:0.009732s ]
INFO: [ app_begin ] --END-- [ RunTime:0.011564s ]
SQL: SHOW COLUMNS FROM `btc_w_closeset` [ RunTime:0.0070s ]
SQL: SELECT `last`,`open`,`low`,`high`,`update_time` FROM `btc_w_closeset` WHERE ( id=1 ) LIMIT 1   [ RunTime:0.0003s ]

[ 2018-10-30T18:46:36+08:00 ] 192.168.0.128 /Float/Index/getbtc
INFO: [ app_init ] --START--
INFO: Run Behavior\BuildLiteBehavior [ RunTime:0.000017s ]
INFO: [ app_init ] --END-- [ RunTime:0.003107s ]
INFO: [ app_begin ] --START--
INFO: Run Behavior\ReadHtmlCacheBehavior [ RunTime:0.000931s ]
INFO: Run Behavior\CheckLangBehavior [ RunTime:0.005655s ]
INFO: [ app_begin ] --END-- [ RunTime:0.006696s ]
SQL: SHOW COLUMNS FROM `btc_w_closeset` [ RunTime:0.0204s ]
SQL: SELECT `last`,`open`,`low`,`high`,`update_time` FROM `btc_w_closeset` WHERE ( id=1 ) LIMIT 1   [ RunTime:0.0006s ]

[ 2018-10-30T18:46:37+08:00 ] 192.168.0.128 /Float/Index/getbtc
INFO: [ app_init ] --START--
INFO: Run Behavior\BuildLiteBehavior [ RunTime:0.000199s ]
INFO: [ app_init ] --END-- [ RunTime:0.001894s ]
INFO: [ app_begin ] --START--
INFO: Run Behavior\ReadHtmlCacheBehavior [ RunTime:0.002532s ]
INFO: Run Behavior\CheckLangBehavior [ RunTime:0.011561s ]
INFO: [ app_begin ] --END-- [ RunTime:0.014332s ]
SQL: SHOW COLUMNS FROM `btc_w_closeset` [ RunTime:0.0087s ]
SQL: SELECT `last`,`open`,`low`,`high`,`update_time` FROM `btc_w_closeset` WHERE ( id=1 ) LIMIT 1   [ RunTime:0.0003s ]

[ 2018-10-30T18:46:38+08:00 ] 192.168.0.128 /Float/Index/getbtc
INFO: [ app_init ] --START--
INFO: Run Behavior\BuildLiteBehavior [ RunTime:0.000013s ]
INFO: [ app_init ] --END-- [ RunTime:0.000546s ]
INFO: [ app_begin ] --START--
INFO: Run Behavior\ReadHtmlCacheBehavior [ RunTime:0.002487s ]
INFO: Run Behavior\CheckLangBehavior [ RunTime:0.008897s ]
INFO: [ app_begin ] --END-- [ RunTime:0.011510s ]
SQL: SHOW COLUMNS FROM `btc_w_closeset` [ RunTime:0.0090s ]
SQL: SELECT `last`,`open`,`low`,`high`,`update_time` FROM `btc_w_closeset` WHERE ( id=1 ) LIMIT 1   [ RunTime:0.0004s ]

[ 2018-10-30T18:46:39+08:00 ] 192.168.0.128 /Float/Index/getbtc
INFO: [ app_init ] --START--
INFO: Run Behavior\BuildLiteBehavior [ RunTime:0.000014s ]
INFO: [ app_init ] --END-- [ RunTime:0.000848s ]
INFO: [ app_begin ] --START--
INFO: Run Behavior\ReadHtmlCacheBehavior [ RunTime:0.000902s ]
INFO: Run Behavior\CheckLangBehavior [ RunTime:0.003859s ]
INFO: [ app_begin ] --END-- [ RunTime:0.004866s ]
SQL: SHOW COLUMNS FROM `btc_w_closeset` [ RunTime:0.0215s ]
SQL: SELECT `last`,`open`,`low`,`high`,`update_time` FROM `btc_w_closeset` WHERE ( id=1 ) LIMIT 1   [ RunTime:0.0007s ]

[ 2018-10-30T18:46:41+08:00 ] 192.168.0.128 /Float/Index/getbtc
INFO: [ app_init ] --START--
INFO: Run Behavior\BuildLiteBehavior [ RunTime:0.000029s ]
INFO: [ app_init ] --END-- [ RunTime:0.004213s ]
INFO: [ app_begin ] --START--
INFO: Run Behavior\ReadHtmlCacheBehavior [ RunTime:0.030512s ]
INFO: Run Behavior\CheckLangBehavior [ RunTime:0.012277s ]
INFO: [ app_begin ] --END-- [ RunTime:0.043013s ]
SQL: SHOW COLUMNS FROM `btc_w_closeset` [ RunTime:0.0277s ]
SQL: SELECT `last`,`open`,`low`,`high`,`update_time` FROM `btc_w_closeset` WHERE ( id=1 ) LIMIT 1   [ RunTime:0.0003s ]

[ 2018-10-30T18:46:42+08:00 ] 192.168.0.128 /Float/Index/getbtc
INFO: [ app_init ] --START--
INFO: Run Behavior\BuildLiteBehavior [ RunTime:0.000015s ]
INFO: [ app_init ] --END-- [ RunTime:0.000692s ]
INFO: [ app_begin ] --START--
INFO: Run Behavior\ReadHtmlCacheBehavior [ RunTime:0.000989s ]
INFO: Run Behavior\CheckLangBehavior [ RunTime:0.005139s ]
INFO: [ app_begin ] --END-- [ RunTime:0.006239s ]
SQL: SHOW COLUMNS FROM `btc_w_closeset` [ RunTime:0.0097s ]
SQL: SELECT `last`,`open`,`low`,`high`,`update_time` FROM `btc_w_closeset` WHERE ( id=1 ) LIMIT 1   [ RunTime:0.0003s ]

[ 2018-10-30T18:46:43+08:00 ] 192.168.0.128 /Float/Index/getbtc
INFO: [ app_init ] --START--
INFO: Run Behavior\BuildLiteBehavior [ RunTime:0.000013s ]
INFO: [ app_init ] --END-- [ RunTime:0.000515s ]
INFO: [ app_begin ] --START--
INFO: Run Behavior\ReadHtmlCacheBehavior [ RunTime:0.000983s ]
INFO: Run Behavior\CheckLangBehavior [ RunTime:0.014028s ]
INFO: [ app_begin ] --END-- [ RunTime:0.015260s ]
SQL: SHOW COLUMNS FROM `btc_w_closeset` [ RunTime:0.0084s ]
SQL: SELECT `last`,`open`,`low`,`high`,`update_time` FROM `btc_w_closeset` WHERE ( id=1 ) LIMIT 1   [ RunTime:0.0004s ]

[ 2018-10-30T18:46:45+08:00 ] 192.168.0.128 /Float/Index/getbtc
INFO: [ app_init ] --START--
INFO: Run Behavior\BuildLiteBehavior [ RunTime:0.000014s ]
INFO: [ app_init ] --END-- [ RunTime:0.000933s ]
INFO: [ app_begin ] --START--
INFO: Run Behavior\ReadHtmlCacheBehavior [ RunTime:0.001678s ]
INFO: Run Behavior\CheckLangBehavior [ RunTime:0.003891s ]
INFO: [ app_begin ] --END-- [ RunTime:0.005705s ]
SQL: SHOW COLUMNS FROM `btc_w_closeset` [ RunTime:0.0182s ]
SQL: SELECT `last`,`open`,`low`,`high`,`update_time` FROM `btc_w_closeset` WHERE ( id=1 ) LIMIT 1   [ RunTime:0.0006s ]

[ 2018-10-30T18:46:46+08:00 ] 192.168.0.128 /Float/Index/getbtc
INFO: [ app_init ] --START--
INFO: Run Behavior\BuildLiteBehavior [ RunTime:0.000024s ]
INFO: [ app_init ] --END-- [ RunTime:0.001212s ]
INFO: [ app_begin ] --START--
INFO: Run Behavior\ReadHtmlCacheBehavior [ RunTime:0.002646s ]
INFO: Run Behavior\CheckLangBehavior [ RunTime:0.010365s ]
INFO: [ app_begin ] --END-- [ RunTime:0.013215s ]
SQL: SHOW COLUMNS FROM `btc_w_closeset` [ RunTime:0.0183s ]
SQL: SELECT `last`,`open`,`low`,`high`,`update_time` FROM `btc_w_closeset` WHERE ( id=1 ) LIMIT 1   [ RunTime:0.0008s ]

[ 2018-10-30T18:46:47+08:00 ] 192.168.0.128 /Float/Index/getbtc
INFO: [ app_init ] --START--
INFO: Run Behavior\BuildLiteBehavior [ RunTime:0.000025s ]
INFO: [ app_init ] --END-- [ RunTime:0.001295s ]
INFO: [ app_begin ] --START--
INFO: Run Behavior\ReadHtmlCacheBehavior [ RunTime:0.001804s ]
INFO: Run Behavior\CheckLangBehavior [ RunTime:0.020672s ]
INFO: [ app_begin ] --END-- [ RunTime:0.022678s ]
SQL: SHOW COLUMNS FROM `btc_w_closeset` [ RunTime:0.0083s ]
SQL: SELECT `last`,`open`,`low`,`high`,`update_time` FROM `btc_w_closeset` WHERE ( id=1 ) LIMIT 1   [ RunTime:0.0003s ]

[ 2018-10-30T18:46:49+08:00 ] 192.168.0.128 /Float/Index/getbtc
INFO: [ app_init ] --START--
INFO: Run Behavior\BuildLiteBehavior [ RunTime:0.000017s ]
INFO: [ app_init ] --END-- [ RunTime:0.000683s ]
INFO: [ app_begin ] --START--
INFO: Run Behavior\ReadHtmlCacheBehavior [ RunTime:0.001011s ]
INFO: Run Behavior\CheckLangBehavior [ RunTime:0.008174s ]
INFO: [ app_begin ] --END-- [ RunTime:0.009300s ]
SQL: SHOW COLUMNS FROM `btc_w_closeset` [ RunTime:0.0085s ]
SQL: SELECT `last`,`open`,`low`,`high`,`update_time` FROM `btc_w_closeset` WHERE ( id=1 ) LIMIT 1   [ RunTime:0.0003s ]

[ 2018-10-30T18:46:50+08:00 ] 192.168.0.128 /Float/Index/getbtc
INFO: [ app_init ] --START--
INFO: Run Behavior\BuildLiteBehavior [ RunTime:0.000022s ]
INFO: [ app_init ] --END-- [ RunTime:0.000574s ]
INFO: [ app_begin ] --START--
INFO: Run Behavior\ReadHtmlCacheBehavior [ RunTime:0.000991s ]
INFO: Run Behavior\CheckLangBehavior [ RunTime:0.004921s ]
INFO: [ app_begin ] --END-- [ RunTime:0.006016s ]
SQL: SHOW COLUMNS FROM `btc_w_closeset` [ RunTime:0.0102s ]
SQL: SELECT `last`,`open`,`low`,`high`,`update_time` FROM `btc_w_closeset` WHERE ( id=1 ) LIMIT 1   [ RunTime:0.0004s ]

[ 2018-10-30T18:46:51+08:00 ] 192.168.0.128 /Float/Index/getbtc
INFO: [ app_init ] --START--
INFO: Run Behavior\BuildLiteBehavior [ RunTime:0.000013s ]
INFO: [ app_init ] --END-- [ RunTime:0.000550s ]
INFO: [ app_begin ] --START--
INFO: Run Behavior\ReadHtmlCacheBehavior [ RunTime:0.000891s ]
INFO: Run Behavior\CheckLangBehavior [ RunTime:0.006546s ]
INFO: [ app_begin ] --END-- [ RunTime:0.007533s ]
SQL: SHOW COLUMNS FROM `btc_w_closeset` [ RunTime:0.0079s ]
SQL: SELECT `last`,`open`,`low`,`high`,`update_time` FROM `btc_w_closeset` WHERE ( id=1 ) LIMIT 1   [ RunTime:0.0003s ]

[ 2018-10-30T18:46:52+08:00 ] 192.168.0.128 /Float/Index/getbtc
INFO: [ app_init ] --START--
INFO: Run Behavior\BuildLiteBehavior [ RunTime:0.000014s ]
INFO: [ app_init ] --END-- [ RunTime:0.000512s ]
INFO: [ app_begin ] --START--
INFO: Run Behavior\ReadHtmlCacheBehavior [ RunTime:0.001025s ]
INFO: Run Behavior\CheckLangBehavior [ RunTime:0.003997s ]
INFO: [ app_begin ] --END-- [ RunTime:0.005121s ]
SQL: SHOW COLUMNS FROM `btc_w_closeset` [ RunTime:0.0085s ]
SQL: SELECT `last`,`open`,`low`,`high`,`update_time` FROM `btc_w_closeset` WHERE ( id=1 ) LIMIT 1   [ RunTime:0.0003s ]

[ 2018-10-30T18:46:53+08:00 ] 192.168.0.128 /Float/Index/getbtc
INFO: [ app_init ] --START--
INFO: Run Behavior\BuildLiteBehavior [ RunTime:0.000015s ]
INFO: [ app_init ] --END-- [ RunTime:0.000673s ]
INFO: [ app_begin ] --START--
INFO: Run Behavior\ReadHtmlCacheBehavior [ RunTime:0.014883s ]
INFO: Run Behavior\CheckLangBehavior [ RunTime:0.004822s ]
INFO: [ app_begin ] --END-- [ RunTime:0.019846s ]
SQL: SHOW COLUMNS FROM `btc_w_closeset` [ RunTime:0.0080s ]
SQL: SELECT `last`,`open`,`low`,`high`,`update_time` FROM `btc_w_closeset` WHERE ( id=1 ) LIMIT 1   [ RunTime:0.0003s ]

[ 2018-10-30T18:46:55+08:00 ] 192.168.0.128 /Float/Index/getbtc
INFO: [ app_init ] --START--
INFO: Run Behavior\BuildLiteBehavior [ RunTime:0.000012s ]
INFO: [ app_init ] --END-- [ RunTime:0.000484s ]
INFO: [ app_begin ] --START--
INFO: Run Behavior\ReadHtmlCacheBehavior [ RunTime:0.001012s ]
INFO: Run Behavior\CheckLangBehavior [ RunTime:0.004022s ]
INFO: [ app_begin ] --END-- [ RunTime:0.005139s ]
SQL: SHOW COLUMNS FROM `btc_w_closeset` [ RunTime:0.0079s ]
SQL: SELECT `last`,`open`,`low`,`high`,`update_time` FROM `btc_w_closeset` WHERE ( id=1 ) LIMIT 1   [ RunTime:0.0003s ]

[ 2018-10-30T18:47:25+08:00 ] 192.168.0.128 /Float/Index/getbtc
INFO: [ app_init ] --START--
INFO: Run Behavior\BuildLiteBehavior [ RunTime:0.000014s ]
INFO: [ app_init ] --END-- [ RunTime:0.000566s ]
INFO: [ app_begin ] --START--
INFO: Run Behavior\ReadHtmlCacheBehavior [ RunTime:0.000894s ]
INFO: Run Behavior\CheckLangBehavior [ RunTime:0.004808s ]
INFO: [ app_begin ] --END-- [ RunTime:0.005799s ]
SQL: SHOW COLUMNS FROM `btc_w_closeset` [ RunTime:0.0084s ]
SQL: SELECT `last`,`open`,`low`,`high`,`update_time` FROM `btc_w_closeset` WHERE ( id=1 ) LIMIT 1   [ RunTime:0.0003s ]

[ 2018-10-30T18:48:02+08:00 ] 192.168.0.128 /Float/Index/getbtc
INFO: [ app_init ] --START--
INFO: Run Behavior\BuildLiteBehavior [ RunTime:0.000015s ]
INFO: [ app_init ] --END-- [ RunTime:0.000722s ]
INFO: [ app_begin ] --START--
INFO: Run Behavior\ReadHtmlCacheBehavior [ RunTime:0.000868s ]
INFO: Run Behavior\CheckLangBehavior [ RunTime:0.003931s ]
INFO: [ app_begin ] --END-- [ RunTime:0.004886s ]
SQL: SHOW COLUMNS FROM `btc_w_closeset` [ RunTime:0.0083s ]
SQL: SELECT `last`,`open`,`low`,`high`,`update_time` FROM `btc_w_closeset` WHERE ( id=1 ) LIMIT 1   [ RunTime:0.0003s ]

[ 2018-10-30T18:48:34+08:00 ] 192.168.0.128 /Float/Index/getbtc
INFO: [ app_init ] --START--
INFO: Run Behavior\BuildLiteBehavior [ RunTime:0.000014s ]
INFO: [ app_init ] --END-- [ RunTime:0.000575s ]
INFO: [ app_begin ] --START--
INFO: Run Behavior\ReadHtmlCacheBehavior [ RunTime:0.000871s ]
INFO: Run Behavior\CheckLangBehavior [ RunTime:0.003653s ]
INFO: [ app_begin ] --END-- [ RunTime:0.004628s ]
SQL: SHOW COLUMNS FROM `btc_w_closeset` [ RunTime:0.0082s ]
SQL: SELECT `last`,`open`,`low`,`high`,`update_time` FROM `btc_w_closeset` WHERE ( id=1 ) LIMIT 1   [ RunTime:0.0003s ]

[ 2018-10-30T18:49:07+08:00 ] 192.168.0.128 /Float/Index/getbtc
INFO: [ app_init ] --START--
INFO: Run Behavior\BuildLiteBehavior [ RunTime:0.000013s ]
INFO: [ app_init ] --END-- [ RunTime:0.000731s ]
INFO: [ app_begin ] --START--
INFO: Run Behavior\ReadHtmlCacheBehavior [ RunTime:0.001261s ]
INFO: Run Behavior\CheckLangBehavior [ RunTime:0.005062s ]
INFO: [ app_begin ] --END-- [ RunTime:0.006450s ]
SQL: SHOW COLUMNS FROM `btc_w_closeset` [ RunTime:0.0085s ]
SQL: SELECT `last`,`open`,`low`,`high`,`update_time` FROM `btc_w_closeset` WHERE ( id=1 ) LIMIT 1   [ RunTime:0.0004s ]

[ 2018-10-30T18:49:51+08:00 ] 192.168.0.128 /Float/Index/getbtc
INFO: [ app_init ] --START--
INFO: Run Behavior\BuildLiteBehavior [ RunTime:0.000028s ]
INFO: [ app_init ] --END-- [ RunTime:0.000803s ]
INFO: [ app_begin ] --START--
INFO: Run Behavior\ReadHtmlCacheBehavior [ RunTime:0.000962s ]
INFO: Run Behavior\CheckLangBehavior [ RunTime:0.004373s ]
INFO: [ app_begin ] --END-- [ RunTime:0.005446s ]
SQL: SHOW COLUMNS FROM `btc_w_closeset` [ RunTime:0.0076s ]
SQL: SELECT `last`,`open`,`low`,`high`,`update_time` FROM `btc_w_closeset` WHERE ( id=1 ) LIMIT 1   [ RunTime:0.0003s ]

[ 2018-10-30T18:50:25+08:00 ] 192.168.0.128 /float/index/updatebtc
INFO: [ app_init ] --START--
INFO: Run Behavior\BuildLiteBehavior [ RunTime:0.000014s ]
INFO: [ app_init ] --END-- [ RunTime:0.001178s ]
INFO: [ app_begin ] --START--
INFO: Run Behavior\ReadHtmlCacheBehavior [ RunTime:0.001674s ]
INFO: Run Behavior\CheckLangBehavior [ RunTime:0.005646s ]
INFO: [ app_begin ] --END-- [ RunTime:0.007489s ]
SQL: SHOW COLUMNS FROM `btc_w_closeset` [ RunTime:0.0082s ]
SQL: UPDATE `btc_w_closeset` SET `last`='6352.39',`open`='6355.36',`low`='6314.89',`high`='6492.54',`update_time`='1540896625' WHERE ( id=1 ) [ RunTime:0.0004s ]
INFO: [ app_end ] --START--
INFO: Run Behavior\ShowPageTraceBehavior [ RunTime:0.001774s ]
INFO: [ app_end ] --END-- [ RunTime:0.001837s ]

[ 2018-10-30T18:50:26+08:00 ] 192.168.0.128 /Float/Index/getbtc
INFO: [ app_init ] --START--
INFO: Run Behavior\BuildLiteBehavior [ RunTime:0.000013s ]
INFO: [ app_init ] --END-- [ RunTime:0.000574s ]
INFO: [ app_begin ] --START--
INFO: Run Behavior\ReadHtmlCacheBehavior [ RunTime:0.001289s ]
INFO: Run Behavior\CheckLangBehavior [ RunTime:0.004389s ]
INFO: [ app_begin ] --END-- [ RunTime:0.005792s ]
SQL: SHOW COLUMNS FROM `btc_w_closeset` [ RunTime:0.0090s ]
SQL: SELECT `last`,`open`,`low`,`high`,`update_time` FROM `btc_w_closeset` WHERE ( id=1 ) LIMIT 1   [ RunTime:0.0004s ]

[ 2018-10-30T18:51:11+08:00 ] 192.168.0.128 /Float/Index/getbtc
INFO: [ app_init ] --START--
INFO: Run Behavior\BuildLiteBehavior [ RunTime:0.000017s ]
INFO: [ app_init ] --END-- [ RunTime:0.002458s ]
INFO: [ app_begin ] --START--
INFO: Run Behavior\ReadHtmlCacheBehavior [ RunTime:0.003782s ]
INFO: Run Behavior\CheckLangBehavior [ RunTime:0.020216s ]
INFO: [ app_begin ] --END-- [ RunTime:0.024430s ]
SQL: SHOW COLUMNS FROM `btc_w_closeset` [ RunTime:0.0093s ]
SQL: SELECT `last`,`open`,`low`,`high`,`update_time` FROM `btc_w_closeset` WHERE ( id=1 ) LIMIT 1   [ RunTime:0.0003s ]

[ 2018-10-30T18:51:27+08:00 ] 192.168.0.128 /Float/Index/getbtc
INFO: [ app_init ] --START--
INFO: Run Behavior\BuildLiteBehavior [ RunTime:0.000013s ]
INFO: [ app_init ] --END-- [ RunTime:0.000531s ]
INFO: [ app_begin ] --START--
INFO: Run Behavior\ReadHtmlCacheBehavior [ RunTime:0.000876s ]
INFO: Run Behavior\CheckLangBehavior [ RunTime:0.003638s ]
INFO: [ app_begin ] --END-- [ RunTime:0.004611s ]
SQL: SHOW COLUMNS FROM `btc_w_closeset` [ RunTime:0.0088s ]
SQL: SELECT `last`,`open`,`low`,`high`,`update_time` FROM `btc_w_closeset` WHERE ( id=1 ) LIMIT 1   [ RunTime:0.0003s ]

[ 2018-10-30T18:51:57+08:00 ] 192.168.0.128 /Float/Index/getbtc
INFO: [ app_init ] --START--
INFO: Run Behavior\BuildLiteBehavior [ RunTime:0.000014s ]
INFO: [ app_init ] --END-- [ RunTime:0.000809s ]
INFO: [ app_begin ] --START--
INFO: Run Behavior\ReadHtmlCacheBehavior [ RunTime:0.001452s ]
INFO: Run Behavior\CheckLangBehavior [ RunTime:0.004992s ]
INFO: [ app_begin ] --END-- [ RunTime:0.006572s ]
SQL: SHOW COLUMNS FROM `btc_w_closeset` [ RunTime:0.0074s ]
SQL: SELECT `last`,`open`,`low`,`high`,`update_time` FROM `btc_w_closeset` WHERE ( id=1 ) LIMIT 1   [ RunTime:0.0003s ]

[ 2018-10-30T18:52:41+08:00 ] 192.168.0.128 /Float/Index/getbtc
INFO: [ app_init ] --START--
INFO: Run Behavior\BuildLiteBehavior [ RunTime:0.000016s ]
INFO: [ app_init ] --END-- [ RunTime:0.000990s ]
INFO: [ app_begin ] --START--
INFO: Run Behavior\ReadHtmlCacheBehavior [ RunTime:0.001102s ]
INFO: Run Behavior\CheckLangBehavior [ RunTime:0.004731s ]
INFO: [ app_begin ] --END-- [ RunTime:0.005950s ]
SQL: SHOW COLUMNS FROM `btc_w_closeset` [ RunTime:0.0075s ]
SQL: SELECT `last`,`open`,`low`,`high`,`update_time` FROM `btc_w_closeset` WHERE ( id=1 ) LIMIT 1   [ RunTime:0.0003s ]

[ 2018-10-30T18:52:50+08:00 ] 192.168.0.128 /Float/Index/getbtc
INFO: [ app_init ] --START--
INFO: Run Behavior\BuildLiteBehavior [ RunTime:0.000013s ]
INFO: [ app_init ] --END-- [ RunTime:0.000598s ]
INFO: [ app_begin ] --START--
INFO: Run Behavior\ReadHtmlCacheBehavior [ RunTime:0.001188s ]
INFO: Run Behavior\CheckLangBehavior [ RunTime:0.004384s ]
INFO: [ app_begin ] --END-- [ RunTime:0.005711s ]
SQL: SHOW COLUMNS FROM `btc_w_closeset` [ RunTime:0.0090s ]
SQL: SELECT `last`,`open`,`low`,`high`,`update_time` FROM `btc_w_closeset` WHERE ( id=1 ) LIMIT 1   [ RunTime:0.0004s ]

[ 2018-10-30T18:52:51+08:00 ] 192.168.0.128 /Float/Index/getbtc
INFO: [ app_init ] --START--
INFO: Run Behavior\BuildLiteBehavior [ RunTime:0.000014s ]
INFO: [ app_init ] --END-- [ RunTime:0.000559s ]
INFO: [ app_begin ] --START--
INFO: Run Behavior\ReadHtmlCacheBehavior [ RunTime:0.001501s ]
INFO: Run Behavior\CheckLangBehavior [ RunTime:0.003900s ]
INFO: [ app_begin ] --END-- [ RunTime:0.005727s ]
SQL: SHOW COLUMNS FROM `btc_w_closeset` [ RunTime:0.0091s ]
SQL: SELECT `last`,`open`,`low`,`high`,`update_time` FROM `btc_w_closeset` WHERE ( id=1 ) LIMIT 1   [ RunTime:0.0005s ]

[ 2018-10-30T18:52:52+08:00 ] 192.168.0.128 /Float/Index/getbtc
INFO: [ app_init ] --START--
INFO: Run Behavior\BuildLiteBehavior [ RunTime:0.000016s ]
INFO: [ app_init ] --END-- [ RunTime:0.001324s ]
INFO: [ app_begin ] --START--
INFO: Run Behavior\ReadHtmlCacheBehavior [ RunTime:0.005537s ]
INFO: Run Behavior\CheckLangBehavior [ RunTime:0.005932s ]
INFO: [ app_begin ] --END-- [ RunTime:0.011575s ]
SQL: SHOW COLUMNS FROM `btc_w_closeset` [ RunTime:0.0086s ]
SQL: SELECT `last`,`open`,`low`,`high`,`update_time` FROM `btc_w_closeset` WHERE ( id=1 ) LIMIT 1   [ RunTime:0.0003s ]

[ 2018-10-30T18:52:53+08:00 ] 192.168.0.128 /Float/Index/getbtc
INFO: [ app_init ] --START--
INFO: Run Behavior\BuildLiteBehavior [ RunTime:0.000013s ]
INFO: [ app_init ] --END-- [ RunTime:0.000495s ]
INFO: [ app_begin ] --START--
INFO: Run Behavior\ReadHtmlCacheBehavior [ RunTime:0.000877s ]
INFO: Run Behavior\CheckLangBehavior [ RunTime:0.003693s ]
INFO: [ app_begin ] --END-- [ RunTime:0.004667s ]
SQL: SHOW COLUMNS FROM `btc_w_closeset` [ RunTime:0.0084s ]
SQL: SELECT `last`,`open`,`low`,`high`,`update_time` FROM `btc_w_closeset` WHERE ( id=1 ) LIMIT 1   [ RunTime:0.0004s ]

[ 2018-10-30T18:52:55+08:00 ] 192.168.0.128 /Float/Index/getbtc
INFO: [ app_init ] --START--
INFO: Run Behavior\BuildLiteBehavior [ RunTime:0.000012s ]
INFO: [ app_init ] --END-- [ RunTime:0.000563s ]
INFO: [ app_begin ] --START--
INFO: Run Behavior\ReadHtmlCacheBehavior [ RunTime:0.000971s ]
INFO: Run Behavior\CheckLangBehavior [ RunTime:0.004636s ]
INFO: [ app_begin ] --END-- [ RunTime:0.005705s ]
SQL: SHOW COLUMNS FROM `btc_w_closeset` [ RunTime:0.0079s ]
SQL: SELECT `last`,`open`,`low`,`high`,`update_time` FROM `btc_w_closeset` WHERE ( id=1 ) LIMIT 1   [ RunTime:0.0003s ]

[ 2018-10-30T18:52:56+08:00 ] 192.168.0.128 /Float/Index/getbtc
INFO: [ app_init ] --START--
INFO: Run Behavior\BuildLiteBehavior [ RunTime:0.000013s ]
INFO: [ app_init ] --END-- [ RunTime:0.000601s ]
INFO: [ app_begin ] --START--
INFO: Run Behavior\ReadHtmlCacheBehavior [ RunTime:0.000922s ]
INFO: Run Behavior\CheckLangBehavior [ RunTime:0.004217s ]
INFO: [ app_begin ] --END-- [ RunTime:0.005237s ]
SQL: SHOW COLUMNS FROM `btc_w_closeset` [ RunTime:0.0203s ]
SQL: SELECT `last`,`open`,`low`,`high`,`update_time` FROM `btc_w_closeset` WHERE ( id=1 ) LIMIT 1   [ RunTime:0.0008s ]

[ 2018-10-30T18:52:59+08:00 ] 192.168.0.128 /Float/Index/getbtc
INFO: [ app_init ] --START--
INFO: Run Behavior\BuildLiteBehavior [ RunTime:0.000011s ]
INFO: [ app_init ] --END-- [ RunTime:0.000473s ]
INFO: [ app_begin ] --START--
INFO: Run Behavior\ReadHtmlCacheBehavior [ RunTime:0.000926s ]
INFO: Run Behavior\CheckLangBehavior [ RunTime:0.004392s ]
INFO: [ app_begin ] --END-- [ RunTime:0.005428s ]
SQL: SHOW COLUMNS FROM `btc_w_closeset` [ RunTime:0.0137s ]
SQL: SELECT `last`,`open`,`low`,`high`,`update_time` FROM `btc_w_closeset` WHERE ( id=1 ) LIMIT 1   [ RunTime:0.0003s ]

[ 2018-10-30T18:53:00+08:00 ] 192.168.0.128 /Float/Index/getbtc
INFO: [ app_init ] --START--
INFO: Run Behavior\BuildLiteBehavior [ RunTime:0.000016s ]
INFO: [ app_init ] --END-- [ RunTime:0.000686s ]
INFO: [ app_begin ] --START--
INFO: Run Behavior\ReadHtmlCacheBehavior [ RunTime:0.001117s ]
INFO: Run Behavior\CheckLangBehavior [ RunTime:0.005061s ]
INFO: [ app_begin ] --END-- [ RunTime:0.006295s ]
SQL: SHOW COLUMNS FROM `btc_w_closeset` [ RunTime:0.0085s ]
SQL: SELECT `last`,`open`,`low`,`high`,`update_time` FROM `btc_w_closeset` WHERE ( id=1 ) LIMIT 1   [ RunTime:0.0003s ]

[ 2018-10-30T18:54:01+08:00 ] 192.168.0.128 /Float/Index/getbtc
INFO: [ app_init ] --START--
INFO: Run Behavior\BuildLiteBehavior [ RunTime:0.000013s ]
INFO: [ app_init ] --END-- [ RunTime:0.000762s ]
INFO: [ app_begin ] --START--
INFO: Run Behavior\ReadHtmlCacheBehavior [ RunTime:0.001213s ]
INFO: Run Behavior\CheckLangBehavior [ RunTime:0.005527s ]
INFO: [ app_begin ] --END-- [ RunTime:0.006861s ]
SQL: SHOW COLUMNS FROM `btc_w_closeset` [ RunTime:0.0086s ]
SQL: SELECT `last`,`open`,`low`,`high`,`update_time` FROM `btc_w_closeset` WHERE ( id=1 ) LIMIT 1   [ RunTime:0.0004s ]

[ 2018-10-30T18:54:53+08:00 ] 192.168.0.128 /Float/Index/getbtc
INFO: [ app_init ] --START--
INFO: Run Behavior\BuildLiteBehavior [ RunTime:0.000019s ]
INFO: [ app_init ] --END-- [ RunTime:0.001196s ]
INFO: [ app_begin ] --START--
INFO: Run Behavior\ReadHtmlCacheBehavior [ RunTime:0.001268s ]
INFO: Run Behavior\CheckLangBehavior [ RunTime:0.006669s ]
INFO: [ app_begin ] --END-- [ RunTime:0.008055s ]
SQL: SHOW COLUMNS FROM `btc_w_closeset` [ RunTime:0.0084s ]
SQL: SELECT `last`,`open`,`low`,`high`,`update_time` FROM `btc_w_closeset` WHERE ( id=1 ) LIMIT 1   [ RunTime:0.0003s ]

[ 2018-10-30T18:55:54+08:00 ] 192.168.0.128 /float/index/updatebtc
INFO: [ app_init ] --START--
INFO: Run Behavior\BuildLiteBehavior [ RunTime:0.000017s ]
INFO: [ app_init ] --END-- [ RunTime:0.001059s ]
INFO: [ app_begin ] --START--
INFO: Run Behavior\ReadHtmlCacheBehavior [ RunTime:0.001310s ]
INFO: Run Behavior\CheckLangBehavior [ RunTime:0.005613s ]
INFO: [ app_begin ] --END-- [ RunTime:0.007053s ]
SQL: SHOW COLUMNS FROM `btc_w_closeset` [ RunTime:0.0209s ]
SQL: UPDATE `btc_w_closeset` SET `last`='6351.92',`open`='6355.36',`low`='6314.89',`high`='6492.54',`update_time`='1540896954' WHERE ( id=1 ) [ RunTime:0.0011s ]
INFO: [ app_end ] --START--
INFO: Run Behavior\ShowPageTraceBehavior [ RunTime:0.003009s ]
INFO: [ app_end ] --END-- [ RunTime:0.003132s ]

[ 2018-10-30T18:55:56+08:00 ] 192.168.0.128 /Float/Index/getbtc
INFO: [ app_init ] --START--
INFO: Run Behavior\BuildLiteBehavior [ RunTime:0.000026s ]
INFO: [ app_init ] --END-- [ RunTime:0.001776s ]
INFO: [ app_begin ] --START--
INFO: Run Behavior\ReadHtmlCacheBehavior [ RunTime:0.002338s ]
INFO: Run Behavior\CheckLangBehavior [ RunTime:0.014634s ]
INFO: [ app_begin ] --END-- [ RunTime:0.017198s ]
SQL: SHOW COLUMNS FROM `btc_w_closeset` [ RunTime:0.0090s ]
SQL: SELECT `last`,`open`,`low`,`high`,`update_time` FROM `btc_w_closeset` WHERE ( id=1 ) LIMIT 1   [ RunTime:0.0003s ]

[ 2018-10-30T18:55:57+08:00 ] 192.168.0.128 /Float/Index/getbtc
INFO: [ app_init ] --START--
INFO: Run Behavior\BuildLiteBehavior [ RunTime:0.000017s ]
INFO: [ app_init ] --END-- [ RunTime:0.003296s ]
INFO: [ app_begin ] --START--
INFO: Run Behavior\ReadHtmlCacheBehavior [ RunTime:0.001160s ]
INFO: Run Behavior\CheckLangBehavior [ RunTime:0.006718s ]
INFO: [ app_begin ] --END-- [ RunTime:0.008004s ]
SQL: SHOW COLUMNS FROM `btc_w_closeset` [ RunTime:0.0095s ]
SQL: SELECT `last`,`open`,`low`,`high`,`update_time` FROM `btc_w_closeset` WHERE ( id=1 ) LIMIT 1   [ RunTime:0.0006s ]

[ 2018-10-30T18:55:58+08:00 ] 192.168.0.128 /Float/Index/getbtc
INFO: [ app_init ] --START--
INFO: Run Behavior\BuildLiteBehavior [ RunTime:0.000017s ]
INFO: [ app_init ] --END-- [ RunTime:0.000620s ]
INFO: [ app_begin ] --START--
INFO: Run Behavior\ReadHtmlCacheBehavior [ RunTime:0.001105s ]
INFO: Run Behavior\CheckLangBehavior [ RunTime:0.005965s ]
INFO: [ app_begin ] --END-- [ RunTime:0.007208s ]
SQL: SHOW COLUMNS FROM `btc_w_closeset` [ RunTime:0.0087s ]
SQL: SELECT `last`,`open`,`low`,`high`,`update_time` FROM `btc_w_closeset` WHERE ( id=1 ) LIMIT 1   [ RunTime:0.0004s ]

[ 2018-10-30T18:55:59+08:00 ] 192.168.0.128 /Float/Index/getbtc
INFO: [ app_init ] --START--
INFO: Run Behavior\BuildLiteBehavior [ RunTime:0.000015s ]
INFO: [ app_init ] --END-- [ RunTime:0.000721s ]
INFO: [ app_begin ] --START--
INFO: Run Behavior\ReadHtmlCacheBehavior [ RunTime:0.004841s ]
INFO: Run Behavior\CheckLangBehavior [ RunTime:0.005863s ]
INFO: [ app_begin ] --END-- [ RunTime:0.010819s ]
SQL: SHOW COLUMNS FROM `btc_w_closeset` [ RunTime:0.0088s ]
SQL: SELECT `last`,`open`,`low`,`high`,`update_time` FROM `btc_w_closeset` WHERE ( id=1 ) LIMIT 1   [ RunTime:0.0003s ]

[ 2018-10-30T18:58:51+08:00 ] 192.168.0.128 /Float/Index/getdata?type=twd
INFO: [ app_init ] --START--
INFO: Run Behavior\BuildLiteBehavior [ RunTime:0.000014s ]
INFO: [ app_init ] --END-- [ RunTime:0.000568s ]
INFO: [ app_begin ] --START--
INFO: Run Behavior\ReadHtmlCacheBehavior [ RunTime:0.001295s ]
INFO: Run Behavior\CheckLangBehavior [ RunTime:0.007896s ]
INFO: [ app_begin ] --END-- [ RunTime:0.009325s ]
SQL: SHOW COLUMNS FROM `btc_exchange` [ RunTime:0.0201s ]
SQL: SELECT * FROM `btc_exchange` WHERE ( id=1 ) LIMIT 1   [ RunTime:0.0004s ]

[ 2018-10-30T18:58:59+08:00 ] 192.168.0.128 /Float/Index/getdata?type=twd
INFO: [ app_init ] --START--
INFO: Run Behavior\BuildLiteBehavior [ RunTime:0.000013s ]
INFO: [ app_init ] --END-- [ RunTime:0.000510s ]
INFO: [ app_begin ] --START--
INFO: Run Behavior\ReadHtmlCacheBehavior [ RunTime:0.000905s ]
INFO: Run Behavior\CheckLangBehavior [ RunTime:0.040013s ]
INFO: [ app_begin ] --END-- [ RunTime:0.041023s ]
SQL: SHOW COLUMNS FROM `btc_exchange` [ RunTime:0.0073s ]

[ 2018-10-30T18:59:04+08:00 ] 192.168.0.128 /Float/Index/getdata?type=twd
INFO: [ app_init ] --START--
INFO: Run Behavior\BuildLiteBehavior [ RunTime:0.000015s ]
INFO: [ app_init ] --END-- [ RunTime:0.000628s ]
INFO: [ app_begin ] --START--
INFO: Run Behavior\ReadHtmlCacheBehavior [ RunTime:0.008295s ]
INFO: Run Behavior\CheckLangBehavior [ RunTime:0.004840s ]
INFO: [ app_begin ] --END-- [ RunTime:0.013252s ]
SQL: SHOW COLUMNS FROM `btc_exchange` [ RunTime:0.0085s ]

[ 2018-10-30T18:59:05+08:00 ] 192.168.0.128 /Float/Index/getdata?type=twd
INFO: [ app_init ] --START--
INFO: Run Behavior\BuildLiteBehavior [ RunTime:0.000014s ]
INFO: [ app_init ] --END-- [ RunTime:0.000546s ]
INFO: [ app_begin ] --START--
INFO: Run Behavior\ReadHtmlCacheBehavior [ RunTime:0.000974s ]
INFO: Run Behavior\CheckLangBehavior [ RunTime:0.006037s ]
INFO: [ app_begin ] --END-- [ RunTime:0.007120s ]
SQL: SHOW COLUMNS FROM `btc_exchange` [ RunTime:0.0079s ]

[ 2018-10-30T18:59:14+08:00 ] 192.168.0.128 /Float/Index/getdata?type=twd
INFO: [ app_init ] --START--
INFO: Run Behavior\BuildLiteBehavior [ RunTime:0.000017s ]
INFO: [ app_init ] --END-- [ RunTime:0.001003s ]
INFO: [ app_begin ] --START--
INFO: Run Behavior\ReadHtmlCacheBehavior [ RunTime:0.001103s ]
INFO: Run Behavior\CheckLangBehavior [ RunTime:0.003624s ]
INFO: [ app_begin ] --END-- [ RunTime:0.004833s ]
SQL: SHOW COLUMNS FROM `btc_exchange` [ RunTime:0.0090s ]

[ 2018-10-30T18:59:38+08:00 ] 192.168.0.128 /Float/Index/getdata?type=twd
INFO: [ app_init ] --START--
INFO: Run Behavior\BuildLiteBehavior [ RunTime:0.000014s ]
INFO: [ app_init ] --END-- [ RunTime:0.000612s ]
INFO: [ app_begin ] --START--
INFO: Run Behavior\ReadHtmlCacheBehavior [ RunTime:0.000942s ]
INFO: Run Behavior\CheckLangBehavior [ RunTime:0.006090s ]
INFO: [ app_begin ] --END-- [ RunTime:0.007129s ]
SQL: SHOW COLUMNS FROM `btc_exchange` [ RunTime:0.0094s ]
NOTIC: [8] Trying to get property of non-object D:\phpStudy\WWW\btc\pc\Application\Float\Controller\IndexController.class.php  66 .
NOTIC: [8] Trying to get property of non-object D:\phpStudy\WWW\btc\pc\Application\Float\Controller\IndexController.class.php  66 .

[ 2018-10-30T18:59:44+08:00 ] 192.168.0.128 /Float/Index/getdata?type=twd
INFO: [ app_init ] --START--
INFO: Run Behavior\BuildLiteBehavior [ RunTime:0.000015s ]
INFO: [ app_init ] --END-- [ RunTime:0.000688s ]
INFO: [ app_begin ] --START--
INFO: Run Behavior\ReadHtmlCacheBehavior [ RunTime:0.000901s ]
INFO: Run Behavior\CheckLangBehavior [ RunTime:0.003680s ]
INFO: [ app_begin ] --END-- [ RunTime:0.004689s ]
SQL: SHOW COLUMNS FROM `btc_exchange` [ RunTime:0.0111s ]

[ 2018-10-30T18:59:47+08:00 ] 192.168.0.128 /Float/Index/getdata?type=twd
INFO: [ app_init ] --START--
INFO: Run Behavior\BuildLiteBehavior [ RunTime:0.000026s ]
INFO: [ app_init ] --END-- [ RunTime:0.000920s ]
INFO: [ app_begin ] --START--
INFO: Run Behavior\ReadHtmlCacheBehavior [ RunTime:0.001128s ]
INFO: Run Behavior\CheckLangBehavior [ RunTime:0.004605s ]
INFO: [ app_begin ] --END-- [ RunTime:0.005858s ]
SQL: SHOW COLUMNS FROM `btc_exchange` [ RunTime:0.0085s ]

[ 2018-10-30T18:59:55+08:00 ] 192.168.0.128 /Float/Index/getdata?type=twd
INFO: [ app_init ] --START--
INFO: Run Behavior\BuildLiteBehavior [ RunTime:0.000024s ]
INFO: [ app_init ] --END-- [ RunTime:0.001072s ]
INFO: [ app_begin ] --START--
INFO: Run Behavior\ReadHtmlCacheBehavior [ RunTime:0.004575s ]
INFO: Run Behavior\CheckLangBehavior [ RunTime:0.016578s ]
INFO: [ app_begin ] --END-- [ RunTime:0.021407s ]
SQL: SHOW COLUMNS FROM `btc_exchange` [ RunTime:0.0081s ]

[ 2018-10-30T18:59:57+08:00 ] 192.168.0.128 /Float/Index/getdata?type=twd
INFO: [ app_init ] --START--
INFO: Run Behavior\BuildLiteBehavior [ RunTime:0.000014s ]
INFO: [ app_init ] --END-- [ RunTime:0.000561s ]
INFO: [ app_begin ] --START--
INFO: Run Behavior\ReadHtmlCacheBehavior [ RunTime:0.000894s ]
INFO: Run Behavior\CheckLangBehavior [ RunTime:0.003734s ]
INFO: [ app_begin ] --END-- [ RunTime:0.004719s ]
SQL: SHOW COLUMNS FROM `btc_exchange` [ RunTime:0.0097s ]

[ 2018-10-30T19:00:02+08:00 ] 192.168.0.128 /Float/Index/getdata?type=twd
INFO: [ app_init ] --START--
INFO: Run Behavior\BuildLiteBehavior [ RunTime:0.000012s ]
INFO: [ app_init ] --END-- [ RunTime:0.000476s ]
INFO: [ app_begin ] --START--
INFO: Run Behavior\ReadHtmlCacheBehavior [ RunTime:0.000885s ]
INFO: Run Behavior\CheckLangBehavior [ RunTime:0.003590s ]
INFO: [ app_begin ] --END-- [ RunTime:0.004561s ]
SQL: SHOW COLUMNS FROM `btc_exchange` [ RunTime:0.0082s ]

[ 2018-10-30T19:00:04+08:00 ] 192.168.0.128 /Float/Index/getdata?type=twd
INFO: [ app_init ] --START--
INFO: Run Behavior\BuildLiteBehavior [ RunTime:0.000106s ]
INFO: [ app_init ] --END-- [ RunTime:0.001278s ]
INFO: [ app_begin ] --START--
INFO: Run Behavior\ReadHtmlCacheBehavior [ RunTime:0.002616s ]
INFO: Run Behavior\CheckLangBehavior [ RunTime:0.006067s ]
INFO: [ app_begin ] --END-- [ RunTime:0.008857s ]
SQL: SHOW COLUMNS FROM `btc_exchange` [ RunTime:0.0551s ]

[ 2018-10-30T19:00:06+08:00 ] 192.168.0.128 /Float/Index/getdata?type=twd
INFO: [ app_init ] --START--
INFO: Run Behavior\BuildLiteBehavior [ RunTime:0.000016s ]
INFO: [ app_init ] --END-- [ RunTime:0.000559s ]
INFO: [ app_begin ] --START--
INFO: Run Behavior\ReadHtmlCacheBehavior [ RunTime:0.001429s ]
INFO: Run Behavior\CheckLangBehavior [ RunTime:0.012537s ]
INFO: [ app_begin ] --END-- [ RunTime:0.014072s ]
SQL: SHOW COLUMNS FROM `btc_exchange` [ RunTime:0.0080s ]

[ 2018-10-30T19:00:14+08:00 ] 192.168.0.128 /Float/Index/getdata?type=twd
INFO: [ app_init ] --START--
INFO: Run Behavior\BuildLiteBehavior [ RunTime:0.000016s ]
INFO: [ app_init ] --END-- [ RunTime:0.000700s ]
INFO: [ app_begin ] --START--
INFO: Run Behavior\ReadHtmlCacheBehavior [ RunTime:0.000984s ]
INFO: Run Behavior\CheckLangBehavior [ RunTime:0.003897s ]
INFO: [ app_begin ] --END-- [ RunTime:0.004989s ]
SQL: SHOW COLUMNS FROM `btc_exchange` [ RunTime:0.0083s ]

[ 2018-10-30T19:00:15+08:00 ] 192.168.0.128 /Float/Index/getdata?type=twd
INFO: [ app_init ] --START--
INFO: Run Behavior\BuildLiteBehavior [ RunTime:0.000017s ]
INFO: [ app_init ] --END-- [ RunTime:0.000599s ]
INFO: [ app_begin ] --START--
INFO: Run Behavior\ReadHtmlCacheBehavior [ RunTime:0.001016s ]
INFO: Run Behavior\CheckLangBehavior [ RunTime:0.013649s ]
INFO: [ app_begin ] --END-- [ RunTime:0.015047s ]
SQL: SHOW COLUMNS FROM `btc_exchange` [ RunTime:0.0082s ]

[ 2018-10-30T19:00:25+08:00 ] 192.168.0.128 /Float/Index/getdata?type=twd
INFO: [ app_init ] --START--
INFO: Run Behavior\BuildLiteBehavior [ RunTime:0.000017s ]
INFO: [ app_init ] --END-- [ RunTime:0.000636s ]
INFO: [ app_begin ] --START--
INFO: Run Behavior\ReadHtmlCacheBehavior [ RunTime:0.001044s ]
INFO: Run Behavior\CheckLangBehavior [ RunTime:0.019068s ]
INFO: [ app_begin ] --END-- [ RunTime:0.020227s ]
SQL: SHOW COLUMNS FROM `btc_exchange` [ RunTime:0.0075s ]

