[ 2019-03-03T20:43:16+08:00 ] 127.0.0.1 /Float/Index/getbtc
INFO: [ app_init ] --START--
INFO: Run Behavior\BuildLiteBehavior [ RunTime:0.000013s ]
INFO: [ app_init ] --END-- [ RunTime:0.000593s ]
INFO: [ app_begin ] --START--
INFO: Run Behavior\ReadHtmlCacheBehavior [ RunTime:0.000593s ]
INFO: Run Behavior\CheckLangBehavior [ RunTime:0.002816s ]
INFO: [ app_begin ] --END-- [ RunTime:0.003506s ]
SQL: SHOW COLUMNS FROM `btc_w_set` [ RunTime:0.0074s ]
SQL: SELECT `odds_set`,`last`,`open`,`low`,`high`,`execute_price`,`last_price`,`update_time` FROM `btc_w_set` WHERE ( id=1 ) LIMIT 1   [ RunTime:0.0003s ]

[ 2019-03-03T20:43:18+08:00 ] 127.0.0.1 /Float/Index/wrun.html
INFO: [ app_init ] --START--
INFO: Run Behavior\BuildLiteBehavior [ RunTime:0.000013s ]
INFO: [ app_init ] --END-- [ RunTime:0.000695s ]
INFO: [ app_begin ] --START--
INFO: Run Behavior\ReadHtmlCacheBehavior [ RunTime:0.000868s ]
INFO: Run Behavior\CheckLangBehavior [ RunTime:0.004499s ]
INFO: [ app_begin ] --END-- [ RunTime:0.005452s ]
SQL: SHOW COLUMNS FROM `btc_w_set` [ RunTime:0.0087s ]
SQL: UPDATE `btc_w_set` SET `last`='3819.3874',`open`='3821.22',`low`='3800.21',`high`='3839.23',`update_time`='1551616997' WHERE ( id=1 ) [ RunTime:0.0003s ]

[ 2019-03-03T20:43:19+08:00 ] 127.0.0.1 /Float/Index/wrun.html
INFO: [ app_init ] --START--
INFO: Run Behavior\BuildLiteBehavior [ RunTime:0.000010s ]
INFO: [ app_init ] --END-- [ RunTime:0.000424s ]
INFO: [ app_begin ] --START--
INFO: Run Behavior\ReadHtmlCacheBehavior [ RunTime:0.000603s ]
INFO: Run Behavior\CheckLangBehavior [ RunTime:0.002604s ]
INFO: [ app_begin ] --END-- [ RunTime:0.003273s ]
SQL: SHOW COLUMNS FROM `btc_w_set` [ RunTime:0.0069s ]
SQL: UPDATE `btc_w_set` SET `last`='3819.335',`open`='3821.22',`low`='3800.21',`high`='3839.23',`update_time`='1551616998' WHERE ( id=1 ) [ RunTime:0.0003s ]

[ 2019-03-03T20:43:20+08:00 ] 127.0.0.1 /Float/Index/wrun.html
INFO: [ app_init ] --START--
INFO: Run Behavior\BuildLiteBehavior [ RunTime:0.000008s ]
INFO: [ app_init ] --END-- [ RunTime:0.000321s ]
INFO: [ app_begin ] --START--
INFO: Run Behavior\ReadHtmlCacheBehavior [ RunTime:0.000561s ]
INFO: Run Behavior\CheckLangBehavior [ RunTime:0.001878s ]
INFO: [ app_begin ] --END-- [ RunTime:0.002508s ]
SQL: SHOW COLUMNS FROM `btc_w_set` [ RunTime:0.0066s ]
SQL: UPDATE `btc_w_set` SET `last`='3819.3261',`open`='3821.22',`low`='3800.21',`high`='3839.23',`update_time`='1551616999' WHERE ( id=1 ) [ RunTime:0.0002s ]

[ 2019-03-03T20:43:21+08:00 ] 127.0.0.1 /Float/Index/wrun.html
INFO: [ app_init ] --START--
INFO: Run Behavior\BuildLiteBehavior [ RunTime:0.000009s ]
INFO: [ app_init ] --END-- [ RunTime:0.000376s ]
INFO: [ app_begin ] --START--
INFO: Run Behavior\ReadHtmlCacheBehavior [ RunTime:0.000406s ]
INFO: Run Behavior\CheckLangBehavior [ RunTime:0.001766s ]
INFO: [ app_begin ] --END-- [ RunTime:0.002221s ]
SQL: SHOW COLUMNS FROM `btc_w_set` [ RunTime:0.0063s ]
SQL: UPDATE `btc_w_set` SET `last`='3819.3193',`open`='3821.22',`low`='3800.21',`high`='3839.23',`update_time`='1551617000' WHERE ( id=1 ) [ RunTime:0.0002s ]

[ 2019-03-03T20:43:22+08:00 ] 127.0.0.1 /Float/Index/wrun.html
INFO: [ app_init ] --START--
INFO: Run Behavior\BuildLiteBehavior [ RunTime:0.000010s ]
INFO: [ app_init ] --END-- [ RunTime:0.000437s ]
INFO: [ app_begin ] --START--
INFO: Run Behavior\ReadHtmlCacheBehavior [ RunTime:0.000409s ]
INFO: Run Behavior\CheckLangBehavior [ RunTime:0.002455s ]
INFO: [ app_begin ] --END-- [ RunTime:0.002916s ]
SQL: SHOW COLUMNS FROM `btc_w_set` [ RunTime:0.0066s ]
SQL: UPDATE `btc_w_set` SET `last`='3819.3964',`open`='3821.22',`low`='3800.21',`high`='3839.23',`update_time`='1551617001' WHERE ( id=1 ) [ RunTime:0.0003s ]

[ 2019-03-03T20:43:23+08:00 ] 127.0.0.1 /Float/Index/wrun.html
INFO: [ app_init ] --START--
INFO: Run Behavior\BuildLiteBehavior [ RunTime:0.000008s ]
INFO: [ app_init ] --END-- [ RunTime:0.000302s ]
INFO: [ app_begin ] --START--
INFO: Run Behavior\ReadHtmlCacheBehavior [ RunTime:0.000635s ]
INFO: Run Behavior\CheckLangBehavior [ RunTime:0.001834s ]
INFO: [ app_begin ] --END-- [ RunTime:0.002534s ]
SQL: SHOW COLUMNS FROM `btc_w_set` [ RunTime:0.0063s ]
SQL: UPDATE `btc_w_set` SET `last`='3819.3993',`open`='3821.22',`low`='3800.21',`high`='3839.23',`update_time`='1551617002' WHERE ( id=1 ) [ RunTime:0.0003s ]

[ 2019-03-03T20:43:25+08:00 ] 127.0.0.1 /Float/Index/wrun.html
INFO: [ app_init ] --START--
INFO: Run Behavior\BuildLiteBehavior [ RunTime:0.000010s ]
INFO: [ app_init ] --END-- [ RunTime:0.000454s ]
INFO: [ app_begin ] --START--
INFO: Run Behavior\ReadHtmlCacheBehavior [ RunTime:0.000463s ]
INFO: Run Behavior\CheckLangBehavior [ RunTime:0.002244s ]
INFO: [ app_begin ] --END-- [ RunTime:0.002761s ]
SQL: SHOW COLUMNS FROM `btc_w_set` [ RunTime:0.0068s ]
SQL: UPDATE `btc_w_set` SET `last`='3819.3893',`open`='3821.22',`low`='3800.21',`high`='3839.23',`update_time`='1551617004' WHERE ( id=1 ) [ RunTime:0.0003s ]

[ 2019-03-03T20:43:26+08:00 ] 127.0.0.1 /Float/Index/wrun.html
INFO: [ app_init ] --START--
INFO: Run Behavior\BuildLiteBehavior [ RunTime:0.000006s ]
INFO: [ app_init ] --END-- [ RunTime:0.000323s ]
INFO: [ app_begin ] --START--
INFO: Run Behavior\ReadHtmlCacheBehavior [ RunTime:0.000541s ]
INFO: Run Behavior\CheckLangBehavior [ RunTime:0.002931s ]
INFO: [ app_begin ] --END-- [ RunTime:0.003536s ]
SQL: SHOW COLUMNS FROM `btc_w_set` [ RunTime:0.0063s ]
SQL: UPDATE `btc_w_set` SET `last`='3819.3998',`open`='3821.22',`low`='3800.21',`high`='3839.23',`update_time`='1551617005' WHERE ( id=1 ) [ RunTime:0.0003s ]

[ 2019-03-03T20:43:27+08:00 ] 127.0.0.1 /Float/Index/wrun.html
INFO: [ app_init ] --START--
INFO: Run Behavior\BuildLiteBehavior [ RunTime:0.000008s ]
INFO: [ app_init ] --END-- [ RunTime:0.000411s ]
INFO: [ app_begin ] --START--
INFO: Run Behavior\ReadHtmlCacheBehavior [ RunTime:0.000455s ]
INFO: Run Behavior\CheckLangBehavior [ RunTime:0.002943s ]
INFO: [ app_begin ] --END-- [ RunTime:0.003470s ]
SQL: SHOW COLUMNS FROM `btc_w_set` [ RunTime:0.0065s ]
SQL: UPDATE `btc_w_set` SET `last`='3820.6561',`open`='3821.39',`low`='3800.21',`high`='3839.23',`update_time`='1551617006' WHERE ( id=1 ) [ RunTime:0.0003s ]

