[ 2019-03-09T10:22:45+08:00 ] 192.168.0.137 /Float/Index/getdata?type=twd
INFO: [ app_init ] --START--
INFO: Run Behavior\BuildLiteBehavior [ RunTime:0.000012s ]
INFO: [ app_init ] --END-- [ RunTime:0.000518s ]
INFO: [ app_begin ] --START--
INFO: Run Behavior\ReadHtmlCacheBehavior [ RunTime:0.000699s ]
INFO: Run Behavior\CheckLangBehavior [ RunTime:0.003363s ]
INFO: [ app_begin ] --END-- [ RunTime:0.004146s ]
SQL: SHOW COLUMNS FROM `btc_exchange` [ RunTime:0.0109s ]

[ 2019-03-09T10:23:07+08:00 ] 192.168.0.137 /Float/Index/getdata?type=twd
INFO: [ app_init ] --START--
INFO: Run Behavior\BuildLiteBehavior [ RunTime:0.000009s ]
INFO: [ app_init ] --END-- [ RunTime:0.000356s ]
INFO: [ app_begin ] --START--
INFO: Run Behavior\ReadHtmlCacheBehavior [ RunTime:0.000417s ]
INFO: Run Behavior\CheckLangBehavior [ RunTime:0.001713s ]
INFO: [ app_begin ] --END-- [ RunTime:0.002177s ]
SQL: SHOW COLUMNS FROM `btc_exchange` [ RunTime:0.0054s ]

[ 2019-03-09T10:23:09+08:00 ] 192.168.0.137 /Float/Index/getdata?type=twd
INFO: [ app_init ] --START--
INFO: Run Behavior\BuildLiteBehavior [ RunTime:0.000015s ]
INFO: [ app_init ] --END-- [ RunTime:0.001195s ]
INFO: [ app_begin ] --START--
INFO: Run Behavior\ReadHtmlCacheBehavior [ RunTime:0.000683s ]
INFO: Run Behavior\CheckLangBehavior [ RunTime:0.010147s ]
INFO: [ app_begin ] --END-- [ RunTime:0.010918s ]
SQL: SHOW COLUMNS FROM `btc_exchange` [ RunTime:0.0053s ]

[ 2019-03-09T10:23:10+08:00 ] 192.168.0.137 /Float/Index/getdata?type=twd
INFO: [ app_init ] --START--
INFO: Run Behavior\BuildLiteBehavior [ RunTime:0.000009s ]
INFO: [ app_init ] --END-- [ RunTime:0.000445s ]
INFO: [ app_begin ] --START--
INFO: Run Behavior\ReadHtmlCacheBehavior [ RunTime:0.000411s ]
INFO: Run Behavior\CheckLangBehavior [ RunTime:0.002136s ]
INFO: [ app_begin ] --END-- [ RunTime:0.002606s ]
SQL: SHOW COLUMNS FROM `btc_exchange` [ RunTime:0.0068s ]

[ 2019-03-09T10:23:12+08:00 ] 192.168.0.137 /Float/Index/getdata?type=twd
INFO: [ app_init ] --START--
INFO: Run Behavior\BuildLiteBehavior [ RunTime:0.000011s ]
INFO: [ app_init ] --END-- [ RunTime:0.000420s ]
INFO: [ app_begin ] --START--
INFO: Run Behavior\ReadHtmlCacheBehavior [ RunTime:0.000910s ]
INFO: Run Behavior\CheckLangBehavior [ RunTime:0.003632s ]
INFO: [ app_begin ] --END-- [ RunTime:0.004676s ]
SQL: SHOW COLUMNS FROM `btc_exchange` [ RunTime:0.0054s ]

[ 2019-03-09T10:23:13+08:00 ] 192.168.0.137 /Float/Index/getdata?type=twd
INFO: [ app_init ] --START--
INFO: Run Behavior\BuildLiteBehavior [ RunTime:0.000008s ]
INFO: [ app_init ] --END-- [ RunTime:0.000352s ]
INFO: [ app_begin ] --START--
INFO: Run Behavior\ReadHtmlCacheBehavior [ RunTime:0.000516s ]
INFO: Run Behavior\CheckLangBehavior [ RunTime:0.001820s ]
INFO: [ app_begin ] --END-- [ RunTime:0.002391s ]
SQL: SHOW COLUMNS FROM `btc_exchange` [ RunTime:0.0057s ]

[ 2019-03-09T10:23:14+08:00 ] 192.168.0.137 /Float/Index/getdata?type=twd
INFO: [ app_init ] --START--
INFO: Run Behavior\BuildLiteBehavior [ RunTime:0.000008s ]
INFO: [ app_init ] --END-- [ RunTime:0.000303s ]
INFO: [ app_begin ] --START--
INFO: Run Behavior\ReadHtmlCacheBehavior [ RunTime:0.000796s ]
INFO: Run Behavior\CheckLangBehavior [ RunTime:0.003191s ]
INFO: [ app_begin ] --END-- [ RunTime:0.004100s ]
SQL: SHOW COLUMNS FROM `btc_exchange` [ RunTime:0.0052s ]

[ 2019-03-09T10:23:15+08:00 ] 192.168.0.137 /Float/Index/getdata?type=twd
INFO: [ app_init ] --START--
INFO: Run Behavior\BuildLiteBehavior [ RunTime:0.000012s ]
INFO: [ app_init ] --END-- [ RunTime:0.000484s ]
INFO: [ app_begin ] --START--
INFO: Run Behavior\ReadHtmlCacheBehavior [ RunTime:0.002739s ]
INFO: Run Behavior\CheckLangBehavior [ RunTime:0.004088s ]
INFO: [ app_begin ] --END-- [ RunTime:0.006994s ]
SQL: SHOW COLUMNS FROM `btc_exchange` [ RunTime:0.0065s ]

[ 2019-03-09T10:23:20+08:00 ] 192.168.0.137 /Float/Index/getdata?type=twd
INFO: [ app_init ] --START--
INFO: Run Behavior\BuildLiteBehavior [ RunTime:0.000007s ]
INFO: [ app_init ] --END-- [ RunTime:0.000279s ]
INFO: [ app_begin ] --START--
INFO: Run Behavior\ReadHtmlCacheBehavior [ RunTime:0.000358s ]
INFO: Run Behavior\CheckLangBehavior [ RunTime:0.001617s ]
INFO: [ app_begin ] --END-- [ RunTime:0.002011s ]
SQL: SHOW COLUMNS FROM `btc_exchange` [ RunTime:0.0056s ]

[ 2019-03-09T10:23:27+08:00 ] 192.168.0.137 /Float/Index/getdata?type=twd
INFO: [ app_init ] --START--
INFO: Run Behavior\BuildLiteBehavior [ RunTime:0.000012s ]
INFO: [ app_init ] --END-- [ RunTime:0.000508s ]
INFO: [ app_begin ] --START--
INFO: Run Behavior\ReadHtmlCacheBehavior [ RunTime:0.000467s ]
INFO: Run Behavior\CheckLangBehavior [ RunTime:0.001736s ]
INFO: [ app_begin ] --END-- [ RunTime:0.002250s ]
SQL: SHOW COLUMNS FROM `btc_exchange` [ RunTime:0.0068s ]

[ 2019-03-09T10:23:29+08:00 ] 192.168.0.137 /Float/Index/getdata?type=twd
INFO: [ app_init ] --START--
INFO: Run Behavior\BuildLiteBehavior [ RunTime:0.000008s ]
INFO: [ app_init ] --END-- [ RunTime:0.000292s ]
INFO: [ app_begin ] --START--
INFO: Run Behavior\ReadHtmlCacheBehavior [ RunTime:0.000395s ]
INFO: Run Behavior\CheckLangBehavior [ RunTime:0.001697s ]
INFO: [ app_begin ] --END-- [ RunTime:0.002141s ]
SQL: SHOW COLUMNS FROM `btc_exchange` [ RunTime:0.0052s ]

[ 2019-03-09T10:23:30+08:00 ] 192.168.0.137 /Float/Index/getdata?type=twd
INFO: [ app_init ] --START--
INFO: Run Behavior\BuildLiteBehavior [ RunTime:0.000009s ]
INFO: [ app_init ] --END-- [ RunTime:0.000303s ]
INFO: [ app_begin ] --START--
INFO: Run Behavior\ReadHtmlCacheBehavior [ RunTime:0.000413s ]
INFO: Run Behavior\CheckLangBehavior [ RunTime:0.001727s ]
INFO: [ app_begin ] --END-- [ RunTime:0.002188s ]
SQL: SHOW COLUMNS FROM `btc_exchange` [ RunTime:0.0056s ]

[ 2019-03-09T10:23:32+08:00 ] 192.168.0.137 /Float/Index/getkdata?type=15min
INFO: [ app_init ] --START--
INFO: Run Behavior\BuildLiteBehavior [ RunTime:0.000012s ]
INFO: [ app_init ] --END-- [ RunTime:0.000465s ]
INFO: [ app_begin ] --START--
INFO: Run Behavior\ReadHtmlCacheBehavior [ RunTime:0.000907s ]
INFO: Run Behavior\CheckLangBehavior [ RunTime:0.003816s ]
INFO: [ app_begin ] --END-- [ RunTime:0.004812s ]
NOTIC: [8192] Non-static method Request::httpGet() should not be called statically D:\phpStudy\WWW\btc\pc\Application\Float\Controller\IndexController.class.php 第 128 行.

[ 2019-03-09T11:24:37+08:00 ] 192.168.0.137 /Float/Index/getkdata?type=15min
INFO: [ app_init ] --START--
INFO: Run Behavior\BuildLiteBehavior [ RunTime:0.000008s ]
INFO: [ app_init ] --END-- [ RunTime:0.000305s ]
INFO: [ app_begin ] --START--
INFO: Run Behavior\ReadHtmlCacheBehavior [ RunTime:0.000399s ]
INFO: Run Behavior\CheckLangBehavior [ RunTime:0.002588s ]
INFO: [ app_begin ] --END-- [ RunTime:0.003052s ]
NOTIC: [8192] Non-static method Request::httpGet() should not be called statically D:\phpStudy\WWW\btc\pc\Application\Float\Controller\IndexController.class.php 第 128 行.

[ 2019-03-09T11:28:06+08:00 ] 192.168.0.137 /Float/Index/getkdata?type=15min
INFO: [ app_init ] --START--
INFO: Run Behavior\BuildLiteBehavior [ RunTime:0.000016s ]
INFO: [ app_init ] --END-- [ RunTime:0.000792s ]
INFO: [ app_begin ] --START--
INFO: Run Behavior\ReadHtmlCacheBehavior [ RunTime:0.001193s ]
INFO: Run Behavior\CheckLangBehavior [ RunTime:0.001885s ]
INFO: [ app_begin ] --END-- [ RunTime:0.003154s ]
NOTIC: [8192] Non-static method Request::httpGet() should not be called statically D:\phpStudy\WWW\btc\pc\Application\Float\Controller\IndexController.class.php 第 128 行.

[ 2019-03-09T11:28:10+08:00 ] 192.168.0.137 /Float/Index/getkdata?type=15min
INFO: [ app_init ] --START--
INFO: Run Behavior\BuildLiteBehavior [ RunTime:0.000010s ]
INFO: [ app_init ] --END-- [ RunTime:0.000427s ]
INFO: [ app_begin ] --START--
INFO: Run Behavior\ReadHtmlCacheBehavior [ RunTime:0.000780s ]
INFO: Run Behavior\CheckLangBehavior [ RunTime:0.003741s ]
INFO: [ app_begin ] --END-- [ RunTime:0.004638s ]
NOTIC: [8192] Non-static method Request::httpGet() should not be called statically D:\phpStudy\WWW\btc\pc\Application\Float\Controller\IndexController.class.php 第 128 行.

[ 2019-03-09T11:28:26+08:00 ] 192.168.0.137 /Float/Index/getkdata?type=15min
INFO: [ app_init ] --START--
INFO: Run Behavior\BuildLiteBehavior [ RunTime:0.000009s ]
INFO: [ app_init ] --END-- [ RunTime:0.000321s ]
INFO: [ app_begin ] --START--
INFO: Run Behavior\ReadHtmlCacheBehavior [ RunTime:0.000778s ]
INFO: Run Behavior\CheckLangBehavior [ RunTime:0.002406s ]
INFO: [ app_begin ] --END-- [ RunTime:0.003273s ]
NOTIC: [8192] Non-static method Request::httpGet() should not be called statically D:\phpStudy\WWW\btc\pc\Application\Float\Controller\IndexController.class.php 第 128 行.

[ 2019-03-09T11:28:34+08:00 ] 192.168.0.137 /Float/Index/getkdata?type=15min
INFO: [ app_init ] --START--
INFO: Run Behavior\BuildLiteBehavior [ RunTime:0.000013s ]
INFO: [ app_init ] --END-- [ RunTime:0.000711s ]
INFO: [ app_begin ] --START--
INFO: Run Behavior\ReadHtmlCacheBehavior [ RunTime:0.000659s ]
INFO: Run Behavior\CheckLangBehavior [ RunTime:0.001902s ]
INFO: [ app_begin ] --END-- [ RunTime:0.002638s ]
NOTIC: [8192] Non-static method Request::httpGet() should not be called statically D:\phpStudy\WWW\btc\pc\Application\Float\Controller\IndexController.class.php 第 128 行.

[ 2019-03-09T11:29:31+08:00 ] 192.168.0.137 /Float/Index/getkdata?type=15min
INFO: [ app_init ] --START--
INFO: Run Behavior\BuildLiteBehavior [ RunTime:0.000008s ]
INFO: [ app_init ] --END-- [ RunTime:0.000331s ]
INFO: [ app_begin ] --START--
INFO: Run Behavior\ReadHtmlCacheBehavior [ RunTime:0.002144s ]
INFO: Run Behavior\CheckLangBehavior [ RunTime:0.005178s ]
INFO: [ app_begin ] --END-- [ RunTime:0.007488s ]
NOTIC: [8192] Non-static method Request::httpGet() should not be called statically D:\phpStudy\WWW\btc\pc\Application\Float\Controller\IndexController.class.php 第 128 行.

[ 2019-03-09T11:29:33+08:00 ] 192.168.0.137 /Float/Index/getkdata?type=15min
INFO: [ app_init ] --START--
INFO: Run Behavior\BuildLiteBehavior [ RunTime:0.000011s ]
INFO: [ app_init ] --END-- [ RunTime:0.000474s ]
INFO: [ app_begin ] --START--
INFO: Run Behavior\ReadHtmlCacheBehavior [ RunTime:0.001267s ]
INFO: Run Behavior\CheckLangBehavior [ RunTime:0.003591s ]
INFO: [ app_begin ] --END-- [ RunTime:0.004971s ]
NOTIC: [8192] Non-static method Request::httpGet() should not be called statically D:\phpStudy\WWW\btc\pc\Application\Float\Controller\IndexController.class.php 第 128 行.

[ 2019-03-09T11:54:47+08:00 ] 192.168.0.137 /Float/Index/getkdata?type=15min
INFO: [ app_init ] --START--
INFO: Run Behavior\BuildLiteBehavior [ RunTime:0.000012s ]
INFO: [ app_init ] --END-- [ RunTime:0.000492s ]
INFO: [ app_begin ] --START--
INFO: Run Behavior\ReadHtmlCacheBehavior [ RunTime:0.000511s ]
INFO: Run Behavior\CheckLangBehavior [ RunTime:0.002691s ]
INFO: [ app_begin ] --END-- [ RunTime:0.003289s ]
NOTIC: [8192] Non-static method Request::httpGet() should not be called statically D:\phpStudy\WWW\btc\pc\Application\Float\Controller\IndexController.class.php 第 128 行.

[ 2019-03-09T11:59:16+08:00 ] 192.168.0.137 /Float/Index/getkdata?type=15min
INFO: [ app_init ] --START--
INFO: Run Behavior\BuildLiteBehavior [ RunTime:0.000024s ]
INFO: [ app_init ] --END-- [ RunTime:0.000666s ]
INFO: [ app_begin ] --START--
INFO: Run Behavior\ReadHtmlCacheBehavior [ RunTime:0.000742s ]
INFO: Run Behavior\CheckLangBehavior [ RunTime:0.003211s ]
INFO: [ app_begin ] --END-- [ RunTime:0.004044s ]
NOTIC: [8192] Non-static method Request::httpGet() should not be called statically D:\phpStudy\WWW\btc\pc\Application\Float\Controller\IndexController.class.php 第 128 行.

[ 2019-03-09T11:59:39+08:00 ] 192.168.0.137 /Float/Index/getkdata?type=15min
INFO: [ app_init ] --START--
INFO: Run Behavior\BuildLiteBehavior [ RunTime:0.000010s ]
INFO: [ app_init ] --END-- [ RunTime:0.000456s ]
INFO: [ app_begin ] --START--
INFO: Run Behavior\ReadHtmlCacheBehavior [ RunTime:0.001823s ]
INFO: Run Behavior\CheckLangBehavior [ RunTime:0.002739s ]
INFO: [ app_begin ] --END-- [ RunTime:0.004692s ]
NOTIC: [8192] Non-static method Request::httpGet() should not be called statically D:\phpStudy\WWW\btc\pc\Application\Float\Controller\IndexController.class.php 第 128 行.

[ 2019-03-09T12:45:08+08:00 ] 192.168.0.137 /Float/Index/getkdata?type=1min
INFO: [ app_init ] --START--
INFO: Run Behavior\BuildLiteBehavior [ RunTime:0.000022s ]
INFO: [ app_init ] --END-- [ RunTime:0.000935s ]
INFO: [ app_begin ] --START--
INFO: Run Behavior\ReadHtmlCacheBehavior [ RunTime:0.000841s ]
INFO: Run Behavior\CheckLangBehavior [ RunTime:0.004526s ]
INFO: [ app_begin ] --END-- [ RunTime:0.005485s ]
NOTIC: [8192] Non-static method Request::httpGet() should not be called statically D:\phpStudy\WWW\btc\pc\Application\Float\Controller\IndexController.class.php 第 128 行.

[ 2019-03-09T12:45:31+08:00 ] 192.168.0.137 /Float/Index/getkdata?type=1min
INFO: [ app_init ] --START--
INFO: Run Behavior\BuildLiteBehavior [ RunTime:0.000013s ]
INFO: [ app_init ] --END-- [ RunTime:0.001066s ]
INFO: [ app_begin ] --START--
INFO: Run Behavior\ReadHtmlCacheBehavior [ RunTime:0.000607s ]
INFO: Run Behavior\CheckLangBehavior [ RunTime:0.003872s ]
INFO: [ app_begin ] --END-- [ RunTime:0.004571s ]
NOTIC: [8192] Non-static method Request::httpGet() should not be called statically D:\phpStudy\WWW\btc\pc\Application\Float\Controller\IndexController.class.php 第 128 行.

[ 2019-03-09T12:45:53+08:00 ] 192.168.0.137 /Float/Index/getkdata?type=1min
INFO: [ app_init ] --START--
INFO: Run Behavior\BuildLiteBehavior [ RunTime:0.000007s ]
INFO: [ app_init ] --END-- [ RunTime:0.000419s ]
INFO: [ app_begin ] --START--
INFO: Run Behavior\ReadHtmlCacheBehavior [ RunTime:0.000701s ]
INFO: Run Behavior\CheckLangBehavior [ RunTime:0.003297s ]
INFO: [ app_begin ] --END-- [ RunTime:0.004082s ]
NOTIC: [8192] Non-static method Request::httpGet() should not be called statically D:\phpStudy\WWW\btc\pc\Application\Float\Controller\IndexController.class.php 第 128 行.

[ 2019-03-09T12:46:07+08:00 ] 192.168.0.137 /Float/Index/getkdata?type=1min
INFO: [ app_init ] --START--
INFO: Run Behavior\BuildLiteBehavior [ RunTime:0.000015s ]
INFO: [ app_init ] --END-- [ RunTime:0.001120s ]
INFO: [ app_begin ] --START--
INFO: Run Behavior\ReadHtmlCacheBehavior [ RunTime:0.000922s ]
INFO: Run Behavior\CheckLangBehavior [ RunTime:0.004995s ]
INFO: [ app_begin ] --END-- [ RunTime:0.006027s ]
NOTIC: [8192] Non-static method Request::httpGet() should not be called statically D:\phpStudy\WWW\btc\pc\Application\Float\Controller\IndexController.class.php 第 128 行.

[ 2019-03-09T12:46:16+08:00 ] 192.168.0.137 /Float/Index/getkdata?type=1min
INFO: [ app_init ] --START--
INFO: Run Behavior\BuildLiteBehavior [ RunTime:0.000008s ]
INFO: [ app_init ] --END-- [ RunTime:0.000336s ]
INFO: [ app_begin ] --START--
INFO: Run Behavior\ReadHtmlCacheBehavior [ RunTime:0.000403s ]
INFO: Run Behavior\CheckLangBehavior [ RunTime:0.001861s ]
INFO: [ app_begin ] --END-- [ RunTime:0.002313s ]
NOTIC: [8192] Non-static method Request::httpGet() should not be called statically D:\phpStudy\WWW\btc\pc\Application\Float\Controller\IndexController.class.php 第 128 行.

[ 2019-03-09T12:52:58+08:00 ] 192.168.0.137 /Float/Index/getkdata?type=1min
INFO: [ app_init ] --START--
INFO: Run Behavior\BuildLiteBehavior [ RunTime:0.000010s ]
INFO: [ app_init ] --END-- [ RunTime:0.000439s ]
INFO: [ app_begin ] --START--
INFO: Run Behavior\ReadHtmlCacheBehavior [ RunTime:0.000768s ]
INFO: Run Behavior\CheckLangBehavior [ RunTime:0.004467s ]
INFO: [ app_begin ] --END-- [ RunTime:0.005348s ]
NOTIC: [8192] Non-static method Request::httpGet() should not be called statically D:\phpStudy\WWW\btc\pc\Application\Float\Controller\IndexController.class.php 第 128 行.

[ 2019-03-09T12:53:33+08:00 ] 192.168.0.137 /Float/Index/getkdata?type=1min
INFO: [ app_init ] --START--
INFO: Run Behavior\BuildLiteBehavior [ RunTime:0.000009s ]
INFO: [ app_init ] --END-- [ RunTime:0.000396s ]
INFO: [ app_begin ] --START--
INFO: Run Behavior\ReadHtmlCacheBehavior [ RunTime:0.000631s ]
INFO: Run Behavior\CheckLangBehavior [ RunTime:0.005417s ]
INFO: [ app_begin ] --END-- [ RunTime:0.006137s ]
NOTIC: [8192] Non-static method Request::httpGet() should not be called statically D:\phpStudy\WWW\btc\pc\Application\Float\Controller\IndexController.class.php 第 128 行.

[ 2019-03-09T12:53:51+08:00 ] 192.168.0.137 /Float/Index/getkdata?type=1min
INFO: [ app_init ] --START--
INFO: Run Behavior\BuildLiteBehavior [ RunTime:0.000013s ]
INFO: [ app_init ] --END-- [ RunTime:0.000470s ]
INFO: [ app_begin ] --START--
INFO: Run Behavior\ReadHtmlCacheBehavior [ RunTime:0.003310s ]
INFO: Run Behavior\CheckLangBehavior [ RunTime:0.008199s ]
INFO: [ app_begin ] --END-- [ RunTime:0.011637s ]
NOTIC: [8192] Non-static method Request::httpGet() should not be called statically D:\phpStudy\WWW\btc\pc\Application\Float\Controller\IndexController.class.php 第 128 行.

[ 2019-03-09T12:55:01+08:00 ] 192.168.0.137 /Float/Index/getkdata?type=1min
INFO: [ app_init ] --START--
INFO: Run Behavior\BuildLiteBehavior [ RunTime:0.000008s ]
INFO: [ app_init ] --END-- [ RunTime:0.000327s ]
INFO: [ app_begin ] --START--
INFO: Run Behavior\ReadHtmlCacheBehavior [ RunTime:0.000436s ]
INFO: Run Behavior\CheckLangBehavior [ RunTime:0.001822s ]
INFO: [ app_begin ] --END-- [ RunTime:0.002310s ]
NOTIC: [8192] Non-static method Request::httpGet() should not be called statically D:\phpStudy\WWW\btc\pc\Application\Float\Controller\IndexController.class.php 第 128 行.

[ 2019-03-09T12:55:38+08:00 ] 192.168.0.137 /Float/Index/getkdata?type=1min
INFO: [ app_init ] --START--
INFO: Run Behavior\BuildLiteBehavior [ RunTime:0.000008s ]
INFO: [ app_init ] --END-- [ RunTime:0.000320s ]
INFO: [ app_begin ] --START--
INFO: Run Behavior\ReadHtmlCacheBehavior [ RunTime:0.001426s ]
INFO: Run Behavior\CheckLangBehavior [ RunTime:0.004299s ]
INFO: [ app_begin ] --END-- [ RunTime:0.005875s ]
NOTIC: [8192] Non-static method Request::httpGet() should not be called statically D:\phpStudy\WWW\btc\pc\Application\Float\Controller\IndexController.class.php 第 128 行.

[ 2019-03-09T13:36:40+08:00 ] 192.168.0.137 /Float/Index/getkdata?type=1min
INFO: [ app_init ] --START--
INFO: Run Behavior\BuildLiteBehavior [ RunTime:0.000015s ]
INFO: [ app_init ] --END-- [ RunTime:0.000632s ]
INFO: [ app_begin ] --START--
INFO: Run Behavior\ReadHtmlCacheBehavior [ RunTime:0.000709s ]
INFO: Run Behavior\CheckLangBehavior [ RunTime:0.004486s ]
INFO: [ app_begin ] --END-- [ RunTime:0.005351s ]
NOTIC: [8192] Non-static method Request::httpGet() should not be called statically D:\phpStudy\WWW\btc\pc\Application\Float\Controller\IndexController.class.php 第 128 行.

[ 2019-03-09T13:39:37+08:00 ] 192.168.0.137 /Float/Index/getkdata?type=1min
INFO: [ app_init ] --START--
INFO: Run Behavior\BuildLiteBehavior [ RunTime:0.000028s ]
INFO: [ app_init ] --END-- [ RunTime:0.001019s ]
INFO: [ app_begin ] --START--
INFO: Run Behavior\ReadHtmlCacheBehavior [ RunTime:0.000601s ]
INFO: Run Behavior\CheckLangBehavior [ RunTime:0.002913s ]
INFO: [ app_begin ] --END-- [ RunTime:0.003582s ]
NOTIC: [8192] Non-static method Request::httpGet() should not be called statically D:\phpStudy\WWW\btc\pc\Application\Float\Controller\IndexController.class.php 第 128 行.

[ 2019-03-09T13:54:35+08:00 ] 192.168.0.137 /Float/Index/getkdata?type=1min
INFO: [ app_init ] --START--
INFO: Run Behavior\BuildLiteBehavior [ RunTime:0.000007s ]
INFO: [ app_init ] --END-- [ RunTime:0.000290s ]
INFO: [ app_begin ] --START--
INFO: Run Behavior\ReadHtmlCacheBehavior [ RunTime:0.000398s ]
INFO: Run Behavior\CheckLangBehavior [ RunTime:0.001657s ]
INFO: [ app_begin ] --END-- [ RunTime:0.002103s ]
NOTIC: [8192] Non-static method Request::httpGet() should not be called statically D:\phpStudy\WWW\btc\pc\Application\Float\Controller\IndexController.class.php 第 128 行.

[ 2019-03-09T13:54:42+08:00 ] 192.168.0.137 /Float/Index/getkdata?type=1min
INFO: [ app_init ] --START--
INFO: Run Behavior\BuildLiteBehavior [ RunTime:0.000012s ]
INFO: [ app_init ] --END-- [ RunTime:0.000505s ]
INFO: [ app_begin ] --START--
INFO: Run Behavior\ReadHtmlCacheBehavior [ RunTime:0.000653s ]
INFO: Run Behavior\CheckLangBehavior [ RunTime:0.003477s ]
INFO: [ app_begin ] --END-- [ RunTime:0.004212s ]
NOTIC: [8192] Non-static method Request::httpGet() should not be called statically D:\phpStudy\WWW\btc\pc\Application\Float\Controller\IndexController.class.php 第 128 行.

[ 2019-03-09T14:03:19+08:00 ] 192.168.0.137 /Float/Index/getkdata?type=1min
INFO: [ app_init ] --START--
INFO: Run Behavior\BuildLiteBehavior [ RunTime:0.000009s ]
INFO: [ app_init ] --END-- [ RunTime:0.000427s ]
INFO: [ app_begin ] --START--
INFO: Run Behavior\ReadHtmlCacheBehavior [ RunTime:0.000585s ]
INFO: Run Behavior\CheckLangBehavior [ RunTime:0.003197s ]
INFO: [ app_begin ] --END-- [ RunTime:0.003851s ]
NOTIC: [8192] Non-static method Request::httpGet() should not be called statically D:\phpStudy\WWW\btc\pc\Application\Float\Controller\IndexController.class.php 第 128 行.

[ 2019-03-09T14:03:27+08:00 ] 192.168.0.137 /Float/Index/getkdata?type=1min
INFO: [ app_init ] --START--
INFO: Run Behavior\BuildLiteBehavior [ RunTime:0.000010s ]
INFO: [ app_init ] --END-- [ RunTime:0.000427s ]
INFO: [ app_begin ] --START--
INFO: Run Behavior\ReadHtmlCacheBehavior [ RunTime:0.000962s ]
INFO: Run Behavior\CheckLangBehavior [ RunTime:0.002267s ]
INFO: [ app_begin ] --END-- [ RunTime:0.003317s ]
NOTIC: [8192] Non-static method Request::httpGet() should not be called statically D:\phpStudy\WWW\btc\pc\Application\Float\Controller\IndexController.class.php 第 128 行.

[ 2019-03-09T14:07:38+08:00 ] 192.168.0.137 /Float/Index/getkdata?type=1min
INFO: [ app_init ] --START--
INFO: Run Behavior\BuildLiteBehavior [ RunTime:0.000008s ]
INFO: [ app_init ] --END-- [ RunTime:0.000310s ]
INFO: [ app_begin ] --START--
INFO: Run Behavior\ReadHtmlCacheBehavior [ RunTime:0.000443s ]
INFO: Run Behavior\CheckLangBehavior [ RunTime:0.001751s ]
INFO: [ app_begin ] --END-- [ RunTime:0.002255s ]
NOTIC: [8192] Non-static method Request::httpGet() should not be called statically D:\phpStudy\WWW\btc\pc\Application\Float\Controller\IndexController.class.php 第 128 行.

[ 2019-03-09T14:07:57+08:00 ] 192.168.0.137 /Float/Index/getkdata?type=1min
INFO: [ app_init ] --START--
INFO: Run Behavior\BuildLiteBehavior [ RunTime:0.000025s ]
INFO: [ app_init ] --END-- [ RunTime:0.001164s ]
INFO: [ app_begin ] --START--
INFO: Run Behavior\ReadHtmlCacheBehavior [ RunTime:0.000625s ]
INFO: Run Behavior\CheckLangBehavior [ RunTime:0.001817s ]
INFO: [ app_begin ] --END-- [ RunTime:0.002512s ]
NOTIC: [8192] Non-static method Request::httpGet() should not be called statically D:\phpStudy\WWW\btc\pc\Application\Float\Controller\IndexController.class.php 第 128 行.

[ 2019-03-09T14:08:23+08:00 ] 192.168.0.137 /Float/Index/getkdata?type=1min
INFO: [ app_init ] --START--
INFO: Run Behavior\BuildLiteBehavior [ RunTime:0.000011s ]
INFO: [ app_init ] --END-- [ RunTime:0.000479s ]
INFO: [ app_begin ] --START--
INFO: Run Behavior\ReadHtmlCacheBehavior [ RunTime:0.000755s ]
INFO: Run Behavior\CheckLangBehavior [ RunTime:0.004107s ]
INFO: [ app_begin ] --END-- [ RunTime:0.005699s ]
NOTIC: [8192] Non-static method Request::httpGet() should not be called statically D:\phpStudy\WWW\btc\pc\Application\Float\Controller\IndexController.class.php 第 128 行.

[ 2019-03-09T14:10:24+08:00 ] 192.168.0.137 /Float/Index/getkdata?type=1min
INFO: [ app_init ] --START--
INFO: Run Behavior\BuildLiteBehavior [ RunTime:0.000014s ]
INFO: [ app_init ] --END-- [ RunTime:0.000588s ]
INFO: [ app_begin ] --START--
INFO: Run Behavior\ReadHtmlCacheBehavior [ RunTime:0.000874s ]
INFO: Run Behavior\CheckLangBehavior [ RunTime:0.004028s ]
INFO: [ app_begin ] --END-- [ RunTime:0.004997s ]
NOTIC: [8192] Non-static method Request::httpGet() should not be called statically D:\phpStudy\WWW\btc\pc\Application\Float\Controller\IndexController.class.php 第 128 行.

[ 2019-03-09T14:10:44+08:00 ] 192.168.0.137 /Float/Index/getkdata?type=1min
INFO: [ app_init ] --START--
INFO: Run Behavior\BuildLiteBehavior [ RunTime:0.000015s ]
INFO: [ app_init ] --END-- [ RunTime:0.000621s ]
INFO: [ app_begin ] --START--
INFO: Run Behavior\ReadHtmlCacheBehavior [ RunTime:0.000925s ]
INFO: Run Behavior\CheckLangBehavior [ RunTime:0.003680s ]
INFO: [ app_begin ] --END-- [ RunTime:0.004706s ]
NOTIC: [8192] Non-static method Request::httpGet() should not be called statically D:\phpStudy\WWW\btc\pc\Application\Float\Controller\IndexController.class.php 第 128 行.

[ 2019-03-09T14:12:22+08:00 ] 192.168.0.137 /Float/Index/getkdata?type=1min
INFO: [ app_init ] --START--
INFO: Run Behavior\BuildLiteBehavior [ RunTime:0.000019s ]
INFO: [ app_init ] --END-- [ RunTime:0.000523s ]
INFO: [ app_begin ] --START--
INFO: Run Behavior\ReadHtmlCacheBehavior [ RunTime:0.000584s ]
INFO: Run Behavior\CheckLangBehavior [ RunTime:0.002915s ]
INFO: [ app_begin ] --END-- [ RunTime:0.003584s ]
NOTIC: [8192] Non-static method Request::httpGet() should not be called statically D:\phpStudy\WWW\btc\pc\Application\Float\Controller\IndexController.class.php 第 128 行.

[ 2019-03-09T14:13:06+08:00 ] 192.168.0.137 /Float/Index/getkdata?type=1min
INFO: [ app_init ] --START--
INFO: Run Behavior\BuildLiteBehavior [ RunTime:0.000012s ]
INFO: [ app_init ] --END-- [ RunTime:0.000547s ]
INFO: [ app_begin ] --START--
INFO: Run Behavior\ReadHtmlCacheBehavior [ RunTime:0.000685s ]
INFO: Run Behavior\CheckLangBehavior [ RunTime:0.002143s ]
INFO: [ app_begin ] --END-- [ RunTime:0.002909s ]
NOTIC: [8192] Non-static method Request::httpGet() should not be called statically D:\phpStudy\WWW\btc\pc\Application\Float\Controller\IndexController.class.php 第 128 行.

[ 2019-03-09T14:14:10+08:00 ] 192.168.0.137 /Float/Index/getkdata?type=1min
INFO: [ app_init ] --START--
INFO: Run Behavior\BuildLiteBehavior [ RunTime:0.000011s ]
INFO: [ app_init ] --END-- [ RunTime:0.000560s ]
INFO: [ app_begin ] --START--
INFO: Run Behavior\ReadHtmlCacheBehavior [ RunTime:0.000625s ]
INFO: Run Behavior\CheckLangBehavior [ RunTime:0.003076s ]
INFO: [ app_begin ] --END-- [ RunTime:0.003778s ]
NOTIC: [8192] Non-static method Request::httpGet() should not be called statically D:\phpStudy\WWW\btc\pc\Application\Float\Controller\IndexController.class.php 第 128 行.

[ 2019-03-09T14:14:42+08:00 ] 192.168.0.137 /Float/Index/getkdata?type=1min
INFO: [ app_init ] --START--
INFO: Run Behavior\BuildLiteBehavior [ RunTime:0.000012s ]
INFO: [ app_init ] --END-- [ RunTime:0.000526s ]
INFO: [ app_begin ] --START--
INFO: Run Behavior\ReadHtmlCacheBehavior [ RunTime:0.000764s ]
INFO: Run Behavior\CheckLangBehavior [ RunTime:0.009454s ]
INFO: [ app_begin ] --END-- [ RunTime:0.010321s ]
NOTIC: [8192] Non-static method Request::httpGet() should not be called statically D:\phpStudy\WWW\btc\pc\Application\Float\Controller\IndexController.class.php 第 128 行.

[ 2019-03-09T14:42:36+08:00 ] 192.168.0.137 /Float/Index/getkdata?type=1min
INFO: [ app_init ] --START--
INFO: Run Behavior\BuildLiteBehavior [ RunTime:0.000007s ]
INFO: [ app_init ] --END-- [ RunTime:0.000345s ]
INFO: [ app_begin ] --START--
INFO: Run Behavior\ReadHtmlCacheBehavior [ RunTime:0.000426s ]
INFO: Run Behavior\CheckLangBehavior [ RunTime:0.001725s ]
INFO: [ app_begin ] --END-- [ RunTime:0.002204s ]
NOTIC: [8192] Non-static method Request::httpGet() should not be called statically D:\phpStudy\WWW\btc\pc\Application\Float\Controller\IndexController.class.php 第 128 行.

[ 2019-03-09T14:43:54+08:00 ] 192.168.0.137 /Float/Index/getkdata?type=1min
INFO: [ app_init ] --START--
INFO: Run Behavior\BuildLiteBehavior [ RunTime:0.000008s ]
INFO: [ app_init ] --END-- [ RunTime:0.000314s ]
INFO: [ app_begin ] --START--
INFO: Run Behavior\ReadHtmlCacheBehavior [ RunTime:0.000415s ]
INFO: Run Behavior\CheckLangBehavior [ RunTime:0.001984s ]
INFO: [ app_begin ] --END-- [ RunTime:0.002451s ]
NOTIC: [8192] Non-static method Request::httpGet() should not be called statically D:\phpStudy\WWW\btc\pc\Application\Float\Controller\IndexController.class.php 第 128 行.

[ 2019-03-09T14:54:10+08:00 ] 192.168.0.137 /Float/Index/getkdata?type=1min
INFO: [ app_init ] --START--
INFO: Run Behavior\BuildLiteBehavior [ RunTime:0.000010s ]
INFO: [ app_init ] --END-- [ RunTime:0.000449s ]
INFO: [ app_begin ] --START--
INFO: Run Behavior\ReadHtmlCacheBehavior [ RunTime:0.000608s ]
INFO: Run Behavior\CheckLangBehavior [ RunTime:0.002689s ]
INFO: [ app_begin ] --END-- [ RunTime:0.003388s ]
NOTIC: [8192] Non-static method Request::httpGet() should not be called statically D:\phpStudy\WWW\btc\pc\Application\Float\Controller\IndexController.class.php 第 128 行.

[ 2019-03-09T14:54:32+08:00 ] 192.168.0.137 /Float/Index/getkdata?type=1min
INFO: [ app_init ] --START--
INFO: Run Behavior\BuildLiteBehavior [ RunTime:0.000016s ]
INFO: [ app_init ] --END-- [ RunTime:0.000919s ]
INFO: [ app_begin ] --START--
INFO: Run Behavior\ReadHtmlCacheBehavior [ RunTime:0.001242s ]
INFO: Run Behavior\CheckLangBehavior [ RunTime:0.004302s ]
INFO: [ app_begin ] --END-- [ RunTime:0.005671s ]
NOTIC: [8192] Non-static method Request::httpGet() should not be called statically D:\phpStudy\WWW\btc\pc\Application\Float\Controller\IndexController.class.php 第 128 行.

[ 2019-03-09T15:06:51+08:00 ] 192.168.0.137 /Float/Index/getkdata?type=1min
INFO: [ app_init ] --START--
INFO: Run Behavior\BuildLiteBehavior [ RunTime:0.000012s ]
INFO: [ app_init ] --END-- [ RunTime:0.000481s ]
INFO: [ app_begin ] --START--
INFO: Run Behavior\ReadHtmlCacheBehavior [ RunTime:0.000409s ]
INFO: Run Behavior\CheckLangBehavior [ RunTime:0.001654s ]
INFO: [ app_begin ] --END-- [ RunTime:0.002110s ]
NOTIC: [8192] Non-static method Request::httpGet() should not be called statically D:\phpStudy\WWW\btc\pc\Application\Float\Controller\IndexController.class.php 第 128 行.

[ 2019-03-09T15:25:38+08:00 ] 192.168.0.137 /Float/Index/getkdata?type=1min
INFO: [ app_init ] --START--
INFO: Run Behavior\BuildLiteBehavior [ RunTime:0.000008s ]
INFO: [ app_init ] --END-- [ RunTime:0.000316s ]
INFO: [ app_begin ] --START--
INFO: Run Behavior\ReadHtmlCacheBehavior [ RunTime:0.000440s ]
INFO: Run Behavior\CheckLangBehavior [ RunTime:0.001783s ]
INFO: [ app_begin ] --END-- [ RunTime:0.002288s ]
NOTIC: [8192] Non-static method Request::httpGet() should not be called statically D:\phpStudy\WWW\btc\pc\Application\Float\Controller\IndexController.class.php 第 128 行.

[ 2019-03-09T16:43:07+08:00 ] 192.168.0.137 /Float/Index/getkdata?type=1min
INFO: [ app_init ] --START--
INFO: Run Behavior\BuildLiteBehavior [ RunTime:0.000017s ]
INFO: [ app_init ] --END-- [ RunTime:0.001193s ]
INFO: [ app_begin ] --START--
INFO: Run Behavior\ReadHtmlCacheBehavior [ RunTime:0.000430s ]
INFO: Run Behavior\CheckLangBehavior [ RunTime:0.002484s ]
INFO: [ app_begin ] --END-- [ RunTime:0.002980s ]
NOTIC: [8192] Non-static method Request::httpGet() should not be called statically D:\phpStudy\WWW\btc\pc\Application\Float\Controller\IndexController.class.php 第 128 行.

[ 2019-03-09T16:50:57+08:00 ] 192.168.0.137 /Float/Index/getkdata?type=1min
INFO: [ app_init ] --START--
INFO: Run Behavior\BuildLiteBehavior [ RunTime:0.000010s ]
INFO: [ app_init ] --END-- [ RunTime:0.000778s ]
INFO: [ app_begin ] --START--
INFO: Run Behavior\ReadHtmlCacheBehavior [ RunTime:0.000495s ]
INFO: Run Behavior\CheckLangBehavior [ RunTime:0.001883s ]
INFO: [ app_begin ] --END-- [ RunTime:0.002433s ]
NOTIC: [8192] Non-static method Request::httpGet() should not be called statically D:\phpStudy\WWW\btc\pc\Application\Float\Controller\IndexController.class.php 第 128 行.

[ 2019-03-09T16:52:00+08:00 ] 192.168.0.137 /Float/Index/getkdata?type=1min
INFO: [ app_init ] --START--
INFO: Run Behavior\BuildLiteBehavior [ RunTime:0.000012s ]
INFO: [ app_init ] --END-- [ RunTime:0.000662s ]
INFO: [ app_begin ] --START--
INFO: Run Behavior\ReadHtmlCacheBehavior [ RunTime:0.000870s ]
INFO: Run Behavior\CheckLangBehavior [ RunTime:0.003882s ]
INFO: [ app_begin ] --END-- [ RunTime:0.004863s ]
NOTIC: [8192] Non-static method Request::httpGet() should not be called statically D:\phpStudy\WWW\btc\pc\Application\Float\Controller\IndexController.class.php 第 128 行.

[ 2019-03-09T16:58:36+08:00 ] 192.168.0.137 /Float/Index/getkdata?type=1min
INFO: [ app_init ] --START--
INFO: Run Behavior\BuildLiteBehavior [ RunTime:0.000007s ]
INFO: [ app_init ] --END-- [ RunTime:0.000303s ]
INFO: [ app_begin ] --START--
INFO: Run Behavior\ReadHtmlCacheBehavior [ RunTime:0.000482s ]
INFO: Run Behavior\CheckLangBehavior [ RunTime:0.003279s ]
INFO: [ app_begin ] --END-- [ RunTime:0.003847s ]
NOTIC: [8192] Non-static method Request::httpGet() should not be called statically D:\phpStudy\WWW\btc\pc\Application\Float\Controller\IndexController.class.php 第 128 行.

[ 2019-03-09T16:59:02+08:00 ] 192.168.0.137 /Float/Index/getkdata?type=1min
INFO: [ app_init ] --START--
INFO: Run Behavior\BuildLiteBehavior [ RunTime:0.000007s ]
INFO: [ app_init ] --END-- [ RunTime:0.000315s ]
INFO: [ app_begin ] --START--
INFO: Run Behavior\ReadHtmlCacheBehavior [ RunTime:0.000408s ]
INFO: Run Behavior\CheckLangBehavior [ RunTime:0.001705s ]
INFO: [ app_begin ] --END-- [ RunTime:0.002165s ]
NOTIC: [8192] Non-static method Request::httpGet() should not be called statically D:\phpStudy\WWW\btc\pc\Application\Float\Controller\IndexController.class.php 第 128 行.

[ 2019-03-09T17:10:44+08:00 ] 192.168.0.137 /Float/Index/getkdata?type=1min
INFO: [ app_init ] --START--
INFO: Run Behavior\BuildLiteBehavior [ RunTime:0.000013s ]
INFO: [ app_init ] --END-- [ RunTime:0.000613s ]
INFO: [ app_begin ] --START--
INFO: Run Behavior\ReadHtmlCacheBehavior [ RunTime:0.000735s ]
INFO: Run Behavior\CheckLangBehavior [ RunTime:0.003954s ]
INFO: [ app_begin ] --END-- [ RunTime:0.004788s ]
NOTIC: [8192] Non-static method Request::httpGet() should not be called statically D:\phpStudy\WWW\btc\pc\Application\Float\Controller\IndexController.class.php 第 128 行.

[ 2019-03-09T17:14:22+08:00 ] 192.168.0.137 /Float/Index/getkdata?type=1min
INFO: [ app_init ] --START--
INFO: Run Behavior\BuildLiteBehavior [ RunTime:0.000010s ]
INFO: [ app_init ] --END-- [ RunTime:0.000421s ]
INFO: [ app_begin ] --START--
INFO: Run Behavior\ReadHtmlCacheBehavior [ RunTime:0.000597s ]
INFO: Run Behavior\CheckLangBehavior [ RunTime:0.005286s ]
INFO: [ app_begin ] --END-- [ RunTime:0.005962s ]
NOTIC: [8192] Non-static method Request::httpGet() should not be called statically D:\phpStudy\WWW\btc\pc\Application\Float\Controller\IndexController.class.php 第 128 行.

[ 2019-03-09T17:16:19+08:00 ] 192.168.0.137 /Float/Index/getkdata?type=1min
INFO: [ app_init ] --START--
INFO: Run Behavior\BuildLiteBehavior [ RunTime:0.000009s ]
INFO: [ app_init ] --END-- [ RunTime:0.000349s ]
INFO: [ app_begin ] --START--
INFO: Run Behavior\ReadHtmlCacheBehavior [ RunTime:0.001370s ]
INFO: Run Behavior\CheckLangBehavior [ RunTime:0.003677s ]
INFO: [ app_begin ] --END-- [ RunTime:0.005223s ]
NOTIC: [8192] Non-static method Request::httpGet() should not be called statically D:\phpStudy\WWW\btc\pc\Application\Float\Controller\IndexController.class.php 第 128 行.

[ 2019-03-09T17:16:39+08:00 ] 192.168.0.137 /Float/Index/getkdata?type=1min
INFO: [ app_init ] --START--
INFO: Run Behavior\BuildLiteBehavior [ RunTime:0.000007s ]
INFO: [ app_init ] --END-- [ RunTime:0.000320s ]
INFO: [ app_begin ] --START--
INFO: Run Behavior\ReadHtmlCacheBehavior [ RunTime:0.000401s ]
INFO: Run Behavior\CheckLangBehavior [ RunTime:0.001688s ]
INFO: [ app_begin ] --END-- [ RunTime:0.002134s ]
NOTIC: [8192] Non-static method Request::httpGet() should not be called statically D:\phpStudy\WWW\btc\pc\Application\Float\Controller\IndexController.class.php 第 128 行.

[ 2019-03-09T17:17:16+08:00 ] 192.168.0.137 /Float/Index/getkdata?type=1min
INFO: [ app_init ] --START--
INFO: Run Behavior\BuildLiteBehavior [ RunTime:0.000007s ]
INFO: [ app_init ] --END-- [ RunTime:0.000299s ]
INFO: [ app_begin ] --START--
INFO: Run Behavior\ReadHtmlCacheBehavior [ RunTime:0.000459s ]
INFO: Run Behavior\CheckLangBehavior [ RunTime:0.002316s ]
INFO: [ app_begin ] --END-- [ RunTime:0.002909s ]
NOTIC: [8192] Non-static method Request::httpGet() should not be called statically D:\phpStudy\WWW\btc\pc\Application\Float\Controller\IndexController.class.php 第 128 行.

[ 2019-03-09T17:24:10+08:00 ] 192.168.0.137 /Float/Index/getkdata?type=1min
INFO: [ app_init ] --START--
INFO: Run Behavior\BuildLiteBehavior [ RunTime:0.000008s ]
INFO: [ app_init ] --END-- [ RunTime:0.000331s ]
INFO: [ app_begin ] --START--
INFO: Run Behavior\ReadHtmlCacheBehavior [ RunTime:0.000500s ]
INFO: Run Behavior\CheckLangBehavior [ RunTime:0.002902s ]
INFO: [ app_begin ] --END-- [ RunTime:0.003504s ]
NOTIC: [8192] Non-static method Request::httpGet() should not be called statically D:\phpStudy\WWW\btc\pc\Application\Float\Controller\IndexController.class.php 第 128 行.

[ 2019-03-09T17:25:48+08:00 ] 192.168.0.137 /Float/Index/getkdata?type=1min
INFO: [ app_init ] --START--
INFO: Run Behavior\BuildLiteBehavior [ RunTime:0.000017s ]
INFO: [ app_init ] --END-- [ RunTime:0.000768s ]
INFO: [ app_begin ] --START--
INFO: Run Behavior\ReadHtmlCacheBehavior [ RunTime:0.001130s ]
INFO: Run Behavior\CheckLangBehavior [ RunTime:0.002238s ]
INFO: [ app_begin ] --END-- [ RunTime:0.003459s ]
NOTIC: [8192] Non-static method Request::httpGet() should not be called statically D:\phpStudy\WWW\btc\pc\Application\Float\Controller\IndexController.class.php 第 128 行.

[ 2019-03-09T17:32:17+08:00 ] 192.168.0.137 /Float/Index/getkdata?type=1min
INFO: [ app_init ] --START--
INFO: Run Behavior\BuildLiteBehavior [ RunTime:0.000012s ]
INFO: [ app_init ] --END-- [ RunTime:0.000568s ]
INFO: [ app_begin ] --START--
INFO: Run Behavior\ReadHtmlCacheBehavior [ RunTime:0.000767s ]
INFO: Run Behavior\CheckLangBehavior [ RunTime:0.004322s ]
INFO: [ app_begin ] --END-- [ RunTime:0.005229s ]
NOTIC: [8192] Non-static method Request::httpGet() should not be called statically D:\phpStudy\WWW\btc\pc\Application\Float\Controller\IndexController.class.php 第 128 行.

[ 2019-03-09T17:32:21+08:00 ] 192.168.0.137 /Float/Index/getkdata?type=5min
INFO: [ app_init ] --START--
INFO: Run Behavior\BuildLiteBehavior [ RunTime:0.000006s ]
INFO: [ app_init ] --END-- [ RunTime:0.000277s ]
INFO: [ app_begin ] --START--
INFO: Run Behavior\ReadHtmlCacheBehavior [ RunTime:0.000353s ]
INFO: Run Behavior\CheckLangBehavior [ RunTime:0.001603s ]
INFO: [ app_begin ] --END-- [ RunTime:0.001992s ]
NOTIC: [8192] Non-static method Request::httpGet() should not be called statically D:\phpStudy\WWW\btc\pc\Application\Float\Controller\IndexController.class.php 第 128 行.

[ 2019-03-09T17:32:24+08:00 ] 192.168.0.137 /Float/Index/getkdata?type=30min
INFO: [ app_init ] --START--
INFO: Run Behavior\BuildLiteBehavior [ RunTime:0.000010s ]
INFO: [ app_init ] --END-- [ RunTime:0.000456s ]
INFO: [ app_begin ] --START--
INFO: Run Behavior\ReadHtmlCacheBehavior [ RunTime:0.000587s ]
INFO: Run Behavior\CheckLangBehavior [ RunTime:0.003154s ]
INFO: [ app_begin ] --END-- [ RunTime:0.003816s ]
NOTIC: [8192] Non-static method Request::httpGet() should not be called statically D:\phpStudy\WWW\btc\pc\Application\Float\Controller\IndexController.class.php 第 128 行.

[ 2019-03-09T17:32:27+08:00 ] 192.168.0.137 /Float/Index/getkdata?type=1hour
INFO: [ app_init ] --START--
INFO: Run Behavior\BuildLiteBehavior [ RunTime:0.000007s ]
INFO: [ app_init ] --END-- [ RunTime:0.000284s ]
INFO: [ app_begin ] --START--
INFO: Run Behavior\ReadHtmlCacheBehavior [ RunTime:0.000378s ]
INFO: Run Behavior\CheckLangBehavior [ RunTime:0.001582s ]
INFO: [ app_begin ] --END-- [ RunTime:0.001996s ]
NOTIC: [8192] Non-static method Request::httpGet() should not be called statically D:\phpStudy\WWW\btc\pc\Application\Float\Controller\IndexController.class.php 第 128 行.

[ 2019-03-09T17:32:48+08:00 ] 192.168.0.137 /Float/Index/getkdata?type=30min
INFO: [ app_init ] --START--
INFO: Run Behavior\BuildLiteBehavior [ RunTime:0.000006s ]
INFO: [ app_init ] --END-- [ RunTime:0.000265s ]
INFO: [ app_begin ] --START--
INFO: Run Behavior\ReadHtmlCacheBehavior [ RunTime:0.000359s ]
INFO: Run Behavior\CheckLangBehavior [ RunTime:0.001730s ]
INFO: [ app_begin ] --END-- [ RunTime:0.002128s ]
NOTIC: [8192] Non-static method Request::httpGet() should not be called statically D:\phpStudy\WWW\btc\pc\Application\Float\Controller\IndexController.class.php 第 128 行.

[ 2019-03-09T17:32:59+08:00 ] 192.168.0.137 /Float/Index/getkdata?type=1day
INFO: [ app_init ] --START--
INFO: Run Behavior\BuildLiteBehavior [ RunTime:0.000006s ]
INFO: [ app_init ] --END-- [ RunTime:0.000273s ]
INFO: [ app_begin ] --START--
INFO: Run Behavior\ReadHtmlCacheBehavior [ RunTime:0.000349s ]
INFO: Run Behavior\CheckLangBehavior [ RunTime:0.001852s ]
INFO: [ app_begin ] --END-- [ RunTime:0.002247s ]
NOTIC: [8192] Non-static method Request::httpGet() should not be called statically D:\phpStudy\WWW\btc\pc\Application\Float\Controller\IndexController.class.php 第 128 行.

[ 2019-03-09T17:33:31+08:00 ] 192.168.0.137 /Float/Index/getkdata?type=1hour
INFO: [ app_init ] --START--
INFO: Run Behavior\BuildLiteBehavior [ RunTime:0.000007s ]
INFO: [ app_init ] --END-- [ RunTime:0.000270s ]
INFO: [ app_begin ] --START--
INFO: Run Behavior\ReadHtmlCacheBehavior [ RunTime:0.000366s ]
INFO: Run Behavior\CheckLangBehavior [ RunTime:0.001615s ]
INFO: [ app_begin ] --END-- [ RunTime:0.002019s ]
NOTIC: [8192] Non-static method Request::httpGet() should not be called statically D:\phpStudy\WWW\btc\pc\Application\Float\Controller\IndexController.class.php 第 128 行.

[ 2019-03-09T17:33:37+08:00 ] 192.168.0.137 /Float/Index/getkdata?type=30min
INFO: [ app_init ] --START--
INFO: Run Behavior\BuildLiteBehavior [ RunTime:0.000008s ]
INFO: [ app_init ] --END-- [ RunTime:0.000352s ]
INFO: [ app_begin ] --START--
INFO: Run Behavior\ReadHtmlCacheBehavior [ RunTime:0.000376s ]
INFO: Run Behavior\CheckLangBehavior [ RunTime:0.001605s ]
INFO: [ app_begin ] --END-- [ RunTime:0.002017s ]
NOTIC: [8192] Non-static method Request::httpGet() should not be called statically D:\phpStudy\WWW\btc\pc\Application\Float\Controller\IndexController.class.php 第 128 行.

[ 2019-03-09T17:33:39+08:00 ] 192.168.0.137 /Float/Index/getkdata?type=1hour
INFO: [ app_init ] --START--
INFO: Run Behavior\BuildLiteBehavior [ RunTime:0.000006s ]
INFO: [ app_init ] --END-- [ RunTime:0.000284s ]
INFO: [ app_begin ] --START--
INFO: Run Behavior\ReadHtmlCacheBehavior [ RunTime:0.000461s ]
INFO: Run Behavior\CheckLangBehavior [ RunTime:0.001649s ]
INFO: [ app_begin ] --END-- [ RunTime:0.002150s ]
NOTIC: [8192] Non-static method Request::httpGet() should not be called statically D:\phpStudy\WWW\btc\pc\Application\Float\Controller\IndexController.class.php 第 128 行.

[ 2019-03-09T17:33:41+08:00 ] 192.168.0.137 /Float/Index/getkdata?type=5min
INFO: [ app_init ] --START--
INFO: Run Behavior\BuildLiteBehavior [ RunTime:0.000010s ]
INFO: [ app_init ] --END-- [ RunTime:0.000389s ]
INFO: [ app_begin ] --START--
INFO: Run Behavior\ReadHtmlCacheBehavior [ RunTime:0.000430s ]
INFO: Run Behavior\CheckLangBehavior [ RunTime:0.001633s ]
INFO: [ app_begin ] --END-- [ RunTime:0.002107s ]
NOTIC: [8192] Non-static method Request::httpGet() should not be called statically D:\phpStudy\WWW\btc\pc\Application\Float\Controller\IndexController.class.php 第 128 行.

[ 2019-03-09T17:33:43+08:00 ] 192.168.0.137 /Float/Index/getkdata?type=1min
INFO: [ app_init ] --START--
INFO: Run Behavior\BuildLiteBehavior [ RunTime:0.000006s ]
INFO: [ app_init ] --END-- [ RunTime:0.000263s ]
INFO: [ app_begin ] --START--
INFO: Run Behavior\ReadHtmlCacheBehavior [ RunTime:0.000349s ]
INFO: Run Behavior\CheckLangBehavior [ RunTime:0.001592s ]
INFO: [ app_begin ] --END-- [ RunTime:0.001976s ]
NOTIC: [8192] Non-static method Request::httpGet() should not be called statically D:\phpStudy\WWW\btc\pc\Application\Float\Controller\IndexController.class.php 第 128 行.

[ 2019-03-09T17:33:45+08:00 ] 192.168.0.137 /Float/Index/getkdata?type=1day
INFO: [ app_init ] --START--
INFO: Run Behavior\BuildLiteBehavior [ RunTime:0.000011s ]
INFO: [ app_init ] --END-- [ RunTime:0.000527s ]
INFO: [ app_begin ] --START--
INFO: Run Behavior\ReadHtmlCacheBehavior [ RunTime:0.000490s ]
INFO: Run Behavior\CheckLangBehavior [ RunTime:0.003120s ]
INFO: [ app_begin ] --END-- [ RunTime:0.003696s ]
NOTIC: [8192] Non-static method Request::httpGet() should not be called statically D:\phpStudy\WWW\btc\pc\Application\Float\Controller\IndexController.class.php 第 128 行.

[ 2019-03-09T17:33:46+08:00 ] 192.168.0.137 /Float/Index/getkdata?type=1hour
INFO: [ app_init ] --START--
INFO: Run Behavior\BuildLiteBehavior [ RunTime:0.000007s ]
INFO: [ app_init ] --END-- [ RunTime:0.000267s ]
INFO: [ app_begin ] --START--
INFO: Run Behavior\ReadHtmlCacheBehavior [ RunTime:0.000352s ]
INFO: Run Behavior\CheckLangBehavior [ RunTime:0.001620s ]
INFO: [ app_begin ] --END-- [ RunTime:0.002007s ]
NOTIC: [8192] Non-static method Request::httpGet() should not be called statically D:\phpStudy\WWW\btc\pc\Application\Float\Controller\IndexController.class.php 第 128 行.

[ 2019-03-09T17:33:47+08:00 ] 192.168.0.137 /Float/Index/getkdata?type=30min
INFO: [ app_init ] --START--
INFO: Run Behavior\BuildLiteBehavior [ RunTime:0.000013s ]
INFO: [ app_init ] --END-- [ RunTime:0.000713s ]
INFO: [ app_begin ] --START--
INFO: Run Behavior\ReadHtmlCacheBehavior [ RunTime:0.000682s ]
INFO: Run Behavior\CheckLangBehavior [ RunTime:0.002839s ]
INFO: [ app_begin ] --END-- [ RunTime:0.003603s ]
NOTIC: [8192] Non-static method Request::httpGet() should not be called statically D:\phpStudy\WWW\btc\pc\Application\Float\Controller\IndexController.class.php 第 128 行.

[ 2019-03-09T17:33:49+08:00 ] 192.168.0.137 /Float/Index/getkdata?type=5min
INFO: [ app_init ] --START--
INFO: Run Behavior\BuildLiteBehavior [ RunTime:0.000007s ]
INFO: [ app_init ] --END-- [ RunTime:0.000265s ]
INFO: [ app_begin ] --START--
INFO: Run Behavior\ReadHtmlCacheBehavior [ RunTime:0.000532s ]
INFO: Run Behavior\CheckLangBehavior [ RunTime:0.002540s ]
INFO: [ app_begin ] --END-- [ RunTime:0.003146s ]
NOTIC: [8192] Non-static method Request::httpGet() should not be called statically D:\phpStudy\WWW\btc\pc\Application\Float\Controller\IndexController.class.php 第 128 行.

[ 2019-03-09T17:33:50+08:00 ] 192.168.0.137 /Float/Index/getkdata?type=1min
INFO: [ app_init ] --START--
INFO: Run Behavior\BuildLiteBehavior [ RunTime:0.000007s ]
INFO: [ app_init ] --END-- [ RunTime:0.000321s ]
INFO: [ app_begin ] --START--
INFO: Run Behavior\ReadHtmlCacheBehavior [ RunTime:0.000536s ]
INFO: Run Behavior\CheckLangBehavior [ RunTime:0.002670s ]
INFO: [ app_begin ] --END-- [ RunTime:0.003292s ]
NOTIC: [8192] Non-static method Request::httpGet() should not be called statically D:\phpStudy\WWW\btc\pc\Application\Float\Controller\IndexController.class.php 第 128 行.

[ 2019-03-09T17:42:50+08:00 ] 192.168.0.137 /Float/Index/getkdata?type=1min
INFO: [ app_init ] --START--
INFO: Run Behavior\BuildLiteBehavior [ RunTime:0.000013s ]
INFO: [ app_init ] --END-- [ RunTime:0.000563s ]
INFO: [ app_begin ] --START--
INFO: Run Behavior\ReadHtmlCacheBehavior [ RunTime:0.000624s ]
INFO: Run Behavior\CheckLangBehavior [ RunTime:0.002746s ]
INFO: [ app_begin ] --END-- [ RunTime:0.003460s ]
NOTIC: [8192] Non-static method Request::httpGet() should not be called statically D:\phpStudy\WWW\btc\pc\Application\Float\Controller\IndexController.class.php 第 128 行.

[ 2019-03-09T17:42:53+08:00 ] 192.168.0.137 /Float/Index/getkdata?type=5min
INFO: [ app_init ] --START--
INFO: Run Behavior\BuildLiteBehavior [ RunTime:0.000007s ]
INFO: [ app_init ] --END-- [ RunTime:0.000293s ]
INFO: [ app_begin ] --START--
INFO: Run Behavior\ReadHtmlCacheBehavior [ RunTime:0.000723s ]
INFO: Run Behavior\CheckLangBehavior [ RunTime:0.001825s ]
INFO: [ app_begin ] --END-- [ RunTime:0.002626s ]
NOTIC: [8192] Non-static method Request::httpGet() should not be called statically D:\phpStudy\WWW\btc\pc\Application\Float\Controller\IndexController.class.php 第 128 行.

[ 2019-03-09T17:42:54+08:00 ] 192.168.0.137 /Float/Index/getkdata?type=30min
INFO: [ app_init ] --START--
INFO: Run Behavior\BuildLiteBehavior [ RunTime:0.000007s ]
INFO: [ app_init ] --END-- [ RunTime:0.000264s ]
INFO: [ app_begin ] --START--
INFO: Run Behavior\ReadHtmlCacheBehavior [ RunTime:0.000349s ]
INFO: Run Behavior\CheckLangBehavior [ RunTime:0.001751s ]
INFO: [ app_begin ] --END-- [ RunTime:0.002141s ]
NOTIC: [8192] Non-static method Request::httpGet() should not be called statically D:\phpStudy\WWW\btc\pc\Application\Float\Controller\IndexController.class.php 第 128 行.

[ 2019-03-09T17:42:56+08:00 ] 192.168.0.137 /Float/Index/getkdata?type=1hour
INFO: [ app_init ] --START--
INFO: Run Behavior\BuildLiteBehavior [ RunTime:0.000007s ]
INFO: [ app_init ] --END-- [ RunTime:0.000287s ]
INFO: [ app_begin ] --START--
INFO: Run Behavior\ReadHtmlCacheBehavior [ RunTime:0.000432s ]
INFO: Run Behavior\CheckLangBehavior [ RunTime:0.001871s ]
INFO: [ app_begin ] --END-- [ RunTime:0.002357s ]
NOTIC: [8192] Non-static method Request::httpGet() should not be called statically D:\phpStudy\WWW\btc\pc\Application\Float\Controller\IndexController.class.php 第 128 行.

[ 2019-03-09T17:43:03+08:00 ] 192.168.0.137 /Float/Index/getkdata?type=1day
INFO: [ app_init ] --START--
INFO: Run Behavior\BuildLiteBehavior [ RunTime:0.000006s ]
INFO: [ app_init ] --END-- [ RunTime:0.000284s ]
INFO: [ app_begin ] --START--
INFO: Run Behavior\ReadHtmlCacheBehavior [ RunTime:0.000376s ]
INFO: Run Behavior\CheckLangBehavior [ RunTime:0.001712s ]
INFO: [ app_begin ] --END-- [ RunTime:0.002136s ]
NOTIC: [8192] Non-static method Request::httpGet() should not be called statically D:\phpStudy\WWW\btc\pc\Application\Float\Controller\IndexController.class.php 第 128 行.

[ 2019-03-09T17:43:13+08:00 ] 192.168.0.137 /Float/Index/getkdata?type=1min
INFO: [ app_init ] --START--
INFO: Run Behavior\BuildLiteBehavior [ RunTime:0.000007s ]
INFO: [ app_init ] --END-- [ RunTime:0.000290s ]
INFO: [ app_begin ] --START--
INFO: Run Behavior\ReadHtmlCacheBehavior [ RunTime:0.000394s ]
INFO: Run Behavior\CheckLangBehavior [ RunTime:0.001700s ]
INFO: [ app_begin ] --END-- [ RunTime:0.002139s ]
NOTIC: [8192] Non-static method Request::httpGet() should not be called statically D:\phpStudy\WWW\btc\pc\Application\Float\Controller\IndexController.class.php 第 128 行.

[ 2019-03-09T17:43:14+08:00 ] 192.168.0.137 /Float/Index/getkdata?type=5min
INFO: [ app_init ] --START--
INFO: Run Behavior\BuildLiteBehavior [ RunTime:0.000006s ]
INFO: [ app_init ] --END-- [ RunTime:0.000276s ]
INFO: [ app_begin ] --START--
INFO: Run Behavior\ReadHtmlCacheBehavior [ RunTime:0.000545s ]
INFO: Run Behavior\CheckLangBehavior [ RunTime:0.001683s ]
INFO: [ app_begin ] --END-- [ RunTime:0.002280s ]
NOTIC: [8192] Non-static method Request::httpGet() should not be called statically D:\phpStudy\WWW\btc\pc\Application\Float\Controller\IndexController.class.php 第 128 行.

[ 2019-03-09T17:43:15+08:00 ] 192.168.0.137 /Float/Index/getkdata?type=30min
INFO: [ app_init ] --START--
INFO: Run Behavior\BuildLiteBehavior [ RunTime:0.000006s ]
INFO: [ app_init ] --END-- [ RunTime:0.000262s ]
INFO: [ app_begin ] --START--
INFO: Run Behavior\ReadHtmlCacheBehavior [ RunTime:0.000348s ]
INFO: Run Behavior\CheckLangBehavior [ RunTime:0.002849s ]
INFO: [ app_begin ] --END-- [ RunTime:0.003256s ]
NOTIC: [8192] Non-static method Request::httpGet() should not be called statically D:\phpStudy\WWW\btc\pc\Application\Float\Controller\IndexController.class.php 第 128 行.

[ 2019-03-09T17:43:16+08:00 ] 192.168.0.137 /Float/Index/getkdata?type=1hour
INFO: [ app_init ] --START--
INFO: Run Behavior\BuildLiteBehavior [ RunTime:0.000009s ]
INFO: [ app_init ] --END-- [ RunTime:0.000439s ]
INFO: [ app_begin ] --START--
INFO: Run Behavior\ReadHtmlCacheBehavior [ RunTime:0.000420s ]
INFO: Run Behavior\CheckLangBehavior [ RunTime:0.002896s ]
INFO: [ app_begin ] --END-- [ RunTime:0.003376s ]
NOTIC: [8192] Non-static method Request::httpGet() should not be called statically D:\phpStudy\WWW\btc\pc\Application\Float\Controller\IndexController.class.php 第 128 行.

[ 2019-03-09T17:43:17+08:00 ] 192.168.0.137 /Float/Index/getkdata?type=30min
INFO: [ app_init ] --START--
INFO: Run Behavior\BuildLiteBehavior [ RunTime:0.000013s ]
INFO: [ app_init ] --END-- [ RunTime:0.000571s ]
INFO: [ app_begin ] --START--
INFO: Run Behavior\ReadHtmlCacheBehavior [ RunTime:0.000627s ]
INFO: Run Behavior\CheckLangBehavior [ RunTime:0.002308s ]
INFO: [ app_begin ] --END-- [ RunTime:0.003011s ]
NOTIC: [8192] Non-static method Request::httpGet() should not be called statically D:\phpStudy\WWW\btc\pc\Application\Float\Controller\IndexController.class.php 第 128 行.

[ 2019-03-09T17:43:19+08:00 ] 192.168.0.137 /Float/Index/getkdata?type=5min
INFO: [ app_init ] --START--
INFO: Run Behavior\BuildLiteBehavior [ RunTime:0.000007s ]
INFO: [ app_init ] --END-- [ RunTime:0.000322s ]
INFO: [ app_begin ] --START--
INFO: Run Behavior\ReadHtmlCacheBehavior [ RunTime:0.000442s ]
INFO: Run Behavior\CheckLangBehavior [ RunTime:0.002362s ]
INFO: [ app_begin ] --END-- [ RunTime:0.002864s ]
NOTIC: [8192] Non-static method Request::httpGet() should not be called statically D:\phpStudy\WWW\btc\pc\Application\Float\Controller\IndexController.class.php 第 128 行.

[ 2019-03-09T17:43:19+08:00 ] 192.168.0.137 /Float/Index/getkdata?type=1hour
INFO: [ app_init ] --START--
INFO: Run Behavior\BuildLiteBehavior [ RunTime:0.000008s ]
INFO: [ app_init ] --END-- [ RunTime:0.000420s ]
INFO: [ app_begin ] --START--
INFO: Run Behavior\ReadHtmlCacheBehavior [ RunTime:0.001082s ]
INFO: Run Behavior\CheckLangBehavior [ RunTime:0.002161s ]
INFO: [ app_begin ] --END-- [ RunTime:0.003332s ]
NOTIC: [8192] Non-static method Request::httpGet() should not be called statically D:\phpStudy\WWW\btc\pc\Application\Float\Controller\IndexController.class.php 第 128 行.

[ 2019-03-09T17:43:21+08:00 ] 192.168.0.137 /Float/Index/getkdata?type=1day
INFO: [ app_init ] --START--
INFO: Run Behavior\BuildLiteBehavior [ RunTime:0.000005s ]
INFO: [ app_init ] --END-- [ RunTime:0.000271s ]
INFO: [ app_begin ] --START--
INFO: Run Behavior\ReadHtmlCacheBehavior [ RunTime:0.000354s ]
INFO: Run Behavior\CheckLangBehavior [ RunTime:0.001602s ]
INFO: [ app_begin ] --END-- [ RunTime:0.001992s ]
NOTIC: [8192] Non-static method Request::httpGet() should not be called statically D:\phpStudy\WWW\btc\pc\Application\Float\Controller\IndexController.class.php 第 128 行.

[ 2019-03-09T17:43:23+08:00 ] 192.168.0.137 /Float/Index/getkdata?type=30min
INFO: [ app_init ] --START--
INFO: Run Behavior\BuildLiteBehavior [ RunTime:0.000010s ]
INFO: [ app_init ] --END-- [ RunTime:0.000465s ]
INFO: [ app_begin ] --START--
INFO: Run Behavior\ReadHtmlCacheBehavior [ RunTime:0.000608s ]
INFO: Run Behavior\CheckLangBehavior [ RunTime:0.002938s ]
INFO: [ app_begin ] --END-- [ RunTime:0.003626s ]
NOTIC: [8192] Non-static method Request::httpGet() should not be called statically D:\phpStudy\WWW\btc\pc\Application\Float\Controller\IndexController.class.php 第 128 行.

[ 2019-03-09T17:43:24+08:00 ] 192.168.0.137 /Float/Index/getkdata?type=5min
INFO: [ app_init ] --START--
INFO: Run Behavior\BuildLiteBehavior [ RunTime:0.000011s ]
INFO: [ app_init ] --END-- [ RunTime:0.000617s ]
INFO: [ app_begin ] --START--
INFO: Run Behavior\ReadHtmlCacheBehavior [ RunTime:0.000463s ]
INFO: Run Behavior\CheckLangBehavior [ RunTime:0.002016s ]
INFO: [ app_begin ] --END-- [ RunTime:0.002537s ]
NOTIC: [8192] Non-static method Request::httpGet() should not be called statically D:\phpStudy\WWW\btc\pc\Application\Float\Controller\IndexController.class.php 第 128 行.

[ 2019-03-09T17:43:25+08:00 ] 192.168.0.137 /Float/Index/getkdata?type=1hour
INFO: [ app_init ] --START--
INFO: Run Behavior\BuildLiteBehavior [ RunTime:0.000011s ]
INFO: [ app_init ] --END-- [ RunTime:0.000464s ]
INFO: [ app_begin ] --START--
INFO: Run Behavior\ReadHtmlCacheBehavior [ RunTime:0.000556s ]
INFO: Run Behavior\CheckLangBehavior [ RunTime:0.002124s ]
INFO: [ app_begin ] --END-- [ RunTime:0.002759s ]
NOTIC: [8192] Non-static method Request::httpGet() should not be called statically D:\phpStudy\WWW\btc\pc\Application\Float\Controller\IndexController.class.php 第 128 行.

[ 2019-03-09T17:43:29+08:00 ] 192.168.0.137 /Float/Index/getkdata?type=30min
INFO: [ app_init ] --START--
INFO: Run Behavior\BuildLiteBehavior [ RunTime:0.000007s ]
INFO: [ app_init ] --END-- [ RunTime:0.000297s ]
INFO: [ app_begin ] --START--
INFO: Run Behavior\ReadHtmlCacheBehavior [ RunTime:0.000360s ]
INFO: Run Behavior\CheckLangBehavior [ RunTime:0.001605s ]
INFO: [ app_begin ] --END-- [ RunTime:0.002001s ]
NOTIC: [8192] Non-static method Request::httpGet() should not be called statically D:\phpStudy\WWW\btc\pc\Application\Float\Controller\IndexController.class.php 第 128 行.

[ 2019-03-09T19:44:14+08:00 ] 192.168.0.137 /Float/Index/getkdata?type=1min
INFO: [ app_init ] --START--
INFO: Run Behavior\BuildLiteBehavior [ RunTime:0.000011s ]
INFO: [ app_init ] --END-- [ RunTime:0.000506s ]
INFO: [ app_begin ] --START--
INFO: Run Behavior\ReadHtmlCacheBehavior [ RunTime:0.000669s ]
INFO: Run Behavior\CheckLangBehavior [ RunTime:0.003520s ]
INFO: [ app_begin ] --END-- [ RunTime:0.004289s ]
NOTIC: [8192] Non-static method Request::httpGet() should not be called statically D:\phpStudy\WWW\btc\pc\Application\Float\Controller\IndexController.class.php 第 128 行.

[ 2019-03-09T19:56:15+08:00 ] 192.168.0.137 /Float/Index/getkdata?type=1min
INFO: [ app_init ] --START--
INFO: Run Behavior\BuildLiteBehavior [ RunTime:0.000011s ]
INFO: [ app_init ] --END-- [ RunTime:0.000496s ]
INFO: [ app_begin ] --START--
INFO: Run Behavior\ReadHtmlCacheBehavior [ RunTime:0.000749s ]
INFO: Run Behavior\CheckLangBehavior [ RunTime:0.002950s ]
INFO: [ app_begin ] --END-- [ RunTime:0.003796s ]
NOTIC: [8192] Non-static method Request::httpGet() should not be called statically D:\phpStudy\WWW\btc\pc\Application\Float\Controller\IndexController.class.php 第 128 行.

[ 2019-03-09T19:56:17+08:00 ] 192.168.0.137 /Float/Index/getbtc
INFO: [ app_init ] --START--
INFO: Run Behavior\BuildLiteBehavior [ RunTime:0.000007s ]
INFO: [ app_init ] --END-- [ RunTime:0.000294s ]
INFO: [ app_begin ] --START--
INFO: Run Behavior\ReadHtmlCacheBehavior [ RunTime:0.000392s ]
INFO: Run Behavior\CheckLangBehavior [ RunTime:0.002556s ]
INFO: [ app_begin ] --END-- [ RunTime:0.003014s ]
SQL: SHOW COLUMNS FROM `btc_w_set` [ RunTime:0.0065s ]
SQL: SELECT `odds_set`,`last`,`open`,`low`,`high`,`execute_price`,`last_price`,`update_time` FROM `btc_w_set` WHERE ( id=1 ) LIMIT 1   [ RunTime:0.0003s ]

[ 2019-03-09T19:58:43+08:00 ] 192.168.0.137 /Float/Index/getkdata?type=1min
INFO: [ app_init ] --START--
INFO: Run Behavior\BuildLiteBehavior [ RunTime:0.000012s ]
INFO: [ app_init ] --END-- [ RunTime:0.000713s ]
INFO: [ app_begin ] --START--
INFO: Run Behavior\ReadHtmlCacheBehavior [ RunTime:0.000620s ]
INFO: Run Behavior\CheckLangBehavior [ RunTime:0.002571s ]
INFO: [ app_begin ] --END-- [ RunTime:0.003267s ]
NOTIC: [8192] Non-static method Request::httpGet() should not be called statically D:\phpStudy\WWW\btc\pc\Application\Float\Controller\IndexController.class.php 第 128 行.

[ 2019-03-09T19:58:44+08:00 ] 192.168.0.137 /Float/Index/getbtc
INFO: [ app_init ] --START--
INFO: Run Behavior\BuildLiteBehavior [ RunTime:0.000013s ]
INFO: [ app_init ] --END-- [ RunTime:0.000457s ]
INFO: [ app_begin ] --START--
INFO: Run Behavior\ReadHtmlCacheBehavior [ RunTime:0.000739s ]
INFO: Run Behavior\CheckLangBehavior [ RunTime:0.002361s ]
INFO: [ app_begin ] --END-- [ RunTime:0.003182s ]
SQL: SHOW COLUMNS FROM `btc_w_set` [ RunTime:0.0066s ]
SQL: SELECT `odds_set`,`last`,`open`,`low`,`high`,`execute_price`,`last_price`,`update_time` FROM `btc_w_set` WHERE ( id=1 ) LIMIT 1   [ RunTime:0.0003s ]

[ 2019-03-09T19:58:50+08:00 ] 192.168.0.137 /Float/Index/getkdata?type=5min
INFO: [ app_init ] --START--
INFO: Run Behavior\BuildLiteBehavior [ RunTime:0.000007s ]
INFO: [ app_init ] --END-- [ RunTime:0.000315s ]
INFO: [ app_begin ] --START--
INFO: Run Behavior\ReadHtmlCacheBehavior [ RunTime:0.000724s ]
INFO: Run Behavior\CheckLangBehavior [ RunTime:0.002044s ]
INFO: [ app_begin ] --END-- [ RunTime:0.002844s ]
NOTIC: [8192] Non-static method Request::httpGet() should not be called statically D:\phpStudy\WWW\btc\pc\Application\Float\Controller\IndexController.class.php 第 128 行.

[ 2019-03-09T19:58:52+08:00 ] 192.168.0.137 /Float/Index/getkdata?type=30min
INFO: [ app_init ] --START--
INFO: Run Behavior\BuildLiteBehavior [ RunTime:0.000006s ]
INFO: [ app_init ] --END-- [ RunTime:0.000292s ]
INFO: [ app_begin ] --START--
INFO: Run Behavior\ReadHtmlCacheBehavior [ RunTime:0.000436s ]
INFO: Run Behavior\CheckLangBehavior [ RunTime:0.001624s ]
INFO: [ app_begin ] --END-- [ RunTime:0.002113s ]
NOTIC: [8192] Non-static method Request::httpGet() should not be called statically D:\phpStudy\WWW\btc\pc\Application\Float\Controller\IndexController.class.php 第 128 行.

[ 2019-03-09T19:58:53+08:00 ] 192.168.0.137 /Float/Index/getkdata?type=1hour
INFO: [ app_init ] --START--
INFO: Run Behavior\BuildLiteBehavior [ RunTime:0.000007s ]
INFO: [ app_init ] --END-- [ RunTime:0.000267s ]
INFO: [ app_begin ] --START--
INFO: Run Behavior\ReadHtmlCacheBehavior [ RunTime:0.000671s ]
INFO: Run Behavior\CheckLangBehavior [ RunTime:0.002096s ]
INFO: [ app_begin ] --END-- [ RunTime:0.002838s ]
NOTIC: [8192] Non-static method Request::httpGet() should not be called statically D:\phpStudy\WWW\btc\pc\Application\Float\Controller\IndexController.class.php 第 128 行.

[ 2019-03-09T19:58:54+08:00 ] 192.168.0.137 /Float/Index/getkdata?type=1day
INFO: [ app_init ] --START--
INFO: Run Behavior\BuildLiteBehavior [ RunTime:0.000006s ]
INFO: [ app_init ] --END-- [ RunTime:0.000259s ]
INFO: [ app_begin ] --START--
INFO: Run Behavior\ReadHtmlCacheBehavior [ RunTime:0.000343s ]
INFO: Run Behavior\CheckLangBehavior [ RunTime:0.001724s ]
INFO: [ app_begin ] --END-- [ RunTime:0.002110s ]
NOTIC: [8192] Non-static method Request::httpGet() should not be called statically D:\phpStudy\WWW\btc\pc\Application\Float\Controller\IndexController.class.php 第 128 行.

[ 2019-03-09T19:58:56+08:00 ] 192.168.0.137 /Float/Index/getkdata?type=1hour
INFO: [ app_init ] --START--
INFO: Run Behavior\BuildLiteBehavior [ RunTime:0.000010s ]
INFO: [ app_init ] --END-- [ RunTime:0.000457s ]
INFO: [ app_begin ] --START--
INFO: Run Behavior\ReadHtmlCacheBehavior [ RunTime:0.000660s ]
INFO: Run Behavior\CheckLangBehavior [ RunTime:0.002665s ]
INFO: [ app_begin ] --END-- [ RunTime:0.003411s ]
NOTIC: [8192] Non-static method Request::httpGet() should not be called statically D:\phpStudy\WWW\btc\pc\Application\Float\Controller\IndexController.class.php 第 128 行.

[ 2019-03-09T19:58:57+08:00 ] 192.168.0.137 /Float/Index/getkdata?type=30min
INFO: [ app_init ] --START--
INFO: Run Behavior\BuildLiteBehavior [ RunTime:0.000006s ]
INFO: [ app_init ] --END-- [ RunTime:0.000276s ]
INFO: [ app_begin ] --START--
INFO: Run Behavior\ReadHtmlCacheBehavior [ RunTime:0.000352s ]
INFO: Run Behavior\CheckLangBehavior [ RunTime:0.001627s ]
INFO: [ app_begin ] --END-- [ RunTime:0.002017s ]
NOTIC: [8192] Non-static method Request::httpGet() should not be called statically D:\phpStudy\WWW\btc\pc\Application\Float\Controller\IndexController.class.php 第 128 行.

[ 2019-03-09T19:58:59+08:00 ] 192.168.0.137 /Float/Index/getkdata?type=1min
INFO: [ app_init ] --START--
INFO: Run Behavior\BuildLiteBehavior [ RunTime:0.000007s ]
INFO: [ app_init ] --END-- [ RunTime:0.000283s ]
INFO: [ app_begin ] --START--
INFO: Run Behavior\ReadHtmlCacheBehavior [ RunTime:0.000378s ]
INFO: Run Behavior\CheckLangBehavior [ RunTime:0.001588s ]
INFO: [ app_begin ] --END-- [ RunTime:0.002000s ]
NOTIC: [8192] Non-static method Request::httpGet() should not be called statically D:\phpStudy\WWW\btc\pc\Application\Float\Controller\IndexController.class.php 第 128 行.

[ 2019-03-09T19:58:59+08:00 ] 192.168.0.137 /Float/Index/getkdata?type=5min
INFO: [ app_init ] --START--
INFO: Run Behavior\BuildLiteBehavior [ RunTime:0.000009s ]
INFO: [ app_init ] --END-- [ RunTime:0.000322s ]
INFO: [ app_begin ] --START--
INFO: Run Behavior\ReadHtmlCacheBehavior [ RunTime:0.000588s ]
INFO: Run Behavior\CheckLangBehavior [ RunTime:0.001967s ]
INFO: [ app_begin ] --END-- [ RunTime:0.002625s ]
NOTIC: [8192] Non-static method Request::httpGet() should not be called statically D:\phpStudy\WWW\btc\pc\Application\Float\Controller\IndexController.class.php 第 128 行.

[ 2019-03-09T19:59:01+08:00 ] 192.168.0.137 /Float/Index/getkdata?type=30min
INFO: [ app_init ] --START--
INFO: Run Behavior\BuildLiteBehavior [ RunTime:0.000012s ]
INFO: [ app_init ] --END-- [ RunTime:0.000559s ]
INFO: [ app_begin ] --START--
INFO: Run Behavior\ReadHtmlCacheBehavior [ RunTime:0.000708s ]
INFO: Run Behavior\CheckLangBehavior [ RunTime:0.003219s ]
INFO: [ app_begin ] --END-- [ RunTime:0.004013s ]
NOTIC: [8192] Non-static method Request::httpGet() should not be called statically D:\phpStudy\WWW\btc\pc\Application\Float\Controller\IndexController.class.php 第 128 行.

[ 2019-03-09T20:15:29+08:00 ] 192.168.0.137 /Float/Index/getkdata?type=1min
INFO: [ app_init ] --START--
INFO: Run Behavior\BuildLiteBehavior [ RunTime:0.000252s ]
INFO: [ app_init ] --END-- [ RunTime:0.003426s ]
INFO: [ app_begin ] --START--
INFO: Run Behavior\ReadHtmlCacheBehavior [ RunTime:0.000812s ]
INFO: Run Behavior\CheckLangBehavior [ RunTime:0.003348s ]
INFO: [ app_begin ] --END-- [ RunTime:0.004270s ]
NOTIC: [8192] Non-static method Request::httpGet() should not be called statically D:\phpStudy\WWW\btc\pc\Application\Float\Controller\IndexController.class.php 第 128 行.

[ 2019-03-09T20:15:29+08:00 ] 192.168.0.137 /Float/Index/ticker
INFO: [ app_init ] --START--
INFO: Run Behavior\BuildLiteBehavior [ RunTime:0.000010s ]
INFO: [ app_init ] --END-- [ RunTime:0.000429s ]
INFO: [ app_begin ] --START--
INFO: Run Behavior\ReadHtmlCacheBehavior [ RunTime:0.000492s ]
INFO: Run Behavior\CheckLangBehavior [ RunTime:0.001954s ]
INFO: [ app_begin ] --END-- [ RunTime:0.002542s ]

[ 2019-03-09T20:16:32+08:00 ] 192.168.0.137 /Float/Index/getkdata?type=1min
INFO: [ app_init ] --START--
INFO: Run Behavior\BuildLiteBehavior [ RunTime:0.000011s ]
INFO: [ app_init ] --END-- [ RunTime:0.000451s ]
INFO: [ app_begin ] --START--
INFO: Run Behavior\ReadHtmlCacheBehavior [ RunTime:0.000766s ]
INFO: Run Behavior\CheckLangBehavior [ RunTime:0.003169s ]
INFO: [ app_begin ] --END-- [ RunTime:0.004026s ]
NOTIC: [8192] Non-static method Request::httpGet() should not be called statically D:\phpStudy\WWW\btc\pc\Application\Float\Controller\IndexController.class.php 第 128 行.

[ 2019-03-09T20:16:32+08:00 ] 192.168.0.137 /Float/Index/ticker
INFO: [ app_init ] --START--
INFO: Run Behavior\BuildLiteBehavior [ RunTime:0.000007s ]
INFO: [ app_init ] --END-- [ RunTime:0.000298s ]
INFO: [ app_begin ] --START--
INFO: Run Behavior\ReadHtmlCacheBehavior [ RunTime:0.000432s ]
INFO: Run Behavior\CheckLangBehavior [ RunTime:0.002489s ]
INFO: [ app_begin ] --END-- [ RunTime:0.002985s ]

[ 2019-03-09T20:24:10+08:00 ] 192.168.0.137 /Float/Index/getkdata?type=1min
INFO: [ app_init ] --START--
INFO: Run Behavior\BuildLiteBehavior [ RunTime:0.000018s ]
INFO: [ app_init ] --END-- [ RunTime:0.000685s ]
INFO: [ app_begin ] --START--
INFO: Run Behavior\ReadHtmlCacheBehavior [ RunTime:0.000684s ]
INFO: Run Behavior\CheckLangBehavior [ RunTime:0.004637s ]
INFO: [ app_begin ] --END-- [ RunTime:0.005424s ]
NOTIC: [8192] Non-static method Request::httpGet() should not be called statically D:\phpStudy\WWW\btc\pc\Application\Float\Controller\IndexController.class.php 第 128 行.

[ 2019-03-09T20:24:10+08:00 ] 192.168.0.137 /Float/Index/ticker
INFO: [ app_init ] --START--
INFO: Run Behavior\BuildLiteBehavior [ RunTime:0.000012s ]
INFO: [ app_init ] --END-- [ RunTime:0.000529s ]
INFO: [ app_begin ] --START--
INFO: Run Behavior\ReadHtmlCacheBehavior [ RunTime:0.000673s ]
INFO: Run Behavior\CheckLangBehavior [ RunTime:0.003296s ]
INFO: [ app_begin ] --END-- [ RunTime:0.004053s ]

[ 2019-03-09T20:26:13+08:00 ] 192.168.0.137 /Float/Index/getkdata?type=1min
INFO: [ app_init ] --START--
INFO: Run Behavior\BuildLiteBehavior [ RunTime:0.000012s ]
INFO: [ app_init ] --END-- [ RunTime:0.000520s ]
INFO: [ app_begin ] --START--
INFO: Run Behavior\ReadHtmlCacheBehavior [ RunTime:0.000499s ]
INFO: Run Behavior\CheckLangBehavior [ RunTime:0.001942s ]
INFO: [ app_begin ] --END-- [ RunTime:0.002503s ]
NOTIC: [8192] Non-static method Request::httpGet() should not be called statically D:\phpStudy\WWW\btc\pc\Application\Float\Controller\IndexController.class.php 第 128 行.

[ 2019-03-09T20:26:13+08:00 ] 192.168.0.137 /Float/Index/ticker
INFO: [ app_init ] --START--
INFO: Run Behavior\BuildLiteBehavior [ RunTime:0.000008s ]
INFO: [ app_init ] --END-- [ RunTime:0.000343s ]
INFO: [ app_begin ] --START--
INFO: Run Behavior\ReadHtmlCacheBehavior [ RunTime:0.000404s ]
INFO: Run Behavior\CheckLangBehavior [ RunTime:0.004800s ]
INFO: [ app_begin ] --END-- [ RunTime:0.005259s ]

[ 2019-03-09T20:26:32+08:00 ] 192.168.0.137 /Float/Index/getkdata?type=1hour
INFO: [ app_init ] --START--
INFO: Run Behavior\BuildLiteBehavior [ RunTime:0.000007s ]
INFO: [ app_init ] --END-- [ RunTime:0.000270s ]
INFO: [ app_begin ] --START--
INFO: Run Behavior\ReadHtmlCacheBehavior [ RunTime:0.000355s ]
INFO: Run Behavior\CheckLangBehavior [ RunTime:0.001614s ]
INFO: [ app_begin ] --END-- [ RunTime:0.002004s ]
NOTIC: [8192] Non-static method Request::httpGet() should not be called statically D:\phpStudy\WWW\btc\pc\Application\Float\Controller\IndexController.class.php 第 128 行.

[ 2019-03-09T20:26:58+08:00 ] 192.168.0.137 /Float/Index/getkdata?type=1min
INFO: [ app_init ] --START--
INFO: Run Behavior\BuildLiteBehavior [ RunTime:0.000012s ]
INFO: [ app_init ] --END-- [ RunTime:0.000472s ]
INFO: [ app_begin ] --START--
INFO: Run Behavior\ReadHtmlCacheBehavior [ RunTime:0.000726s ]
INFO: Run Behavior\CheckLangBehavior [ RunTime:0.003671s ]
INFO: [ app_begin ] --END-- [ RunTime:0.004497s ]
NOTIC: [8192] Non-static method Request::httpGet() should not be called statically D:\phpStudy\WWW\btc\pc\Application\Float\Controller\IndexController.class.php 第 128 行.

[ 2019-03-09T20:26:58+08:00 ] 192.168.0.137 /Float/Index/ticker
INFO: [ app_init ] --START--
INFO: Run Behavior\BuildLiteBehavior [ RunTime:0.000011s ]
INFO: [ app_init ] --END-- [ RunTime:0.000513s ]
INFO: [ app_begin ] --START--
INFO: Run Behavior\ReadHtmlCacheBehavior [ RunTime:0.000941s ]
INFO: Run Behavior\CheckLangBehavior [ RunTime:0.002905s ]
INFO: [ app_begin ] --END-- [ RunTime:0.003948s ]

[ 2019-03-09T20:34:18+08:00 ] 192.168.0.137 /Float/Index/getkdata?type=1min
INFO: [ app_init ] --START--
INFO: Run Behavior\BuildLiteBehavior [ RunTime:0.000008s ]
INFO: [ app_init ] --END-- [ RunTime:0.000319s ]
INFO: [ app_begin ] --START--
INFO: Run Behavior\ReadHtmlCacheBehavior [ RunTime:0.000714s ]
INFO: Run Behavior\CheckLangBehavior [ RunTime:0.002788s ]
INFO: [ app_begin ] --END-- [ RunTime:0.003580s ]
NOTIC: [8192] Non-static method Request::httpGet() should not be called statically D:\phpStudy\WWW\btc\pc\Application\Float\Controller\IndexController.class.php 第 128 行.

[ 2019-03-09T20:34:18+08:00 ] 192.168.0.137 /Float/Index/ticker
INFO: [ app_init ] --START--
INFO: Run Behavior\BuildLiteBehavior [ RunTime:0.000011s ]
INFO: [ app_init ] --END-- [ RunTime:0.000446s ]
INFO: [ app_begin ] --START--
INFO: Run Behavior\ReadHtmlCacheBehavior [ RunTime:0.000655s ]
INFO: Run Behavior\CheckLangBehavior [ RunTime:0.003371s ]
INFO: [ app_begin ] --END-- [ RunTime:0.004111s ]

